---------------------------------------------------------------
[ 2018-10-20T12:29:18+08:00 ] 127.0.0.1 GET /
[ info ] www.myshop2.com/ [运行时间：0.203664s][吞吐率：4.91req/s] [内存消耗：7,108.52kb] [文件加载：66]
[ info ] [ LANG ] K:\AMP\day\myshop2\thinkphp\lang\zh-cn.php
[ info ] [ ROUTE ] array (
  'type' => 'module',
  'module' => 
  array (
    0 => '',
    1 => NULL,
    2 => NULL,
  ),
)
[ info ] [ HEADER ] array (
  'host' => 'www.myshop2.com',
  'connection' => 'keep-alive',
  'upgrade-insecure-requests' => '1',
  'user-agent' => 'Mozilla/5.0 (Windows NT 10.0; Win64; x64) AppleWebKit/537.36 (KHTML, like Gecko) Chrome/69.0.3497.100 Safari/537.36',
  'accept' => 'text/html,application/xhtml+xml,application/xml;q=0.9,image/webp,image/apng,*/*;q=0.8',
  'accept-encoding' => 'gzip, deflate',
  'accept-language' => 'zh-CN,zh;q=0.9',
  'cookie' => 'cart=a%3A7%3A%7Bs%3A22%3A%2252-113%2C111%2C110%2C108%2C106%22%3Bi%3A1%3Bs%3A22%3A%2252-114%2C112%2C110%2C109%2C107%22%3Bs%3A1%3A%222%22%3Bs%3A17%3A%2249-93%2C91%2C90%2C88%2C86%22%3Bi%3A1%3Bs%3A12%3A%2250-100%2C98%2C95%22%3Bs%3A1%3A%222%22%3Bs%3A10%3A%2254-147%2C142%22%3Bs%3A1%3A%222%22%3Bs%3A10%3A%2254-150%2C142%22%3Bi%3A1%3Bs%3A10%3A%2254-150%2C145%22%3Bs%3A1%3A%222%22%3B%7D',
)
[ info ] [ PARAM ] array (
)
[ info ] [ CACHE ] INIT File
[ info ] [ DB ] INIT mysql
[ info ] [ RUN ] app\index\controller\Index->index[ K:\AMP\day\myshop2\application\index\controller\Index.php ]
[ info ] [ VIEW ] K:\AMP\day\myshop2\public/../application/index\view\index\index.html [ array (
  0 => 'navArr',
  1 => 'helpCateArr',
  2 => 'shopArtArr',
  3 => 'confArr',
  4 => 'foreCateArr',
  5 => 'showRight',
  6 => 'siteMast',
  7 => 'indexGoods',
  8 => 'recposCate',
  9 => 'notArts',
  10 => 'proArts',
  11 => 'brands',
  12 => 'sliders',
) ]
[ info ] [ LOG ] INIT File
[ sql ] [ DB ] CONNECT:[ UseTime:0.003502s ] mysql:host=127.0.0.1;port=3306;dbname=myshop2;charset=utf8
[ sql ] [ SQL ] SHOW COLUMNS FROM `php_rec_item` [ RunTime:0.004604s ]
[ sql ] [ SQL ] SELECT * FROM `php_rec_item` WHERE  `valType` = 1  AND `recposId` = 8 [ RunTime:0.000639s ]
[ sql ] [ SQL ] SHOW COLUMNS FROM `php_goods` [ RunTime:0.003845s ]
[ sql ] [ SQL ] SELECT `id`,`goodsName`,`mdPic`,`shopPrice`,`marketPrice` FROM `php_goods` WHERE  `id` IN (49,50,52,51,54,53) ORDER BY id desc LIMIT 20 [ RunTime:0.000582s ]
[ sql ] [ SQL ] SELECT * FROM `php_rec_item` WHERE  `valType` = 2  AND `recposId` = 5 [ RunTime:0.000483s ]
[ sql ] [ SQL ] SHOW COLUMNS FROM `php_category` [ RunTime:0.001134s ]
[ sql ] [ SQL ] SELECT `id`,`cateName`,`pid` FROM `php_category` WHERE  `id` = 1  AND `pid` = 0 LIMIT 1 [ RunTime:0.000419s ]
[ sql ] [ SQL ] SELECT `id`,`cateName`,`pid` FROM `php_category` WHERE  `id` = 35  AND `pid` = 0 LIMIT 1 [ RunTime:0.000209s ]
[ sql ] [ SQL ] SELECT `id`,`cateName`,`pid` FROM `php_category` WHERE  `id` = 33  AND `pid` = 0 LIMIT 1 [ RunTime:0.000209s ]
[ sql ] [ SQL ] SELECT `id`,`cateName`,`pid` FROM `php_category` WHERE  `id` = 10  AND `pid` = 0 LIMIT 1 [ RunTime:0.000272s ]
[ sql ] [ SQL ] SELECT `id`,`cateName`,`pid` FROM `php_category` WHERE  `id` = 27  AND `pid` = 0 LIMIT 1 [ RunTime:0.000345s ]
[ sql ] [ SQL ] SELECT `id`,`cateName`,`pid` FROM `php_category` WHERE  `id` = 34  AND `pid` = 0 LIMIT 1 [ RunTime:0.000264s ]
[ sql ] [ SQL ] SELECT `id`,`cateName`,`pid` FROM `php_category` WHERE  `id` = 2  AND `pid` = 0 LIMIT 1 [ RunTime:0.000211s ]
[ sql ] [ SQL ] SELECT * FROM `php_category` [ RunTime:0.000309s ]
[ sql ] [ SQL ] SELECT DISTINCT id FROM `php_goods` WHERE  `cateId` IN (2,12,13,14,15,10,16,17,18,11,19,20,21,1) [ RunTime:0.000647s ]
[ sql ] [ SQL ] SHOW COLUMNS FROM `php_goods_cat` [ RunTime:0.002790s ]
[ sql ] [ SQL ] SELECT DISTINCT goodsId id FROM `php_goods_cat` WHERE  `catId` IN (2,12,13,14,15,10,16,17,18,11,19,20,21,1) [ RunTime:0.001721s ]
[ sql ] [ SQL ] SELECT `valId` FROM `php_rec_item` WHERE  `valId` IN (50,51,49,52)  AND `recposId` = 4  AND `valType` = 1 [ RunTime:0.000272s ]
[ sql ] [ SQL ] SELECT * FROM `php_goods` WHERE  `onSale` = 1  AND `id` IN (51,50,49) ORDER BY id desc LIMIT 6 [ RunTime:0.000362s ]
[ sql ] [ SQL ] SHOW COLUMNS FROM `php_category_brands` [ RunTime:0.000897s ]
[ sql ] [ SQL ] SELECT * FROM `php_category_brands` WHERE  `cateId` = 1 LIMIT 1 [ RunTime:0.000258s ]
[ sql ] [ SQL ] SHOW COLUMNS FROM `php_brand` [ RunTime:0.000881s ]
[ sql ] [ SQL ] SELECT * FROM `php_brand` WHERE  `id` IN (16,17,18,19,20,21,22,23,24,25) [ RunTime:0.000473s ]
[ sql ] [ SQL ] SHOW COLUMNS FROM `php_category_ad` [ RunTime:0.000963s ]
[ sql ] [ SQL ] SELECT * FROM `php_category_ad` WHERE  `cateId` = 1  AND `position` = 1 ORDER BY id desc LIMIT 3 [ RunTime:0.000592s ]
[ sql ] [ SQL ] SELECT * FROM `php_category_ad` WHERE  `cateId` = 1  AND `position` = 2 ORDER BY id desc LIMIT 1 [ RunTime:0.000277s ]
[ sql ] [ SQL ] SELECT * FROM `php_category_ad` WHERE  `cateId` = 1  AND `position` = 3 ORDER BY id desc LIMIT 1 [ RunTime:0.000258s ]
[ sql ] [ SQL ] SELECT * FROM `php_rec_item` WHERE  `valType` = 2  AND `recposId` = 6 [ RunTime:0.000229s ]
[ sql ] [ SQL ] SELECT `id`,`cateName`,`pid` FROM `php_category` WHERE  `id` = 35  AND `pid` = 1 LIMIT 1 [ RunTime:0.000214s ]
[ sql ] [ SQL ] SELECT `id`,`cateName`,`pid` FROM `php_category` WHERE  `id` = 10  AND `pid` = 1 LIMIT 1 [ RunTime:0.000281s ]
[ sql ] [ SQL ] SELECT `id`,`cateName`,`pid` FROM `php_category` WHERE  `id` = 7  AND `pid` = 1 LIMIT 1 [ RunTime:0.000221s ]
[ sql ] [ SQL ] SELECT `id`,`cateName`,`pid` FROM `php_category` WHERE  `id` = 34  AND `pid` = 1 LIMIT 1 [ RunTime:0.000217s ]
[ sql ] [ SQL ] SELECT `id`,`cateName`,`pid` FROM `php_category` WHERE  `id` = 11  AND `pid` = 1 LIMIT 1 [ RunTime:0.000197s ]
[ sql ] [ SQL ] SELECT `id`,`cateName`,`pid` FROM `php_category` WHERE  `id` = 4  AND `pid` = 1 LIMIT 1 [ RunTime:0.000197s ]
[ sql ] [ SQL ] SELECT `id`,`cateName`,`pid` FROM `php_category` WHERE  `id` = 36  AND `pid` = 1 LIMIT 1 [ RunTime:0.000192s ]
[ sql ] [ SQL ] SELECT `id`,`cateName`,`pid` FROM `php_category` WHERE  `id` = 28  AND `pid` = 1 LIMIT 1 [ RunTime:0.000195s ]
[ sql ] [ SQL ] SELECT * FROM `php_category` [ RunTime:0.000227s ]
[ sql ] [ SQL ] SELECT DISTINCT id FROM `php_goods` WHERE  `cateId` IN (16,17,18,10) [ RunTime:0.000250s ]
[ sql ] [ SQL ] SELECT DISTINCT goodsId id FROM `php_goods_cat` WHERE  `catId` IN (16,17,18,10) [ RunTime:0.000221s ]
[ sql ] [ SQL ] SELECT `valId` FROM `php_rec_item` WHERE  `valId` IN (0)  AND `recposId` = 7  AND `valType` = 1 [ RunTime:0.000207s ]
[ sql ] [ SQL ] SELECT * FROM `php_category` [ RunTime:0.000211s ]
[ sql ] [ SQL ] SELECT DISTINCT id FROM `php_goods` WHERE  `cateId` IN (19,20,21,11) [ RunTime:0.000222s ]
[ sql ] [ SQL ] SELECT DISTINCT goodsId id FROM `php_goods_cat` WHERE  `catId` IN (19,20,21,11) [ RunTime:0.000209s ]
[ sql ] [ SQL ] SELECT `valId` FROM `php_rec_item` WHERE  `valId` IN (0)  AND `recposId` = 7  AND `valType` = 1 [ RunTime:0.000201s ]
[ sql ] [ SQL ] SELECT * FROM `php_category` [ RunTime:0.000219s ]
[ sql ] [ SQL ] SELECT DISTINCT id FROM `php_goods` WHERE  `cateId` IN (34,35,33) [ RunTime:0.000227s ]
[ sql ] [ SQL ] SELECT DISTINCT goodsId id FROM `php_goods_cat` WHERE  `catId` IN (34,35,33) [ RunTime:0.000201s ]
[ sql ] [ SQL ] SELECT `valId` FROM `php_rec_item` WHERE  `valId` IN (49,52)  AND `recposId` = 4  AND `valType` = 1 [ RunTime:0.000248s ]
[ sql ] [ SQL ] SELECT * FROM `php_goods` WHERE  `onSale` = 1  AND `id` IN (49) ORDER BY id desc LIMIT 6 [ RunTime:0.000278s ]
[ sql ] [ SQL ] SELECT * FROM `php_category_brands` WHERE  `cateId` = 33 LIMIT 1 [ RunTime:0.000209s ]
[ sql ] [ SQL ] SELECT * FROM `php_brand` WHERE  `id` IN (8,7,18,19) [ RunTime:0.000268s ]
[ sql ] [ SQL ] SELECT * FROM `php_category_ad` WHERE  `cateId` = 33  AND `position` = 1 ORDER BY id desc LIMIT 3 [ RunTime:0.000252s ]
[ sql ] [ SQL ] SELECT * FROM `php_category_ad` WHERE  `cateId` = 33  AND `position` = 2 ORDER BY id desc LIMIT 1 [ RunTime:0.000252s ]
[ sql ] [ SQL ] SELECT * FROM `php_category_ad` WHERE  `cateId` = 33  AND `position` = 3 ORDER BY id desc LIMIT 1 [ RunTime:0.000274s ]
[ sql ] [ SQL ] SELECT * FROM `php_rec_item` WHERE  `valType` = 2  AND `recposId` = 6 [ RunTime:0.000211s ]
[ sql ] [ SQL ] SELECT `id`,`cateName`,`pid` FROM `php_category` WHERE  `id` = 35  AND `pid` = 33 LIMIT 1 [ RunTime:0.000205s ]
[ sql ] [ SQL ] SELECT `id`,`cateName`,`pid` FROM `php_category` WHERE  `id` = 10  AND `pid` = 33 LIMIT 1 [ RunTime:0.000192s ]
[ sql ] [ SQL ] SELECT `id`,`cateName`,`pid` FROM `php_category` WHERE  `id` = 7  AND `pid` = 33 LIMIT 1 [ RunTime:0.000189s ]
[ sql ] [ SQL ] SELECT `id`,`cateName`,`pid` FROM `php_category` WHERE  `id` = 34  AND `pid` = 33 LIMIT 1 [ RunTime:0.000193s ]
[ sql ] [ SQL ] SELECT `id`,`cateName`,`pid` FROM `php_category` WHERE  `id` = 11  AND `pid` = 33 LIMIT 1 [ RunTime:0.000194s ]
[ sql ] [ SQL ] SELECT `id`,`cateName`,`pid` FROM `php_category` WHERE  `id` = 4  AND `pid` = 33 LIMIT 1 [ RunTime:0.000189s ]
[ sql ] [ SQL ] SELECT `id`,`cateName`,`pid` FROM `php_category` WHERE  `id` = 36  AND `pid` = 33 LIMIT 1 [ RunTime:0.000188s ]
[ sql ] [ SQL ] SELECT `id`,`cateName`,`pid` FROM `php_category` WHERE  `id` = 28  AND `pid` = 33 LIMIT 1 [ RunTime:0.000189s ]
[ sql ] [ SQL ] SELECT * FROM `php_category` [ RunTime:0.000222s ]
[ sql ] [ SQL ] SELECT DISTINCT id FROM `php_goods` WHERE  `cateId` IN (35,34) [ RunTime:0.000227s ]
[ sql ] [ SQL ] SELECT DISTINCT goodsId id FROM `php_goods_cat` WHERE  `catId` IN (35,34) [ RunTime:0.000203s ]
[ sql ] [ SQL ] SELECT `valId` FROM `php_rec_item` WHERE  `valId` IN (49,52)  AND `recposId` = 7  AND `valType` = 1 [ RunTime:0.000209s ]
[ sql ] [ SQL ] SELECT * FROM `php_goods` WHERE  `onSale` = 1  AND `id` IN (49,52) ORDER BY id desc LIMIT 6 [ RunTime:0.000271s ]
[ sql ] [ SQL ] SELECT * FROM `php_category` [ RunTime:0.000216s ]
[ sql ] [ SQL ] SELECT DISTINCT id FROM `php_goods` WHERE  `cateId` IN (28,29,36,27) [ RunTime:0.000277s ]
[ sql ] [ SQL ] SELECT DISTINCT goodsId id FROM `php_goods_cat` WHERE  `catId` IN (28,29,36,27) [ RunTime:0.000256s ]
[ sql ] [ SQL ] SELECT `valId` FROM `php_rec_item` WHERE  `valId` IN (53,54)  AND `recposId` = 4  AND `valType` = 1 [ RunTime:0.000253s ]
[ sql ] [ SQL ] SELECT * FROM `php_goods` WHERE  `onSale` = 1  AND `id` IN (53,54) ORDER BY id desc LIMIT 6 [ RunTime:0.000279s ]
[ sql ] [ SQL ] SELECT * FROM `php_category_brands` WHERE  `cateId` = 27 LIMIT 1 [ RunTime:0.000203s ]
[ sql ] [ SQL ] SELECT * FROM `php_brand` WHERE  `id` IN (43,44,50) [ RunTime:0.000244s ]
[ sql ] [ SQL ] SELECT * FROM `php_category_ad` WHERE  `cateId` = 27  AND `position` = 1 ORDER BY id desc LIMIT 3 [ RunTime:0.000231s ]
[ sql ] [ SQL ] SELECT * FROM `php_category_ad` WHERE  `cateId` = 27  AND `position` = 2 ORDER BY id desc LIMIT 1 [ RunTime:0.000215s ]
[ sql ] [ SQL ] SELECT * FROM `php_category_ad` WHERE  `cateId` = 27  AND `position` = 3 ORDER BY id desc LIMIT 1 [ RunTime:0.000222s ]
[ sql ] [ SQL ] SELECT * FROM `php_rec_item` WHERE  `valType` = 2  AND `recposId` = 6 [ RunTime:0.000218s ]
[ sql ] [ SQL ] SELECT `id`,`cateName`,`pid` FROM `php_category` WHERE  `id` = 35  AND `pid` = 27 LIMIT 1 [ RunTime:0.000241s ]
[ sql ] [ SQL ] SELECT `id`,`cateName`,`pid` FROM `php_category` WHERE  `id` = 10  AND `pid` = 27 LIMIT 1 [ RunTime:0.000216s ]
[ sql ] [ SQL ] SELECT `id`,`cateName`,`pid` FROM `php_category` WHERE  `id` = 7  AND `pid` = 27 LIMIT 1 [ RunTime:0.000197s ]
[ sql ] [ SQL ] SELECT `id`,`cateName`,`pid` FROM `php_category` WHERE  `id` = 34  AND `pid` = 27 LIMIT 1 [ RunTime:0.000193s ]
[ sql ] [ SQL ] SELECT `id`,`cateName`,`pid` FROM `php_category` WHERE  `id` = 11  AND `pid` = 27 LIMIT 1 [ RunTime:0.000190s ]
[ sql ] [ SQL ] SELECT `id`,`cateName`,`pid` FROM `php_category` WHERE  `id` = 4  AND `pid` = 27 LIMIT 1 [ RunTime:0.000192s ]
[ sql ] [ SQL ] SELECT `id`,`cateName`,`pid` FROM `php_category` WHERE  `id` = 36  AND `pid` = 27 LIMIT 1 [ RunTime:0.000208s ]
[ sql ] [ SQL ] SELECT `id`,`cateName`,`pid` FROM `php_category` WHERE  `id` = 28  AND `pid` = 27 LIMIT 1 [ RunTime:0.000193s ]
[ sql ] [ SQL ] SELECT * FROM `php_category` [ RunTime:0.000225s ]
[ sql ] [ SQL ] SELECT DISTINCT id FROM `php_goods` WHERE  `cateId` IN (36) [ RunTime:0.000219s ]
[ sql ] [ SQL ] SELECT DISTINCT goodsId id FROM `php_goods_cat` WHERE  `catId` IN (36) [ RunTime:0.000210s ]
[ sql ] [ SQL ] SELECT `valId` FROM `php_rec_item` WHERE  `valId` IN (0)  AND `recposId` = 7  AND `valType` = 1 [ RunTime:0.000217s ]
[ sql ] [ SQL ] SELECT * FROM `php_category` [ RunTime:0.000217s ]
[ sql ] [ SQL ] SELECT DISTINCT id FROM `php_goods` WHERE  `cateId` IN (29,28) [ RunTime:0.000221s ]
[ sql ] [ SQL ] SELECT DISTINCT goodsId id FROM `php_goods_cat` WHERE  `catId` IN (29,28) [ RunTime:0.000210s ]
[ sql ] [ SQL ] SELECT `valId` FROM `php_rec_item` WHERE  `valId` IN (53,54)  AND `recposId` = 7  AND `valType` = 1 [ RunTime:0.000243s ]
[ sql ] [ SQL ] SELECT * FROM `php_goods` WHERE  `onSale` = 1  AND `id` IN (53,54) ORDER BY id desc LIMIT 6 [ RunTime:0.000284s ]
[ sql ] [ SQL ] SHOW COLUMNS FROM `php_article` [ RunTime:0.001570s ]
[ sql ] [ SQL ] SELECT `id`,`title` FROM `php_article` WHERE  `cateId` = 33 LIMIT 3 [ RunTime:0.000375s ]
[ sql ] [ SQL ] SELECT `id`,`title` FROM `php_article` WHERE  `cateId` = 34 LIMIT 3 [ RunTime:0.000217s ]
[ sql ] [ SQL ] SELECT * FROM `php_brand` ORDER BY id desc LIMIT 17 [ RunTime:0.000319s ]
[ sql ] [ SQL ] SHOW COLUMNS FROM `php_slider` [ RunTime:0.000937s ]
[ sql ] [ SQL ] SELECT * FROM `php_slider` WHERE  `status` = 1 ORDER BY sort desc [ RunTime:0.000291s ]
---------------------------------------------------------------
[ 2018-10-20T12:29:19+08:00 ] 127.0.0.1 POST /getCartNum.html
[ info ] www.myshop2.com/getCartNum.html [运行时间：0.071430s][吞吐率：14.00req/s] [内存消耗：5,797.63kb] [文件加载：60]
[ info ] [ LANG ] K:\AMP\day\myshop2\thinkphp\lang\zh-cn.php
[ info ] [ ROUTE ] array (
  'type' => 'module',
  'module' => 
  array (
    0 => 'index',
    1 => 'flow',
    2 => 'getCartNum',
  ),
  'convert' => false,
)
[ info ] [ HEADER ] array (
  'host' => 'www.myshop2.com',
  'connection' => 'keep-alive',
  'content-length' => '0',
  'accept' => '*/*',
  'origin' => 'http://www.myshop2.com',
  'x-requested-with' => 'XMLHttpRequest',
  'user-agent' => 'Mozilla/5.0 (Windows NT 10.0; Win64; x64) AppleWebKit/537.36 (KHTML, like Gecko) Chrome/69.0.3497.100 Safari/537.36',
  'referer' => 'http://www.myshop2.com/',
  'accept-encoding' => 'gzip, deflate',
  'accept-language' => 'zh-CN,zh;q=0.9',
  'cookie' => 'cart=a%3A7%3A%7Bs%3A22%3A%2252-113%2C111%2C110%2C108%2C106%22%3Bi%3A1%3Bs%3A22%3A%2252-114%2C112%2C110%2C109%2C107%22%3Bs%3A1%3A%222%22%3Bs%3A17%3A%2249-93%2C91%2C90%2C88%2C86%22%3Bi%3A1%3Bs%3A12%3A%2250-100%2C98%2C95%22%3Bs%3A1%3A%222%22%3Bs%3A10%3A%2254-147%2C142%22%3Bs%3A1%3A%222%22%3Bs%3A10%3A%2254-150%2C142%22%3Bi%3A1%3Bs%3A10%3A%2254-150%2C145%22%3Bs%3A1%3A%222%22%3B%7D',
)
[ info ] [ PARAM ] array (
)
[ info ] [ CACHE ] INIT File
[ info ] [ DB ] INIT mysql
[ info ] [ RUN ] app\index\controller\Flow->getCartNum[ K:\AMP\day\myshop2\application\index\controller\Flow.php ]
[ info ] [ LOG ] INIT File
---------------------------------------------------------------
[ 2018-10-20T12:29:19+08:00 ] 127.0.0.1 POST /checkLogin.html
[ info ] www.myshop2.com/checkLogin.html [运行时间：0.082168s][吞吐率：12.17req/s] [内存消耗：5,929.63kb] [文件加载：61]
[ info ] [ LANG ] K:\AMP\day\myshop2\thinkphp\lang\zh-cn.php
[ info ] [ ROUTE ] array (
  'type' => 'module',
  'module' => 
  array (
    0 => 'member',
    1 => 'account',
    2 => 'checkLogin',
  ),
  'convert' => false,
)
[ info ] [ HEADER ] array (
  'host' => 'www.myshop2.com',
  'connection' => 'keep-alive',
  'content-length' => '0',
  'accept' => '*/*',
  'origin' => 'http://www.myshop2.com',
  'x-requested-with' => 'XMLHttpRequest',
  'user-agent' => 'Mozilla/5.0 (Windows NT 10.0; Win64; x64) AppleWebKit/537.36 (KHTML, like Gecko) Chrome/69.0.3497.100 Safari/537.36',
  'referer' => 'http://www.myshop2.com/',
  'accept-encoding' => 'gzip, deflate',
  'accept-language' => 'zh-CN,zh;q=0.9',
  'cookie' => 'cart=a%3A7%3A%7Bs%3A22%3A%2252-113%2C111%2C110%2C108%2C106%22%3Bi%3A1%3Bs%3A22%3A%2252-114%2C112%2C110%2C109%2C107%22%3Bs%3A1%3A%222%22%3Bs%3A17%3A%2249-93%2C91%2C90%2C88%2C86%22%3Bi%3A1%3Bs%3A12%3A%2250-100%2C98%2C95%22%3Bs%3A1%3A%222%22%3Bs%3A10%3A%2254-147%2C142%22%3Bs%3A1%3A%222%22%3Bs%3A10%3A%2254-150%2C142%22%3Bi%3A1%3Bs%3A10%3A%2254-150%2C145%22%3Bs%3A1%3A%222%22%3B%7D',
)
[ info ] [ PARAM ] array (
)
[ info ] [ CACHE ] INIT File
[ info ] [ DB ] INIT mysql
[ info ] [ RUN ] app\member\controller\Account->checkLogin[ K:\AMP\day\myshop2\application\member\controller\Account.php ]
[ info ] [ SESSION ] INIT array (
  'type' => 'Mysql',
  'auto_start' => true,
  'session_expire' => 3600,
  'session_prefix' => 'php_',
  'table_name' => 'session',
  'database' => 
  array (
    'hostname' => '127.0.0.1',
    'database' => 'myshop2',
    'username' => 'root',
    'password' => '123',
    'hostport' => '3306',
    'prefix' => 'php_',
    'charset' => 'utf8',
  ),
)
[ info ] [ DB ] INIT mysql
[ info ] [ LOG ] INIT File
[ sql ] [ DB ] CONNECT:[ UseTime:0.001116s ] mysql:host=127.0.0.1;port=3306;dbname=myshop2;charset=utf8
[ sql ] [ SQL ] SELECT session_data FROM php_session WHERE session_id = 'php_0ospdj3bi5kag3k1j7he47vt02' AND session_expire > '1540009759' [ RunTime:0.003989s ]
---------------------------------------------------------------
[ 2018-10-20T12:29:22+08:00 ] 127.0.0.1 GET /getGoodsCates.html?act=getCategoryCallback&cat_id=1
[ info ] www.myshop2.com/getGoodsCates.html?act=getCategoryCallback&cat_id=1 [运行时间：0.064381s][吞吐率：15.53req/s] [内存消耗：5,808.86kb] [文件加载：60]
[ info ] [ LANG ] K:\AMP\day\myshop2\thinkphp\lang\zh-cn.php
[ info ] [ ROUTE ] array (
  'type' => 'module',
  'module' => 
  array (
    0 => 'index',
    1 => 'category',
    2 => 'getGoodsCates',
  ),
  'convert' => false,
)
[ info ] [ HEADER ] array (
  'host' => 'www.myshop2.com',
  'connection' => 'keep-alive',
  'accept' => 'application/json, text/javascript, */*; q=0.01',
  'x-requested-with' => 'XMLHttpRequest',
  'user-agent' => 'Mozilla/5.0 (Windows NT 10.0; Win64; x64) AppleWebKit/537.36 (KHTML, like Gecko) Chrome/69.0.3497.100 Safari/537.36',
  'referer' => 'http://www.myshop2.com/',
  'accept-encoding' => 'gzip, deflate',
  'accept-language' => 'zh-CN,zh;q=0.9',
  'cookie' => 'cart=a%3A7%3A%7Bs%3A22%3A%2252-113%2C111%2C110%2C108%2C106%22%3Bi%3A1%3Bs%3A22%3A%2252-114%2C112%2C110%2C109%2C107%22%3Bs%3A1%3A%222%22%3Bs%3A17%3A%2249-93%2C91%2C90%2C88%2C86%22%3Bi%3A1%3Bs%3A12%3A%2250-100%2C98%2C95%22%3Bs%3A1%3A%222%22%3Bs%3A10%3A%2254-147%2C142%22%3Bs%3A1%3A%222%22%3Bs%3A10%3A%2254-150%2C142%22%3Bi%3A1%3Bs%3A10%3A%2254-150%2C145%22%3Bs%3A1%3A%222%22%3B%7D; PHPSESSID=0ospdj3bi5kag3k1j7he47vt02; thinkphp_show_page_trace=0|0',
)
[ info ] [ PARAM ] array (
  'act' => 'getCategoryCallback',
  'cat_id' => '1',
)
[ info ] [ CACHE ] INIT File
[ info ] [ DB ] INIT mysql
[ info ] [ RUN ] app\index\controller\Category->getGoodsCates[ K:\AMP\day\myshop2\application\index\controller\Category.php ]
[ info ] [ LOG ] INIT File
[ sql ] [ DB ] CONNECT:[ UseTime:0.000830s ] mysql:host=127.0.0.1;port=3306;dbname=myshop2;charset=utf8
[ sql ] [ SQL ] SHOW COLUMNS FROM `php_category` [ RunTime:0.000754s ]
[ sql ] [ SQL ] SELECT * FROM `php_category` [ RunTime:0.000359s ]
[ sql ] [ SQL ] SHOW COLUMNS FROM `php_category_words` [ RunTime:0.000978s ]
[ sql ] [ SQL ] SELECT * FROM `php_category_words` WHERE  `cateId` = 1 [ RunTime:0.000253s ]
[ sql ] [ SQL ] SHOW COLUMNS FROM `php_category_brands` [ RunTime:0.000543s ]
[ sql ] [ SQL ] SELECT * FROM `php_category_brands` WHERE  `cateId` = 1 LIMIT 1 [ RunTime:0.000214s ]
[ sql ] [ SQL ] SHOW COLUMNS FROM `php_brand` [ RunTime:0.000547s ]
[ sql ] [ SQL ] SELECT * FROM `php_brand` WHERE  `id` IN (16,17,18,19,20,21,22,23,24,25) [ RunTime:0.000324s ]
---------------------------------------------------------------
[ 2018-10-20T12:29:24+08:00 ] 127.0.0.1 GET /category/1
[ info ] www.myshop2.com/category/1 [运行时间：0.083808s][吞吐率：11.93req/s] [内存消耗：6,403.32kb] [文件加载：63]
[ info ] [ LANG ] K:\AMP\day\myshop2\thinkphp\lang\zh-cn.php
[ info ] [ ROUTE ] array (
  'type' => 'module',
  'module' => 
  array (
    0 => 'index',
    1 => 'category',
    2 => 'index',
  ),
  'convert' => false,
)
[ info ] [ HEADER ] array (
  'host' => 'www.myshop2.com',
  'connection' => 'keep-alive',
  'upgrade-insecure-requests' => '1',
  'user-agent' => 'Mozilla/5.0 (Windows NT 10.0; Win64; x64) AppleWebKit/537.36 (KHTML, like Gecko) Chrome/69.0.3497.100 Safari/537.36',
  'accept' => 'text/html,application/xhtml+xml,application/xml;q=0.9,image/webp,image/apng,*/*;q=0.8',
  'referer' => 'http://www.myshop2.com/',
  'accept-encoding' => 'gzip, deflate',
  'accept-language' => 'zh-CN,zh;q=0.9',
  'cookie' => 'cart=a%3A7%3A%7Bs%3A22%3A%2252-113%2C111%2C110%2C108%2C106%22%3Bi%3A1%3Bs%3A22%3A%2252-114%2C112%2C110%2C109%2C107%22%3Bs%3A1%3A%222%22%3Bs%3A17%3A%2249-93%2C91%2C90%2C88%2C86%22%3Bi%3A1%3Bs%3A12%3A%2250-100%2C98%2C95%22%3Bs%3A1%3A%222%22%3Bs%3A10%3A%2254-147%2C142%22%3Bs%3A1%3A%222%22%3Bs%3A10%3A%2254-150%2C142%22%3Bi%3A1%3Bs%3A10%3A%2254-150%2C145%22%3Bs%3A1%3A%222%22%3B%7D; PHPSESSID=0ospdj3bi5kag3k1j7he47vt02; thinkphp_show_page_trace=0|0',
)
[ info ] [ PARAM ] array (
  'categoryId' => '1',
)
[ info ] [ CACHE ] INIT File
[ info ] [ DB ] INIT mysql
[ info ] [ RUN ] app\index\controller\Category->index[ K:\AMP\day\myshop2\application\index\controller\Category.php ]
[ info ] [ VIEW ] K:\AMP\day\myshop2\public/../application/index\view\category\index.html [ array (
  0 => 'navArr',
  1 => 'helpCateArr',
  2 => 'shopArtArr',
  3 => 'confArr',
  4 => 'foreCateArr',
  5 => 'attrData',
  6 => 'brandData',
  7 => 'priceSection',
  8 => 'categoryId',
) ]
[ info ] [ LOG ] INIT File
[ sql ] [ DB ] CONNECT:[ UseTime:0.000814s ] mysql:host=127.0.0.1;port=3306;dbname=myshop2;charset=utf8
[ sql ] [ SQL ] SHOW COLUMNS FROM `php_category` [ RunTime:0.000789s ]
[ sql ] [ SQL ] SELECT * FROM `php_category` WHERE  `id` = 1 LIMIT 1 [ RunTime:0.000300s ]
[ sql ] [ SQL ] SELECT * FROM `php_category` [ RunTime:0.000391s ]
[ sql ] [ SQL ] SHOW COLUMNS FROM `php_goods` [ RunTime:0.003394s ]
[ sql ] [ SQL ] SELECT DISTINCT id FROM `php_goods` WHERE  `cateId` IN (2,12,13,14,15,10,16,17,18,11,19,20,21,1) [ RunTime:0.000400s ]
[ sql ] [ SQL ] SHOW COLUMNS FROM `php_goods_cat` [ RunTime:0.002542s ]
[ sql ] [ SQL ] SELECT DISTINCT goodsId id FROM `php_goods_cat` WHERE  `catId` IN (2,12,13,14,15,10,16,17,18,11,19,20,21,1) [ RunTime:0.000327s ]
[ sql ] [ SQL ] SELECT DISTINCT brandId FROM `php_goods` WHERE  `id` IN (50,51,49,52) [ RunTime:0.000488s ]
[ sql ] [ SQL ] SHOW COLUMNS FROM `php_brand` [ RunTime:0.000575s ]
[ sql ] [ SQL ] SELECT `brandName`,`id` FROM `php_brand` WHERE  `id` = 7 LIMIT 1 [ RunTime:0.000215s ]
[ sql ] [ SQL ] SELECT `brandName`,`id` FROM `php_brand` WHERE  `id` = 18 LIMIT 1 [ RunTime:0.000185s ]
[ sql ] [ SQL ] SELECT * FROM `php_category` [ RunTime:0.000359s ]
[ sql ] [ SQL ] SELECT DISTINCT id FROM `php_goods` WHERE  `cateId` IN (2,12,13,14,15,10,16,17,18,11,19,20,21,1) [ RunTime:0.000372s ]
[ sql ] [ SQL ] SELECT DISTINCT goodsId id FROM `php_goods_cat` WHERE  `catId` IN (2,12,13,14,15,10,16,17,18,11,19,20,21,1) [ RunTime:0.000368s ]
[ sql ] [ SQL ] SELECT MIN(shopPrice) minPrice,MAX(shopPrice) maxPrice FROM `php_goods` WHERE  `id` IN (50,51,49,52) LIMIT 1 [ RunTime:0.000649s ]
[ sql ] [ SQL ] SELECT COUNT(*) AS tp_count FROM `php_goods` WHERE  `shopPrice` BETWEEN 4800 AND 5239  AND `id` IN (50,51,49,52)  AND `onSale` = 1 LIMIT 1 [ RunTime:0.000304s ]
[ sql ] [ SQL ] SELECT COUNT(*) AS tp_count FROM `php_goods` WHERE  `shopPrice` BETWEEN 5240 AND 5679  AND `id` IN (50,51,49,52)  AND `onSale` = 1 LIMIT 1 [ RunTime:0.000265s ]
[ sql ] [ SQL ] SELECT COUNT(*) AS tp_count FROM `php_goods` WHERE  `shopPrice` BETWEEN 5680 AND 6119  AND `id` IN (50,51,49,52)  AND `onSale` = 1 LIMIT 1 [ RunTime:0.000250s ]
[ sql ] [ SQL ] SELECT COUNT(*) AS tp_count FROM `php_goods` WHERE  `shopPrice` BETWEEN 6120 AND 6559  AND `id` IN (50,51,49,52)  AND `onSale` = 1 LIMIT 1 [ RunTime:0.000242s ]
---------------------------------------------------------------
[ 2018-10-20T12:29:24+08:00 ] 127.0.0.1 GET /category/js/perfect-scrollbar/perfect-scrollbar.min.css
[ info ] www.myshop2.com/category/js/perfect-scrollbar/perfect-scrollbar.min.css [运行时间：0.053168s][吞吐率：18.81req/s] [内存消耗：2,783.16kb] [文件加载：43]
[ info ] [ LANG ] K:\AMP\day\myshop2\thinkphp\lang\zh-cn.php
[ info ] [ ROUTE ] array (
  'type' => 'module',
  'module' => 
  array (
    0 => 'category',
    1 => 'js',
    2 => 'perfect-scrollbar',
  ),
)
[ info ] [ HEADER ] array (
  'host' => 'www.myshop2.com',
  'connection' => 'keep-alive',
  'user-agent' => 'Mozilla/5.0 (Windows NT 10.0; Win64; x64) AppleWebKit/537.36 (KHTML, like Gecko) Chrome/69.0.3497.100 Safari/537.36',
  'accept' => 'text/css,*/*;q=0.1',
  'referer' => 'http://www.myshop2.com/category/1',
  'accept-encoding' => 'gzip, deflate',
  'accept-language' => 'zh-CN,zh;q=0.9',
  'cookie' => 'cart=a%3A7%3A%7Bs%3A22%3A%2252-113%2C111%2C110%2C108%2C106%22%3Bi%3A1%3Bs%3A22%3A%2252-114%2C112%2C110%2C109%2C107%22%3Bs%3A1%3A%222%22%3Bs%3A17%3A%2249-93%2C91%2C90%2C88%2C86%22%3Bi%3A1%3Bs%3A12%3A%2250-100%2C98%2C95%22%3Bs%3A1%3A%222%22%3Bs%3A10%3A%2254-147%2C142%22%3Bs%3A1%3A%222%22%3Bs%3A10%3A%2254-150%2C142%22%3Bi%3A1%3Bs%3A10%3A%2254-150%2C145%22%3Bs%3A1%3A%222%22%3B%7D; PHPSESSID=0ospdj3bi5kag3k1j7he47vt02; thinkphp_show_page_trace=0|0',
)
[ info ] [ PARAM ] array (
)
[ info ] [ LOG ] INIT File
---------------------------------------------------------------
[ 2018-10-20T12:29:24+08:00 ] 127.0.0.1 GET /static/Home/js/perfect-scrollbar/perfect-scrollbar.min.js
[ info ] www.myshop2.com/static/Home/js/perfect-scrollbar/perfect-scrollbar.min.js [运行时间：0.069721s][吞吐率：14.34req/s] [内存消耗：2,783.86kb] [文件加载：43]
[ info ] [ LANG ] K:\AMP\day\myshop2\thinkphp\lang\zh-cn.php
[ info ] [ ROUTE ] array (
  'type' => 'module',
  'module' => 
  array (
    0 => 'static',
    1 => 'Home',
    2 => 'js',
  ),
)
[ info ] [ HEADER ] array (
  'host' => 'www.myshop2.com',
  'connection' => 'keep-alive',
  'user-agent' => 'Mozilla/5.0 (Windows NT 10.0; Win64; x64) AppleWebKit/537.36 (KHTML, like Gecko) Chrome/69.0.3497.100 Safari/537.36',
  'accept' => '*/*',
  'referer' => 'http://www.myshop2.com/category/1',
  'accept-encoding' => 'gzip, deflate',
  'accept-language' => 'zh-CN,zh;q=0.9',
  'cookie' => 'cart=a%3A7%3A%7Bs%3A22%3A%2252-113%2C111%2C110%2C108%2C106%22%3Bi%3A1%3Bs%3A22%3A%2252-114%2C112%2C110%2C109%2C107%22%3Bs%3A1%3A%222%22%3Bs%3A17%3A%2249-93%2C91%2C90%2C88%2C86%22%3Bi%3A1%3Bs%3A12%3A%2250-100%2C98%2C95%22%3Bs%3A1%3A%222%22%3Bs%3A10%3A%2254-147%2C142%22%3Bs%3A1%3A%222%22%3Bs%3A10%3A%2254-150%2C142%22%3Bi%3A1%3Bs%3A10%3A%2254-150%2C145%22%3Bs%3A1%3A%222%22%3B%7D; PHPSESSID=0ospdj3bi5kag3k1j7he47vt02; thinkphp_show_page_trace=0|0',
)
[ info ] [ PARAM ] array (
  'scrollbar' => 'perfect-scrollbar.min.js',
)
[ info ] [ LOG ] INIT File
---------------------------------------------------------------
[ 2018-10-20T12:29:24+08:00 ] 127.0.0.1 POST /checkLogin.html
[ info ] www.myshop2.com/checkLogin.html [运行时间：0.073621s][吞吐率：13.58req/s] [内存消耗：5,929.55kb] [文件加载：61]
[ info ] [ LANG ] K:\AMP\day\myshop2\thinkphp\lang\zh-cn.php
[ info ] [ ROUTE ] array (
  'type' => 'module',
  'module' => 
  array (
    0 => 'member',
    1 => 'account',
    2 => 'checkLogin',
  ),
  'convert' => false,
)
[ info ] [ HEADER ] array (
  'host' => 'www.myshop2.com',
  'connection' => 'keep-alive',
  'content-length' => '0',
  'accept' => '*/*',
  'origin' => 'http://www.myshop2.com',
  'x-requested-with' => 'XMLHttpRequest',
  'user-agent' => 'Mozilla/5.0 (Windows NT 10.0; Win64; x64) AppleWebKit/537.36 (KHTML, like Gecko) Chrome/69.0.3497.100 Safari/537.36',
  'referer' => 'http://www.myshop2.com/category/1',
  'accept-encoding' => 'gzip, deflate',
  'accept-language' => 'zh-CN,zh;q=0.9',
  'cookie' => 'cart=a%3A7%3A%7Bs%3A22%3A%2252-113%2C111%2C110%2C108%2C106%22%3Bi%3A1%3Bs%3A22%3A%2252-114%2C112%2C110%2C109%2C107%22%3Bs%3A1%3A%222%22%3Bs%3A17%3A%2249-93%2C91%2C90%2C88%2C86%22%3Bi%3A1%3Bs%3A12%3A%2250-100%2C98%2C95%22%3Bs%3A1%3A%222%22%3Bs%3A10%3A%2254-147%2C142%22%3Bs%3A1%3A%222%22%3Bs%3A10%3A%2254-150%2C142%22%3Bi%3A1%3Bs%3A10%3A%2254-150%2C145%22%3Bs%3A1%3A%222%22%3B%7D; PHPSESSID=0ospdj3bi5kag3k1j7he47vt02; thinkphp_show_page_trace=0|0',
)
[ info ] [ PARAM ] array (
)
[ info ] [ CACHE ] INIT File
[ info ] [ DB ] INIT mysql
[ info ] [ RUN ] app\member\controller\Account->checkLogin[ K:\AMP\day\myshop2\application\member\controller\Account.php ]
[ info ] [ SESSION ] INIT array (
  'type' => 'Mysql',
  'auto_start' => true,
  'session_expire' => 3600,
  'session_prefix' => 'php_',
  'table_name' => 'session',
  'database' => 
  array (
    'hostname' => '127.0.0.1',
    'database' => 'myshop2',
    'username' => 'root',
    'password' => '123',
    'hostport' => '3306',
    'prefix' => 'php_',
    'charset' => 'utf8',
  ),
)
[ info ] [ DB ] INIT mysql
[ info ] [ LOG ] INIT File
[ sql ] [ DB ] CONNECT:[ UseTime:0.001144s ] mysql:host=127.0.0.1;port=3306;dbname=myshop2;charset=utf8
[ sql ] [ SQL ] SELECT session_data FROM php_session WHERE session_id = 'php_0ospdj3bi5kag3k1j7he47vt02' AND session_expire > '1540009764' [ RunTime:0.004075s ]
---------------------------------------------------------------
[ 2018-10-20T12:29:24+08:00 ] 127.0.0.1 POST /getCartNum.html
[ info ] www.myshop2.com/getCartNum.html [运行时间：0.078296s][吞吐率：12.77req/s] [内存消耗：5,797.95kb] [文件加载：60]
[ info ] [ LANG ] K:\AMP\day\myshop2\thinkphp\lang\zh-cn.php
[ info ] [ ROUTE ] array (
  'type' => 'module',
  'module' => 
  array (
    0 => 'index',
    1 => 'flow',
    2 => 'getCartNum',
  ),
  'convert' => false,
)
[ info ] [ HEADER ] array (
  'host' => 'www.myshop2.com',
  'connection' => 'keep-alive',
  'content-length' => '0',
  'accept' => '*/*',
  'origin' => 'http://www.myshop2.com',
  'x-requested-with' => 'XMLHttpRequest',
  'user-agent' => 'Mozilla/5.0 (Windows NT 10.0; Win64; x64) AppleWebKit/537.36 (KHTML, like Gecko) Chrome/69.0.3497.100 Safari/537.36',
  'referer' => 'http://www.myshop2.com/category/1',
  'accept-encoding' => 'gzip, deflate',
  'accept-language' => 'zh-CN,zh;q=0.9',
  'cookie' => 'cart=a%3A7%3A%7Bs%3A22%3A%2252-113%2C111%2C110%2C108%2C106%22%3Bi%3A1%3Bs%3A22%3A%2252-114%2C112%2C110%2C109%2C107%22%3Bs%3A1%3A%222%22%3Bs%3A17%3A%2249-93%2C91%2C90%2C88%2C86%22%3Bi%3A1%3Bs%3A12%3A%2250-100%2C98%2C95%22%3Bs%3A1%3A%222%22%3Bs%3A10%3A%2254-147%2C142%22%3Bs%3A1%3A%222%22%3Bs%3A10%3A%2254-150%2C142%22%3Bi%3A1%3Bs%3A10%3A%2254-150%2C145%22%3Bs%3A1%3A%222%22%3B%7D; PHPSESSID=0ospdj3bi5kag3k1j7he47vt02; thinkphp_show_page_trace=0|0',
)
[ info ] [ PARAM ] array (
)
[ info ] [ CACHE ] INIT File
[ info ] [ DB ] INIT mysql
[ info ] [ RUN ] app\index\controller\Flow->getCartNum[ K:\AMP\day\myshop2\application\index\controller\Flow.php ]
[ info ] [ LOG ] INIT File
---------------------------------------------------------------
[ 2018-10-20T12:29:24+08:00 ] 127.0.0.1 GET /static/Home/img/check/checkbox_12x12.png
[ info ] www.myshop2.com/static/Home/img/check/checkbox_12x12.png [运行时间：0.033471s][吞吐率：29.88req/s] [内存消耗：2,783.94kb] [文件加载：43]
[ info ] [ LANG ] K:\AMP\day\myshop2\thinkphp\lang\zh-cn.php
[ info ] [ ROUTE ] array (
  'type' => 'module',
  'module' => 
  array (
    0 => 'static',
    1 => 'Home',
    2 => 'img',
  ),
)
[ info ] [ HEADER ] array (
  'host' => 'www.myshop2.com',
  'connection' => 'keep-alive',
  'user-agent' => 'Mozilla/5.0 (Windows NT 10.0; Win64; x64) AppleWebKit/537.36 (KHTML, like Gecko) Chrome/69.0.3497.100 Safari/537.36',
  'accept' => 'image/webp,image/apng,image/*,*/*;q=0.8',
  'referer' => 'http://www.myshop2.com/static/Home/css/style.css',
  'accept-encoding' => 'gzip, deflate',
  'accept-language' => 'zh-CN,zh;q=0.9',
  'cookie' => 'cart=a%3A7%3A%7Bs%3A22%3A%2252-113%2C111%2C110%2C108%2C106%22%3Bi%3A1%3Bs%3A22%3A%2252-114%2C112%2C110%2C109%2C107%22%3Bs%3A1%3A%222%22%3Bs%3A17%3A%2249-93%2C91%2C90%2C88%2C86%22%3Bi%3A1%3Bs%3A12%3A%2250-100%2C98%2C95%22%3Bs%3A1%3A%222%22%3Bs%3A10%3A%2254-147%2C142%22%3Bs%3A1%3A%222%22%3Bs%3A10%3A%2254-150%2C142%22%3Bi%3A1%3Bs%3A10%3A%2254-150%2C145%22%3Bs%3A1%3A%222%22%3B%7D; PHPSESSID=0ospdj3bi5kag3k1j7he47vt02; thinkphp_show_page_trace=0|0',
)
[ info ] [ PARAM ] array (
  'check' => 'checkbox_12x12.png',
)
[ info ] [ LOG ] INIT File
