---------------------------------------------------------------
[ 2018-04-24T09:45:06+08:00 ] 127.0.0.1 GET /
[ info ] www.myshop.com/ [运行时间：0.202151s][吞吐率：4.95req/s] [内存消耗：7,132.20kb] [文件加载：67]
[ info ] [ LANG ] K:\AMP\day\myshop\thinkphp\lang\zh-cn.php
[ info ] [ ROUTE ] array (
  'type' => 'module',
  'module' => 
  array (
    0 => '',
    1 => NULL,
    2 => NULL,
  ),
)
[ info ] [ HEADER ] array (
  'host' => 'www.myshop.com',
  'connection' => 'keep-alive',
  'upgrade-insecure-requests' => '1',
  'user-agent' => 'Mozilla/5.0 (Windows NT 10.0; Win64; x64) AppleWebKit/537.36 (KHTML, like Gecko) Chrome/66.0.3359.117 Safari/537.36',
  'accept' => 'text/html,application/xhtml+xml,application/xml;q=0.9,image/webp,image/apng,*/*;q=0.8',
  'accept-encoding' => 'gzip, deflate',
  'accept-language' => 'zh-CN,zh;q=0.9',
  'cookie' => 'sidebar-fixed=false; breadcrumbs-fixed=false; page-header-fixed=false; navbar-fixed-top=false; cart=a%3A5%3A%7Bs%3A8%3A%2242-46%2C42%22%3Bi%3A2%3Bs%3A8%3A%2245-48%2C42%22%3Bi%3A2%3Bs%3A8%3A%2245-49%2C42%22%3Bi%3A1%3Bs%3A8%3A%2245-47%2C45%22%3Bi%3A1%3Bs%3A8%3A%2245-46%2C43%22%3Bi%3A1%3B%7D',
)
[ info ] [ PARAM ] array (
)
[ info ] [ CACHE ] INIT File
[ info ] [ DB ] INIT mysql
[ info ] [ RUN ] app\index\controller\Index->index[ K:\AMP\day\myshop\application\index\controller\Index.php ]
[ info ] [ VIEW ] K:\AMP\day\myshop\public/../application/index\view\index\index.html [ array (
  0 => 'navArr',
  1 => 'helpCateArr',
  2 => 'shopArtArr',
  3 => 'confArr',
  4 => 'foreCateArr',
  5 => 'showRight',
  6 => 'siteMast',
  7 => 'indexGoods',
  8 => 'recposCate',
  9 => 'notArts',
  10 => 'proArts',
  11 => 'brands',
  12 => 'sliders',
) ]
[ info ] [ LOG ] INIT File
[ sql ] [ DB ] CONNECT:[ UseTime:0.001823s ] mysql:host=127.0.0.1;port=3306;dbname=myshop;charset=utf8
[ sql ] [ SQL ] SHOW COLUMNS FROM `php_nav` [ RunTime:0.001412s ]
[ sql ] [ SQL ] SELECT * FROM `php_nav` ORDER BY sort desc [ RunTime:0.000261s ]
[ sql ] [ SQL ] SHOW COLUMNS FROM `php_cate` [ RunTime:0.000895s ]
[ sql ] [ SQL ] SELECT * FROM `php_cate` WHERE  `type` = 3 ORDER BY sort desc [ RunTime:0.000346s ]
[ sql ] [ SQL ] SHOW COLUMNS FROM `php_article` [ RunTime:0.000757s ]
[ sql ] [ SQL ] SELECT * FROM `php_article` WHERE  `cateId` = 11  AND `showStatus` = 1 [ RunTime:0.000348s ]
[ sql ] [ SQL ] SELECT * FROM `php_article` WHERE  `cateId` = 12  AND `showStatus` = 1 [ RunTime:0.000258s ]
[ sql ] [ SQL ] SELECT * FROM `php_article` WHERE  `cateId` = 22  AND `showStatus` = 1 [ RunTime:0.000234s ]
[ sql ] [ SQL ] SELECT * FROM `php_article` WHERE  `cateId` = 21  AND `showStatus` = 1 [ RunTime:0.000243s ]
[ sql ] [ SQL ] SELECT * FROM `php_article` WHERE  `cateId` = 23  AND `showStatus` = 1 [ RunTime:0.000228s ]
[ sql ] [ SQL ] SELECT `id`,`title` FROM `php_article` WHERE  `cateId` = 8 [ RunTime:0.000201s ]
[ sql ] [ SQL ] SHOW COLUMNS FROM `php_conf` [ RunTime:0.000717s ]
[ sql ] [ SQL ] SELECT `enName`,`value` FROM `php_conf` [ RunTime:0.000213s ]
[ sql ] [ SQL ] SHOW COLUMNS FROM `php_category` [ RunTime:0.000811s ]
[ sql ] [ SQL ] SELECT * FROM `php_category` WHERE  `pid` = 0 [ RunTime:0.000268s ]
[ sql ] [ SQL ] SELECT * FROM `php_category` WHERE  `pid` = 1 [ RunTime:0.000216s ]
[ sql ] [ SQL ] SELECT * FROM `php_category` WHERE  `pid` = 4 [ RunTime:0.000204s ]
[ sql ] [ SQL ] SELECT * FROM `php_category` WHERE  `pid` = 27 [ RunTime:0.000198s ]
[ sql ] [ SQL ] SHOW COLUMNS FROM `php_rec_item` [ RunTime:0.000649s ]
[ sql ] [ SQL ] SELECT * FROM `php_rec_item` WHERE  `valType` = 1  AND `recposId` = 8 [ RunTime:0.000247s ]
[ sql ] [ SQL ] SHOW COLUMNS FROM `php_goods` [ RunTime:0.003430s ]
[ sql ] [ SQL ] SELECT `id`,`goodsName`,`mdPic`,`shopPrice`,`marketPrice` FROM `php_goods` WHERE  `id` IN (40,39,38,37,36,35,34,33,32,31,17,24,25,26,27,28,29,30,41,42,44,45) ORDER BY id desc LIMIT 20 [ RunTime:0.000480s ]
[ sql ] [ SQL ] SELECT * FROM `php_rec_item` WHERE  `valType` = 2  AND `recposId` = 5 [ RunTime:0.000297s ]
[ sql ] [ SQL ] SELECT `id`,`cateName`,`pid` FROM `php_category` WHERE  `id` = 2  AND `pid` = 0 LIMIT 1 [ RunTime:0.000228s ]
[ sql ] [ SQL ] SELECT `id`,`cateName`,`pid` FROM `php_category` WHERE  `id` = 1  AND `pid` = 0 LIMIT 1 [ RunTime:0.000246s ]
[ sql ] [ SQL ] SELECT `id`,`cateName`,`pid` FROM `php_category` WHERE  `id` = 4  AND `pid` = 0 LIMIT 1 [ RunTime:0.000208s ]
[ sql ] [ SQL ] SELECT `id`,`cateName`,`pid` FROM `php_category` WHERE  `id` = 10  AND `pid` = 0 LIMIT 1 [ RunTime:0.000195s ]
[ sql ] [ SQL ] SELECT `id`,`cateName`,`pid` FROM `php_category` WHERE  `id` = 7  AND `pid` = 0 LIMIT 1 [ RunTime:0.000185s ]
[ sql ] [ SQL ] SELECT * FROM `php_category` [ RunTime:0.000219s ]
[ sql ] [ SQL ] SELECT `id` FROM `php_goods` WHERE  `cateId` = 1 [ RunTime:0.000510s ]
[ sql ] [ SQL ] SHOW COLUMNS FROM `php_goods_cat` [ RunTime:0.002230s ]
[ sql ] [ SQL ] SELECT DISTINCT goodsId id FROM `php_goods_cat` WHERE  `catId` IN (2,12,13,14,15,10,16,17,18,11,19,20,21,1) [ RunTime:0.001424s ]
[ sql ] [ SQL ] SELECT `valId` FROM `php_rec_item` WHERE  `valId` IN (17,26,27,28,29,31,32,34,35,36,37,41,44)  AND `recposId` = 4  AND `valType` = 1 [ RunTime:0.000344s ]
[ sql ] [ SQL ] SELECT * FROM `php_goods` WHERE  `onSale` = 1  AND `id` IN (26,17,27,28,29,31,32,34,35,36,37,41,44) ORDER BY id desc LIMIT 6 [ RunTime:0.000551s ]
[ sql ] [ SQL ] SHOW COLUMNS FROM `php_category_brands` [ RunTime:0.000868s ]
[ sql ] [ SQL ] SELECT * FROM `php_category_brands` WHERE  `cateId` = 1 LIMIT 1 [ RunTime:0.000228s ]
[ sql ] [ SQL ] SHOW COLUMNS FROM `php_brand` [ RunTime:0.000659s ]
[ sql ] [ SQL ] SELECT * FROM `php_brand` WHERE  `id` IN (16,17,18,19,20,21,22,23,24,25) [ RunTime:0.000310s ]
[ sql ] [ SQL ] SHOW COLUMNS FROM `php_category_ad` [ RunTime:0.000659s ]
[ sql ] [ SQL ] SELECT * FROM `php_category_ad` WHERE  `cateId` = 1  AND `position` = 1 ORDER BY id desc LIMIT 3 [ RunTime:0.000554s ]
[ sql ] [ SQL ] SELECT * FROM `php_category_ad` WHERE  `cateId` = 1  AND `position` = 2 ORDER BY id desc LIMIT 1 [ RunTime:0.000248s ]
[ sql ] [ SQL ] SELECT * FROM `php_category_ad` WHERE  `cateId` = 1  AND `position` = 3 ORDER BY id desc LIMIT 1 [ RunTime:0.000220s ]
[ sql ] [ SQL ] SELECT * FROM `php_rec_item` WHERE  `valType` = 2  AND `recposId` = 5 [ RunTime:0.000220s ]
[ sql ] [ SQL ] SELECT `id`,`cateName`,`pid` FROM `php_category` WHERE  `id` = 2  AND `pid` = 1 LIMIT 1 [ RunTime:0.000198s ]
[ sql ] [ SQL ] SELECT `id`,`cateName`,`pid` FROM `php_category` WHERE  `id` = 1  AND `pid` = 1 LIMIT 1 [ RunTime:0.000186s ]
[ sql ] [ SQL ] SELECT `id`,`cateName`,`pid` FROM `php_category` WHERE  `id` = 4  AND `pid` = 1 LIMIT 1 [ RunTime:0.000182s ]
[ sql ] [ SQL ] SELECT `id`,`cateName`,`pid` FROM `php_category` WHERE  `id` = 10  AND `pid` = 1 LIMIT 1 [ RunTime:0.000181s ]
[ sql ] [ SQL ] SELECT `id`,`cateName`,`pid` FROM `php_category` WHERE  `id` = 7  AND `pid` = 1 LIMIT 1 [ RunTime:0.000185s ]
[ sql ] [ SQL ] SELECT * FROM `php_category` [ RunTime:0.000199s ]
[ sql ] [ SQL ] SELECT `id` FROM `php_goods` WHERE  `cateId` = 2 [ RunTime:0.000196s ]
[ sql ] [ SQL ] SELECT DISTINCT goodsId id FROM `php_goods_cat` WHERE  `catId` IN (12,13,14,15,2) [ RunTime:0.000260s ]
[ sql ] [ SQL ] SELECT `valId` FROM `php_rec_item` WHERE  `valId` IN (17,28,31,32,34,44)  AND `recposId` = 7  AND `valType` = 1 [ RunTime:0.000227s ]
[ sql ] [ SQL ] SELECT * FROM `php_goods` WHERE  `onSale` = 1  AND `id` IN (17,28,31,32,34,44) ORDER BY id desc LIMIT 6 [ RunTime:0.000301s ]
[ sql ] [ SQL ] SELECT * FROM `php_category` [ RunTime:0.000204s ]
[ sql ] [ SQL ] SELECT `id` FROM `php_goods` WHERE  `cateId` = 10 [ RunTime:0.000260s ]
[ sql ] [ SQL ] SELECT DISTINCT goodsId id FROM `php_goods_cat` WHERE  `catId` IN (16,17,18,10) [ RunTime:0.000266s ]
[ sql ] [ SQL ] SELECT `valId` FROM `php_rec_item` WHERE  `valId` IN (17,27,29,31,37)  AND `recposId` = 7  AND `valType` = 1 [ RunTime:0.000225s ]
[ sql ] [ SQL ] SELECT * FROM `php_goods` WHERE  `onSale` = 1  AND `id` IN (17,27,29,31,37) ORDER BY id desc LIMIT 6 [ RunTime:0.000300s ]
[ sql ] [ SQL ] SELECT * FROM `php_category` [ RunTime:0.000219s ]
[ sql ] [ SQL ] SELECT `id` FROM `php_goods` WHERE  `cateId` = 4 [ RunTime:0.000246s ]
[ sql ] [ SQL ] SELECT DISTINCT goodsId id FROM `php_goods_cat` WHERE  `catId` IN (7,24,25,26,4) [ RunTime:0.000265s ]
[ sql ] [ SQL ] SELECT `valId` FROM `php_rec_item` WHERE  `valId` IN (24,25,30,33,38,39,42,40)  AND `recposId` = 4  AND `valType` = 1 [ RunTime:0.000254s ]
[ sql ] [ SQL ] SELECT * FROM `php_goods` WHERE  `onSale` = 1  AND `id` IN (24,25,30,33,38,39,40,42) ORDER BY id desc LIMIT 6 [ RunTime:0.000329s ]
[ sql ] [ SQL ] SELECT * FROM `php_category_brands` WHERE  `cateId` = 4 LIMIT 1 [ RunTime:0.000197s ]
[ sql ] [ SQL ] SELECT * FROM `php_brand` WHERE  `id` IN (1,8,7,9,10,11,12,13,14,15) [ RunTime:0.000276s ]
[ sql ] [ SQL ] SELECT * FROM `php_category_ad` WHERE  `cateId` = 4  AND `position` = 1 ORDER BY id desc LIMIT 3 [ RunTime:0.000239s ]
[ sql ] [ SQL ] SELECT * FROM `php_category_ad` WHERE  `cateId` = 4  AND `position` = 2 ORDER BY id desc LIMIT 1 [ RunTime:0.000215s ]
[ sql ] [ SQL ] SELECT * FROM `php_category_ad` WHERE  `cateId` = 4  AND `position` = 3 ORDER BY id desc LIMIT 1 [ RunTime:0.000226s ]
[ sql ] [ SQL ] SELECT * FROM `php_rec_item` WHERE  `valType` = 2  AND `recposId` = 5 [ RunTime:0.000195s ]
[ sql ] [ SQL ] SELECT `id`,`cateName`,`pid` FROM `php_category` WHERE  `id` = 2  AND `pid` = 4 LIMIT 1 [ RunTime:0.000190s ]
[ sql ] [ SQL ] SELECT `id`,`cateName`,`pid` FROM `php_category` WHERE  `id` = 1  AND `pid` = 4 LIMIT 1 [ RunTime:0.000191s ]
[ sql ] [ SQL ] SELECT `id`,`cateName`,`pid` FROM `php_category` WHERE  `id` = 4  AND `pid` = 4 LIMIT 1 [ RunTime:0.000202s ]
[ sql ] [ SQL ] SELECT `id`,`cateName`,`pid` FROM `php_category` WHERE  `id` = 10  AND `pid` = 4 LIMIT 1 [ RunTime:0.000193s ]
[ sql ] [ SQL ] SELECT `id`,`cateName`,`pid` FROM `php_category` WHERE  `id` = 7  AND `pid` = 4 LIMIT 1 [ RunTime:0.000198s ]
[ sql ] [ SQL ] SELECT * FROM `php_category` [ RunTime:0.000218s ]
[ sql ] [ SQL ] SELECT `id` FROM `php_goods` WHERE  `cateId` = 7 [ RunTime:0.000224s ]
[ sql ] [ SQL ] SELECT DISTINCT goodsId id FROM `php_goods_cat` WHERE  `catId` IN (24,25,26,7) [ RunTime:0.000313s ]
[ sql ] [ SQL ] SELECT `valId` FROM `php_rec_item` WHERE  `valId` IN (40,24,25,30,33,38,39,42)  AND `recposId` = 7  AND `valType` = 1 [ RunTime:0.000254s ]
[ sql ] [ SQL ] SELECT * FROM `php_goods` WHERE  `onSale` = 1  AND `id` IN (24,25,30,33,38,39,40,42) ORDER BY id desc LIMIT 6 [ RunTime:0.000327s ]
[ sql ] [ SQL ] SELECT `id`,`title` FROM `php_article` WHERE  `cateId` = 33 LIMIT 3 [ RunTime:0.000207s ]
[ sql ] [ SQL ] SELECT `id`,`title` FROM `php_article` WHERE  `cateId` = 34 LIMIT 3 [ RunTime:0.000230s ]
[ sql ] [ SQL ] SELECT * FROM `php_brand` ORDER BY id desc LIMIT 17 [ RunTime:0.000260s ]
[ sql ] [ SQL ] SHOW COLUMNS FROM `php_slider` [ RunTime:0.000703s ]
[ sql ] [ SQL ] SELECT * FROM `php_slider` WHERE  `status` = 1 ORDER BY sort desc [ RunTime:0.000245s ]
---------------------------------------------------------------
[ 2018-04-24T09:45:07+08:00 ] 127.0.0.1 POST /checkLogin.html
[ info ] www.myshop.com/checkLogin.html [运行时间：0.077086s][吞吐率：12.97req/s] [内存消耗：5,831.88kb] [文件加载：61]
[ info ] [ LANG ] K:\AMP\day\myshop\thinkphp\lang\zh-cn.php
[ info ] [ ROUTE ] array (
  'type' => 'module',
  'module' => 
  array (
    0 => 'member',
    1 => 'account',
    2 => 'checkLogin',
  ),
  'convert' => false,
)
[ info ] [ HEADER ] array (
  'host' => 'www.myshop.com',
  'connection' => 'keep-alive',
  'content-length' => '0',
  'accept' => '*/*',
  'origin' => 'http://www.myshop.com',
  'x-requested-with' => 'XMLHttpRequest',
  'user-agent' => 'Mozilla/5.0 (Windows NT 10.0; Win64; x64) AppleWebKit/537.36 (KHTML, like Gecko) Chrome/66.0.3359.117 Safari/537.36',
  'referer' => 'http://www.myshop.com/',
  'accept-encoding' => 'gzip, deflate',
  'accept-language' => 'zh-CN,zh;q=0.9',
  'cookie' => 'sidebar-fixed=false; breadcrumbs-fixed=false; page-header-fixed=false; navbar-fixed-top=false; cart=a%3A5%3A%7Bs%3A8%3A%2242-46%2C42%22%3Bi%3A2%3Bs%3A8%3A%2245-48%2C42%22%3Bi%3A2%3Bs%3A8%3A%2245-49%2C42%22%3Bi%3A1%3Bs%3A8%3A%2245-47%2C45%22%3Bi%3A1%3Bs%3A8%3A%2245-46%2C43%22%3Bi%3A1%3B%7D',
)
[ info ] [ PARAM ] array (
)
[ info ] [ CACHE ] INIT File
[ info ] [ DB ] INIT mysql
[ info ] [ RUN ] app\member\controller\Account->checkLogin[ K:\AMP\day\myshop\application\member\controller\Account.php ]
[ info ] [ SESSION ] INIT array (
  'type' => 'Mysql',
  'auto_start' => true,
  'session_expire' => 3600,
  'session_prefix' => 'php_',
  'table_name' => 'session',
  'database' => 
  array (
    'hostname' => '127.0.0.1',
    'database' => 'mybike',
    'username' => 'root',
    'password' => '123',
    'hostport' => '3306',
    'prefix' => 'php_',
    'charset' => 'utf8',
  ),
)
[ info ] [ DB ] INIT mysql
[ info ] [ LOG ] INIT File
[ sql ] [ DB ] CONNECT:[ UseTime:0.001049s ] mysql:host=127.0.0.1;port=3306;dbname=mybike;charset=utf8
[ sql ] [ SQL ] SELECT session_data FROM php_session WHERE session_id = 'php_c1beocn6uhkpa50f498ttd80e4' AND session_expire > '1524534307' [ RunTime:0.004487s ]
