---------------------------------------------------------------
[ 2018-03-28T05:59:32+08:00 ] 127.0.0.1 GET /
[ info ] www.myshop.com/ [运行时间：0.186274s][吞吐率：5.37req/s] [内存消耗：7,206.20kb] [文件加载：68]
[ info ] [ LANG ] K:\AMP\day\myshop\thinkphp\lang\zh-cn.php
[ info ] [ ROUTE ] array (
  'type' => 'module',
  'module' => 
  array (
    0 => '',
    1 => NULL,
    2 => NULL,
  ),
)
[ info ] [ HEADER ] array (
  'host' => 'www.myshop.com',
  'connection' => 'keep-alive',
  'upgrade-insecure-requests' => '1',
  'user-agent' => 'Mozilla/5.0 (Windows NT 10.0; Win64; x64) AppleWebKit/537.36 (KHTML, like Gecko) Chrome/65.0.3325.181 Safari/537.36',
  'accept' => 'text/html,application/xhtml+xml,application/xml;q=0.9,image/webp,image/apng,*/*;q=0.8',
  'accept-encoding' => 'gzip, deflate',
  'accept-language' => 'zh-CN,zh;q=0.9',
  'cookie' => 'sidebar-fixed=false; breadcrumbs-fixed=false; page-header-fixed=false; navbar-fixed-top=false; username=cU5HbXFKYVhsTWRveVpaTXFDV2dlYXdIQUZtSkFjbm1KUnBuTUpxazhpWm1NV1hsc2VXYnB4b2w1cHBrNWxvbTVkZ3pHcWNrMnM; password=bnRkbFpaU1lhSmFTbXBXTXFDV2dlYXdIQUZtSkFjYmxHcVRtNUdha3A2Wmw1ZklsWmVXbTVhWG1zVnNtV3lYbVpaaHlHV2ZsV2VaYkdhWWxR',
)
[ info ] [ PARAM ] array (
)
[ info ] [ CACHE ] INIT File
[ info ] [ DB ] INIT mysql
[ info ] [ RUN ] app\index\controller\Index->index[ K:\AMP\day\myshop\application\index\controller\Index.php ]
[ info ] [ VIEW ] K:\AMP\day\myshop\public/../application/index\view\index\index.html [ array (
  0 => 'navArr',
  1 => 'helpCateArr',
  2 => 'shopArtArr',
  3 => 'confArr',
  4 => 'foreCateArr',
  5 => 'showRight',
  6 => 'siteMast',
  7 => 'indexGoods',
  8 => 'recposCate',
  9 => 'notArts',
  10 => 'proArts',
  11 => 'brands',
  12 => 'sliders',
) ]
[ info ] [ LOG ] INIT File
[ sql ] [ DB ] CONNECT:[ UseTime:0.003981s ] mysql:host=127.0.0.1;port=3306;dbname=myshop;charset=utf8
[ sql ] [ SQL ] SHOW COLUMNS FROM `php_nav` [ RunTime:0.004368s ]
[ sql ] [ SQL ] SELECT * FROM `php_nav` ORDER BY sort desc [ RunTime:0.000393s ]
[ sql ] [ SQL ] SHOW COLUMNS FROM `php_cate` [ RunTime:0.001202s ]
[ sql ] [ SQL ] SELECT * FROM `php_cate` WHERE  `type` = 3 ORDER BY sort desc [ RunTime:0.000401s ]
[ sql ] [ SQL ] SHOW COLUMNS FROM `php_article` [ RunTime:0.001279s ]
[ sql ] [ SQL ] SELECT * FROM `php_article` WHERE  `cateId` = 11  AND `showStatus` = 1 [ RunTime:0.000529s ]
[ sql ] [ SQL ] SELECT * FROM `php_article` WHERE  `cateId` = 12  AND `showStatus` = 1 [ RunTime:0.000246s ]
[ sql ] [ SQL ] SELECT * FROM `php_article` WHERE  `cateId` = 22  AND `showStatus` = 1 [ RunTime:0.000224s ]
[ sql ] [ SQL ] SELECT * FROM `php_article` WHERE  `cateId` = 21  AND `showStatus` = 1 [ RunTime:0.000221s ]
[ sql ] [ SQL ] SELECT * FROM `php_article` WHERE  `cateId` = 23  AND `showStatus` = 1 [ RunTime:0.000217s ]
[ sql ] [ SQL ] SELECT `id`,`title` FROM `php_article` WHERE  `cateId` = 8 [ RunTime:0.000237s ]
[ sql ] [ SQL ] SHOW COLUMNS FROM `php_conf` [ RunTime:0.000937s ]
[ sql ] [ SQL ] SELECT `enName`,`value` FROM `php_conf` [ RunTime:0.000326s ]
[ sql ] [ SQL ] SHOW COLUMNS FROM `php_category` [ RunTime:0.001147s ]
[ sql ] [ SQL ] SELECT * FROM `php_category` WHERE  `pid` = 0 [ RunTime:0.000492s ]
[ sql ] [ SQL ] SELECT * FROM `php_category` WHERE  `pid` = 1 [ RunTime:0.000240s ]
[ sql ] [ SQL ] SELECT * FROM `php_category` WHERE  `pid` = 4 [ RunTime:0.000210s ]
[ sql ] [ SQL ] SELECT * FROM `php_category` WHERE  `pid` = 27 [ RunTime:0.000189s ]
[ sql ] [ SQL ] SHOW COLUMNS FROM `php_rec_item` [ RunTime:0.000922s ]
[ sql ] [ SQL ] SELECT * FROM `php_rec_item` WHERE  `valType` = 1  AND `recposId` = 8 [ RunTime:0.000381s ]
[ sql ] [ SQL ] SHOW COLUMNS FROM `php_goods` [ RunTime:0.004034s ]
[ sql ] [ SQL ] SELECT `id`,`goodsName`,`mdPic`,`shopPrice`,`marketPrice` FROM `php_goods` WHERE  `id` IN (40,39,38,37,36,35,34,33,32,31,17,24,25,26,27,28,29,30,41,42,44,45) ORDER BY id desc LIMIT 20 [ RunTime:0.000569s ]
[ sql ] [ SQL ] SELECT * FROM `php_rec_item` WHERE  `valType` = 2  AND `recposId` = 5 [ RunTime:0.000315s ]
[ sql ] [ SQL ] SELECT `id`,`cateName`,`pid` FROM `php_category` WHERE  `id` = 2  AND `pid` = 0 LIMIT 1 [ RunTime:0.000229s ]
[ sql ] [ SQL ] SELECT `id`,`cateName`,`pid` FROM `php_category` WHERE  `id` = 1  AND `pid` = 0 LIMIT 1 [ RunTime:0.000197s ]
[ sql ] [ SQL ] SELECT `id`,`cateName`,`pid` FROM `php_category` WHERE  `id` = 4  AND `pid` = 0 LIMIT 1 [ RunTime:0.000188s ]
[ sql ] [ SQL ] SELECT `id`,`cateName`,`pid` FROM `php_category` WHERE  `id` = 10  AND `pid` = 0 LIMIT 1 [ RunTime:0.000186s ]
[ sql ] [ SQL ] SELECT `id`,`cateName`,`pid` FROM `php_category` WHERE  `id` = 7  AND `pid` = 0 LIMIT 1 [ RunTime:0.000216s ]
[ sql ] [ SQL ] SELECT * FROM `php_category` [ RunTime:0.000237s ]
[ sql ] [ SQL ] SELECT `id` FROM `php_goods` WHERE  `cateId` = 1 [ RunTime:0.000538s ]
[ sql ] [ SQL ] SHOW COLUMNS FROM `php_goods_cat` [ RunTime:0.002365s ]
[ sql ] [ SQL ] SELECT DISTINCT goodsId id FROM `php_goods_cat` WHERE  `catId` IN (2,12,13,14,15,10,16,17,18,11,19,20,21,1) [ RunTime:0.001696s ]
[ sql ] [ SQL ] SELECT `valId` FROM `php_rec_item` WHERE  `valId` IN (17,26,27,28,29,31,32,34,35,36,37,41,44)  AND `recposId` = 4  AND `valType` = 1 [ RunTime:0.000333s ]
[ sql ] [ SQL ] SELECT * FROM `php_goods` WHERE  `onSale` = 1  AND `id` IN (26,17,27,28,29,31,32,34,35,36,37,41,44) ORDER BY id desc LIMIT 6 [ RunTime:0.000418s ]
[ sql ] [ SQL ] SHOW COLUMNS FROM `php_category_brands` [ RunTime:0.001075s ]
[ sql ] [ SQL ] SELECT * FROM `php_category_brands` WHERE  `cateId` = 1 LIMIT 1 [ RunTime:0.000241s ]
[ sql ] [ SQL ] SHOW COLUMNS FROM `php_brand` [ RunTime:0.001062s ]
[ sql ] [ SQL ] SELECT * FROM `php_brand` WHERE  `id` IN (16,17,18,19,20,21,22,23,24,25) [ RunTime:0.000451s ]
[ sql ] [ SQL ] SHOW COLUMNS FROM `php_category_ad` [ RunTime:0.000952s ]
[ sql ] [ SQL ] SELECT * FROM `php_category_ad` WHERE  `cateId` = 1  AND `position` = 1 ORDER BY id desc LIMIT 3 [ RunTime:0.000655s ]
[ sql ] [ SQL ] SELECT * FROM `php_category_ad` WHERE  `cateId` = 1  AND `position` = 2 ORDER BY id desc LIMIT 1 [ RunTime:0.000246s ]
[ sql ] [ SQL ] SELECT * FROM `php_category_ad` WHERE  `cateId` = 1  AND `position` = 3 ORDER BY id desc LIMIT 1 [ RunTime:0.000238s ]
[ sql ] [ SQL ] SELECT * FROM `php_rec_item` WHERE  `valType` = 2  AND `recposId` = 5 [ RunTime:0.000214s ]
[ sql ] [ SQL ] SELECT `id`,`cateName`,`pid` FROM `php_category` WHERE  `id` = 2  AND `pid` = 1 LIMIT 1 [ RunTime:0.000193s ]
[ sql ] [ SQL ] SELECT `id`,`cateName`,`pid` FROM `php_category` WHERE  `id` = 1  AND `pid` = 1 LIMIT 1 [ RunTime:0.000186s ]
[ sql ] [ SQL ] SELECT `id`,`cateName`,`pid` FROM `php_category` WHERE  `id` = 4  AND `pid` = 1 LIMIT 1 [ RunTime:0.000181s ]
[ sql ] [ SQL ] SELECT `id`,`cateName`,`pid` FROM `php_category` WHERE  `id` = 10  AND `pid` = 1 LIMIT 1 [ RunTime:0.000184s ]
[ sql ] [ SQL ] SELECT `id`,`cateName`,`pid` FROM `php_category` WHERE  `id` = 7  AND `pid` = 1 LIMIT 1 [ RunTime:0.000181s ]
[ sql ] [ SQL ] SELECT * FROM `php_category` [ RunTime:0.000193s ]
[ sql ] [ SQL ] SELECT `id` FROM `php_goods` WHERE  `cateId` = 2 [ RunTime:0.000198s ]
[ sql ] [ SQL ] SELECT DISTINCT goodsId id FROM `php_goods_cat` WHERE  `catId` IN (12,13,14,15,2) [ RunTime:0.000261s ]
[ sql ] [ SQL ] SELECT `valId` FROM `php_rec_item` WHERE  `valId` IN (17,28,31,32,34,44)  AND `recposId` = 7  AND `valType` = 1 [ RunTime:0.000235s ]
[ sql ] [ SQL ] SELECT * FROM `php_goods` WHERE  `onSale` = 1  AND `id` IN (17,28,31,32,34,44) ORDER BY id desc LIMIT 6 [ RunTime:0.000309s ]
[ sql ] [ SQL ] SELECT * FROM `php_category` [ RunTime:0.000225s ]
[ sql ] [ SQL ] SELECT `id` FROM `php_goods` WHERE  `cateId` = 10 [ RunTime:0.000217s ]
[ sql ] [ SQL ] SELECT DISTINCT goodsId id FROM `php_goods_cat` WHERE  `catId` IN (16,17,18,10) [ RunTime:0.000328s ]
[ sql ] [ SQL ] SELECT `valId` FROM `php_rec_item` WHERE  `valId` IN (17,27,29,31,37)  AND `recposId` = 7  AND `valType` = 1 [ RunTime:0.000348s ]
[ sql ] [ SQL ] SELECT * FROM `php_goods` WHERE  `onSale` = 1  AND `id` IN (17,27,29,31,37) ORDER BY id desc LIMIT 6 [ RunTime:0.000341s ]
[ sql ] [ SQL ] SELECT * FROM `php_category` [ RunTime:0.000206s ]
[ sql ] [ SQL ] SELECT `id` FROM `php_goods` WHERE  `cateId` = 4 [ RunTime:0.000217s ]
[ sql ] [ SQL ] SELECT DISTINCT goodsId id FROM `php_goods_cat` WHERE  `catId` IN (7,24,25,26,4) [ RunTime:0.000294s ]
[ sql ] [ SQL ] SELECT `valId` FROM `php_rec_item` WHERE  `valId` IN (24,25,30,33,38,39,42,40)  AND `recposId` = 4  AND `valType` = 1 [ RunTime:0.000287s ]
[ sql ] [ SQL ] SELECT * FROM `php_goods` WHERE  `onSale` = 1  AND `id` IN (24,25,30,33,38,39,40,42) ORDER BY id desc LIMIT 6 [ RunTime:0.000403s ]
[ sql ] [ SQL ] SELECT * FROM `php_category_brands` WHERE  `cateId` = 4 LIMIT 1 [ RunTime:0.000252s ]
[ sql ] [ SQL ] SELECT * FROM `php_brand` WHERE  `id` IN (1,8,7,9,10,11,12,13,14,15) [ RunTime:0.000285s ]
[ sql ] [ SQL ] SELECT * FROM `php_category_ad` WHERE  `cateId` = 4  AND `position` = 1 ORDER BY id desc LIMIT 3 [ RunTime:0.000248s ]
[ sql ] [ SQL ] SELECT * FROM `php_category_ad` WHERE  `cateId` = 4  AND `position` = 2 ORDER BY id desc LIMIT 1 [ RunTime:0.000221s ]
[ sql ] [ SQL ] SELECT * FROM `php_category_ad` WHERE  `cateId` = 4  AND `position` = 3 ORDER BY id desc LIMIT 1 [ RunTime:0.000215s ]
[ sql ] [ SQL ] SELECT * FROM `php_rec_item` WHERE  `valType` = 2  AND `recposId` = 5 [ RunTime:0.000194s ]
[ sql ] [ SQL ] SELECT `id`,`cateName`,`pid` FROM `php_category` WHERE  `id` = 2  AND `pid` = 4 LIMIT 1 [ RunTime:0.000194s ]
[ sql ] [ SQL ] SELECT `id`,`cateName`,`pid` FROM `php_category` WHERE  `id` = 1  AND `pid` = 4 LIMIT 1 [ RunTime:0.000181s ]
[ sql ] [ SQL ] SELECT `id`,`cateName`,`pid` FROM `php_category` WHERE  `id` = 4  AND `pid` = 4 LIMIT 1 [ RunTime:0.000181s ]
[ sql ] [ SQL ] SELECT `id`,`cateName`,`pid` FROM `php_category` WHERE  `id` = 10  AND `pid` = 4 LIMIT 1 [ RunTime:0.000178s ]
[ sql ] [ SQL ] SELECT `id`,`cateName`,`pid` FROM `php_category` WHERE  `id` = 7  AND `pid` = 4 LIMIT 1 [ RunTime:0.000178s ]
[ sql ] [ SQL ] SELECT * FROM `php_category` [ RunTime:0.000193s ]
[ sql ] [ SQL ] SELECT `id` FROM `php_goods` WHERE  `cateId` = 7 [ RunTime:0.000201s ]
[ sql ] [ SQL ] SELECT DISTINCT goodsId id FROM `php_goods_cat` WHERE  `catId` IN (24,25,26,7) [ RunTime:0.000294s ]
[ sql ] [ SQL ] SELECT `valId` FROM `php_rec_item` WHERE  `valId` IN (40,24,25,30,33,38,39,42)  AND `recposId` = 7  AND `valType` = 1 [ RunTime:0.000332s ]
[ sql ] [ SQL ] SELECT * FROM `php_goods` WHERE  `onSale` = 1  AND `id` IN (24,25,30,33,38,39,40,42) ORDER BY id desc LIMIT 6 [ RunTime:0.000398s ]
[ sql ] [ SQL ] SELECT `id`,`title` FROM `php_article` WHERE  `cateId` = 33 LIMIT 3 [ RunTime:0.000324s ]
[ sql ] [ SQL ] SELECT `id`,`title` FROM `php_article` WHERE  `cateId` = 34 LIMIT 3 [ RunTime:0.000212s ]
[ sql ] [ SQL ] SELECT * FROM `php_brand` ORDER BY id desc LIMIT 17 [ RunTime:0.000258s ]
[ sql ] [ SQL ] SHOW COLUMNS FROM `php_slider` [ RunTime:0.001025s ]
[ sql ] [ SQL ] SELECT * FROM `php_slider` WHERE  `status` = 1 ORDER BY sort desc [ RunTime:0.000245s ]
---------------------------------------------------------------
[ 2018-03-28T05:59:33+08:00 ] 127.0.0.1 POST /checkLogin.html
[ info ] www.myshop.com/checkLogin.html [运行时间：0.060649s][吞吐率：16.49req/s] [内存消耗：6,110.38kb] [文件加载：65]
[ info ] [ LANG ] K:\AMP\day\myshop\thinkphp\lang\zh-cn.php
[ info ] [ ROUTE ] array (
  'type' => 'module',
  'module' => 
  array (
    0 => 'member',
    1 => 'account',
    2 => 'checkLogin',
  ),
  'convert' => false,
)
[ info ] [ HEADER ] array (
  'host' => 'www.myshop.com',
  'connection' => 'keep-alive',
  'content-length' => '0',
  'accept' => '*/*',
  'origin' => 'http://www.myshop.com',
  'x-requested-with' => 'XMLHttpRequest',
  'user-agent' => 'Mozilla/5.0 (Windows NT 10.0; Win64; x64) AppleWebKit/537.36 (KHTML, like Gecko) Chrome/65.0.3325.181 Safari/537.36',
  'referer' => 'http://www.myshop.com/',
  'accept-encoding' => 'gzip, deflate',
  'accept-language' => 'zh-CN,zh;q=0.9',
  'cookie' => 'sidebar-fixed=false; breadcrumbs-fixed=false; page-header-fixed=false; navbar-fixed-top=false; username=cU5HbXFKYVhsTWRveVpaTXFDV2dlYXdIQUZtSkFjbm1KUnBuTUpxazhpWm1NV1hsc2VXYnB4b2w1cHBrNWxvbTVkZ3pHcWNrMnM; password=bnRkbFpaU1lhSmFTbXBXTXFDV2dlYXdIQUZtSkFjYmxHcVRtNUdha3A2Wmw1ZklsWmVXbTVhWG1zVnNtV3lYbVpaaHlHV2ZsV2VaYkdhWWxR',
)
[ info ] [ PARAM ] array (
)
[ info ] [ CACHE ] INIT File
[ info ] [ DB ] INIT mysql
[ info ] [ RUN ] app\member\controller\Account->checkLogin[ K:\AMP\day\myshop\application\member\controller\Account.php ]
[ info ] [ SESSION ] INIT array (
  'type' => 'Mysql',
  'auto_start' => true,
  'session_expire' => 3600,
  'session_prefix' => 'php_',
  'table_name' => 'session',
  'database' => 
  array (
    'hostname' => '127.0.0.1',
    'database' => 'mybike',
    'username' => 'root',
    'password' => '123',
    'hostport' => '3306',
    'prefix' => 'php_',
    'charset' => 'utf8',
  ),
)
[ info ] [ DB ] INIT mysql
[ info ] [ LOG ] INIT File
[ sql ] [ DB ] CONNECT:[ UseTime:0.000853s ] mysql:host=127.0.0.1;port=3306;dbname=mybike;charset=utf8
[ sql ] [ SQL ] SELECT session_data FROM php_session WHERE session_id = 'php_84do2ldavt4dm7cvhmfoglmch4' AND session_expire > '1522187973' [ RunTime:0.003248s ]
[ sql ] [ DB ] CONNECT:[ UseTime:0.000689s ] mysql:host=127.0.0.1;port=3306;dbname=myshop;charset=utf8
[ sql ] [ SQL ] SHOW COLUMNS FROM `php_user` [ RunTime:0.001507s ]
[ sql ] [ SQL ] SELECT * FROM `php_user` WHERE  ( `userName` = 'root' OR `email` = 'root' OR `tel` = 'root' ) LIMIT 1 [ RunTime:0.000347s ]
[ sql ] [ SQL ] SHOW COLUMNS FROM `php_member_level` [ RunTime:0.003636s ]
[ sql ] [ SQL ] SELECT * FROM `php_member_level` WHERE  `bottom` <= 0  AND `top` >= 0 LIMIT 1 [ RunTime:0.000287s ]
---------------------------------------------------------------
[ 2018-03-28T05:59:33+08:00 ] 127.0.0.1 GET /getGoodsCates.html?act=getCategoryCallback&cat_id=1
[ info ] www.myshop.com/getGoodsCates.html?act=getCategoryCallback&cat_id=1 [运行时间：0.045196s][吞吐率：22.13req/s] [内存消耗：5,752.84kb] [文件加载：61]
[ info ] [ LANG ] K:\AMP\day\myshop\thinkphp\lang\zh-cn.php
[ info ] [ ROUTE ] array (
  'type' => 'module',
  'module' => 
  array (
    0 => 'index',
    1 => 'category',
    2 => 'getGoodsCates',
  ),
  'convert' => false,
)
[ info ] [ HEADER ] array (
  'host' => 'www.myshop.com',
  'connection' => 'keep-alive',
  'accept' => 'application/json, text/javascript, */*; q=0.01',
  'x-requested-with' => 'XMLHttpRequest',
  'user-agent' => 'Mozilla/5.0 (Windows NT 10.0; Win64; x64) AppleWebKit/537.36 (KHTML, like Gecko) Chrome/65.0.3325.181 Safari/537.36',
  'referer' => 'http://www.myshop.com/',
  'accept-encoding' => 'gzip, deflate',
  'accept-language' => 'zh-CN,zh;q=0.9',
  'cookie' => 'sidebar-fixed=false; breadcrumbs-fixed=false; page-header-fixed=false; navbar-fixed-top=false; username=cU5HbXFKYVhsTWRveVpaTXFDV2dlYXdIQUZtSkFjbm1KUnBuTUpxazhpWm1NV1hsc2VXYnB4b2w1cHBrNWxvbTVkZ3pHcWNrMnM; password=bnRkbFpaU1lhSmFTbXBXTXFDV2dlYXdIQUZtSkFjYmxHcVRtNUdha3A2Wmw1ZklsWmVXbTVhWG1zVnNtV3lYbVpaaHlHV2ZsV2VaYkdhWWxR; thinkphp_show_page_trace=0|0; PHPSESSID=84do2ldavt4dm7cvhmfoglmch4',
)
[ info ] [ PARAM ] array (
  'act' => 'getCategoryCallback',
  'cat_id' => '1',
)
[ info ] [ CACHE ] INIT File
[ info ] [ DB ] INIT mysql
[ info ] [ RUN ] app\index\controller\Category->getGoodsCates[ K:\AMP\day\myshop\application\index\controller\Category.php ]
[ info ] [ LOG ] INIT File
[ sql ] [ DB ] CONNECT:[ UseTime:0.000661s ] mysql:host=127.0.0.1;port=3306;dbname=myshop;charset=utf8
[ sql ] [ SQL ] SHOW COLUMNS FROM `php_category` [ RunTime:0.000738s ]
[ sql ] [ SQL ] SELECT * FROM `php_category` [ RunTime:0.000275s ]
[ sql ] [ SQL ] SHOW COLUMNS FROM `php_category_words` [ RunTime:0.000900s ]
[ sql ] [ SQL ] SELECT * FROM `php_category_words` WHERE  `cateId` = 1 [ RunTime:0.000251s ]
[ sql ] [ SQL ] SHOW COLUMNS FROM `php_category_brands` [ RunTime:0.000568s ]
[ sql ] [ SQL ] SELECT * FROM `php_category_brands` WHERE  `cateId` = 1 LIMIT 1 [ RunTime:0.000267s ]
[ sql ] [ SQL ] SHOW COLUMNS FROM `php_brand` [ RunTime:0.000874s ]
[ sql ] [ SQL ] SELECT * FROM `php_brand` WHERE  `id` IN (16,17,18,19,20,21,22,23,24,25) [ RunTime:0.000413s ]
---------------------------------------------------------------
[ 2018-03-28T06:08:41+08:00 ] 127.0.0.1 GET /xm112110608
[ info ] www.myshop.com/xm112110608 [运行时间：0.040604s][吞吐率：24.63req/s] [内存消耗：3,881.05kb] [文件加载：56]
[ info ] [ LANG ] K:\AMP\day\myshop\thinkphp\lang\zh-cn.php
[ info ] [ ROUTE ] array (
  'type' => 'module',
  'module' => 
  array (
    0 => 'admin',
    1 => 'login',
    2 => 'index',
  ),
  'convert' => false,
)
[ info ] [ HEADER ] array (
  'host' => 'www.myshop.com',
  'connection' => 'keep-alive',
  'upgrade-insecure-requests' => '1',
  'user-agent' => 'Mozilla/5.0 (Windows NT 10.0; Win64; x64) AppleWebKit/537.36 (KHTML, like Gecko) Chrome/65.0.3325.181 Safari/537.36',
  'accept' => 'text/html,application/xhtml+xml,application/xml;q=0.9,image/webp,image/apng,*/*;q=0.8',
  'accept-encoding' => 'gzip, deflate',
  'accept-language' => 'zh-CN,zh;q=0.9',
  'cookie' => 'sidebar-fixed=false; breadcrumbs-fixed=false; page-header-fixed=false; navbar-fixed-top=false; username=cU5HbXFKYVhsTWRveVpaTXFDV2dlYXdIQUZtSkFjbm1KUnBuTUpxazhpWm1NV1hsc2VXYnB4b2w1cHBrNWxvbTVkZ3pHcWNrMnM; password=bnRkbFpaU1lhSmFTbXBXTXFDV2dlYXdIQUZtSkFjYmxHcVRtNUdha3A2Wmw1ZklsWmVXbTVhWG1zVnNtV3lYbVpaaHlHV2ZsV2VaYkdhWWxR; thinkphp_show_page_trace=0|0; PHPSESSID=84do2ldavt4dm7cvhmfoglmch4',
)
[ info ] [ PARAM ] array (
  'check' => '0608',
)
[ info ] [ RUN ] app\admin\controller\Login->index[ K:\AMP\day\myshop\application\admin\controller\Login.php ]
[ info ] [ SESSION ] INIT array (
  'type' => 'Mysql',
  'auto_start' => true,
  'session_expire' => 3600,
  'session_prefix' => 'php_',
  'table_name' => 'session',
  'database' => 
  array (
    'hostname' => '127.0.0.1',
    'database' => 'mybike',
    'username' => 'root',
    'password' => '123',
    'hostport' => '3306',
    'prefix' => 'php_',
    'charset' => 'utf8',
  ),
)
[ info ] [ DB ] INIT mysql
[ info ] [ VIEW ] K:\AMP\day\myshop\public/../application/admin\view\login\index.html [ array (
  0 => 'validate',
) ]
[ info ] [ LOG ] INIT File
[ sql ] [ DB ] CONNECT:[ UseTime:0.000932s ] mysql:host=127.0.0.1;port=3306;dbname=mybike;charset=utf8
[ sql ] [ SQL ] SELECT session_data FROM php_session WHERE session_id = 'php_84do2ldavt4dm7cvhmfoglmch4' AND session_expire > '1522188521' [ RunTime:0.002203s ]
---------------------------------------------------------------
[ 2018-03-28T06:08:41+08:00 ] 127.0.0.1 GET /captcha.html
[ info ] www.myshop.com/captcha.html [运行时间：0.051899s][吞吐率：19.27req/s] [内存消耗：3,717.23kb] [文件加载：52]
[ info ] [ LANG ] K:\AMP\day\myshop\thinkphp\lang\zh-cn.php
[ info ] [ ROUTE ] array (
  'type' => 'module',
  'module' => 
  array (
    0 => 'admin',
    1 => 'login',
    2 => 'captcha',
  ),
  'convert' => false,
)
[ info ] [ HEADER ] array (
  'host' => 'www.myshop.com',
  'connection' => 'keep-alive',
  'user-agent' => 'Mozilla/5.0 (Windows NT 10.0; Win64; x64) AppleWebKit/537.36 (KHTML, like Gecko) Chrome/65.0.3325.181 Safari/537.36',
  'accept' => 'image/webp,image/apng,image/*,*/*;q=0.8',
  'referer' => 'http://www.myshop.com/captcha.html',
  'accept-encoding' => 'gzip, deflate',
  'accept-language' => 'zh-CN,zh;q=0.9',
  'cookie' => 'sidebar-fixed=false; breadcrumbs-fixed=false; page-header-fixed=false; navbar-fixed-top=false; username=cU5HbXFKYVhsTWRveVpaTXFDV2dlYXdIQUZtSkFjbm1KUnBuTUpxazhpWm1NV1hsc2VXYnB4b2w1cHBrNWxvbTVkZ3pHcWNrMnM; password=bnRkbFpaU1lhSmFTbXBXTXFDV2dlYXdIQUZtSkFjYmxHcVRtNUdha3A2Wmw1ZklsWmVXbTVhWG1zVnNtV3lYbVpaaHlHV2ZsV2VaYkdhWWxR; thinkphp_show_page_trace=0|0; PHPSESSID=84do2ldavt4dm7cvhmfoglmch4',
)
[ info ] [ PARAM ] array (
)
[ info ] [ RUN ] app\admin\controller\Login->captcha[ K:\AMP\day\myshop\application\admin\controller\Login.php ]
[ info ] [ SESSION ] INIT array (
  'type' => 'Mysql',
  'auto_start' => true,
  'session_expire' => 3600,
  'session_prefix' => 'php_',
  'table_name' => 'session',
  'database' => 
  array (
    'hostname' => '127.0.0.1',
    'database' => 'mybike',
    'username' => 'root',
    'password' => '123',
    'hostport' => '3306',
    'prefix' => 'php_',
    'charset' => 'utf8',
  ),
)
[ info ] [ DB ] INIT mysql
[ info ] [ LOG ] INIT File
[ sql ] [ DB ] CONNECT:[ UseTime:0.010441s ] mysql:host=127.0.0.1;port=3306;dbname=mybike;charset=utf8
[ sql ] [ SQL ] SELECT session_data FROM php_session WHERE session_id = 'php_84do2ldavt4dm7cvhmfoglmch4' AND session_expire > '1522188521' [ RunTime:0.002202s ]
---------------------------------------------------------------
[ 2018-03-28T06:08:44+08:00 ] 127.0.0.1 GET /captcha.html?0.43666249496729703
[ info ] www.myshop.com/captcha.html?0.43666249496729703 [运行时间：0.034833s][吞吐率：28.71req/s] [内存消耗：3,718.16kb] [文件加载：52]
[ info ] [ LANG ] K:\AMP\day\myshop\thinkphp\lang\zh-cn.php
[ info ] [ ROUTE ] array (
  'type' => 'module',
  'module' => 
  array (
    0 => 'admin',
    1 => 'login',
    2 => 'captcha',
  ),
  'convert' => false,
)
[ info ] [ HEADER ] array (
  'host' => 'www.myshop.com',
  'connection' => 'keep-alive',
  'user-agent' => 'Mozilla/5.0 (Windows NT 10.0; Win64; x64) AppleWebKit/537.36 (KHTML, like Gecko) Chrome/65.0.3325.181 Safari/537.36',
  'accept' => 'image/webp,image/apng,image/*,*/*;q=0.8',
  'referer' => 'http://www.myshop.com/captcha.html?0.43666249496729703',
  'accept-encoding' => 'gzip, deflate',
  'accept-language' => 'zh-CN,zh;q=0.9',
  'cookie' => 'sidebar-fixed=false; breadcrumbs-fixed=false; page-header-fixed=false; navbar-fixed-top=false; username=cU5HbXFKYVhsTWRveVpaTXFDV2dlYXdIQUZtSkFjbm1KUnBuTUpxazhpWm1NV1hsc2VXYnB4b2w1cHBrNWxvbTVkZ3pHcWNrMnM; password=bnRkbFpaU1lhSmFTbXBXTXFDV2dlYXdIQUZtSkFjYmxHcVRtNUdha3A2Wmw1ZklsWmVXbTVhWG1zVnNtV3lYbVpaaHlHV2ZsV2VaYkdhWWxR; thinkphp_show_page_trace=0|0; PHPSESSID=84do2ldavt4dm7cvhmfoglmch4',
)
[ info ] [ PARAM ] array (
  '0_43666249496729703' => '',
)
[ info ] [ RUN ] app\admin\controller\Login->captcha[ K:\AMP\day\myshop\application\admin\controller\Login.php ]
[ info ] [ SESSION ] INIT array (
  'type' => 'Mysql',
  'auto_start' => true,
  'session_expire' => 3600,
  'session_prefix' => 'php_',
  'table_name' => 'session',
  'database' => 
  array (
    'hostname' => '127.0.0.1',
    'database' => 'mybike',
    'username' => 'root',
    'password' => '123',
    'hostport' => '3306',
    'prefix' => 'php_',
    'charset' => 'utf8',
  ),
)
[ info ] [ DB ] INIT mysql
[ info ] [ LOG ] INIT File
[ sql ] [ DB ] CONNECT:[ UseTime:0.000733s ] mysql:host=127.0.0.1;port=3306;dbname=mybike;charset=utf8
[ sql ] [ SQL ] SELECT session_data FROM php_session WHERE session_id = 'php_84do2ldavt4dm7cvhmfoglmch4' AND session_expire > '1522188524' [ RunTime:0.002057s ]
---------------------------------------------------------------
[ 2018-03-28T06:08:47+08:00 ] 127.0.0.1 POST /xm11211.html
[ info ] www.myshop.com/xm11211.html [运行时间：0.044322s][吞吐率：22.56req/s] [内存消耗：5,482.97kb] [文件加载：60]
[ info ] [ LANG ] K:\AMP\day\myshop\thinkphp\lang\zh-cn.php
[ info ] [ ROUTE ] array (
  'type' => 'module',
  'module' => 
  array (
    0 => 'admin',
    1 => 'login',
    2 => 'index',
  ),
  'convert' => false,
)
[ info ] [ HEADER ] array (
  'host' => 'www.myshop.com',
  'connection' => 'keep-alive',
  'content-length' => '466',
  'accept' => '*/*',
  'origin' => 'http://www.myshop.com',
  'x-requested-with' => 'XMLHttpRequest',
  'user-agent' => 'Mozilla/5.0 (Windows NT 10.0; Win64; x64) AppleWebKit/537.36 (KHTML, like Gecko) Chrome/65.0.3325.181 Safari/537.36',
  'content-type' => 'multipart/form-data; boundary=----WebKitFormBoundaryVrX1wFHg2R8F6WDR',
  'referer' => 'http://www.myshop.com/xm112110608',
  'accept-encoding' => 'gzip, deflate',
  'accept-language' => 'zh-CN,zh;q=0.9',
  'cookie' => 'sidebar-fixed=false; breadcrumbs-fixed=false; page-header-fixed=false; navbar-fixed-top=false; username=cU5HbXFKYVhsTWRveVpaTXFDV2dlYXdIQUZtSkFjbm1KUnBuTUpxazhpWm1NV1hsc2VXYnB4b2w1cHBrNWxvbTVkZ3pHcWNrMnM; password=bnRkbFpaU1lhSmFTbXBXTXFDV2dlYXdIQUZtSkFjYmxHcVRtNUdha3A2Wmw1ZklsWmVXbTVhWG1zVnNtV3lYbVpaaHlHV2ZsV2VaYkdhWWxR; thinkphp_show_page_trace=0|0; PHPSESSID=84do2ldavt4dm7cvhmfoglmch4',
)
[ info ] [ PARAM ] array (
  'validate' => 'QCIiUPZCwKOaqlx5abac0e9cf94e',
  'adminName' => 'root',
  'password' => 'hu.12580a',
  'code' => 'ibxy',
)
[ info ] [ RUN ] app\admin\controller\Login->index[ K:\AMP\day\myshop\application\admin\controller\Login.php ]
[ info ] [ SESSION ] INIT array (
  'type' => 'Mysql',
  'auto_start' => true,
  'session_expire' => 3600,
  'session_prefix' => 'php_',
  'table_name' => 'session',
  'database' => 
  array (
    'hostname' => '127.0.0.1',
    'database' => 'mybike',
    'username' => 'root',
    'password' => '123',
    'hostport' => '3306',
    'prefix' => 'php_',
    'charset' => 'utf8',
  ),
)
[ info ] [ DB ] INIT mysql
[ info ] [ DB ] INIT mysql
[ info ] [ LOG ] INIT File
[ sql ] [ DB ] CONNECT:[ UseTime:0.000700s ] mysql:host=127.0.0.1;port=3306;dbname=mybike;charset=utf8
[ sql ] [ SQL ] SELECT session_data FROM php_session WHERE session_id = 'php_84do2ldavt4dm7cvhmfoglmch4' AND session_expire > '1522188527' [ RunTime:0.002010s ]
[ sql ] [ DB ] CONNECT:[ UseTime:0.000605s ] mysql:host=127.0.0.1;port=3306;dbname=myshop;charset=utf8
[ sql ] [ SQL ] SHOW COLUMNS FROM `php_admin` [ RunTime:0.003862s ]
[ sql ] [ SQL ] SELECT * FROM `php_admin` WHERE  `adminName` = 'root' LIMIT 1 [ RunTime:0.000433s ]
[ sql ] [ SQL ] select version() as ver [ RunTime:0.000190s ]
---------------------------------------------------------------
[ 2018-03-28T06:08:49+08:00 ] 127.0.0.1 GET /admin/index/index.html
[ info ] www.myshop.com/admin/index/index.html [运行时间：1.563543s][吞吐率：0.64req/s] [内存消耗：3,949.05kb] [文件加载：57]
[ info ] [ LANG ] K:\AMP\day\myshop\thinkphp\lang\zh-cn.php
[ info ] [ ROUTE ] array (
  'type' => 'module',
  'module' => 
  array (
    0 => 'admin',
    1 => 'index',
    2 => 'index',
  ),
)
[ info ] [ HEADER ] array (
  'host' => 'www.myshop.com',
  'connection' => 'keep-alive',
  'upgrade-insecure-requests' => '1',
  'user-agent' => 'Mozilla/5.0 (Windows NT 10.0; Win64; x64) AppleWebKit/537.36 (KHTML, like Gecko) Chrome/65.0.3325.181 Safari/537.36',
  'accept' => 'text/html,application/xhtml+xml,application/xml;q=0.9,image/webp,image/apng,*/*;q=0.8',
  'referer' => 'http://www.myshop.com/xm112110608',
  'accept-encoding' => 'gzip, deflate',
  'accept-language' => 'zh-CN,zh;q=0.9',
  'cookie' => 'sidebar-fixed=false; breadcrumbs-fixed=false; page-header-fixed=false; navbar-fixed-top=false; username=cU5HbXFKYVhsTWRveVpaTXFDV2dlYXdIQUZtSkFjbm1KUnBuTUpxazhpWm1NV1hsc2VXYnB4b2w1cHBrNWxvbTVkZ3pHcWNrMnM; password=bnRkbFpaU1lhSmFTbXBXTXFDV2dlYXdIQUZtSkFjYmxHcVRtNUdha3A2Wmw1ZklsWmVXbTVhWG1zVnNtV3lYbVpaaHlHV2ZsV2VaYkdhWWxR; thinkphp_show_page_trace=0|0; PHPSESSID=84do2ldavt4dm7cvhmfoglmch4',
)
[ info ] [ PARAM ] array (
)
[ info ] [ SESSION ] INIT array (
  'type' => 'Mysql',
  'auto_start' => true,
  'session_expire' => 3600,
  'session_prefix' => 'php_',
  'table_name' => 'session',
  'database' => 
  array (
    'hostname' => '127.0.0.1',
    'database' => 'mybike',
    'username' => 'root',
    'password' => '123',
    'hostport' => '3306',
    'prefix' => 'php_',
    'charset' => 'utf8',
  ),
)
[ info ] [ DB ] INIT mysql
[ info ] [ RUN ] app\admin\controller\Index->index[ K:\AMP\day\myshop\application\admin\controller\Index.php ]
[ info ] [ VIEW ] K:\AMP\day\myshop\public/../application/admin\view\index\index.html [ array (
  0 => 'serverTime',
  1 => 'date',
  2 => 'rtWeather',
  3 => 'weaSk',
  4 => 'weaFu',
  5 => 'weaTo',
  6 => 'plName',
  7 => 'slName',
  8 => 'plUrl',
) ]
[ info ] [ LOG ] INIT File
[ sql ] [ DB ] CONNECT:[ UseTime:0.000657s ] mysql:host=127.0.0.1;port=3306;dbname=mybike;charset=utf8
[ sql ] [ SQL ] SELECT session_data FROM php_session WHERE session_id = 'php_84do2ldavt4dm7cvhmfoglmch4' AND session_expire > '1522188527' [ RunTime:0.002210s ]
---------------------------------------------------------------
[ 2018-03-28T10:11:57+08:00 ] 127.0.0.1 GET /xm112111011
[ info ] www.myshop.com/xm112111011 [运行时间：0.081927s][吞吐率：12.21req/s] [内存消耗：3,878.94kb] [文件加载：56]
[ info ] [ LANG ] K:\AMP\day\myshop\thinkphp\lang\zh-cn.php
[ info ] [ ROUTE ] array (
  'type' => 'module',
  'module' => 
  array (
    0 => 'admin',
    1 => 'login',
    2 => 'index',
  ),
  'convert' => false,
)
[ info ] [ HEADER ] array (
  'host' => 'www.myshop.com',
  'connection' => 'keep-alive',
  'upgrade-insecure-requests' => '1',
  'user-agent' => 'Mozilla/5.0 (Windows NT 10.0; Win64; x64) AppleWebKit/537.36 (KHTML, like Gecko) Chrome/65.0.3325.181 Safari/537.36',
  'accept' => 'text/html,application/xhtml+xml,application/xml;q=0.9,image/webp,image/apng,*/*;q=0.8',
  'accept-encoding' => 'gzip, deflate',
  'accept-language' => 'zh-CN,zh;q=0.9',
  'cookie' => 'sidebar-fixed=false; breadcrumbs-fixed=false; page-header-fixed=false; navbar-fixed-top=false; thinkphp_show_page_trace=0|0; PHPSESSID=84do2ldavt4dm7cvhmfoglmch4; myflag2=1',
)
[ info ] [ PARAM ] array (
  'check' => '1011',
)
[ info ] [ RUN ] app\admin\controller\Login->index[ K:\AMP\day\myshop\application\admin\controller\Login.php ]
[ info ] [ SESSION ] INIT array (
  'type' => 'Mysql',
  'auto_start' => true,
  'session_expire' => 3600,
  'session_prefix' => 'php_',
  'table_name' => 'session',
  'database' => 
  array (
    'hostname' => '127.0.0.1',
    'database' => 'mybike',
    'username' => 'root',
    'password' => '123',
    'hostport' => '3306',
    'prefix' => 'php_',
    'charset' => 'utf8',
  ),
)
[ info ] [ DB ] INIT mysql
[ info ] [ VIEW ] K:\AMP\day\myshop\public/../application/admin\view\login\index.html [ array (
  0 => 'validate',
) ]
[ info ] [ LOG ] INIT File
[ sql ] [ DB ] CONNECT:[ UseTime:0.000724s ] mysql:host=127.0.0.1;port=3306;dbname=mybike;charset=utf8
[ sql ] [ SQL ] SELECT session_data FROM php_session WHERE session_id = 'php_84do2ldavt4dm7cvhmfoglmch4' AND session_expire > '1522203117' [ RunTime:0.000348s ]
---------------------------------------------------------------
[ 2018-03-28T10:11:58+08:00 ] 127.0.0.1 GET /captcha.html
[ info ] www.myshop.com/captcha.html [运行时间：0.074591s][吞吐率：13.41req/s] [内存消耗：3,715.93kb] [文件加载：52]
[ info ] [ LANG ] K:\AMP\day\myshop\thinkphp\lang\zh-cn.php
[ info ] [ ROUTE ] array (
  'type' => 'module',
  'module' => 
  array (
    0 => 'admin',
    1 => 'login',
    2 => 'captcha',
  ),
  'convert' => false,
)
[ info ] [ HEADER ] array (
  'host' => 'www.myshop.com',
  'connection' => 'keep-alive',
  'user-agent' => 'Mozilla/5.0 (Windows NT 10.0; Win64; x64) AppleWebKit/537.36 (KHTML, like Gecko) Chrome/65.0.3325.181 Safari/537.36',
  'accept' => 'image/webp,image/apng,image/*,*/*;q=0.8',
  'referer' => 'http://www.myshop.com/captcha.html',
  'accept-encoding' => 'gzip, deflate',
  'accept-language' => 'zh-CN,zh;q=0.9',
  'cookie' => 'sidebar-fixed=false; breadcrumbs-fixed=false; page-header-fixed=false; navbar-fixed-top=false; thinkphp_show_page_trace=0|0; PHPSESSID=84do2ldavt4dm7cvhmfoglmch4; myflag2=1',
)
[ info ] [ PARAM ] array (
)
[ info ] [ RUN ] app\admin\controller\Login->captcha[ K:\AMP\day\myshop\application\admin\controller\Login.php ]
[ info ] [ SESSION ] INIT array (
  'type' => 'Mysql',
  'auto_start' => true,
  'session_expire' => 3600,
  'session_prefix' => 'php_',
  'table_name' => 'session',
  'database' => 
  array (
    'hostname' => '127.0.0.1',
    'database' => 'mybike',
    'username' => 'root',
    'password' => '123',
    'hostport' => '3306',
    'prefix' => 'php_',
    'charset' => 'utf8',
  ),
)
[ info ] [ DB ] INIT mysql
[ info ] [ LOG ] INIT File
[ sql ] [ DB ] CONNECT:[ UseTime:0.000886s ] mysql:host=127.0.0.1;port=3306;dbname=mybike;charset=utf8
[ sql ] [ SQL ] SELECT session_data FROM php_session WHERE session_id = 'php_84do2ldavt4dm7cvhmfoglmch4' AND session_expire > '1522203118' [ RunTime:0.000566s ]
---------------------------------------------------------------
[ 2018-03-28T10:12:05+08:00 ] 127.0.0.1 POST /xm11211.html
[ info ] www.myshop.com/xm11211.html [运行时间：0.050345s][吞吐率：19.86req/s] [内存消耗：5,481.48kb] [文件加载：60]
[ info ] [ LANG ] K:\AMP\day\myshop\thinkphp\lang\zh-cn.php
[ info ] [ ROUTE ] array (
  'type' => 'module',
  'module' => 
  array (
    0 => 'admin',
    1 => 'login',
    2 => 'index',
  ),
  'convert' => false,
)
[ info ] [ HEADER ] array (
  'host' => 'www.myshop.com',
  'connection' => 'keep-alive',
  'content-length' => '466',
  'accept' => '*/*',
  'origin' => 'http://www.myshop.com',
  'x-requested-with' => 'XMLHttpRequest',
  'user-agent' => 'Mozilla/5.0 (Windows NT 10.0; Win64; x64) AppleWebKit/537.36 (KHTML, like Gecko) Chrome/65.0.3325.181 Safari/537.36',
  'content-type' => 'multipart/form-data; boundary=----WebKitFormBoundaryuAFVQHrJheBD13Ny',
  'referer' => 'http://www.myshop.com/xm112111011',
  'accept-encoding' => 'gzip, deflate',
  'accept-language' => 'zh-CN,zh;q=0.9',
  'cookie' => 'sidebar-fixed=false; breadcrumbs-fixed=false; page-header-fixed=false; navbar-fixed-top=false; thinkphp_show_page_trace=0|0; PHPSESSID=84do2ldavt4dm7cvhmfoglmch4; myflag2=1',
)
[ info ] [ PARAM ] array (
  'validate' => 'oZRBwDxglyIwrIZ5abaf9ede0285',
  'adminName' => 'root',
  'password' => 'hu.12580a',
  'code' => 'yprj',
)
[ info ] [ RUN ] app\admin\controller\Login->index[ K:\AMP\day\myshop\application\admin\controller\Login.php ]
[ info ] [ SESSION ] INIT array (
  'type' => 'Mysql',
  'auto_start' => true,
  'session_expire' => 3600,
  'session_prefix' => 'php_',
  'table_name' => 'session',
  'database' => 
  array (
    'hostname' => '127.0.0.1',
    'database' => 'mybike',
    'username' => 'root',
    'password' => '123',
    'hostport' => '3306',
    'prefix' => 'php_',
    'charset' => 'utf8',
  ),
)
[ info ] [ DB ] INIT mysql
[ info ] [ DB ] INIT mysql
[ info ] [ LOG ] INIT File
[ sql ] [ DB ] CONNECT:[ UseTime:0.000685s ] mysql:host=127.0.0.1;port=3306;dbname=mybike;charset=utf8
[ sql ] [ SQL ] SELECT session_data FROM php_session WHERE session_id = 'php_84do2ldavt4dm7cvhmfoglmch4' AND session_expire > '1522203125' [ RunTime:0.000330s ]
[ sql ] [ DB ] CONNECT:[ UseTime:0.000636s ] mysql:host=127.0.0.1;port=3306;dbname=myshop;charset=utf8
[ sql ] [ SQL ] SHOW COLUMNS FROM `php_admin` [ RunTime:0.002345s ]
[ sql ] [ SQL ] SELECT * FROM `php_admin` WHERE  `adminName` = 'root' LIMIT 1 [ RunTime:0.001423s ]
[ sql ] [ SQL ] select version() as ver [ RunTime:0.000149s ]
---------------------------------------------------------------
[ 2018-03-28T10:12:05+08:00 ] 127.0.0.1 GET /admin/index/index.html
[ info ] www.myshop.com/admin/index/index.html [运行时间：0.305803s][吞吐率：3.27req/s] [内存消耗：3,947.08kb] [文件加载：57]
[ info ] [ LANG ] K:\AMP\day\myshop\thinkphp\lang\zh-cn.php
[ info ] [ ROUTE ] array (
  'type' => 'module',
  'module' => 
  array (
    0 => 'admin',
    1 => 'index',
    2 => 'index',
  ),
)
[ info ] [ HEADER ] array (
  'host' => 'www.myshop.com',
  'connection' => 'keep-alive',
  'upgrade-insecure-requests' => '1',
  'user-agent' => 'Mozilla/5.0 (Windows NT 10.0; Win64; x64) AppleWebKit/537.36 (KHTML, like Gecko) Chrome/65.0.3325.181 Safari/537.36',
  'accept' => 'text/html,application/xhtml+xml,application/xml;q=0.9,image/webp,image/apng,*/*;q=0.8',
  'referer' => 'http://www.myshop.com/xm112111011',
  'accept-encoding' => 'gzip, deflate',
  'accept-language' => 'zh-CN,zh;q=0.9',
  'cookie' => 'thinkphp_show_page_trace=0|0; sidebar-fixed=false; breadcrumbs-fixed=false; page-header-fixed=false; navbar-fixed-top=false; thinkphp_show_page_trace=0|0; PHPSESSID=84do2ldavt4dm7cvhmfoglmch4; myflag2=1',
)
[ info ] [ PARAM ] array (
)
[ info ] [ SESSION ] INIT array (
  'type' => 'Mysql',
  'auto_start' => true,
  'session_expire' => 3600,
  'session_prefix' => 'php_',
  'table_name' => 'session',
  'database' => 
  array (
    'hostname' => '127.0.0.1',
    'database' => 'mybike',
    'username' => 'root',
    'password' => '123',
    'hostport' => '3306',
    'prefix' => 'php_',
    'charset' => 'utf8',
  ),
)
[ info ] [ DB ] INIT mysql
[ info ] [ RUN ] app\admin\controller\Index->index[ K:\AMP\day\myshop\application\admin\controller\Index.php ]
[ info ] [ VIEW ] K:\AMP\day\myshop\public/../application/admin\view\index\index.html [ array (
  0 => 'serverTime',
  1 => 'date',
  2 => 'rtWeather',
  3 => 'weaSk',
  4 => 'weaFu',
  5 => 'weaTo',
  6 => 'plName',
  7 => 'slName',
  8 => 'plUrl',
) ]
[ info ] [ LOG ] INIT File
[ sql ] [ DB ] CONNECT:[ UseTime:0.000759s ] mysql:host=127.0.0.1;port=3306;dbname=mybike;charset=utf8
[ sql ] [ SQL ] SELECT session_data FROM php_session WHERE session_id = 'php_84do2ldavt4dm7cvhmfoglmch4' AND session_expire > '1522203125' [ RunTime:0.000323s ]
---------------------------------------------------------------
[ 2018-03-28T10:12:07+08:00 ] 127.0.0.1 GET /admin/category_words/lst.html
[ info ] www.myshop.com/admin/category_words/lst.html [运行时间：0.070108s][吞吐率：14.26req/s] [内存消耗：5,441.03kb] [文件加载：65]
[ info ] [ LANG ] K:\AMP\day\myshop\thinkphp\lang\zh-cn.php
[ info ] [ ROUTE ] array (
  'type' => 'module',
  'module' => 
  array (
    0 => 'admin',
    1 => 'category_words',
    2 => 'lst',
  ),
)
[ info ] [ HEADER ] array (
  'host' => 'www.myshop.com',
  'connection' => 'keep-alive',
  'upgrade-insecure-requests' => '1',
  'user-agent' => 'Mozilla/5.0 (Windows NT 10.0; Win64; x64) AppleWebKit/537.36 (KHTML, like Gecko) Chrome/65.0.3325.181 Safari/537.36',
  'accept' => 'text/html,application/xhtml+xml,application/xml;q=0.9,image/webp,image/apng,*/*;q=0.8',
  'referer' => 'http://www.myshop.com/admin/index/index.html',
  'accept-encoding' => 'gzip, deflate',
  'accept-language' => 'zh-CN,zh;q=0.9',
  'cookie' => 'sidebar-fixed=false; breadcrumbs-fixed=false; page-header-fixed=false; navbar-fixed-top=false; thinkphp_show_page_trace=0|0; PHPSESSID=84do2ldavt4dm7cvhmfoglmch4; myflag2=1; myflag1=1',
)
[ info ] [ PARAM ] array (
)
[ info ] [ SESSION ] INIT array (
  'type' => 'Mysql',
  'auto_start' => true,
  'session_expire' => 3600,
  'session_prefix' => 'php_',
  'table_name' => 'session',
  'database' => 
  array (
    'hostname' => '127.0.0.1',
    'database' => 'mybike',
    'username' => 'root',
    'password' => '123',
    'hostport' => '3306',
    'prefix' => 'php_',
    'charset' => 'utf8',
  ),
)
[ info ] [ DB ] INIT mysql
[ info ] [ RUN ] app\admin\controller\CategoryWords->lst[ K:\AMP\day\myshop\application\admin\controller\CategoryWords.php ]
[ info ] [ DB ] INIT mysql
[ info ] [ VIEW ] K:\AMP\day\myshop\public/../application/admin\view\category_words\lst.html [ array (
  0 => 'serverTime',
  1 => 'list',
  2 => 'plName',
  3 => 'plUrl',
  4 => 'slName',
) ]
[ info ] [ LOG ] INIT File
[ sql ] [ DB ] CONNECT:[ UseTime:0.000940s ] mysql:host=127.0.0.1;port=3306;dbname=mybike;charset=utf8
[ sql ] [ SQL ] SELECT session_data FROM php_session WHERE session_id = 'php_84do2ldavt4dm7cvhmfoglmch4' AND session_expire > '1522203127' [ RunTime:0.000330s ]
[ sql ] [ DB ] CONNECT:[ UseTime:0.000568s ] mysql:host=127.0.0.1;port=3306;dbname=myshop;charset=utf8
[ sql ] [ SQL ] SHOW COLUMNS FROM `php_category_words` [ RunTime:0.000655s ]
[ sql ] [ SQL ] SELECT COUNT(*) AS tp_count FROM `php_category_words` `a` LEFT JOIN `php_category` `b` ON `a`.`cateId`=`b`.`id` LIMIT 1 [ RunTime:0.000357s ]
[ sql ] [ SQL ] SELECT `a`.*,`b`.`cateName` FROM `php_category_words` `a` LEFT JOIN `php_category` `b` ON `a`.`cateId`=`b`.`id` LIMIT 0,10 [ RunTime:0.000226s ]
---------------------------------------------------------------
[ 2018-03-28T10:12:13+08:00 ] 127.0.0.1 GET /admin/category_words/lst.html
[ info ] www.myshop.com/admin/category_words/lst.html [运行时间：0.055140s][吞吐率：18.14req/s] [内存消耗：5,138.05kb] [文件加载：63]
[ info ] [ LANG ] K:\AMP\day\myshop\thinkphp\lang\zh-cn.php
[ info ] [ ROUTE ] array (
  'type' => 'module',
  'module' => 
  array (
    0 => 'admin',
    1 => 'category_words',
    2 => 'lst',
  ),
)
[ info ] [ HEADER ] array (
  'host' => 'www.myshop.com',
  'connection' => 'keep-alive',
  'upgrade-insecure-requests' => '1',
  'user-agent' => 'Mozilla/5.0 (Windows NT 10.0; Win64; x64) AppleWebKit/537.36 (KHTML, like Gecko) Chrome/65.0.3325.181 Safari/537.36',
  'accept' => 'text/html,application/xhtml+xml,application/xml;q=0.9,image/webp,image/apng,*/*;q=0.8',
  'referer' => 'http://www.myshop.com/admin/category_words/lst.html',
  'accept-encoding' => 'gzip, deflate',
  'accept-language' => 'zh-CN,zh;q=0.9',
  'cookie' => 'thinkphp_show_page_trace=0|0; sidebar-fixed=false; breadcrumbs-fixed=false; page-header-fixed=false; navbar-fixed-top=false; thinkphp_show_page_trace=0|0; PHPSESSID=84do2ldavt4dm7cvhmfoglmch4; myflag2=1; myflag1=1',
)
[ info ] [ PARAM ] array (
)
[ info ] [ SESSION ] INIT array (
  'type' => 'Mysql',
  'auto_start' => true,
  'session_expire' => 3600,
  'session_prefix' => 'php_',
  'table_name' => 'session',
  'database' => 
  array (
    'hostname' => '127.0.0.1',
    'database' => 'mybike',
    'username' => 'root',
    'password' => '123',
    'hostport' => '3306',
    'prefix' => 'php_',
    'charset' => 'utf8',
  ),
)
[ info ] [ DB ] INIT mysql
[ info ] [ RUN ] app\admin\controller\CategoryWords->lst[ K:\AMP\day\myshop\application\admin\controller\CategoryWords.php ]
[ info ] [ DB ] INIT mysql
[ info ] [ VIEW ] K:\AMP\day\myshop\public/../application/admin\view\category_words\lst.html [ array (
  0 => 'serverTime',
  1 => 'list',
  2 => 'plName',
  3 => 'plUrl',
  4 => 'slName',
) ]
[ info ] [ LOG ] INIT File
[ sql ] [ DB ] CONNECT:[ UseTime:0.000739s ] mysql:host=127.0.0.1;port=3306;dbname=mybike;charset=utf8
[ sql ] [ SQL ] SELECT session_data FROM php_session WHERE session_id = 'php_84do2ldavt4dm7cvhmfoglmch4' AND session_expire > '1522203133' [ RunTime:0.000306s ]
[ sql ] [ DB ] CONNECT:[ UseTime:0.000549s ] mysql:host=127.0.0.1;port=3306;dbname=myshop;charset=utf8
[ sql ] [ SQL ] SHOW COLUMNS FROM `php_category_words` [ RunTime:0.000531s ]
[ sql ] [ SQL ] SELECT COUNT(*) AS tp_count FROM `php_category_words` `a` LEFT JOIN `php_category` `b` ON `a`.`cateId`=`b`.`id` LIMIT 1 [ RunTime:0.000256s ]
[ sql ] [ SQL ] SELECT `a`.*,`b`.`cateName` FROM `php_category_words` `a` LEFT JOIN `php_category` `b` ON `a`.`cateId`=`b`.`id` LIMIT 0,10 [ RunTime:0.000247s ]
---------------------------------------------------------------
[ 2018-03-28T10:12:20+08:00 ] 127.0.0.1 GET /admin/frlink/lst.html
[ info ] www.myshop.com/admin/frlink/lst.html [运行时间：0.068995s][吞吐率：14.49req/s] [内存消耗：6,059.62kb] [文件加载：66]
[ info ] [ LANG ] K:\AMP\day\myshop\thinkphp\lang\zh-cn.php
[ info ] [ ROUTE ] array (
  'type' => 'module',
  'module' => 
  array (
    0 => 'admin',
    1 => 'frlink',
    2 => 'lst',
  ),
)
[ info ] [ HEADER ] array (
  'host' => 'www.myshop.com',
  'connection' => 'keep-alive',
  'upgrade-insecure-requests' => '1',
  'user-agent' => 'Mozilla/5.0 (Windows NT 10.0; Win64; x64) AppleWebKit/537.36 (KHTML, like Gecko) Chrome/65.0.3325.181 Safari/537.36',
  'accept' => 'text/html,application/xhtml+xml,application/xml;q=0.9,image/webp,image/apng,*/*;q=0.8',
  'referer' => 'http://www.myshop.com/admin/category_words/lst.html',
  'accept-encoding' => 'gzip, deflate',
  'accept-language' => 'zh-CN,zh;q=0.9',
  'cookie' => 'sidebar-fixed=false; breadcrumbs-fixed=false; page-header-fixed=false; navbar-fixed-top=false; thinkphp_show_page_trace=0|0; PHPSESSID=84do2ldavt4dm7cvhmfoglmch4; myflag2=1; myflag1=1',
)
[ info ] [ PARAM ] array (
)
[ info ] [ SESSION ] INIT array (
  'type' => 'Mysql',
  'auto_start' => true,
  'session_expire' => 3600,
  'session_prefix' => 'php_',
  'table_name' => 'session',
  'database' => 
  array (
    'hostname' => '127.0.0.1',
    'database' => 'mybike',
    'username' => 'root',
    'password' => '123',
    'hostport' => '3306',
    'prefix' => 'php_',
    'charset' => 'utf8',
  ),
)
[ info ] [ DB ] INIT mysql
[ info ] [ RUN ] app\admin\controller\Frlink->lst[ K:\AMP\day\myshop\application\admin\controller\Frlink.php ]
[ info ] [ DB ] INIT mysql
[ info ] [ VIEW ] K:\AMP\day\myshop\public/../application/admin\view\frlink\lst.html [ array (
  0 => 'serverTime',
  1 => 'list',
  2 => 'plName',
  3 => 'plUrl',
  4 => 'slName',
) ]
[ info ] [ LOG ] INIT File
[ sql ] [ DB ] CONNECT:[ UseTime:0.000689s ] mysql:host=127.0.0.1;port=3306;dbname=mybike;charset=utf8
[ sql ] [ SQL ] SELECT session_data FROM php_session WHERE session_id = 'php_84do2ldavt4dm7cvhmfoglmch4' AND session_expire > '1522203140' [ RunTime:0.000311s ]
[ sql ] [ DB ] CONNECT:[ UseTime:0.000637s ] mysql:host=127.0.0.1;port=3306;dbname=myshop;charset=utf8
[ sql ] [ SQL ] SHOW COLUMNS FROM `php_frlink` [ RunTime:0.000770s ]
[ sql ] [ SQL ] SELECT COUNT(*) AS tp_count FROM `php_frlink` LIMIT 1 [ RunTime:0.000185s ]
[ sql ] [ SQL ] SELECT * FROM `php_frlink` ORDER BY sort asc LIMIT 0,10 [ RunTime:0.000286s ]
---------------------------------------------------------------
[ 2018-03-28T10:58:56+08:00 ] 127.0.0.1 GET /admin/goods/lst.html
[ info ] www.myshop.com/admin/goods/lst.html [运行时间：0.105106s][吞吐率：9.51req/s] [内存消耗：6,245.25kb] [文件加载：64]
[ info ] [ LANG ] K:\AMP\day\myshop\thinkphp\lang\zh-cn.php
[ info ] [ ROUTE ] array (
  'type' => 'module',
  'module' => 
  array (
    0 => 'admin',
    1 => 'goods',
    2 => 'lst',
  ),
)
[ info ] [ HEADER ] array (
  'host' => 'www.myshop.com',
  'connection' => 'keep-alive',
  'upgrade-insecure-requests' => '1',
  'user-agent' => 'Mozilla/5.0 (Windows NT 10.0; Win64; x64) AppleWebKit/537.36 (KHTML, like Gecko) Chrome/65.0.3325.181 Safari/537.36',
  'accept' => 'text/html,application/xhtml+xml,application/xml;q=0.9,image/webp,image/apng,*/*;q=0.8',
  'referer' => 'http://www.myshop.com/admin/frlink/lst.html',
  'accept-encoding' => 'gzip, deflate',
  'accept-language' => 'zh-CN,zh;q=0.9',
  'cookie' => 'sidebar-fixed=false; breadcrumbs-fixed=false; page-header-fixed=false; navbar-fixed-top=false; thinkphp_show_page_trace=0|0; PHPSESSID=84do2ldavt4dm7cvhmfoglmch4; myflag2=1; myflag1=1',
)
[ info ] [ PARAM ] array (
)
[ info ] [ SESSION ] INIT array (
  'type' => 'Mysql',
  'auto_start' => true,
  'session_expire' => 3600,
  'session_prefix' => 'php_',
  'table_name' => 'session',
  'database' => 
  array (
    'hostname' => '127.0.0.1',
    'database' => 'mybike',
    'username' => 'root',
    'password' => '123',
    'hostport' => '3306',
    'prefix' => 'php_',
    'charset' => 'utf8',
  ),
)
[ info ] [ DB ] INIT mysql
[ info ] [ RUN ] app\admin\controller\Goods->lst[ K:\AMP\day\myshop\application\admin\controller\Goods.php ]
[ info ] [ DB ] INIT mysql
[ info ] [ VIEW ] K:\AMP\day\myshop\public/../application/admin\view\goods\lst.html [ array (
  0 => 'serverTime',
  1 => 'bdData',
  2 => 'catData',
  3 => 'list',
  4 => 'plName',
  5 => 'plUrl',
  6 => 'slName',
) ]
[ info ] [ LOG ] INIT File
[ sql ] [ DB ] CONNECT:[ UseTime:0.010287s ] mysql:host=127.0.0.1;port=3306;dbname=mybike;charset=utf8
[ sql ] [ SQL ] SELECT session_data FROM php_session WHERE session_id = 'php_84do2ldavt4dm7cvhmfoglmch4' AND session_expire > '1522205936' [ RunTime:0.000351s ]
[ sql ] [ DB ] CONNECT:[ UseTime:0.000590s ] mysql:host=127.0.0.1;port=3306;dbname=myshop;charset=utf8
[ sql ] [ SQL ] SHOW COLUMNS FROM `php_goods` [ RunTime:0.002286s ]
[ sql ] [ SQL ] SELECT COUNT(*) AS tp_count FROM ( SELECT count(*) FROM `php_goods` `a` LEFT JOIN `php_brand` `b` ON `a`.`brandId`=`b`.`id` LEFT JOIN `php_category` `c` ON `a`.`cateId`=`c`.`id` LEFT JOIN `php_goods_cat` `d` ON `a`.`id`=`d`.`goodsId` LEFT JOIN `php_category` `e` ON `d`.`catId`=`e`.`id` LEFT JOIN `php_type` `f` ON `a`.`typeId`=`f`.`id` LEFT JOIN `php_goods_num` `g` ON `a`.`id`=`g`.`goodsId` GROUP BY `a`.`id` ) `_group_count_` LIMIT 1 [ RunTime:0.007669s ]
[ sql ] [ SQL ] SELECT `a`.*,`b`.`brandName`,`c`.`cateName`,`f`.`typeName`,GROUP_CONCAT(DISTINCT e.cateName SEPARATOR "<br>") extCates,FLOOR(SUM(g.num)/COUNT(e.cateName)) goodsNum FROM `php_goods` `a` LEFT JOIN `php_brand` `b` ON `a`.`brandId`=`b`.`id` LEFT JOIN `php_category` `c` ON `a`.`cateId`=`c`.`id` LEFT JOIN `php_goods_cat` `d` ON `a`.`id`=`d`.`goodsId` LEFT JOIN `php_category` `e` ON `d`.`catId`=`e`.`id` LEFT JOIN `php_type` `f` ON `a`.`typeId`=`f`.`id` LEFT JOIN `php_goods_num` `g` ON `a`.`id`=`g`.`goodsId` GROUP BY `a`.`id` ORDER BY a.id desc LIMIT 0,10 [ RunTime:0.001877s ]
[ sql ] [ SQL ] SHOW COLUMNS FROM `php_brand` [ RunTime:0.000544s ]
[ sql ] [ SQL ] SELECT `id`,`brandName` FROM `php_brand` [ RunTime:0.000201s ]
[ sql ] [ SQL ] SHOW COLUMNS FROM `php_category` [ RunTime:0.000437s ]
[ sql ] [ SQL ] SELECT * FROM `php_category` ORDER BY sort asc [ RunTime:0.000325s ]
---------------------------------------------------------------
[ 2018-03-28T10:58:59+08:00 ] 127.0.0.1 GET /admin/category_words/lst.html
[ info ] www.myshop.com/admin/category_words/lst.html [运行时间：0.060861s][吞吐率：16.43req/s] [内存消耗：5,137.94kb] [文件加载：63]
[ info ] [ LANG ] K:\AMP\day\myshop\thinkphp\lang\zh-cn.php
[ info ] [ ROUTE ] array (
  'type' => 'module',
  'module' => 
  array (
    0 => 'admin',
    1 => 'category_words',
    2 => 'lst',
  ),
)
[ info ] [ HEADER ] array (
  'host' => 'www.myshop.com',
  'connection' => 'keep-alive',
  'upgrade-insecure-requests' => '1',
  'user-agent' => 'Mozilla/5.0 (Windows NT 10.0; Win64; x64) AppleWebKit/537.36 (KHTML, like Gecko) Chrome/65.0.3325.181 Safari/537.36',
  'accept' => 'text/html,application/xhtml+xml,application/xml;q=0.9,image/webp,image/apng,*/*;q=0.8',
  'referer' => 'http://www.myshop.com/admin/goods/lst.html',
  'accept-encoding' => 'gzip, deflate',
  'accept-language' => 'zh-CN,zh;q=0.9',
  'cookie' => 'thinkphp_show_page_trace=0|0; sidebar-fixed=false; breadcrumbs-fixed=false; page-header-fixed=false; navbar-fixed-top=false; thinkphp_show_page_trace=0|0; PHPSESSID=84do2ldavt4dm7cvhmfoglmch4; myflag2=1; myflag1=1',
)
[ info ] [ PARAM ] array (
)
[ info ] [ SESSION ] INIT array (
  'type' => 'Mysql',
  'auto_start' => true,
  'session_expire' => 3600,
  'session_prefix' => 'php_',
  'table_name' => 'session',
  'database' => 
  array (
    'hostname' => '127.0.0.1',
    'database' => 'mybike',
    'username' => 'root',
    'password' => '123',
    'hostport' => '3306',
    'prefix' => 'php_',
    'charset' => 'utf8',
  ),
)
[ info ] [ DB ] INIT mysql
[ info ] [ RUN ] app\admin\controller\CategoryWords->lst[ K:\AMP\day\myshop\application\admin\controller\CategoryWords.php ]
[ info ] [ DB ] INIT mysql
[ info ] [ VIEW ] K:\AMP\day\myshop\public/../application/admin\view\category_words\lst.html [ array (
  0 => 'serverTime',
  1 => 'list',
  2 => 'plName',
  3 => 'plUrl',
  4 => 'slName',
) ]
[ info ] [ LOG ] INIT File
[ sql ] [ DB ] CONNECT:[ UseTime:0.000678s ] mysql:host=127.0.0.1;port=3306;dbname=mybike;charset=utf8
[ sql ] [ SQL ] SELECT session_data FROM php_session WHERE session_id = 'php_84do2ldavt4dm7cvhmfoglmch4' AND session_expire > '1522205939' [ RunTime:0.000302s ]
[ sql ] [ DB ] CONNECT:[ UseTime:0.000616s ] mysql:host=127.0.0.1;port=3306;dbname=myshop;charset=utf8
[ sql ] [ SQL ] SHOW COLUMNS FROM `php_category_words` [ RunTime:0.000519s ]
[ sql ] [ SQL ] SELECT COUNT(*) AS tp_count FROM `php_category_words` `a` LEFT JOIN `php_category` `b` ON `a`.`cateId`=`b`.`id` LIMIT 1 [ RunTime:0.000235s ]
[ sql ] [ SQL ] SELECT `a`.*,`b`.`cateName` FROM `php_category_words` `a` LEFT JOIN `php_category` `b` ON `a`.`cateId`=`b`.`id` LIMIT 0,10 [ RunTime:0.000225s ]
---------------------------------------------------------------
[ 2018-03-28T10:59:00+08:00 ] 127.0.0.1 GET /admin/category_words/add.html
[ info ] www.myshop.com/admin/category_words/add.html [运行时间：0.068969s][吞吐率：14.50req/s] [内存消耗：5,195.72kb] [文件加载：61]
[ info ] [ LANG ] K:\AMP\day\myshop\thinkphp\lang\zh-cn.php
[ info ] [ ROUTE ] array (
  'type' => 'module',
  'module' => 
  array (
    0 => 'admin',
    1 => 'category_words',
    2 => 'add',
  ),
)
[ info ] [ HEADER ] array (
  'host' => 'www.myshop.com',
  'connection' => 'keep-alive',
  'upgrade-insecure-requests' => '1',
  'user-agent' => 'Mozilla/5.0 (Windows NT 10.0; Win64; x64) AppleWebKit/537.36 (KHTML, like Gecko) Chrome/65.0.3325.181 Safari/537.36',
  'accept' => 'text/html,application/xhtml+xml,application/xml;q=0.9,image/webp,image/apng,*/*;q=0.8',
  'referer' => 'http://www.myshop.com/admin/category_words/lst.html',
  'accept-encoding' => 'gzip, deflate',
  'accept-language' => 'zh-CN,zh;q=0.9',
  'cookie' => 'thinkphp_show_page_trace=0|0; sidebar-fixed=false; breadcrumbs-fixed=false; page-header-fixed=false; navbar-fixed-top=false; thinkphp_show_page_trace=0|0; PHPSESSID=84do2ldavt4dm7cvhmfoglmch4; myflag2=1; myflag1=1',
)
[ info ] [ PARAM ] array (
)
[ info ] [ SESSION ] INIT array (
  'type' => 'Mysql',
  'auto_start' => true,
  'session_expire' => 3600,
  'session_prefix' => 'php_',
  'table_name' => 'session',
  'database' => 
  array (
    'hostname' => '127.0.0.1',
    'database' => 'mybike',
    'username' => 'root',
    'password' => '123',
    'hostport' => '3306',
    'prefix' => 'php_',
    'charset' => 'utf8',
  ),
)
[ info ] [ DB ] INIT mysql
[ info ] [ RUN ] app\admin\controller\CategoryWords->add[ K:\AMP\day\myshop\application\admin\controller\CategoryWords.php ]
[ info ] [ VIEW ] K:\AMP\day\myshop\public/../application/admin\view\category_words\add.html [ array (
  0 => 'serverTime',
  1 => 'plName',
  2 => 'plUrl',
  3 => 'slName',
) ]
[ info ] [ DB ] INIT mysql
[ info ] [ LOG ] INIT File
[ sql ] [ DB ] CONNECT:[ UseTime:0.000685s ] mysql:host=127.0.0.1;port=3306;dbname=mybike;charset=utf8
[ sql ] [ SQL ] SELECT session_data FROM php_session WHERE session_id = 'php_84do2ldavt4dm7cvhmfoglmch4' AND session_expire > '1522205940' [ RunTime:0.000299s ]
[ sql ] [ DB ] CONNECT:[ UseTime:0.000600s ] mysql:host=127.0.0.1;port=3306;dbname=myshop;charset=utf8
[ sql ] [ SQL ] SHOW COLUMNS FROM `php_category` [ RunTime:0.000743s ]
[ sql ] [ SQL ] SELECT `id`,`cateName` FROM `php_category` WHERE  `pid` = 0 [ RunTime:0.000247s ]
---------------------------------------------------------------
[ 2018-03-28T10:59:01+08:00 ] 127.0.0.1 GET /admin/category_brands/lst.html
[ info ] www.myshop.com/admin/category_brands/lst.html [运行时间：0.066049s][吞吐率：15.14req/s] [内存消耗：5,149.11kb] [文件加载：63]
[ info ] [ LANG ] K:\AMP\day\myshop\thinkphp\lang\zh-cn.php
[ info ] [ ROUTE ] array (
  'type' => 'module',
  'module' => 
  array (
    0 => 'admin',
    1 => 'category_brands',
    2 => 'lst',
  ),
)
[ info ] [ HEADER ] array (
  'host' => 'www.myshop.com',
  'connection' => 'keep-alive',
  'upgrade-insecure-requests' => '1',
  'user-agent' => 'Mozilla/5.0 (Windows NT 10.0; Win64; x64) AppleWebKit/537.36 (KHTML, like Gecko) Chrome/65.0.3325.181 Safari/537.36',
  'accept' => 'text/html,application/xhtml+xml,application/xml;q=0.9,image/webp,image/apng,*/*;q=0.8',
  'referer' => 'http://www.myshop.com/admin/category_words/add.html',
  'accept-encoding' => 'gzip, deflate',
  'accept-language' => 'zh-CN,zh;q=0.9',
  'cookie' => 'sidebar-fixed=false; breadcrumbs-fixed=false; page-header-fixed=false; navbar-fixed-top=false; thinkphp_show_page_trace=0|0; PHPSESSID=84do2ldavt4dm7cvhmfoglmch4; myflag2=1; myflag1=1',
)
[ info ] [ PARAM ] array (
)
[ info ] [ SESSION ] INIT array (
  'type' => 'Mysql',
  'auto_start' => true,
  'session_expire' => 3600,
  'session_prefix' => 'php_',
  'table_name' => 'session',
  'database' => 
  array (
    'hostname' => '127.0.0.1',
    'database' => 'mybike',
    'username' => 'root',
    'password' => '123',
    'hostport' => '3306',
    'prefix' => 'php_',
    'charset' => 'utf8',
  ),
)
[ info ] [ DB ] INIT mysql
[ info ] [ RUN ] app\admin\controller\CategoryBrands->lst[ K:\AMP\day\myshop\application\admin\controller\CategoryBrands.php ]
[ info ] [ DB ] INIT mysql
[ info ] [ VIEW ] K:\AMP\day\myshop\public/../application/admin\view\category_brands\lst.html [ array (
  0 => 'serverTime',
  1 => 'list',
  2 => 'plName',
  3 => 'plUrl',
  4 => 'slName',
) ]
[ info ] [ LOG ] INIT File
[ sql ] [ DB ] CONNECT:[ UseTime:0.000657s ] mysql:host=127.0.0.1;port=3306;dbname=mybike;charset=utf8
[ sql ] [ SQL ] SELECT session_data FROM php_session WHERE session_id = 'php_84do2ldavt4dm7cvhmfoglmch4' AND session_expire > '1522205941' [ RunTime:0.000304s ]
[ sql ] [ DB ] CONNECT:[ UseTime:0.000660s ] mysql:host=127.0.0.1;port=3306;dbname=myshop;charset=utf8
[ sql ] [ SQL ] SHOW COLUMNS FROM `php_category_brands` [ RunTime:0.000792s ]
[ sql ] [ SQL ] SELECT COUNT(*) AS tp_count FROM `php_category_brands` `a` LEFT JOIN `php_category` `b` ON `a`.`cateId`=`b`.`id` LIMIT 1 [ RunTime:0.000381s ]
[ sql ] [ SQL ] SELECT `a`.*,`b`.`cateName` FROM `php_category_brands` `a` LEFT JOIN `php_category` `b` ON `a`.`cateId`=`b`.`id` LIMIT 0,10 [ RunTime:0.000242s ]
---------------------------------------------------------------
[ 2018-03-28T10:59:02+08:00 ] 127.0.0.1 GET /admin/category_brands/add.html
[ info ] www.myshop.com/admin/category_brands/add.html [运行时间：0.072975s][吞吐率：13.70req/s] [内存消耗：5,327.86kb] [文件加载：61]
[ info ] [ LANG ] K:\AMP\day\myshop\thinkphp\lang\zh-cn.php
[ info ] [ ROUTE ] array (
  'type' => 'module',
  'module' => 
  array (
    0 => 'admin',
    1 => 'category_brands',
    2 => 'add',
  ),
)
[ info ] [ HEADER ] array (
  'host' => 'www.myshop.com',
  'connection' => 'keep-alive',
  'upgrade-insecure-requests' => '1',
  'user-agent' => 'Mozilla/5.0 (Windows NT 10.0; Win64; x64) AppleWebKit/537.36 (KHTML, like Gecko) Chrome/65.0.3325.181 Safari/537.36',
  'accept' => 'text/html,application/xhtml+xml,application/xml;q=0.9,image/webp,image/apng,*/*;q=0.8',
  'referer' => 'http://www.myshop.com/admin/category_brands/lst.html',
  'accept-encoding' => 'gzip, deflate',
  'accept-language' => 'zh-CN,zh;q=0.9',
  'cookie' => 'thinkphp_show_page_trace=0|0; sidebar-fixed=false; breadcrumbs-fixed=false; page-header-fixed=false; navbar-fixed-top=false; thinkphp_show_page_trace=0|0; PHPSESSID=84do2ldavt4dm7cvhmfoglmch4; myflag2=1; myflag1=1',
)
[ info ] [ PARAM ] array (
)
[ info ] [ SESSION ] INIT array (
  'type' => 'Mysql',
  'auto_start' => true,
  'session_expire' => 3600,
  'session_prefix' => 'php_',
  'table_name' => 'session',
  'database' => 
  array (
    'hostname' => '127.0.0.1',
    'database' => 'mybike',
    'username' => 'root',
    'password' => '123',
    'hostport' => '3306',
    'prefix' => 'php_',
    'charset' => 'utf8',
  ),
)
[ info ] [ DB ] INIT mysql
[ info ] [ RUN ] app\admin\controller\CategoryBrands->add[ K:\AMP\day\myshop\application\admin\controller\CategoryBrands.php ]
[ info ] [ DB ] INIT mysql
[ info ] [ VIEW ] K:\AMP\day\myshop\public/../application/admin\view\category_brands\add.html [ array (
  0 => 'serverTime',
  1 => 'brandData',
  2 => 'plName',
  3 => 'plUrl',
  4 => 'slName',
) ]
[ info ] [ LOG ] INIT File
[ sql ] [ DB ] CONNECT:[ UseTime:0.000672s ] mysql:host=127.0.0.1;port=3306;dbname=mybike;charset=utf8
[ sql ] [ SQL ] SELECT session_data FROM php_session WHERE session_id = 'php_84do2ldavt4dm7cvhmfoglmch4' AND session_expire > '1522205942' [ RunTime:0.000308s ]
[ sql ] [ DB ] CONNECT:[ UseTime:0.000593s ] mysql:host=127.0.0.1;port=3306;dbname=myshop;charset=utf8
[ sql ] [ SQL ] SHOW COLUMNS FROM `php_brand` [ RunTime:0.000697s ]
[ sql ] [ SQL ] SELECT * FROM `php_brand` [ RunTime:0.000304s ]
[ sql ] [ SQL ] SHOW COLUMNS FROM `php_category` [ RunTime:0.000670s ]
[ sql ] [ SQL ] SELECT `id`,`cateName` FROM `php_category` WHERE  `pid` = 0 [ RunTime:0.000233s ]
