---------------------------------------------------------------
[ 2018-03-30T05:45:22+08:00 ] 127.0.0.1 GET /
[ info ] www.myshop.com/ [运行时间：0.097121s][吞吐率：10.30req/s] [内存消耗：6,600.74kb] [文件加载：66]
[ info ] [ LANG ] K:\AMP\day\myshop\thinkphp\lang\zh-cn.php
[ info ] [ ROUTE ] array (
  'type' => 'module',
  'module' => 
  array (
    0 => '',
    1 => NULL,
    2 => NULL,
  ),
)
[ info ] [ HEADER ] array (
  'host' => 'www.myshop.com',
  'connection' => 'keep-alive',
  'upgrade-insecure-requests' => '1',
  'user-agent' => 'Mozilla/5.0 (Windows NT 10.0; Win64; x64) AppleWebKit/537.36 (KHTML, like Gecko) Chrome/65.0.3325.181 Safari/537.36',
  'accept' => 'text/html,application/xhtml+xml,application/xml;q=0.9,image/webp,image/apng,*/*;q=0.8',
  'accept-encoding' => 'gzip, deflate',
  'accept-language' => 'zh-CN,zh;q=0.9',
  'cookie' => 'sidebar-fixed=false; breadcrumbs-fixed=false; page-header-fixed=false; navbar-fixed-top=false; username=cU5HbXFKYVhsTWRveVpaTXFDV2dlYXdIQUZtSkFjbm1KUnBuTUpxazhpWm1NV1hsc2VXYnB4b2w1cHBrNWxvbTVkZ3pHcWNrMnM; password=bnRkbFpaU1lhSmFTbXBXTXFDV2dlYXdIQUZtSkFjYmxHcVRtNUdha3A2Wmw1ZklsWmVXbTVhWG1zVnNtV3lYbVpaaHlHV2ZsV2VaYkdhWWxR',
)
[ info ] [ PARAM ] array (
)
[ info ] [ CACHE ] INIT File
[ info ] [ DB ] INIT mysql
[ info ] [ RUN ] app\index\controller\Index->index[ K:\AMP\day\myshop\application\index\controller\Index.php ]
[ info ] [ VIEW ] K:\AMP\day\myshop\public/../application/index\view\index\index.html [ array (
  0 => 'navArr',
  1 => 'helpCateArr',
  2 => 'shopArtArr',
  3 => 'confArr',
  4 => 'foreCateArr',
  5 => 'showRight',
  6 => 'siteMast',
  7 => 'indexGoods',
  8 => 'recposCate',
  9 => 'notArts',
  10 => 'proArts',
  11 => 'brands',
  12 => 'sliders',
) ]
[ info ] [ LOG ] INIT File
[ sql ] [ DB ] CONNECT:[ UseTime:0.003341s ] mysql:host=127.0.0.1;port=3306;dbname=myshop;charset=utf8
[ sql ] [ SQL ] SHOW COLUMNS FROM `php_brand` [ RunTime:0.004317s ]
[ sql ] [ SQL ] SELECT * FROM `php_brand` ORDER BY id desc LIMIT 17 [ RunTime:0.000648s ]
[ sql ] [ SQL ] SHOW COLUMNS FROM `php_slider` [ RunTime:0.001090s ]
[ sql ] [ SQL ] SELECT * FROM `php_slider` WHERE  `status` = 1 ORDER BY sort desc [ RunTime:0.000364s ]
---------------------------------------------------------------
[ 2018-03-30T05:45:22+08:00 ] 127.0.0.1 POST /checkLogin.html
[ info ] www.myshop.com/checkLogin.html [运行时间：0.075515s][吞吐率：13.24req/s] [内存消耗：6,014.26kb] [文件加载：64]
[ info ] [ LANG ] K:\AMP\day\myshop\thinkphp\lang\zh-cn.php
[ info ] [ ROUTE ] array (
  'type' => 'module',
  'module' => 
  array (
    0 => 'member',
    1 => 'account',
    2 => 'checkLogin',
  ),
  'convert' => false,
)
[ info ] [ HEADER ] array (
  'host' => 'www.myshop.com',
  'connection' => 'keep-alive',
  'content-length' => '0',
  'accept' => '*/*',
  'origin' => 'http://www.myshop.com',
  'x-requested-with' => 'XMLHttpRequest',
  'user-agent' => 'Mozilla/5.0 (Windows NT 10.0; Win64; x64) AppleWebKit/537.36 (KHTML, like Gecko) Chrome/65.0.3325.181 Safari/537.36',
  'referer' => 'http://www.myshop.com/',
  'accept-encoding' => 'gzip, deflate',
  'accept-language' => 'zh-CN,zh;q=0.9',
  'cookie' => 'sidebar-fixed=false; breadcrumbs-fixed=false; page-header-fixed=false; navbar-fixed-top=false; username=cU5HbXFKYVhsTWRveVpaTXFDV2dlYXdIQUZtSkFjbm1KUnBuTUpxazhpWm1NV1hsc2VXYnB4b2w1cHBrNWxvbTVkZ3pHcWNrMnM; password=bnRkbFpaU1lhSmFTbXBXTXFDV2dlYXdIQUZtSkFjYmxHcVRtNUdha3A2Wmw1ZklsWmVXbTVhWG1zVnNtV3lYbVpaaHlHV2ZsV2VaYkdhWWxR',
)
[ info ] [ PARAM ] array (
)
[ info ] [ CACHE ] INIT File
[ info ] [ DB ] INIT mysql
[ info ] [ RUN ] app\member\controller\Account->checkLogin[ K:\AMP\day\myshop\application\member\controller\Account.php ]
[ info ] [ SESSION ] INIT array (
  'type' => 'Mysql',
  'auto_start' => true,
  'session_expire' => 3600,
  'session_prefix' => 'php_',
  'table_name' => 'session',
  'database' => 
  array (
    'hostname' => '127.0.0.1',
    'database' => 'mybike',
    'username' => 'root',
    'password' => '123',
    'hostport' => '3306',
    'prefix' => 'php_',
    'charset' => 'utf8',
  ),
)
[ info ] [ DB ] INIT mysql
[ info ] [ LOG ] INIT File
[ sql ] [ DB ] CONNECT:[ UseTime:0.001017s ] mysql:host=127.0.0.1;port=3306;dbname=mybike;charset=utf8
[ sql ] [ SQL ] SELECT session_data FROM php_session WHERE session_id = 'php_nggg3r05t8is1t8t8fplp4q4h5' AND session_expire > '1522359922' [ RunTime:0.003825s ]
[ sql ] [ DB ] CONNECT:[ UseTime:0.000843s ] mysql:host=127.0.0.1;port=3306;dbname=myshop;charset=utf8
[ sql ] [ SQL ] SHOW COLUMNS FROM `php_user` [ RunTime:0.001856s ]
[ sql ] [ SQL ] SELECT * FROM `php_user` WHERE  ( `userName` = 'root' OR `email` = 'root' OR `tel` = 'root' ) LIMIT 1 [ RunTime:0.000409s ]
[ sql ] [ SQL ] SHOW COLUMNS FROM `php_member_level` [ RunTime:0.003956s ]
[ sql ] [ SQL ] SELECT * FROM `php_member_level` WHERE  `bottom` <= 0  AND `top` >= 0 LIMIT 1 [ RunTime:0.000279s ]
---------------------------------------------------------------
[ 2018-03-30T05:52:56+08:00 ] 127.0.0.1 GET /xm112110552
[ info ] www.myshop.com/xm112110552 [运行时间：0.041662s][吞吐率：24.00req/s] [内存消耗：3,881.05kb] [文件加载：56]
[ info ] [ LANG ] K:\AMP\day\myshop\thinkphp\lang\zh-cn.php
[ info ] [ ROUTE ] array (
  'type' => 'module',
  'module' => 
  array (
    0 => 'admin',
    1 => 'login',
    2 => 'index',
  ),
  'convert' => false,
)
[ info ] [ HEADER ] array (
  'host' => 'www.myshop.com',
  'connection' => 'keep-alive',
  'upgrade-insecure-requests' => '1',
  'user-agent' => 'Mozilla/5.0 (Windows NT 10.0; Win64; x64) AppleWebKit/537.36 (KHTML, like Gecko) Chrome/65.0.3325.181 Safari/537.36',
  'accept' => 'text/html,application/xhtml+xml,application/xml;q=0.9,image/webp,image/apng,*/*;q=0.8',
  'accept-encoding' => 'gzip, deflate',
  'accept-language' => 'zh-CN,zh;q=0.9',
  'cookie' => 'sidebar-fixed=false; breadcrumbs-fixed=false; page-header-fixed=false; navbar-fixed-top=false; username=cU5HbXFKYVhsTWRveVpaTXFDV2dlYXdIQUZtSkFjbm1KUnBuTUpxazhpWm1NV1hsc2VXYnB4b2w1cHBrNWxvbTVkZ3pHcWNrMnM; password=bnRkbFpaU1lhSmFTbXBXTXFDV2dlYXdIQUZtSkFjYmxHcVRtNUdha3A2Wmw1ZklsWmVXbTVhWG1zVnNtV3lYbVpaaHlHV2ZsV2VaYkdhWWxR; thinkphp_show_page_trace=0|0; PHPSESSID=nggg3r05t8is1t8t8fplp4q4h5',
)
[ info ] [ PARAM ] array (
  'check' => '0552',
)
[ info ] [ RUN ] app\admin\controller\Login->index[ K:\AMP\day\myshop\application\admin\controller\Login.php ]
[ info ] [ SESSION ] INIT array (
  'type' => 'Mysql',
  'auto_start' => true,
  'session_expire' => 3600,
  'session_prefix' => 'php_',
  'table_name' => 'session',
  'database' => 
  array (
    'hostname' => '127.0.0.1',
    'database' => 'mybike',
    'username' => 'root',
    'password' => '123',
    'hostport' => '3306',
    'prefix' => 'php_',
    'charset' => 'utf8',
  ),
)
[ info ] [ DB ] INIT mysql
[ info ] [ VIEW ] K:\AMP\day\myshop\public/../application/admin\view\login\index.html [ array (
  0 => 'validate',
) ]
[ info ] [ LOG ] INIT File
[ sql ] [ DB ] CONNECT:[ UseTime:0.000846s ] mysql:host=127.0.0.1;port=3306;dbname=mybike;charset=utf8
[ sql ] [ SQL ] SELECT session_data FROM php_session WHERE session_id = 'php_nggg3r05t8is1t8t8fplp4q4h5' AND session_expire > '1522360376' [ RunTime:0.002458s ]
---------------------------------------------------------------
[ 2018-03-30T05:52:56+08:00 ] 127.0.0.1 GET /captcha.html
[ info ] www.myshop.com/captcha.html [运行时间：0.053108s][吞吐率：18.83req/s] [内存消耗：3,717.28kb] [文件加载：52]
[ info ] [ LANG ] K:\AMP\day\myshop\thinkphp\lang\zh-cn.php
[ info ] [ ROUTE ] array (
  'type' => 'module',
  'module' => 
  array (
    0 => 'admin',
    1 => 'login',
    2 => 'captcha',
  ),
  'convert' => false,
)
[ info ] [ HEADER ] array (
  'host' => 'www.myshop.com',
  'connection' => 'keep-alive',
  'user-agent' => 'Mozilla/5.0 (Windows NT 10.0; Win64; x64) AppleWebKit/537.36 (KHTML, like Gecko) Chrome/65.0.3325.181 Safari/537.36',
  'accept' => 'image/webp,image/apng,image/*,*/*;q=0.8',
  'referer' => 'http://www.myshop.com/captcha.html',
  'accept-encoding' => 'gzip, deflate',
  'accept-language' => 'zh-CN,zh;q=0.9',
  'cookie' => 'sidebar-fixed=false; breadcrumbs-fixed=false; page-header-fixed=false; navbar-fixed-top=false; username=cU5HbXFKYVhsTWRveVpaTXFDV2dlYXdIQUZtSkFjbm1KUnBuTUpxazhpWm1NV1hsc2VXYnB4b2w1cHBrNWxvbTVkZ3pHcWNrMnM; password=bnRkbFpaU1lhSmFTbXBXTXFDV2dlYXdIQUZtSkFjYmxHcVRtNUdha3A2Wmw1ZklsWmVXbTVhWG1zVnNtV3lYbVpaaHlHV2ZsV2VaYkdhWWxR; thinkphp_show_page_trace=0|0; PHPSESSID=nggg3r05t8is1t8t8fplp4q4h5',
)
[ info ] [ PARAM ] array (
)
[ info ] [ RUN ] app\admin\controller\Login->captcha[ K:\AMP\day\myshop\application\admin\controller\Login.php ]
[ info ] [ SESSION ] INIT array (
  'type' => 'Mysql',
  'auto_start' => true,
  'session_expire' => 3600,
  'session_prefix' => 'php_',
  'table_name' => 'session',
  'database' => 
  array (
    'hostname' => '127.0.0.1',
    'database' => 'mybike',
    'username' => 'root',
    'password' => '123',
    'hostport' => '3306',
    'prefix' => 'php_',
    'charset' => 'utf8',
  ),
)
[ info ] [ DB ] INIT mysql
[ info ] [ LOG ] INIT File
[ sql ] [ DB ] CONNECT:[ UseTime:0.010286s ] mysql:host=127.0.0.1;port=3306;dbname=mybike;charset=utf8
[ sql ] [ SQL ] SELECT session_data FROM php_session WHERE session_id = 'php_nggg3r05t8is1t8t8fplp4q4h5' AND session_expire > '1522360376' [ RunTime:0.003206s ]
---------------------------------------------------------------
[ 2018-03-30T05:53:01+08:00 ] 127.0.0.1 POST /xm11211.html
[ info ] www.myshop.com/xm11211.html [运行时间：0.039425s][吞吐率：25.36req/s] [内存消耗：5,330.33kb] [文件加载：59]
[ info ] [ LANG ] K:\AMP\day\myshop\thinkphp\lang\zh-cn.php
[ info ] [ ROUTE ] array (
  'type' => 'module',
  'module' => 
  array (
    0 => 'admin',
    1 => 'login',
    2 => 'index',
  ),
  'convert' => false,
)
[ info ] [ HEADER ] array (
  'host' => 'www.myshop.com',
  'connection' => 'keep-alive',
  'content-length' => '466',
  'accept' => '*/*',
  'origin' => 'http://www.myshop.com',
  'x-requested-with' => 'XMLHttpRequest',
  'user-agent' => 'Mozilla/5.0 (Windows NT 10.0; Win64; x64) AppleWebKit/537.36 (KHTML, like Gecko) Chrome/65.0.3325.181 Safari/537.36',
  'content-type' => 'multipart/form-data; boundary=----WebKitFormBoundaryiNVx9Ss3qTkMElz7',
  'referer' => 'http://www.myshop.com/xm112110552',
  'accept-encoding' => 'gzip, deflate',
  'accept-language' => 'zh-CN,zh;q=0.9',
  'cookie' => 'sidebar-fixed=false; breadcrumbs-fixed=false; page-header-fixed=false; navbar-fixed-top=false; username=cU5HbXFKYVhsTWRveVpaTXFDV2dlYXdIQUZtSkFjbm1KUnBuTUpxazhpWm1NV1hsc2VXYnB4b2w1cHBrNWxvbTVkZ3pHcWNrMnM; password=bnRkbFpaU1lhSmFTbXBXTXFDV2dlYXdIQUZtSkFjYmxHcVRtNUdha3A2Wmw1ZklsWmVXbTVhWG1zVnNtV3lYbVpaaHlHV2ZsV2VaYkdhWWxR; thinkphp_show_page_trace=0|0; PHPSESSID=nggg3r05t8is1t8t8fplp4q4h5',
)
[ info ] [ PARAM ] array (
  'validate' => 'qUNKGGTxVtoaWWI5abd60385bee1',
  'adminName' => 'root',
  'password' => 'hu.12580a',
  'code' => 'fu6x',
)
[ info ] [ RUN ] app\admin\controller\Login->index[ K:\AMP\day\myshop\application\admin\controller\Login.php ]
[ info ] [ SESSION ] INIT array (
  'type' => 'Mysql',
  'auto_start' => true,
  'session_expire' => 3600,
  'session_prefix' => 'php_',
  'table_name' => 'session',
  'database' => 
  array (
    'hostname' => '127.0.0.1',
    'database' => 'mybike',
    'username' => 'root',
    'password' => '123',
    'hostport' => '3306',
    'prefix' => 'php_',
    'charset' => 'utf8',
  ),
)
[ info ] [ DB ] INIT mysql
[ info ] [ DB ] INIT mysql
[ info ] [ LOG ] INIT File
[ sql ] [ DB ] CONNECT:[ UseTime:0.000661s ] mysql:host=127.0.0.1;port=3306;dbname=mybike;charset=utf8
[ sql ] [ SQL ] SELECT session_data FROM php_session WHERE session_id = 'php_nggg3r05t8is1t8t8fplp4q4h5' AND session_expire > '1522360381' [ RunTime:0.002301s ]
---------------------------------------------------------------
[ 2018-03-30T05:53:01+08:00 ] 127.0.0.1 GET /captcha.html?0.6884459388577291
[ info ] www.myshop.com/captcha.html?0.6884459388577291 [运行时间：0.031775s][吞吐率：31.47req/s] [内存消耗：3,718.12kb] [文件加载：52]
[ info ] [ LANG ] K:\AMP\day\myshop\thinkphp\lang\zh-cn.php
[ info ] [ ROUTE ] array (
  'type' => 'module',
  'module' => 
  array (
    0 => 'admin',
    1 => 'login',
    2 => 'captcha',
  ),
  'convert' => false,
)
[ info ] [ HEADER ] array (
  'host' => 'www.myshop.com',
  'connection' => 'keep-alive',
  'user-agent' => 'Mozilla/5.0 (Windows NT 10.0; Win64; x64) AppleWebKit/537.36 (KHTML, like Gecko) Chrome/65.0.3325.181 Safari/537.36',
  'accept' => 'image/webp,image/apng,image/*,*/*;q=0.8',
  'referer' => 'http://www.myshop.com/captcha.html?0.6884459388577291',
  'accept-encoding' => 'gzip, deflate',
  'accept-language' => 'zh-CN,zh;q=0.9',
  'cookie' => 'sidebar-fixed=false; breadcrumbs-fixed=false; page-header-fixed=false; navbar-fixed-top=false; username=cU5HbXFKYVhsTWRveVpaTXFDV2dlYXdIQUZtSkFjbm1KUnBuTUpxazhpWm1NV1hsc2VXYnB4b2w1cHBrNWxvbTVkZ3pHcWNrMnM; password=bnRkbFpaU1lhSmFTbXBXTXFDV2dlYXdIQUZtSkFjYmxHcVRtNUdha3A2Wmw1ZklsWmVXbTVhWG1zVnNtV3lYbVpaaHlHV2ZsV2VaYkdhWWxR; thinkphp_show_page_trace=0|0; PHPSESSID=nggg3r05t8is1t8t8fplp4q4h5',
)
[ info ] [ PARAM ] array (
  '0_6884459388577291' => '',
)
[ info ] [ RUN ] app\admin\controller\Login->captcha[ K:\AMP\day\myshop\application\admin\controller\Login.php ]
[ info ] [ SESSION ] INIT array (
  'type' => 'Mysql',
  'auto_start' => true,
  'session_expire' => 3600,
  'session_prefix' => 'php_',
  'table_name' => 'session',
  'database' => 
  array (
    'hostname' => '127.0.0.1',
    'database' => 'mybike',
    'username' => 'root',
    'password' => '123',
    'hostport' => '3306',
    'prefix' => 'php_',
    'charset' => 'utf8',
  ),
)
[ info ] [ DB ] INIT mysql
[ info ] [ LOG ] INIT File
[ sql ] [ DB ] CONNECT:[ UseTime:0.000765s ] mysql:host=127.0.0.1;port=3306;dbname=mybike;charset=utf8
[ sql ] [ SQL ] SELECT session_data FROM php_session WHERE session_id = 'php_nggg3r05t8is1t8t8fplp4q4h5' AND session_expire > '1522360381' [ RunTime:0.002443s ]
---------------------------------------------------------------
[ 2018-03-30T05:53:07+08:00 ] 127.0.0.1 POST /xm11211.html
[ info ] www.myshop.com/xm11211.html [运行时间：0.046968s][吞吐率：21.29req/s] [内存消耗：5,482.97kb] [文件加载：60]
[ info ] [ LANG ] K:\AMP\day\myshop\thinkphp\lang\zh-cn.php
[ info ] [ ROUTE ] array (
  'type' => 'module',
  'module' => 
  array (
    0 => 'admin',
    1 => 'login',
    2 => 'index',
  ),
  'convert' => false,
)
[ info ] [ HEADER ] array (
  'host' => 'www.myshop.com',
  'connection' => 'keep-alive',
  'content-length' => '466',
  'accept' => '*/*',
  'origin' => 'http://www.myshop.com',
  'x-requested-with' => 'XMLHttpRequest',
  'user-agent' => 'Mozilla/5.0 (Windows NT 10.0; Win64; x64) AppleWebKit/537.36 (KHTML, like Gecko) Chrome/65.0.3325.181 Safari/537.36',
  'content-type' => 'multipart/form-data; boundary=----WebKitFormBoundaryTE1PTBiZWQlFK4St',
  'referer' => 'http://www.myshop.com/xm112110552',
  'accept-encoding' => 'gzip, deflate',
  'accept-language' => 'zh-CN,zh;q=0.9',
  'cookie' => 'sidebar-fixed=false; breadcrumbs-fixed=false; page-header-fixed=false; navbar-fixed-top=false; username=cU5HbXFKYVhsTWRveVpaTXFDV2dlYXdIQUZtSkFjbm1KUnBuTUpxazhpWm1NV1hsc2VXYnB4b2w1cHBrNWxvbTVkZ3pHcWNrMnM; password=bnRkbFpaU1lhSmFTbXBXTXFDV2dlYXdIQUZtSkFjYmxHcVRtNUdha3A2Wmw1ZklsWmVXbTVhWG1zVnNtV3lYbVpaaHlHV2ZsV2VaYkdhWWxR; thinkphp_show_page_trace=0|0; PHPSESSID=nggg3r05t8is1t8t8fplp4q4h5',
)
[ info ] [ PARAM ] array (
  'validate' => 'qUNKGGTxVtoaWWI5abd60385bee1',
  'adminName' => 'root',
  'password' => 'hu.12580a',
  'code' => 'itrr',
)
[ info ] [ RUN ] app\admin\controller\Login->index[ K:\AMP\day\myshop\application\admin\controller\Login.php ]
[ info ] [ SESSION ] INIT array (
  'type' => 'Mysql',
  'auto_start' => true,
  'session_expire' => 3600,
  'session_prefix' => 'php_',
  'table_name' => 'session',
  'database' => 
  array (
    'hostname' => '127.0.0.1',
    'database' => 'mybike',
    'username' => 'root',
    'password' => '123',
    'hostport' => '3306',
    'prefix' => 'php_',
    'charset' => 'utf8',
  ),
)
[ info ] [ DB ] INIT mysql
[ info ] [ DB ] INIT mysql
[ info ] [ LOG ] INIT File
[ sql ] [ DB ] CONNECT:[ UseTime:0.000627s ] mysql:host=127.0.0.1;port=3306;dbname=mybike;charset=utf8
[ sql ] [ SQL ] SELECT session_data FROM php_session WHERE session_id = 'php_nggg3r05t8is1t8t8fplp4q4h5' AND session_expire > '1522360387' [ RunTime:0.002599s ]
[ sql ] [ DB ] CONNECT:[ UseTime:0.000648s ] mysql:host=127.0.0.1;port=3306;dbname=myshop;charset=utf8
[ sql ] [ SQL ] SHOW COLUMNS FROM `php_admin` [ RunTime:0.002442s ]
[ sql ] [ SQL ] SELECT * FROM `php_admin` WHERE  `adminName` = 'root' LIMIT 1 [ RunTime:0.004055s ]
[ sql ] [ SQL ] select version() as ver [ RunTime:0.000257s ]
---------------------------------------------------------------
[ 2018-03-30T05:53:09+08:00 ] 127.0.0.1 GET /admin/index/index.html
[ info ] www.myshop.com/admin/index/index.html [运行时间：2.085126s][吞吐率：0.48req/s] [内存消耗：3,949.19kb] [文件加载：57]
[ info ] [ LANG ] K:\AMP\day\myshop\thinkphp\lang\zh-cn.php
[ info ] [ ROUTE ] array (
  'type' => 'module',
  'module' => 
  array (
    0 => 'admin',
    1 => 'index',
    2 => 'index',
  ),
)
[ info ] [ HEADER ] array (
  'host' => 'www.myshop.com',
  'connection' => 'keep-alive',
  'upgrade-insecure-requests' => '1',
  'user-agent' => 'Mozilla/5.0 (Windows NT 10.0; Win64; x64) AppleWebKit/537.36 (KHTML, like Gecko) Chrome/65.0.3325.181 Safari/537.36',
  'accept' => 'text/html,application/xhtml+xml,application/xml;q=0.9,image/webp,image/apng,*/*;q=0.8',
  'referer' => 'http://www.myshop.com/xm112110552',
  'accept-encoding' => 'gzip, deflate',
  'accept-language' => 'zh-CN,zh;q=0.9',
  'cookie' => 'sidebar-fixed=false; breadcrumbs-fixed=false; page-header-fixed=false; navbar-fixed-top=false; username=cU5HbXFKYVhsTWRveVpaTXFDV2dlYXdIQUZtSkFjbm1KUnBuTUpxazhpWm1NV1hsc2VXYnB4b2w1cHBrNWxvbTVkZ3pHcWNrMnM; password=bnRkbFpaU1lhSmFTbXBXTXFDV2dlYXdIQUZtSkFjYmxHcVRtNUdha3A2Wmw1ZklsWmVXbTVhWG1zVnNtV3lYbVpaaHlHV2ZsV2VaYkdhWWxR; thinkphp_show_page_trace=0|0; PHPSESSID=nggg3r05t8is1t8t8fplp4q4h5',
)
[ info ] [ PARAM ] array (
)
[ info ] [ SESSION ] INIT array (
  'type' => 'Mysql',
  'auto_start' => true,
  'session_expire' => 3600,
  'session_prefix' => 'php_',
  'table_name' => 'session',
  'database' => 
  array (
    'hostname' => '127.0.0.1',
    'database' => 'mybike',
    'username' => 'root',
    'password' => '123',
    'hostport' => '3306',
    'prefix' => 'php_',
    'charset' => 'utf8',
  ),
)
[ info ] [ DB ] INIT mysql
[ info ] [ RUN ] app\admin\controller\Index->index[ K:\AMP\day\myshop\application\admin\controller\Index.php ]
[ info ] [ VIEW ] K:\AMP\day\myshop\public/../application/admin\view\index\index.html [ array (
  0 => 'serverTime',
  1 => 'date',
  2 => 'rtWeather',
  3 => 'weaSk',
  4 => 'weaFu',
  5 => 'weaTo',
  6 => 'plName',
  7 => 'slName',
  8 => 'plUrl',
) ]
[ info ] [ LOG ] INIT File
[ sql ] [ DB ] CONNECT:[ UseTime:0.000669s ] mysql:host=127.0.0.1;port=3306;dbname=mybike;charset=utf8
[ sql ] [ SQL ] SELECT session_data FROM php_session WHERE session_id = 'php_nggg3r05t8is1t8t8fplp4q4h5' AND session_expire > '1522360387' [ RunTime:0.002356s ]
---------------------------------------------------------------
[ 2018-03-30T05:53:29+08:00 ] 127.0.0.1 GET /admin/goods/lst.html
[ info ] www.myshop.com/admin/goods/lst.html [运行时间：0.094691s][吞吐率：10.56req/s] [内存消耗：6,612.82kb] [文件加载：66]
[ info ] [ LANG ] K:\AMP\day\myshop\thinkphp\lang\zh-cn.php
[ info ] [ ROUTE ] array (
  'type' => 'module',
  'module' => 
  array (
    0 => 'admin',
    1 => 'goods',
    2 => 'lst',
  ),
)
[ info ] [ HEADER ] array (
  'host' => 'www.myshop.com',
  'connection' => 'keep-alive',
  'upgrade-insecure-requests' => '1',
  'user-agent' => 'Mozilla/5.0 (Windows NT 10.0; Win64; x64) AppleWebKit/537.36 (KHTML, like Gecko) Chrome/65.0.3325.181 Safari/537.36',
  'accept' => 'text/html,application/xhtml+xml,application/xml;q=0.9,image/webp,image/apng,*/*;q=0.8',
  'referer' => 'http://www.myshop.com/admin/index/index.html',
  'accept-encoding' => 'gzip, deflate',
  'accept-language' => 'zh-CN,zh;q=0.9',
  'cookie' => 'sidebar-fixed=false; breadcrumbs-fixed=false; page-header-fixed=false; navbar-fixed-top=false; username=cU5HbXFKYVhsTWRveVpaTXFDV2dlYXdIQUZtSkFjbm1KUnBuTUpxazhpWm1NV1hsc2VXYnB4b2w1cHBrNWxvbTVkZ3pHcWNrMnM; password=bnRkbFpaU1lhSmFTbXBXTXFDV2dlYXdIQUZtSkFjYmxHcVRtNUdha3A2Wmw1ZklsWmVXbTVhWG1zVnNtV3lYbVpaaHlHV2ZsV2VaYkdhWWxR; thinkphp_show_page_trace=0|0; PHPSESSID=nggg3r05t8is1t8t8fplp4q4h5; myflag2=1; myflag1=1',
)
[ info ] [ PARAM ] array (
)
[ info ] [ SESSION ] INIT array (
  'type' => 'Mysql',
  'auto_start' => true,
  'session_expire' => 3600,
  'session_prefix' => 'php_',
  'table_name' => 'session',
  'database' => 
  array (
    'hostname' => '127.0.0.1',
    'database' => 'mybike',
    'username' => 'root',
    'password' => '123',
    'hostport' => '3306',
    'prefix' => 'php_',
    'charset' => 'utf8',
  ),
)
[ info ] [ DB ] INIT mysql
[ info ] [ RUN ] app\admin\controller\Goods->lst[ K:\AMP\day\myshop\application\admin\controller\Goods.php ]
[ info ] [ DB ] INIT mysql
[ info ] [ VIEW ] K:\AMP\day\myshop\public/../application/admin\view\goods\lst.html [ array (
  0 => 'serverTime',
  1 => 'bdData',
  2 => 'catData',
  3 => 'list',
  4 => 'plName',
  5 => 'plUrl',
  6 => 'slName',
) ]
[ info ] [ LOG ] INIT File
[ sql ] [ DB ] CONNECT:[ UseTime:0.000628s ] mysql:host=127.0.0.1;port=3306;dbname=mybike;charset=utf8
[ sql ] [ SQL ] SELECT session_data FROM php_session WHERE session_id = 'php_nggg3r05t8is1t8t8fplp4q4h5' AND session_expire > '1522360409' [ RunTime:0.002242s ]
[ sql ] [ DB ] CONNECT:[ UseTime:0.000645s ] mysql:host=127.0.0.1;port=3306;dbname=myshop;charset=utf8
[ sql ] [ SQL ] SHOW COLUMNS FROM `php_goods` [ RunTime:0.002676s ]
[ sql ] [ SQL ] SELECT COUNT(*) AS tp_count FROM ( SELECT count(*) FROM `php_goods` `a` LEFT JOIN `php_brand` `b` ON `a`.`brandId`=`b`.`id` LEFT JOIN `php_category` `c` ON `a`.`cateId`=`c`.`id` LEFT JOIN `php_goods_cat` `d` ON `a`.`id`=`d`.`goodsId` LEFT JOIN `php_category` `e` ON `d`.`catId`=`e`.`id` LEFT JOIN `php_type` `f` ON `a`.`typeId`=`f`.`id` LEFT JOIN `php_goods_num` `g` ON `a`.`id`=`g`.`goodsId` GROUP BY `a`.`id` ) `_group_count_` LIMIT 1 [ RunTime:0.007468s ]
[ sql ] [ SQL ] SELECT `a`.*,`b`.`brandName`,`c`.`cateName`,`f`.`typeName`,GROUP_CONCAT(DISTINCT e.cateName SEPARATOR "<br>") extCates,FLOOR(SUM(g.num)/COUNT(e.cateName)) goodsNum FROM `php_goods` `a` LEFT JOIN `php_brand` `b` ON `a`.`brandId`=`b`.`id` LEFT JOIN `php_category` `c` ON `a`.`cateId`=`c`.`id` LEFT JOIN `php_goods_cat` `d` ON `a`.`id`=`d`.`goodsId` LEFT JOIN `php_category` `e` ON `d`.`catId`=`e`.`id` LEFT JOIN `php_type` `f` ON `a`.`typeId`=`f`.`id` LEFT JOIN `php_goods_num` `g` ON `a`.`id`=`g`.`goodsId` GROUP BY `a`.`id` ORDER BY a.id desc LIMIT 0,10 [ RunTime:0.002354s ]
[ sql ] [ SQL ] SHOW COLUMNS FROM `php_brand` [ RunTime:0.000595s ]
[ sql ] [ SQL ] SELECT `id`,`brandName` FROM `php_brand` [ RunTime:0.000253s ]
[ sql ] [ SQL ] SHOW COLUMNS FROM `php_category` [ RunTime:0.000515s ]
[ sql ] [ SQL ] SELECT * FROM `php_category` ORDER BY sort asc [ RunTime:0.000299s ]
---------------------------------------------------------------
[ 2018-03-30T05:53:32+08:00 ] 127.0.0.1 GET /admin/type/lst.html
[ info ] www.myshop.com/admin/type/lst.html [运行时间：0.063821s][吞吐率：15.67req/s] [内存消耗：5,997.50kb] [文件加载：66]
[ info ] [ LANG ] K:\AMP\day\myshop\thinkphp\lang\zh-cn.php
[ info ] [ ROUTE ] array (
  'type' => 'module',
  'module' => 
  array (
    0 => 'admin',
    1 => 'type',
    2 => 'lst',
  ),
)
[ info ] [ HEADER ] array (
  'host' => 'www.myshop.com',
  'connection' => 'keep-alive',
  'upgrade-insecure-requests' => '1',
  'user-agent' => 'Mozilla/5.0 (Windows NT 10.0; Win64; x64) AppleWebKit/537.36 (KHTML, like Gecko) Chrome/65.0.3325.181 Safari/537.36',
  'accept' => 'text/html,application/xhtml+xml,application/xml;q=0.9,image/webp,image/apng,*/*;q=0.8',
  'referer' => 'http://www.myshop.com/admin/goods/lst.html',
  'accept-encoding' => 'gzip, deflate',
  'accept-language' => 'zh-CN,zh;q=0.9',
  'cookie' => 'sidebar-fixed=false; breadcrumbs-fixed=false; page-header-fixed=false; navbar-fixed-top=false; username=cU5HbXFKYVhsTWRveVpaTXFDV2dlYXdIQUZtSkFjbm1KUnBuTUpxazhpWm1NV1hsc2VXYnB4b2w1cHBrNWxvbTVkZ3pHcWNrMnM; password=bnRkbFpaU1lhSmFTbXBXTXFDV2dlYXdIQUZtSkFjYmxHcVRtNUdha3A2Wmw1ZklsWmVXbTVhWG1zVnNtV3lYbVpaaHlHV2ZsV2VaYkdhWWxR; thinkphp_show_page_trace=0|0; PHPSESSID=nggg3r05t8is1t8t8fplp4q4h5; myflag2=1; myflag1=1',
)
[ info ] [ PARAM ] array (
)
[ info ] [ SESSION ] INIT array (
  'type' => 'Mysql',
  'auto_start' => true,
  'session_expire' => 3600,
  'session_prefix' => 'php_',
  'table_name' => 'session',
  'database' => 
  array (
    'hostname' => '127.0.0.1',
    'database' => 'mybike',
    'username' => 'root',
    'password' => '123',
    'hostport' => '3306',
    'prefix' => 'php_',
    'charset' => 'utf8',
  ),
)
[ info ] [ DB ] INIT mysql
[ info ] [ RUN ] app\admin\controller\Type->lst[ K:\AMP\day\myshop\application\admin\controller\Type.php ]
[ info ] [ DB ] INIT mysql
[ info ] [ VIEW ] K:\AMP\day\myshop\public/../application/admin\view\type\lst.html [ array (
  0 => 'serverTime',
  1 => 'list',
  2 => 'plName',
  3 => 'plUrl',
  4 => 'slName',
) ]
[ info ] [ LOG ] INIT File
[ sql ] [ DB ] CONNECT:[ UseTime:0.000617s ] mysql:host=127.0.0.1;port=3306;dbname=mybike;charset=utf8
[ sql ] [ SQL ] SELECT session_data FROM php_session WHERE session_id = 'php_nggg3r05t8is1t8t8fplp4q4h5' AND session_expire > '1522360412' [ RunTime:0.002233s ]
[ sql ] [ DB ] CONNECT:[ UseTime:0.000480s ] mysql:host=127.0.0.1;port=3306;dbname=myshop;charset=utf8
[ sql ] [ SQL ] SHOW COLUMNS FROM `php_type` [ RunTime:0.000734s ]
[ sql ] [ SQL ] SELECT COUNT(*) AS tp_count FROM `php_type` LIMIT 1 [ RunTime:0.000186s ]
[ sql ] [ SQL ] SELECT * FROM `php_type` LIMIT 0,10 [ RunTime:0.000260s ]
---------------------------------------------------------------
[ 2018-03-30T05:53:36+08:00 ] 127.0.0.1 GET /admin/attr/lst/typeId/3.html
[ info ] www.myshop.com/admin/attr/lst/typeId/3.html [运行时间：0.062628s][吞吐率：15.97req/s] [内存消耗：5,478.63kb] [文件加载：65]
[ info ] [ LANG ] K:\AMP\day\myshop\thinkphp\lang\zh-cn.php
[ info ] [ ROUTE ] array (
  'type' => 'module',
  'module' => 
  array (
    0 => 'admin',
    1 => 'attr',
    2 => 'lst',
  ),
)
[ info ] [ HEADER ] array (
  'host' => 'www.myshop.com',
  'connection' => 'keep-alive',
  'upgrade-insecure-requests' => '1',
  'user-agent' => 'Mozilla/5.0 (Windows NT 10.0; Win64; x64) AppleWebKit/537.36 (KHTML, like Gecko) Chrome/65.0.3325.181 Safari/537.36',
  'accept' => 'text/html,application/xhtml+xml,application/xml;q=0.9,image/webp,image/apng,*/*;q=0.8',
  'referer' => 'http://www.myshop.com/admin/type/lst.html',
  'accept-encoding' => 'gzip, deflate',
  'accept-language' => 'zh-CN,zh;q=0.9',
  'cookie' => 'sidebar-fixed=false; breadcrumbs-fixed=false; page-header-fixed=false; navbar-fixed-top=false; username=cU5HbXFKYVhsTWRveVpaTXFDV2dlYXdIQUZtSkFjbm1KUnBuTUpxazhpWm1NV1hsc2VXYnB4b2w1cHBrNWxvbTVkZ3pHcWNrMnM; password=bnRkbFpaU1lhSmFTbXBXTXFDV2dlYXdIQUZtSkFjYmxHcVRtNUdha3A2Wmw1ZklsWmVXbTVhWG1zVnNtV3lYbVpaaHlHV2ZsV2VaYkdhWWxR; thinkphp_show_page_trace=0|0; PHPSESSID=nggg3r05t8is1t8t8fplp4q4h5; myflag2=1; myflag1=1',
)
[ info ] [ PARAM ] array (
  'typeId' => '3',
)
[ info ] [ SESSION ] INIT array (
  'type' => 'Mysql',
  'auto_start' => true,
  'session_expire' => 3600,
  'session_prefix' => 'php_',
  'table_name' => 'session',
  'database' => 
  array (
    'hostname' => '127.0.0.1',
    'database' => 'mybike',
    'username' => 'root',
    'password' => '123',
    'hostport' => '3306',
    'prefix' => 'php_',
    'charset' => 'utf8',
  ),
)
[ info ] [ DB ] INIT mysql
[ info ] [ RUN ] app\admin\controller\Attr->lst[ K:\AMP\day\myshop\application\admin\controller\Attr.php ]
[ info ] [ DB ] INIT mysql
[ info ] [ VIEW ] K:\AMP\day\myshop\public/../application/admin\view\attr\lst.html [ array (
  0 => 'serverTime',
  1 => 'list',
  2 => 'typeData',
  3 => 'select',
  4 => 'plName',
  5 => 'plUrl',
  6 => 'slName',
) ]
[ info ] [ LOG ] INIT File
[ sql ] [ DB ] CONNECT:[ UseTime:0.000689s ] mysql:host=127.0.0.1;port=3306;dbname=mybike;charset=utf8
[ sql ] [ SQL ] SELECT session_data FROM php_session WHERE session_id = 'php_nggg3r05t8is1t8t8fplp4q4h5' AND session_expire > '1522360416' [ RunTime:0.002550s ]
[ sql ] [ DB ] CONNECT:[ UseTime:0.000619s ] mysql:host=127.0.0.1;port=3306;dbname=myshop;charset=utf8
[ sql ] [ SQL ] SHOW COLUMNS FROM `php_attr` [ RunTime:0.000760s ]
[ sql ] [ SQL ] SELECT COUNT(*) AS tp_count FROM `php_attr` `a` LEFT JOIN `php_type` `b` ON `a`.`typeId`=`b`.`id` WHERE  `a`.`typeId` = '3' LIMIT 1 [ RunTime:0.000453s ]
[ sql ] [ SQL ] SELECT `a`.*,`b`.`typeName` FROM `php_attr` `a` LEFT JOIN `php_type` `b` ON `a`.`typeId`=`b`.`id` WHERE  `a`.`typeId` = '3' LIMIT 0,10 [ RunTime:0.000300s ]
[ sql ] [ SQL ] SHOW COLUMNS FROM `php_type` [ RunTime:0.000462s ]
[ sql ] [ SQL ] SELECT * FROM `php_type` [ RunTime:0.000186s ]
