---------------------------------------------------------------
[ 2018-08-16T05:55:13+08:00 ] 127.0.0.1 GET /
[ info ] www.myshop2.com/ [运行时间：0.164133s][吞吐率：6.09req/s] [内存消耗：7,064.35kb] [文件加载：66]
[ info ] [ LANG ] K:\AMP\day\myshop2\thinkphp\lang\zh-cn.php
[ info ] [ ROUTE ] array (
  'type' => 'module',
  'module' => 
  array (
    0 => '',
    1 => NULL,
    2 => NULL,
  ),
)
[ info ] [ HEADER ] array (
  'host' => 'www.myshop2.com',
  'connection' => 'keep-alive',
  'upgrade-insecure-requests' => '1',
  'user-agent' => 'Mozilla/5.0 (Windows NT 10.0; Win64; x64) AppleWebKit/537.36 (KHTML, like Gecko) Chrome/68.0.3440.106 Safari/537.36',
  'accept' => 'text/html,application/xhtml+xml,application/xml;q=0.9,image/webp,image/apng,*/*;q=0.8',
  'accept-encoding' => 'gzip, deflate',
  'accept-language' => 'zh-CN,zh;q=0.9',
  'cookie' => 'cart=a%3A3%3A%7Bs%3A8%3A%2246-71%2C70%22%3Bs%3A1%3A%221%22%3Bs%3A8%3A%2245-46%2C42%22%3Bs%3A1%3A%221%22%3Bs%3A8%3A%2242-30%2C26%22%3Bi%3A1%3B%7D',
)
[ info ] [ PARAM ] array (
)
[ info ] [ CACHE ] INIT File
[ info ] [ DB ] INIT mysql
[ info ] [ RUN ] app\index\controller\Index->index[ K:\AMP\day\myshop2\application\index\controller\Index.php ]
[ info ] [ VIEW ] K:\AMP\day\myshop2\public/../application/index\view\index\index.html [ array (
  0 => 'navArr',
  1 => 'helpCateArr',
  2 => 'shopArtArr',
  3 => 'confArr',
  4 => 'foreCateArr',
  5 => 'showRight',
  6 => 'siteMast',
  7 => 'indexGoods',
  8 => 'recposCate',
  9 => 'notArts',
  10 => 'proArts',
  11 => 'brands',
  12 => 'sliders',
) ]
[ info ] [ LOG ] INIT File
[ sql ] [ DB ] CONNECT:[ UseTime:0.003066s ] mysql:host=127.0.0.1;port=3306;dbname=myshop2;charset=utf8
[ sql ] [ SQL ] SHOW COLUMNS FROM `php_rec_item` [ RunTime:0.004923s ]
[ sql ] [ SQL ] SELECT * FROM `php_rec_item` WHERE  `valType` = 1  AND `recposId` = 8 [ RunTime:0.000610s ]
[ sql ] [ SQL ] SHOW COLUMNS FROM `php_goods` [ RunTime:0.004356s ]
[ sql ] [ SQL ] SELECT `id`,`goodsName`,`mdPic`,`shopPrice`,`marketPrice` FROM `php_goods` WHERE  `id` IN (40,39,38,37,36,35,34,33,32,31,17,24,25,26,28,29,30,41,42,44,45) ORDER BY id desc LIMIT 20 [ RunTime:0.000585s ]
[ sql ] [ SQL ] SELECT * FROM `php_rec_item` WHERE  `valType` = 2  AND `recposId` = 5 [ RunTime:0.000280s ]
[ sql ] [ SQL ] SHOW COLUMNS FROM `php_category` [ RunTime:0.000936s ]
[ sql ] [ SQL ] SELECT `id`,`cateName`,`pid` FROM `php_category` WHERE  `id` = 1  AND `pid` = 0 LIMIT 1 [ RunTime:0.000573s ]
[ sql ] [ SQL ] SELECT `id`,`cateName`,`pid` FROM `php_category` WHERE  `id` = 2  AND `pid` = 0 LIMIT 1 [ RunTime:0.000219s ]
[ sql ] [ SQL ] SELECT `id`,`cateName`,`pid` FROM `php_category` WHERE  `id` = 10  AND `pid` = 0 LIMIT 1 [ RunTime:0.000206s ]
[ sql ] [ SQL ] SELECT `id`,`cateName`,`pid` FROM `php_category` WHERE  `id` = 27  AND `pid` = 0 LIMIT 1 [ RunTime:0.000206s ]
[ sql ] [ SQL ] SELECT * FROM `php_category` [ RunTime:0.000246s ]
[ sql ] [ SQL ] SELECT `id` FROM `php_goods` WHERE  `cateId` = 1 [ RunTime:0.000530s ]
[ sql ] [ SQL ] SHOW COLUMNS FROM `php_goods_cat` [ RunTime:0.002197s ]
[ sql ] [ SQL ] SELECT DISTINCT goodsId id FROM `php_goods_cat` WHERE  `catId` IN (2,12,13,14,15,10,16,17,18,11,19,20,21,1) [ RunTime:0.001733s ]
[ sql ] [ SQL ] SELECT `valId` FROM `php_rec_item` WHERE  `valId` IN (17,26,27,28,29,31,32,34,35,36,37,41,44)  AND `recposId` = 4  AND `valType` = 1 [ RunTime:0.000333s ]
[ sql ] [ SQL ] SELECT * FROM `php_goods` WHERE  `onSale` = 1  AND `id` IN (26,17,28,29,31,32,34,35,36,37,41,44) ORDER BY id desc LIMIT 6 [ RunTime:0.000394s ]
[ sql ] [ SQL ] SHOW COLUMNS FROM `php_category_brands` [ RunTime:0.000845s ]
[ sql ] [ SQL ] SELECT * FROM `php_category_brands` WHERE  `cateId` = 1 LIMIT 1 [ RunTime:0.000329s ]
[ sql ] [ SQL ] SHOW COLUMNS FROM `php_brand` [ RunTime:0.001517s ]
[ sql ] [ SQL ] SELECT * FROM `php_brand` WHERE  `id` IN (16,17,18,19,20,21,22,23,24,25) [ RunTime:0.000628s ]
[ sql ] [ SQL ] SHOW COLUMNS FROM `php_category_ad` [ RunTime:0.000882s ]
[ sql ] [ SQL ] SELECT * FROM `php_category_ad` WHERE  `cateId` = 1  AND `position` = 1 ORDER BY id desc LIMIT 3 [ RunTime:0.000696s ]
[ sql ] [ SQL ] SELECT * FROM `php_category_ad` WHERE  `cateId` = 1  AND `position` = 2 ORDER BY id desc LIMIT 1 [ RunTime:0.000247s ]
[ sql ] [ SQL ] SELECT * FROM `php_category_ad` WHERE  `cateId` = 1  AND `position` = 3 ORDER BY id desc LIMIT 1 [ RunTime:0.000246s ]
[ sql ] [ SQL ] SELECT * FROM `php_rec_item` WHERE  `valType` = 2  AND `recposId` = 6 [ RunTime:0.000219s ]
[ sql ] [ SQL ] SELECT `id`,`cateName`,`pid` FROM `php_category` WHERE  `id` = 10  AND `pid` = 1 LIMIT 1 [ RunTime:0.000194s ]
[ sql ] [ SQL ] SELECT `id`,`cateName`,`pid` FROM `php_category` WHERE  `id` = 7  AND `pid` = 1 LIMIT 1 [ RunTime:0.000192s ]
[ sql ] [ SQL ] SELECT `id`,`cateName`,`pid` FROM `php_category` WHERE  `id` = 2  AND `pid` = 1 LIMIT 1 [ RunTime:0.000183s ]
[ sql ] [ SQL ] SELECT `id`,`cateName`,`pid` FROM `php_category` WHERE  `id` = 11  AND `pid` = 1 LIMIT 1 [ RunTime:0.000184s ]
[ sql ] [ SQL ] SELECT * FROM `php_category` [ RunTime:0.000198s ]
[ sql ] [ SQL ] SELECT `id` FROM `php_goods` WHERE  `cateId` = 10 [ RunTime:0.000198s ]
[ sql ] [ SQL ] SELECT DISTINCT goodsId id FROM `php_goods_cat` WHERE  `catId` IN (16,17,18,10) [ RunTime:0.000254s ]
[ sql ] [ SQL ] SELECT `valId` FROM `php_rec_item` WHERE  `valId` IN (17,27,29,31,37)  AND `recposId` = 7  AND `valType` = 1 [ RunTime:0.000233s ]
[ sql ] [ SQL ] SELECT * FROM `php_goods` WHERE  `onSale` = 1  AND `id` IN (17,29,31,37) ORDER BY id desc LIMIT 6 [ RunTime:0.000297s ]
[ sql ] [ SQL ] SELECT * FROM `php_category` [ RunTime:0.000213s ]
[ sql ] [ SQL ] SELECT `id` FROM `php_goods` WHERE  `cateId` = 2 [ RunTime:0.000193s ]
[ sql ] [ SQL ] SELECT DISTINCT goodsId id FROM `php_goods_cat` WHERE  `catId` IN (12,13,14,15,2) [ RunTime:0.000260s ]
[ sql ] [ SQL ] SELECT `valId` FROM `php_rec_item` WHERE  `valId` IN (17,28,31,32,34,44)  AND `recposId` = 7  AND `valType` = 1 [ RunTime:0.000233s ]
[ sql ] [ SQL ] SELECT * FROM `php_goods` WHERE  `onSale` = 1  AND `id` IN (17,28,31,32,34,44) ORDER BY id desc LIMIT 6 [ RunTime:0.000343s ]
[ sql ] [ SQL ] SELECT * FROM `php_category` [ RunTime:0.000230s ]
[ sql ] [ SQL ] SELECT `id` FROM `php_goods` WHERE  `cateId` = 27 [ RunTime:0.000242s ]
[ sql ] [ SQL ] SELECT DISTINCT goodsId id FROM `php_goods_cat` WHERE  `catId` IN (28,29,27) [ RunTime:0.000301s ]
[ sql ] [ SQL ] SELECT `valId` FROM `php_rec_item` WHERE  `valId` IN (45,46)  AND `recposId` = 4  AND `valType` = 1 [ RunTime:0.000225s ]
[ sql ] [ SQL ] SELECT * FROM `php_goods` WHERE  `onSale` = 1  AND `id` IN (45,46) ORDER BY id desc LIMIT 6 [ RunTime:0.000292s ]
[ sql ] [ SQL ] SELECT * FROM `php_category_brands` WHERE  `cateId` = 27 LIMIT 1 [ RunTime:0.000222s ]
[ sql ] [ SQL ] SELECT * FROM `php_brand` WHERE  `id` IN (43,44,50) [ RunTime:0.000232s ]
[ sql ] [ SQL ] SELECT * FROM `php_category_ad` WHERE  `cateId` = 27  AND `position` = 1 ORDER BY id desc LIMIT 3 [ RunTime:0.000245s ]
[ sql ] [ SQL ] SELECT * FROM `php_category_ad` WHERE  `cateId` = 27  AND `position` = 2 ORDER BY id desc LIMIT 1 [ RunTime:0.000230s ]
[ sql ] [ SQL ] SELECT * FROM `php_category_ad` WHERE  `cateId` = 27  AND `position` = 3 ORDER BY id desc LIMIT 1 [ RunTime:0.000216s ]
[ sql ] [ SQL ] SELECT * FROM `php_rec_item` WHERE  `valType` = 2  AND `recposId` = 6 [ RunTime:0.000206s ]
[ sql ] [ SQL ] SELECT `id`,`cateName`,`pid` FROM `php_category` WHERE  `id` = 10  AND `pid` = 27 LIMIT 1 [ RunTime:0.000206s ]
[ sql ] [ SQL ] SELECT `id`,`cateName`,`pid` FROM `php_category` WHERE  `id` = 7  AND `pid` = 27 LIMIT 1 [ RunTime:0.000209s ]
[ sql ] [ SQL ] SELECT `id`,`cateName`,`pid` FROM `php_category` WHERE  `id` = 2  AND `pid` = 27 LIMIT 1 [ RunTime:0.000185s ]
[ sql ] [ SQL ] SELECT `id`,`cateName`,`pid` FROM `php_category` WHERE  `id` = 11  AND `pid` = 27 LIMIT 1 [ RunTime:0.000190s ]
[ sql ] [ SQL ] SELECT `id`,`cateName`,`pid` FROM `php_category` WHERE  `id` = 4  AND `pid` = 27 LIMIT 1 [ RunTime:0.000209s ]
[ sql ] [ SQL ] SHOW COLUMNS FROM `php_article` [ RunTime:0.000963s ]
[ sql ] [ SQL ] SELECT `id`,`title` FROM `php_article` WHERE  `cateId` = 33 LIMIT 3 [ RunTime:0.000427s ]
[ sql ] [ SQL ] SELECT `id`,`title` FROM `php_article` WHERE  `cateId` = 34 LIMIT 3 [ RunTime:0.000341s ]
[ sql ] [ SQL ] SELECT * FROM `php_brand` ORDER BY id desc LIMIT 17 [ RunTime:0.000275s ]
[ sql ] [ SQL ] SHOW COLUMNS FROM `php_slider` [ RunTime:0.000891s ]
[ sql ] [ SQL ] SELECT * FROM `php_slider` WHERE  `status` = 1 ORDER BY sort desc [ RunTime:0.000261s ]
---------------------------------------------------------------
[ 2018-08-16T05:55:13+08:00 ] 127.0.0.1 POST /checkLogin.html
[ info ] www.myshop2.com/checkLogin.html [运行时间：0.063134s][吞吐率：15.84req/s] [内存消耗：5,889.96kb] [文件加载：61]
[ info ] [ LANG ] K:\AMP\day\myshop2\thinkphp\lang\zh-cn.php
[ info ] [ ROUTE ] array (
  'type' => 'module',
  'module' => 
  array (
    0 => 'member',
    1 => 'account',
    2 => 'checkLogin',
  ),
  'convert' => false,
)
[ info ] [ HEADER ] array (
  'host' => 'www.myshop2.com',
  'connection' => 'keep-alive',
  'content-length' => '0',
  'accept' => '*/*',
  'origin' => 'http://www.myshop2.com',
  'x-requested-with' => 'XMLHttpRequest',
  'user-agent' => 'Mozilla/5.0 (Windows NT 10.0; Win64; x64) AppleWebKit/537.36 (KHTML, like Gecko) Chrome/68.0.3440.106 Safari/537.36',
  'referer' => 'http://www.myshop2.com/',
  'accept-encoding' => 'gzip, deflate',
  'accept-language' => 'zh-CN,zh;q=0.9',
  'cookie' => 'cart=a%3A3%3A%7Bs%3A8%3A%2246-71%2C70%22%3Bs%3A1%3A%221%22%3Bs%3A8%3A%2245-46%2C42%22%3Bs%3A1%3A%221%22%3Bs%3A8%3A%2242-30%2C26%22%3Bi%3A1%3B%7D',
)
[ info ] [ PARAM ] array (
)
[ info ] [ CACHE ] INIT File
[ info ] [ DB ] INIT mysql
[ info ] [ RUN ] app\member\controller\Account->checkLogin[ K:\AMP\day\myshop2\application\member\controller\Account.php ]
[ info ] [ SESSION ] INIT array (
  'type' => 'Mysql',
  'auto_start' => true,
  'session_expire' => 3600,
  'session_prefix' => 'php_',
  'table_name' => 'session',
  'database' => 
  array (
    'hostname' => '127.0.0.1',
    'database' => 'myshop2',
    'username' => 'root',
    'password' => '123',
    'hostport' => '3306',
    'prefix' => 'php_',
    'charset' => 'utf8',
  ),
)
[ info ] [ DB ] INIT mysql
[ info ] [ LOG ] INIT File
[ sql ] [ DB ] CONNECT:[ UseTime:0.000941s ] mysql:host=127.0.0.1;port=3306;dbname=myshop2;charset=utf8
[ sql ] [ SQL ] SELECT session_data FROM php_session WHERE session_id = 'php_b3ds7hmvaruo1qlmjl2kvh2th4' AND session_expire > '1534370113' [ RunTime:0.003052s ]
---------------------------------------------------------------
[ 2018-08-16T05:55:13+08:00 ] 127.0.0.1 POST /getCartNum.html
[ info ] www.myshop2.com/getCartNum.html [运行时间：0.057820s][吞吐率：17.30req/s] [内存消耗：5,757.65kb] [文件加载：60]
[ info ] [ LANG ] K:\AMP\day\myshop2\thinkphp\lang\zh-cn.php
[ info ] [ ROUTE ] array (
  'type' => 'module',
  'module' => 
  array (
    0 => 'index',
    1 => 'flow',
    2 => 'getCartNum',
  ),
  'convert' => false,
)
[ info ] [ HEADER ] array (
  'host' => 'www.myshop2.com',
  'connection' => 'keep-alive',
  'content-length' => '0',
  'accept' => '*/*',
  'origin' => 'http://www.myshop2.com',
  'x-requested-with' => 'XMLHttpRequest',
  'user-agent' => 'Mozilla/5.0 (Windows NT 10.0; Win64; x64) AppleWebKit/537.36 (KHTML, like Gecko) Chrome/68.0.3440.106 Safari/537.36',
  'referer' => 'http://www.myshop2.com/',
  'accept-encoding' => 'gzip, deflate',
  'accept-language' => 'zh-CN,zh;q=0.9',
  'cookie' => 'cart=a%3A3%3A%7Bs%3A8%3A%2246-71%2C70%22%3Bs%3A1%3A%221%22%3Bs%3A8%3A%2245-46%2C42%22%3Bs%3A1%3A%221%22%3Bs%3A8%3A%2242-30%2C26%22%3Bi%3A1%3B%7D',
)
[ info ] [ PARAM ] array (
)
[ info ] [ CACHE ] INIT File
[ info ] [ DB ] INIT mysql
[ info ] [ RUN ] app\index\controller\Flow->getCartNum[ K:\AMP\day\myshop2\application\index\controller\Flow.php ]
[ info ] [ LOG ] INIT File
---------------------------------------------------------------
[ 2018-08-16T05:55:21+08:00 ] 127.0.0.1 GET /goods/45
[ info ] www.myshop2.com/goods/45 [运行时间：0.062245s][吞吐率：16.07req/s] [内存消耗：6,288.51kb] [文件加载：64]
[ info ] [ LANG ] K:\AMP\day\myshop2\thinkphp\lang\zh-cn.php
[ info ] [ ROUTE ] array (
  'type' => 'module',
  'module' => 
  array (
    0 => 'index',
    1 => 'goods',
    2 => 'index',
  ),
  'convert' => false,
)
[ info ] [ HEADER ] array (
  'host' => 'www.myshop2.com',
  'connection' => 'keep-alive',
  'upgrade-insecure-requests' => '1',
  'user-agent' => 'Mozilla/5.0 (Windows NT 10.0; Win64; x64) AppleWebKit/537.36 (KHTML, like Gecko) Chrome/68.0.3440.106 Safari/537.36',
  'accept' => 'text/html,application/xhtml+xml,application/xml;q=0.9,image/webp,image/apng,*/*;q=0.8',
  'accept-encoding' => 'gzip, deflate',
  'accept-language' => 'zh-CN,zh;q=0.9',
  'cookie' => 'cart=a%3A3%3A%7Bs%3A8%3A%2246-71%2C70%22%3Bs%3A1%3A%221%22%3Bs%3A8%3A%2245-46%2C42%22%3Bs%3A1%3A%221%22%3Bs%3A8%3A%2242-30%2C26%22%3Bi%3A1%3B%7D; PHPSESSID=b3ds7hmvaruo1qlmjl2kvh2th4; thinkphp_show_page_trace=0|0',
)
[ info ] [ PARAM ] array (
  'id' => '45',
)
[ info ] [ CACHE ] INIT File
[ info ] [ DB ] INIT mysql
[ info ] [ RUN ] app\index\controller\Goods->index[ K:\AMP\day\myshop2\application\index\controller\Goods.php ]
[ info ] [ SESSION ] INIT array (
  'type' => 'Mysql',
  'auto_start' => true,
  'session_expire' => 3600,
  'session_prefix' => 'php_',
  'table_name' => 'session',
  'database' => 
  array (
    'hostname' => '127.0.0.1',
    'database' => 'myshop2',
    'username' => 'root',
    'password' => '123',
    'hostport' => '3306',
    'prefix' => 'php_',
    'charset' => 'utf8',
  ),
)
[ info ] [ DB ] INIT mysql
[ info ] [ VIEW ] K:\AMP\day\myshop2\public/../application/index\view\goods\index.html [ array (
  0 => 'navArr',
  1 => 'helpCateArr',
  2 => 'shopArtArr',
  3 => 'confArr',
  4 => 'foreCateArr',
  5 => 'showRight',
  6 => 'goodsData',
  7 => 'photoData',
  8 => 'radioAttr',
  9 => 'uniqueAttr',
) ]
[ info ] [ LOG ] INIT File
[ sql ] [ DB ] CONNECT:[ UseTime:0.000676s ] mysql:host=127.0.0.1;port=3306;dbname=myshop2;charset=utf8
[ sql ] [ SQL ] SHOW COLUMNS FROM `php_goods` [ RunTime:0.002198s ]
[ sql ] [ SQL ] SELECT * FROM `php_goods` WHERE  `id` = 45 LIMIT 1 [ RunTime:0.000354s ]
[ sql ] [ DB ] CONNECT:[ UseTime:0.000646s ] mysql:host=127.0.0.1;port=3306;dbname=myshop2;charset=utf8
[ sql ] [ SQL ] SELECT session_data FROM php_session WHERE session_id = 'php_b3ds7hmvaruo1qlmjl2kvh2th4' AND session_expire > '1534370121' [ RunTime:0.001905s ]
[ sql ] [ SQL ] SHOW COLUMNS FROM `php_goods_attr` [ RunTime:0.003536s ]
[ sql ] [ SQL ] SELECT `a`.*,`b`.`attrName` FROM `php_goods_attr` `a` LEFT JOIN `php_attr` `b` ON `a`.`attrId`=`b`.`id` WHERE  `a`.`goodsId` = '45'  AND `b`.`attrType` = 1 [ RunTime:0.001062s ]
[ sql ] [ SQL ] SELECT `a`.*,`b`.`attrName` FROM `php_goods_attr` `a` LEFT JOIN `php_attr` `b` ON `a`.`attrId`=`b`.`id` WHERE  `a`.`goodsId` = '45'  AND `b`.`attrType` = 2 [ RunTime:0.000294s ]
[ sql ] [ SQL ] SHOW COLUMNS FROM `php_goods_photos` [ RunTime:0.000907s ]
[ sql ] [ SQL ] SELECT `photo`,`smPhoto`,`mdPhoto`,`bigPhoto` FROM `php_goods_photos` WHERE  `goodsId` = 45 [ RunTime:0.000425s ]
---------------------------------------------------------------
[ 2018-08-16T05:55:21+08:00 ] 127.0.0.1 GET /static/Home/js/calendar/calendar.min.css
[ info ] www.myshop2.com/static/Home/js/calendar/calendar.min.css [运行时间：0.045121s][吞吐率：22.16req/s] [内存消耗：2,781.30kb] [文件加载：43]
[ info ] [ LANG ] K:\AMP\day\myshop2\thinkphp\lang\zh-cn.php
[ info ] [ ROUTE ] array (
  'type' => 'module',
  'module' => 
  array (
    0 => 'static',
    1 => 'Home',
    2 => 'js',
  ),
)
[ info ] [ HEADER ] array (
  'host' => 'www.myshop2.com',
  'connection' => 'keep-alive',
  'user-agent' => 'Mozilla/5.0 (Windows NT 10.0; Win64; x64) AppleWebKit/537.36 (KHTML, like Gecko) Chrome/68.0.3440.106 Safari/537.36',
  'accept' => 'text/css,*/*;q=0.1',
  'referer' => 'http://www.myshop2.com/goods/45',
  'accept-encoding' => 'gzip, deflate',
  'accept-language' => 'zh-CN,zh;q=0.9',
  'cookie' => 'cart=a%3A3%3A%7Bs%3A8%3A%2246-71%2C70%22%3Bs%3A1%3A%221%22%3Bs%3A8%3A%2245-46%2C42%22%3Bs%3A1%3A%221%22%3Bs%3A8%3A%2242-30%2C26%22%3Bi%3A1%3B%7D; PHPSESSID=b3ds7hmvaruo1qlmjl2kvh2th4; thinkphp_show_page_trace=0|0',
)
[ info ] [ PARAM ] array (
  'calendar' => 'calendar.min.css',
)
[ info ] [ LOG ] INIT File
---------------------------------------------------------------
[ 2018-08-16T05:55:21+08:00 ] 127.0.0.1 GET /static/Home/js/perfect-scrollbar/perfect-scrollbar.min.css
[ info ] www.myshop2.com/static/Home/js/perfect-scrollbar/perfect-scrollbar.min.css [运行时间：0.050294s][吞吐率：19.88req/s] [内存消耗：2,781.77kb] [文件加载：43]
[ info ] [ LANG ] K:\AMP\day\myshop2\thinkphp\lang\zh-cn.php
[ info ] [ ROUTE ] array (
  'type' => 'module',
  'module' => 
  array (
    0 => 'static',
    1 => 'Home',
    2 => 'js',
  ),
)
[ info ] [ HEADER ] array (
  'host' => 'www.myshop2.com',
  'connection' => 'keep-alive',
  'user-agent' => 'Mozilla/5.0 (Windows NT 10.0; Win64; x64) AppleWebKit/537.36 (KHTML, like Gecko) Chrome/68.0.3440.106 Safari/537.36',
  'accept' => 'text/css,*/*;q=0.1',
  'referer' => 'http://www.myshop2.com/goods/45',
  'accept-encoding' => 'gzip, deflate',
  'accept-language' => 'zh-CN,zh;q=0.9',
  'cookie' => 'cart=a%3A3%3A%7Bs%3A8%3A%2246-71%2C70%22%3Bs%3A1%3A%221%22%3Bs%3A8%3A%2245-46%2C42%22%3Bs%3A1%3A%221%22%3Bs%3A8%3A%2242-30%2C26%22%3Bi%3A1%3B%7D; PHPSESSID=b3ds7hmvaruo1qlmjl2kvh2th4; thinkphp_show_page_trace=0|0',
)
[ info ] [ PARAM ] array (
  'scrollbar' => 'perfect-scrollbar.min.css',
)
[ info ] [ LOG ] INIT File
---------------------------------------------------------------
[ 2018-08-16T05:55:21+08:00 ] 127.0.0.1 GET /static/Home/js/calendar.php?lang=
[ info ] www.myshop2.com/static/Home/js/calendar.php?lang= [运行时间：0.044924s][吞吐率：22.26req/s] [内存消耗：2,781.48kb] [文件加载：43]
[ info ] [ LANG ] K:\AMP\day\myshop2\thinkphp\lang\zh-cn.php
[ info ] [ ROUTE ] array (
  'type' => 'module',
  'module' => 
  array (
    0 => 'static',
    1 => 'Home',
    2 => 'js',
  ),
)
[ info ] [ HEADER ] array (
  'host' => 'www.myshop2.com',
  'connection' => 'keep-alive',
  'user-agent' => 'Mozilla/5.0 (Windows NT 10.0; Win64; x64) AppleWebKit/537.36 (KHTML, like Gecko) Chrome/68.0.3440.106 Safari/537.36',
  'accept' => '*/*',
  'referer' => 'http://www.myshop2.com/goods/45',
  'accept-encoding' => 'gzip, deflate',
  'accept-language' => 'zh-CN,zh;q=0.9',
  'cookie' => 'cart=a%3A3%3A%7Bs%3A8%3A%2246-71%2C70%22%3Bs%3A1%3A%221%22%3Bs%3A8%3A%2245-46%2C42%22%3Bs%3A1%3A%221%22%3Bs%3A8%3A%2242-30%2C26%22%3Bi%3A1%3B%7D; PHPSESSID=b3ds7hmvaruo1qlmjl2kvh2th4; thinkphp_show_page_trace=0|0',
)
[ info ] [ PARAM ] array (
  'lang' => '',
)
[ info ] [ LOG ] INIT File
---------------------------------------------------------------
[ 2018-08-16T05:55:21+08:00 ] 127.0.0.1 GET /static/Home/js/calendar/calendar.min.css
[ info ] www.myshop2.com/static/Home/js/calendar/calendar.min.css [运行时间：0.040764s][吞吐率：24.53req/s] [内存消耗：2,781.30kb] [文件加载：43]
[ info ] [ LANG ] K:\AMP\day\myshop2\thinkphp\lang\zh-cn.php
[ info ] [ ROUTE ] array (
  'type' => 'module',
  'module' => 
  array (
    0 => 'static',
    1 => 'Home',
    2 => 'js',
  ),
)
[ info ] [ HEADER ] array (
  'host' => 'www.myshop2.com',
  'connection' => 'keep-alive',
  'user-agent' => 'Mozilla/5.0 (Windows NT 10.0; Win64; x64) AppleWebKit/537.36 (KHTML, like Gecko) Chrome/68.0.3440.106 Safari/537.36',
  'accept' => 'text/css,*/*;q=0.1',
  'referer' => 'http://www.myshop2.com/goods/45',
  'accept-encoding' => 'gzip, deflate',
  'accept-language' => 'zh-CN,zh;q=0.9',
  'cookie' => 'cart=a%3A3%3A%7Bs%3A8%3A%2246-71%2C70%22%3Bs%3A1%3A%221%22%3Bs%3A8%3A%2245-46%2C42%22%3Bs%3A1%3A%221%22%3Bs%3A8%3A%2242-30%2C26%22%3Bi%3A1%3B%7D; PHPSESSID=b3ds7hmvaruo1qlmjl2kvh2th4; thinkphp_show_page_trace=0|0',
)
[ info ] [ PARAM ] array (
  'calendar' => 'calendar.min.css',
)
[ info ] [ LOG ] INIT File
---------------------------------------------------------------
[ 2018-08-16T05:55:21+08:00 ] 127.0.0.1 POST /getCartNum.html
[ info ] www.myshop2.com/getCartNum.html [运行时间：0.045897s][吞吐率：21.79req/s] [内存消耗：5,757.95kb] [文件加载：60]
[ info ] [ LANG ] K:\AMP\day\myshop2\thinkphp\lang\zh-cn.php
[ info ] [ ROUTE ] array (
  'type' => 'module',
  'module' => 
  array (
    0 => 'index',
    1 => 'flow',
    2 => 'getCartNum',
  ),
  'convert' => false,
)
[ info ] [ HEADER ] array (
  'host' => 'www.myshop2.com',
  'connection' => 'keep-alive',
  'content-length' => '0',
  'accept' => '*/*',
  'origin' => 'http://www.myshop2.com',
  'x-requested-with' => 'XMLHttpRequest',
  'user-agent' => 'Mozilla/5.0 (Windows NT 10.0; Win64; x64) AppleWebKit/537.36 (KHTML, like Gecko) Chrome/68.0.3440.106 Safari/537.36',
  'referer' => 'http://www.myshop2.com/goods/45',
  'accept-encoding' => 'gzip, deflate',
  'accept-language' => 'zh-CN,zh;q=0.9',
  'cookie' => 'cart=a%3A3%3A%7Bs%3A8%3A%2246-71%2C70%22%3Bs%3A1%3A%221%22%3Bs%3A8%3A%2245-46%2C42%22%3Bs%3A1%3A%221%22%3Bs%3A8%3A%2242-30%2C26%22%3Bi%3A1%3B%7D; PHPSESSID=b3ds7hmvaruo1qlmjl2kvh2th4; thinkphp_show_page_trace=0|0',
)
[ info ] [ PARAM ] array (
)
[ info ] [ CACHE ] INIT File
[ info ] [ DB ] INIT mysql
[ info ] [ RUN ] app\index\controller\Flow->getCartNum[ K:\AMP\day\myshop2\application\index\controller\Flow.php ]
[ info ] [ LOG ] INIT File
---------------------------------------------------------------
[ 2018-08-16T05:55:21+08:00 ] 127.0.0.1 POST /checkLogin.html
[ info ] www.myshop2.com/checkLogin.html [运行时间：0.073385s][吞吐率：13.63req/s] [内存消耗：5,889.66kb] [文件加载：61]
[ info ] [ LANG ] K:\AMP\day\myshop2\thinkphp\lang\zh-cn.php
[ info ] [ ROUTE ] array (
  'type' => 'module',
  'module' => 
  array (
    0 => 'member',
    1 => 'account',
    2 => 'checkLogin',
  ),
  'convert' => false,
)
[ info ] [ HEADER ] array (
  'host' => 'www.myshop2.com',
  'connection' => 'keep-alive',
  'content-length' => '0',
  'accept' => '*/*',
  'origin' => 'http://www.myshop2.com',
  'x-requested-with' => 'XMLHttpRequest',
  'user-agent' => 'Mozilla/5.0 (Windows NT 10.0; Win64; x64) AppleWebKit/537.36 (KHTML, like Gecko) Chrome/68.0.3440.106 Safari/537.36',
  'referer' => 'http://www.myshop2.com/goods/45',
  'accept-encoding' => 'gzip, deflate',
  'accept-language' => 'zh-CN,zh;q=0.9',
  'cookie' => 'cart=a%3A3%3A%7Bs%3A8%3A%2246-71%2C70%22%3Bs%3A1%3A%221%22%3Bs%3A8%3A%2245-46%2C42%22%3Bs%3A1%3A%221%22%3Bs%3A8%3A%2242-30%2C26%22%3Bi%3A1%3B%7D; PHPSESSID=b3ds7hmvaruo1qlmjl2kvh2th4; thinkphp_show_page_trace=0|0',
)
[ info ] [ PARAM ] array (
)
[ info ] [ CACHE ] INIT File
[ info ] [ DB ] INIT mysql
[ info ] [ RUN ] app\member\controller\Account->checkLogin[ K:\AMP\day\myshop2\application\member\controller\Account.php ]
[ info ] [ SESSION ] INIT array (
  'type' => 'Mysql',
  'auto_start' => true,
  'session_expire' => 3600,
  'session_prefix' => 'php_',
  'table_name' => 'session',
  'database' => 
  array (
    'hostname' => '127.0.0.1',
    'database' => 'myshop2',
    'username' => 'root',
    'password' => '123',
    'hostport' => '3306',
    'prefix' => 'php_',
    'charset' => 'utf8',
  ),
)
[ info ] [ DB ] INIT mysql
[ info ] [ LOG ] INIT File
[ sql ] [ DB ] CONNECT:[ UseTime:0.000983s ] mysql:host=127.0.0.1;port=3306;dbname=myshop2;charset=utf8
[ sql ] [ SQL ] SELECT session_data FROM php_session WHERE session_id = 'php_b3ds7hmvaruo1qlmjl2kvh2th4' AND session_expire > '1534370121' [ RunTime:0.003231s ]
---------------------------------------------------------------
[ 2018-08-16T05:55:21+08:00 ] 127.0.0.1 GET /static/Home/js/calendar.php?lang=
[ info ] www.myshop2.com/static/Home/js/calendar.php?lang= [运行时间：0.042356s][吞吐率：23.61req/s] [内存消耗：2,781.48kb] [文件加载：43]
[ info ] [ LANG ] K:\AMP\day\myshop2\thinkphp\lang\zh-cn.php
[ info ] [ ROUTE ] array (
  'type' => 'module',
  'module' => 
  array (
    0 => 'static',
    1 => 'Home',
    2 => 'js',
  ),
)
[ info ] [ HEADER ] array (
  'host' => 'www.myshop2.com',
  'connection' => 'keep-alive',
  'user-agent' => 'Mozilla/5.0 (Windows NT 10.0; Win64; x64) AppleWebKit/537.36 (KHTML, like Gecko) Chrome/68.0.3440.106 Safari/537.36',
  'accept' => '*/*',
  'referer' => 'http://www.myshop2.com/goods/45',
  'accept-encoding' => 'gzip, deflate',
  'accept-language' => 'zh-CN,zh;q=0.9',
  'cookie' => 'cart=a%3A3%3A%7Bs%3A8%3A%2246-71%2C70%22%3Bs%3A1%3A%221%22%3Bs%3A8%3A%2245-46%2C42%22%3Bs%3A1%3A%221%22%3Bs%3A8%3A%2242-30%2C26%22%3Bi%3A1%3B%7D; PHPSESSID=b3ds7hmvaruo1qlmjl2kvh2th4; thinkphp_show_page_trace=0|0',
)
[ info ] [ PARAM ] array (
  'lang' => '',
)
[ info ] [ LOG ] INIT File
---------------------------------------------------------------
[ 2018-08-16T05:55:21+08:00 ] 127.0.0.1 GET /static/Home/img/prompt/not-imp.png
[ info ] www.myshop2.com/static/Home/img/prompt/not-imp.png [运行时间：0.043195s][吞吐率：23.15req/s] [内存消耗：2,781.68kb] [文件加载：43]
[ info ] [ LANG ] K:\AMP\day\myshop2\thinkphp\lang\zh-cn.php
[ info ] [ ROUTE ] array (
  'type' => 'module',
  'module' => 
  array (
    0 => 'static',
    1 => 'Home',
    2 => 'img',
  ),
)
[ info ] [ HEADER ] array (
  'host' => 'www.myshop2.com',
  'connection' => 'keep-alive',
  'user-agent' => 'Mozilla/5.0 (Windows NT 10.0; Win64; x64) AppleWebKit/537.36 (KHTML, like Gecko) Chrome/68.0.3440.106 Safari/537.36',
  'accept' => 'image/webp,image/apng,image/*,*/*;q=0.8',
  'referer' => 'http://www.myshop2.com/static/Home/css/style.css',
  'accept-encoding' => 'gzip, deflate',
  'accept-language' => 'zh-CN,zh;q=0.9',
  'cookie' => 'cart=a%3A3%3A%7Bs%3A8%3A%2246-71%2C70%22%3Bs%3A1%3A%221%22%3Bs%3A8%3A%2245-46%2C42%22%3Bs%3A1%3A%221%22%3Bs%3A8%3A%2242-30%2C26%22%3Bi%3A1%3B%7D; PHPSESSID=b3ds7hmvaruo1qlmjl2kvh2th4; thinkphp_show_page_trace=0|0',
)
[ info ] [ PARAM ] array (
  'prompt' => 'not-imp.png',
)
[ info ] [ LOG ] INIT File
---------------------------------------------------------------
[ 2018-08-16T05:55:21+08:00 ] 127.0.0.1 GET /static/Home/img/summary-bg.jpg
[ info ] www.myshop2.com/static/Home/img/summary-bg.jpg [运行时间：0.044894s][吞吐率：22.27req/s] [内存消耗：2,780.70kb] [文件加载：43]
[ info ] [ LANG ] K:\AMP\day\myshop2\thinkphp\lang\zh-cn.php
[ info ] [ ROUTE ] array (
  'type' => 'module',
  'module' => 
  array (
    0 => 'static',
    1 => 'Home',
    2 => 'img',
  ),
)
[ info ] [ HEADER ] array (
  'host' => 'www.myshop2.com',
  'connection' => 'keep-alive',
  'user-agent' => 'Mozilla/5.0 (Windows NT 10.0; Win64; x64) AppleWebKit/537.36 (KHTML, like Gecko) Chrome/68.0.3440.106 Safari/537.36',
  'accept' => 'image/webp,image/apng,image/*,*/*;q=0.8',
  'referer' => 'http://www.myshop2.com/static/Home/css/style.css',
  'accept-encoding' => 'gzip, deflate',
  'accept-language' => 'zh-CN,zh;q=0.9',
  'cookie' => 'cart=a%3A3%3A%7Bs%3A8%3A%2246-71%2C70%22%3Bs%3A1%3A%221%22%3Bs%3A8%3A%2245-46%2C42%22%3Bs%3A1%3A%221%22%3Bs%3A8%3A%2242-30%2C26%22%3Bi%3A1%3B%7D; PHPSESSID=b3ds7hmvaruo1qlmjl2kvh2th4; thinkphp_show_page_trace=0|0',
)
[ info ] [ PARAM ] array (
)
[ info ] [ LOG ] INIT File
---------------------------------------------------------------
[ 2018-08-16T05:55:21+08:00 ] 127.0.0.1 GET /goods/45
[ info ] www.myshop2.com/goods/45 [运行时间：0.093566s][吞吐率：10.69req/s] [内存消耗：6,288.21kb] [文件加载：64]
[ info ] [ LANG ] K:\AMP\day\myshop2\thinkphp\lang\zh-cn.php
[ info ] [ ROUTE ] array (
  'type' => 'module',
  'module' => 
  array (
    0 => 'index',
    1 => 'goods',
    2 => 'index',
  ),
  'convert' => false,
)
[ info ] [ HEADER ] array (
  'host' => 'www.myshop2.com',
  'connection' => 'keep-alive',
  'user-agent' => 'Mozilla/5.0 (Windows NT 10.0; Win64; x64) AppleWebKit/537.36 (KHTML, like Gecko) Chrome/68.0.3440.106 Safari/537.36',
  'accept' => 'image/webp,image/apng,image/*,*/*;q=0.8',
  'referer' => 'http://www.myshop2.com/goods/45',
  'accept-encoding' => 'gzip, deflate',
  'accept-language' => 'zh-CN,zh;q=0.9',
  'cookie' => 'cart=a%3A3%3A%7Bs%3A8%3A%2246-71%2C70%22%3Bs%3A1%3A%221%22%3Bs%3A8%3A%2245-46%2C42%22%3Bs%3A1%3A%221%22%3Bs%3A8%3A%2242-30%2C26%22%3Bi%3A1%3B%7D; PHPSESSID=b3ds7hmvaruo1qlmjl2kvh2th4; thinkphp_show_page_trace=0|0',
)
[ info ] [ PARAM ] array (
  'id' => '45',
)
[ info ] [ CACHE ] INIT File
[ info ] [ DB ] INIT mysql
[ info ] [ RUN ] app\index\controller\Goods->index[ K:\AMP\day\myshop2\application\index\controller\Goods.php ]
[ info ] [ SESSION ] INIT array (
  'type' => 'Mysql',
  'auto_start' => true,
  'session_expire' => 3600,
  'session_prefix' => 'php_',
  'table_name' => 'session',
  'database' => 
  array (
    'hostname' => '127.0.0.1',
    'database' => 'myshop2',
    'username' => 'root',
    'password' => '123',
    'hostport' => '3306',
    'prefix' => 'php_',
    'charset' => 'utf8',
  ),
)
[ info ] [ DB ] INIT mysql
[ info ] [ VIEW ] K:\AMP\day\myshop2\public/../application/index\view\goods\index.html [ array (
  0 => 'navArr',
  1 => 'helpCateArr',
  2 => 'shopArtArr',
  3 => 'confArr',
  4 => 'foreCateArr',
  5 => 'showRight',
  6 => 'goodsData',
  7 => 'photoData',
  8 => 'radioAttr',
  9 => 'uniqueAttr',
) ]
[ info ] [ LOG ] INIT File
[ sql ] [ DB ] CONNECT:[ UseTime:0.001107s ] mysql:host=127.0.0.1;port=3306;dbname=myshop2;charset=utf8
[ sql ] [ SQL ] SHOW COLUMNS FROM `php_goods` [ RunTime:0.003501s ]
[ sql ] [ SQL ] SELECT * FROM `php_goods` WHERE  `id` = 45 LIMIT 1 [ RunTime:0.000498s ]
[ sql ] [ DB ] CONNECT:[ UseTime:0.001053s ] mysql:host=127.0.0.1;port=3306;dbname=myshop2;charset=utf8
[ sql ] [ SQL ] SELECT session_data FROM php_session WHERE session_id = 'php_b3ds7hmvaruo1qlmjl2kvh2th4' AND session_expire > '1534370121' [ RunTime:0.002466s ]
[ sql ] [ SQL ] SHOW COLUMNS FROM `php_goods_attr` [ RunTime:0.002320s ]
[ sql ] [ SQL ] SELECT `a`.*,`b`.`attrName` FROM `php_goods_attr` `a` LEFT JOIN `php_attr` `b` ON `a`.`attrId`=`b`.`id` WHERE  `a`.`goodsId` = '45'  AND `b`.`attrType` = 1 [ RunTime:0.000594s ]
[ sql ] [ SQL ] SELECT `a`.*,`b`.`attrName` FROM `php_goods_attr` `a` LEFT JOIN `php_attr` `b` ON `a`.`attrId`=`b`.`id` WHERE  `a`.`goodsId` = '45'  AND `b`.`attrType` = 2 [ RunTime:0.000289s ]
[ sql ] [ SQL ] SHOW COLUMNS FROM `php_goods_photos` [ RunTime:0.000631s ]
[ sql ] [ SQL ] SELECT `photo`,`smPhoto`,`mdPhoto`,`bigPhoto` FROM `php_goods_photos` WHERE  `goodsId` = 45 [ RunTime:0.000282s ]
---------------------------------------------------------------
[ 2018-08-16T05:55:27+08:00 ] 127.0.0.1 GET /static/Home/js/calendar/calendar.min.css
[ info ] www.myshop2.com/static/Home/js/calendar/calendar.min.css [运行时间：0.033307s][吞吐率：30.02req/s] [内存消耗：2,781.30kb] [文件加载：43]
[ info ] [ LANG ] K:\AMP\day\myshop2\thinkphp\lang\zh-cn.php
[ info ] [ ROUTE ] array (
  'type' => 'module',
  'module' => 
  array (
    0 => 'static',
    1 => 'Home',
    2 => 'js',
  ),
)
[ info ] [ HEADER ] array (
  'host' => 'www.myshop2.com',
  'connection' => 'keep-alive',
  'user-agent' => 'Mozilla/5.0 (Windows NT 10.0; Win64; x64) AppleWebKit/537.36 (KHTML, like Gecko) Chrome/68.0.3440.106 Safari/537.36',
  'accept' => 'text/css,*/*;q=0.1',
  'referer' => 'http://www.myshop2.com/goods/45',
  'accept-encoding' => 'gzip, deflate',
  'accept-language' => 'zh-CN,zh;q=0.9',
  'cookie' => 'cart=a%3A3%3A%7Bs%3A8%3A%2246-71%2C70%22%3Bs%3A1%3A%221%22%3Bs%3A8%3A%2245-46%2C42%22%3Bs%3A1%3A%221%22%3Bs%3A8%3A%2242-30%2C26%22%3Bi%3A1%3B%7D; PHPSESSID=b3ds7hmvaruo1qlmjl2kvh2th4; thinkphp_show_page_trace=0|0',
)
[ info ] [ PARAM ] array (
  'calendar' => 'calendar.min.css',
)
[ info ] [ LOG ] INIT File
---------------------------------------------------------------
[ 2018-08-16T05:55:27+08:00 ] 127.0.0.1 GET /static/Home/js/perfect-scrollbar/perfect-scrollbar.min.css
[ info ] www.myshop2.com/static/Home/js/perfect-scrollbar/perfect-scrollbar.min.css [运行时间：0.041401s][吞吐率：24.15req/s] [内存消耗：2,781.77kb] [文件加载：43]
[ info ] [ LANG ] K:\AMP\day\myshop2\thinkphp\lang\zh-cn.php
[ info ] [ ROUTE ] array (
  'type' => 'module',
  'module' => 
  array (
    0 => 'static',
    1 => 'Home',
    2 => 'js',
  ),
)
[ info ] [ HEADER ] array (
  'host' => 'www.myshop2.com',
  'connection' => 'keep-alive',
  'user-agent' => 'Mozilla/5.0 (Windows NT 10.0; Win64; x64) AppleWebKit/537.36 (KHTML, like Gecko) Chrome/68.0.3440.106 Safari/537.36',
  'accept' => 'text/css,*/*;q=0.1',
  'referer' => 'http://www.myshop2.com/goods/45',
  'accept-encoding' => 'gzip, deflate',
  'accept-language' => 'zh-CN,zh;q=0.9',
  'cookie' => 'cart=a%3A3%3A%7Bs%3A8%3A%2246-71%2C70%22%3Bs%3A1%3A%221%22%3Bs%3A8%3A%2245-46%2C42%22%3Bs%3A1%3A%221%22%3Bs%3A8%3A%2242-30%2C26%22%3Bi%3A1%3B%7D; PHPSESSID=b3ds7hmvaruo1qlmjl2kvh2th4; thinkphp_show_page_trace=0|0',
)
[ info ] [ PARAM ] array (
  'scrollbar' => 'perfect-scrollbar.min.css',
)
[ info ] [ LOG ] INIT File
---------------------------------------------------------------
[ 2018-08-16T06:23:18+08:00 ] 127.0.0.1 GET /goods/45
[ info ] www.myshop2.com/goods/45 [运行时间：0.069945s][吞吐率：14.30req/s] [内存消耗：6,288.49kb] [文件加载：64]
[ info ] [ LANG ] K:\AMP\day\myshop2\thinkphp\lang\zh-cn.php
[ info ] [ ROUTE ] array (
  'type' => 'module',
  'module' => 
  array (
    0 => 'index',
    1 => 'goods',
    2 => 'index',
  ),
  'convert' => false,
)
[ info ] [ HEADER ] array (
  'host' => 'www.myshop2.com',
  'connection' => 'keep-alive',
  'upgrade-insecure-requests' => '1',
  'user-agent' => 'Mozilla/5.0 (Windows NT 10.0; Win64; x64) AppleWebKit/537.36 (KHTML, like Gecko) Chrome/68.0.3440.106 Safari/537.36',
  'accept' => 'text/html,application/xhtml+xml,application/xml;q=0.9,image/webp,image/apng,*/*;q=0.8',
  'accept-encoding' => 'gzip, deflate',
  'accept-language' => 'zh-CN,zh;q=0.9',
  'cookie' => 'thinkphp_show_page_trace=0|0; cart=a%3A3%3A%7Bs%3A8%3A%2246-71%2C70%22%3Bs%3A1%3A%221%22%3Bs%3A8%3A%2245-46%2C42%22%3Bs%3A1%3A%221%22%3Bs%3A8%3A%2242-30%2C26%22%3Bi%3A1%3B%7D; PHPSESSID=b3ds7hmvaruo1qlmjl2kvh2th4; thinkphp_show_page_trace=0|0',
)
[ info ] [ PARAM ] array (
  'id' => '45',
)
[ info ] [ CACHE ] INIT File
[ info ] [ DB ] INIT mysql
[ info ] [ RUN ] app\index\controller\Goods->index[ K:\AMP\day\myshop2\application\index\controller\Goods.php ]
[ info ] [ SESSION ] INIT array (
  'type' => 'Mysql',
  'auto_start' => true,
  'session_expire' => 3600,
  'session_prefix' => 'php_',
  'table_name' => 'session',
  'database' => 
  array (
    'hostname' => '127.0.0.1',
    'database' => 'myshop2',
    'username' => 'root',
    'password' => '123',
    'hostport' => '3306',
    'prefix' => 'php_',
    'charset' => 'utf8',
  ),
)
[ info ] [ DB ] INIT mysql
[ info ] [ VIEW ] K:\AMP\day\myshop2\public/../application/index\view\goods\index.html [ array (
  0 => 'navArr',
  1 => 'helpCateArr',
  2 => 'shopArtArr',
  3 => 'confArr',
  4 => 'foreCateArr',
  5 => 'showRight',
  6 => 'goodsData',
  7 => 'photoData',
  8 => 'radioAttr',
  9 => 'uniqueAttr',
) ]
[ info ] [ LOG ] INIT File
[ sql ] [ DB ] CONNECT:[ UseTime:0.001359s ] mysql:host=127.0.0.1;port=3306;dbname=myshop2;charset=utf8
[ sql ] [ SQL ] SHOW COLUMNS FROM `php_goods` [ RunTime:0.002657s ]
[ sql ] [ SQL ] SELECT * FROM `php_goods` WHERE  `id` = 45 LIMIT 1 [ RunTime:0.000464s ]
[ sql ] [ DB ] CONNECT:[ UseTime:0.000722s ] mysql:host=127.0.0.1;port=3306;dbname=myshop2;charset=utf8
[ sql ] [ SQL ] SELECT session_data FROM php_session WHERE session_id = 'php_b3ds7hmvaruo1qlmjl2kvh2th4' AND session_expire > '1534371798' [ RunTime:0.001878s ]
[ sql ] [ SQL ] SHOW COLUMNS FROM `php_goods_attr` [ RunTime:0.002204s ]
[ sql ] [ SQL ] SELECT `a`.*,`b`.`attrName` FROM `php_goods_attr` `a` LEFT JOIN `php_attr` `b` ON `a`.`attrId`=`b`.`id` WHERE  `a`.`goodsId` = '45'  AND `b`.`attrType` = 1 [ RunTime:0.000544s ]
[ sql ] [ SQL ] SELECT `a`.*,`b`.`attrName` FROM `php_goods_attr` `a` LEFT JOIN `php_attr` `b` ON `a`.`attrId`=`b`.`id` WHERE  `a`.`goodsId` = '45'  AND `b`.`attrType` = 2 [ RunTime:0.000309s ]
[ sql ] [ SQL ] SHOW COLUMNS FROM `php_goods_photos` [ RunTime:0.000849s ]
[ sql ] [ SQL ] SELECT `photo`,`smPhoto`,`mdPhoto`,`bigPhoto` FROM `php_goods_photos` WHERE  `goodsId` = 45 [ RunTime:0.000281s ]
---------------------------------------------------------------
[ 2018-08-16T06:23:19+08:00 ] 127.0.0.1 GET /static/Home/js/calendar/calendar.min.css
[ info ] www.myshop2.com/static/Home/js/calendar/calendar.min.css [运行时间：0.040098s][吞吐率：24.94req/s] [内存消耗：2,781.30kb] [文件加载：43]
[ info ] [ LANG ] K:\AMP\day\myshop2\thinkphp\lang\zh-cn.php
[ info ] [ ROUTE ] array (
  'type' => 'module',
  'module' => 
  array (
    0 => 'static',
    1 => 'Home',
    2 => 'js',
  ),
)
[ info ] [ HEADER ] array (
  'host' => 'www.myshop2.com',
  'connection' => 'keep-alive',
  'user-agent' => 'Mozilla/5.0 (Windows NT 10.0; Win64; x64) AppleWebKit/537.36 (KHTML, like Gecko) Chrome/68.0.3440.106 Safari/537.36',
  'accept' => 'text/css,*/*;q=0.1',
  'referer' => 'http://www.myshop2.com/goods/45',
  'accept-encoding' => 'gzip, deflate',
  'accept-language' => 'zh-CN,zh;q=0.9',
  'cookie' => 'cart=a%3A3%3A%7Bs%3A8%3A%2246-71%2C70%22%3Bs%3A1%3A%221%22%3Bs%3A8%3A%2245-46%2C42%22%3Bs%3A1%3A%221%22%3Bs%3A8%3A%2242-30%2C26%22%3Bi%3A1%3B%7D; PHPSESSID=b3ds7hmvaruo1qlmjl2kvh2th4; thinkphp_show_page_trace=0|0',
)
[ info ] [ PARAM ] array (
  'calendar' => 'calendar.min.css',
)
[ info ] [ LOG ] INIT File
---------------------------------------------------------------
[ 2018-08-16T06:23:19+08:00 ] 127.0.0.1 GET /static/Home/js/perfect-scrollbar/perfect-scrollbar.min.css
[ info ] www.myshop2.com/static/Home/js/perfect-scrollbar/perfect-scrollbar.min.css [运行时间：0.040413s][吞吐率：24.74req/s] [内存消耗：2,781.77kb] [文件加载：43]
[ info ] [ LANG ] K:\AMP\day\myshop2\thinkphp\lang\zh-cn.php
[ info ] [ ROUTE ] array (
  'type' => 'module',
  'module' => 
  array (
    0 => 'static',
    1 => 'Home',
    2 => 'js',
  ),
)
[ info ] [ HEADER ] array (
  'host' => 'www.myshop2.com',
  'connection' => 'keep-alive',
  'user-agent' => 'Mozilla/5.0 (Windows NT 10.0; Win64; x64) AppleWebKit/537.36 (KHTML, like Gecko) Chrome/68.0.3440.106 Safari/537.36',
  'accept' => 'text/css,*/*;q=0.1',
  'referer' => 'http://www.myshop2.com/goods/45',
  'accept-encoding' => 'gzip, deflate',
  'accept-language' => 'zh-CN,zh;q=0.9',
  'cookie' => 'cart=a%3A3%3A%7Bs%3A8%3A%2246-71%2C70%22%3Bs%3A1%3A%221%22%3Bs%3A8%3A%2245-46%2C42%22%3Bs%3A1%3A%221%22%3Bs%3A8%3A%2242-30%2C26%22%3Bi%3A1%3B%7D; PHPSESSID=b3ds7hmvaruo1qlmjl2kvh2th4; thinkphp_show_page_trace=0|0',
)
[ info ] [ PARAM ] array (
  'scrollbar' => 'perfect-scrollbar.min.css',
)
[ info ] [ LOG ] INIT File
---------------------------------------------------------------
[ 2018-08-16T06:23:19+08:00 ] 127.0.0.1 GET /static/Home/js/calendar/calendar.min.css
[ info ] www.myshop2.com/static/Home/js/calendar/calendar.min.css [运行时间：0.038862s][吞吐率：25.73req/s] [内存消耗：2,781.30kb] [文件加载：43]
[ info ] [ LANG ] K:\AMP\day\myshop2\thinkphp\lang\zh-cn.php
[ info ] [ ROUTE ] array (
  'type' => 'module',
  'module' => 
  array (
    0 => 'static',
    1 => 'Home',
    2 => 'js',
  ),
)
[ info ] [ HEADER ] array (
  'host' => 'www.myshop2.com',
  'connection' => 'keep-alive',
  'user-agent' => 'Mozilla/5.0 (Windows NT 10.0; Win64; x64) AppleWebKit/537.36 (KHTML, like Gecko) Chrome/68.0.3440.106 Safari/537.36',
  'accept' => 'text/css,*/*;q=0.1',
  'referer' => 'http://www.myshop2.com/goods/45',
  'accept-encoding' => 'gzip, deflate',
  'accept-language' => 'zh-CN,zh;q=0.9',
  'cookie' => 'cart=a%3A3%3A%7Bs%3A8%3A%2246-71%2C70%22%3Bs%3A1%3A%221%22%3Bs%3A8%3A%2245-46%2C42%22%3Bs%3A1%3A%221%22%3Bs%3A8%3A%2242-30%2C26%22%3Bi%3A1%3B%7D; PHPSESSID=b3ds7hmvaruo1qlmjl2kvh2th4; thinkphp_show_page_trace=0|0',
)
[ info ] [ PARAM ] array (
  'calendar' => 'calendar.min.css',
)
[ info ] [ LOG ] INIT File
---------------------------------------------------------------
[ 2018-08-16T06:23:19+08:00 ] 127.0.0.1 GET /static/Home/js/perfect-scrollbar/perfect-scrollbar.min.css
[ info ] www.myshop2.com/static/Home/js/perfect-scrollbar/perfect-scrollbar.min.css [运行时间：0.041455s][吞吐率：24.12req/s] [内存消耗：2,781.77kb] [文件加载：43]
[ info ] [ LANG ] K:\AMP\day\myshop2\thinkphp\lang\zh-cn.php
[ info ] [ ROUTE ] array (
  'type' => 'module',
  'module' => 
  array (
    0 => 'static',
    1 => 'Home',
    2 => 'js',
  ),
)
[ info ] [ HEADER ] array (
  'host' => 'www.myshop2.com',
  'connection' => 'keep-alive',
  'user-agent' => 'Mozilla/5.0 (Windows NT 10.0; Win64; x64) AppleWebKit/537.36 (KHTML, like Gecko) Chrome/68.0.3440.106 Safari/537.36',
  'accept' => 'text/css,*/*;q=0.1',
  'referer' => 'http://www.myshop2.com/goods/45',
  'accept-encoding' => 'gzip, deflate',
  'accept-language' => 'zh-CN,zh;q=0.9',
  'cookie' => 'cart=a%3A3%3A%7Bs%3A8%3A%2246-71%2C70%22%3Bs%3A1%3A%221%22%3Bs%3A8%3A%2245-46%2C42%22%3Bs%3A1%3A%221%22%3Bs%3A8%3A%2242-30%2C26%22%3Bi%3A1%3B%7D; PHPSESSID=b3ds7hmvaruo1qlmjl2kvh2th4; thinkphp_show_page_trace=0|0',
)
[ info ] [ PARAM ] array (
  'scrollbar' => 'perfect-scrollbar.min.css',
)
[ info ] [ LOG ] INIT File
---------------------------------------------------------------
[ 2018-08-16T06:23:19+08:00 ] 127.0.0.1 GET /static/Home/js/calendar.php?lang=
[ info ] www.myshop2.com/static/Home/js/calendar.php?lang= [运行时间：0.040988s][吞吐率：24.40req/s] [内存消耗：2,781.48kb] [文件加载：43]
[ info ] [ LANG ] K:\AMP\day\myshop2\thinkphp\lang\zh-cn.php
[ info ] [ ROUTE ] array (
  'type' => 'module',
  'module' => 
  array (
    0 => 'static',
    1 => 'Home',
    2 => 'js',
  ),
)
[ info ] [ HEADER ] array (
  'host' => 'www.myshop2.com',
  'connection' => 'keep-alive',
  'user-agent' => 'Mozilla/5.0 (Windows NT 10.0; Win64; x64) AppleWebKit/537.36 (KHTML, like Gecko) Chrome/68.0.3440.106 Safari/537.36',
  'accept' => '*/*',
  'referer' => 'http://www.myshop2.com/goods/45',
  'accept-encoding' => 'gzip, deflate',
  'accept-language' => 'zh-CN,zh;q=0.9',
  'cookie' => 'cart=a%3A3%3A%7Bs%3A8%3A%2246-71%2C70%22%3Bs%3A1%3A%221%22%3Bs%3A8%3A%2245-46%2C42%22%3Bs%3A1%3A%221%22%3Bs%3A8%3A%2242-30%2C26%22%3Bi%3A1%3B%7D; PHPSESSID=b3ds7hmvaruo1qlmjl2kvh2th4; thinkphp_show_page_trace=0|0',
)
[ info ] [ PARAM ] array (
  'lang' => '',
)
[ info ] [ LOG ] INIT File
---------------------------------------------------------------
[ 2018-08-16T06:23:19+08:00 ] 127.0.0.1 POST /checkLogin.html
[ info ] www.myshop2.com/checkLogin.html [运行时间：0.048922s][吞吐率：20.44req/s] [内存消耗：5,889.66kb] [文件加载：61]
[ info ] [ LANG ] K:\AMP\day\myshop2\thinkphp\lang\zh-cn.php
[ info ] [ ROUTE ] array (
  'type' => 'module',
  'module' => 
  array (
    0 => 'member',
    1 => 'account',
    2 => 'checkLogin',
  ),
  'convert' => false,
)
[ info ] [ HEADER ] array (
  'host' => 'www.myshop2.com',
  'connection' => 'keep-alive',
  'content-length' => '0',
  'accept' => '*/*',
  'origin' => 'http://www.myshop2.com',
  'x-requested-with' => 'XMLHttpRequest',
  'user-agent' => 'Mozilla/5.0 (Windows NT 10.0; Win64; x64) AppleWebKit/537.36 (KHTML, like Gecko) Chrome/68.0.3440.106 Safari/537.36',
  'referer' => 'http://www.myshop2.com/goods/45',
  'accept-encoding' => 'gzip, deflate',
  'accept-language' => 'zh-CN,zh;q=0.9',
  'cookie' => 'cart=a%3A3%3A%7Bs%3A8%3A%2246-71%2C70%22%3Bs%3A1%3A%221%22%3Bs%3A8%3A%2245-46%2C42%22%3Bs%3A1%3A%221%22%3Bs%3A8%3A%2242-30%2C26%22%3Bi%3A1%3B%7D; PHPSESSID=b3ds7hmvaruo1qlmjl2kvh2th4; thinkphp_show_page_trace=0|0',
)
[ info ] [ PARAM ] array (
)
[ info ] [ CACHE ] INIT File
[ info ] [ DB ] INIT mysql
[ info ] [ RUN ] app\member\controller\Account->checkLogin[ K:\AMP\day\myshop2\application\member\controller\Account.php ]
[ info ] [ SESSION ] INIT array (
  'type' => 'Mysql',
  'auto_start' => true,
  'session_expire' => 3600,
  'session_prefix' => 'php_',
  'table_name' => 'session',
  'database' => 
  array (
    'hostname' => '127.0.0.1',
    'database' => 'myshop2',
    'username' => 'root',
    'password' => '123',
    'hostport' => '3306',
    'prefix' => 'php_',
    'charset' => 'utf8',
  ),
)
[ info ] [ DB ] INIT mysql
[ info ] [ LOG ] INIT File
[ sql ] [ DB ] CONNECT:[ UseTime:0.000953s ] mysql:host=127.0.0.1;port=3306;dbname=myshop2;charset=utf8
[ sql ] [ SQL ] SELECT session_data FROM php_session WHERE session_id = 'php_b3ds7hmvaruo1qlmjl2kvh2th4' AND session_expire > '1534371799' [ RunTime:0.002034s ]
---------------------------------------------------------------
[ 2018-08-16T06:23:19+08:00 ] 127.0.0.1 POST /getCartNum.html
[ info ] www.myshop2.com/getCartNum.html [运行时间：0.047846s][吞吐率：20.90req/s] [内存消耗：5,757.95kb] [文件加载：60]
[ info ] [ LANG ] K:\AMP\day\myshop2\thinkphp\lang\zh-cn.php
[ info ] [ ROUTE ] array (
  'type' => 'module',
  'module' => 
  array (
    0 => 'index',
    1 => 'flow',
    2 => 'getCartNum',
  ),
  'convert' => false,
)
[ info ] [ HEADER ] array (
  'host' => 'www.myshop2.com',
  'connection' => 'keep-alive',
  'content-length' => '0',
  'accept' => '*/*',
  'origin' => 'http://www.myshop2.com',
  'x-requested-with' => 'XMLHttpRequest',
  'user-agent' => 'Mozilla/5.0 (Windows NT 10.0; Win64; x64) AppleWebKit/537.36 (KHTML, like Gecko) Chrome/68.0.3440.106 Safari/537.36',
  'referer' => 'http://www.myshop2.com/goods/45',
  'accept-encoding' => 'gzip, deflate',
  'accept-language' => 'zh-CN,zh;q=0.9',
  'cookie' => 'cart=a%3A3%3A%7Bs%3A8%3A%2246-71%2C70%22%3Bs%3A1%3A%221%22%3Bs%3A8%3A%2245-46%2C42%22%3Bs%3A1%3A%221%22%3Bs%3A8%3A%2242-30%2C26%22%3Bi%3A1%3B%7D; PHPSESSID=b3ds7hmvaruo1qlmjl2kvh2th4; thinkphp_show_page_trace=0|0',
)
[ info ] [ PARAM ] array (
)
[ info ] [ CACHE ] INIT File
[ info ] [ DB ] INIT mysql
[ info ] [ RUN ] app\index\controller\Flow->getCartNum[ K:\AMP\day\myshop2\application\index\controller\Flow.php ]
[ info ] [ LOG ] INIT File
---------------------------------------------------------------
[ 2018-08-16T06:23:19+08:00 ] 127.0.0.1 GET /static/Home/img/summary-bg.jpg
[ info ] www.myshop2.com/static/Home/img/summary-bg.jpg [运行时间：0.032629s][吞吐率：30.65req/s] [内存消耗：2,780.70kb] [文件加载：43]
[ info ] [ LANG ] K:\AMP\day\myshop2\thinkphp\lang\zh-cn.php
[ info ] [ ROUTE ] array (
  'type' => 'module',
  'module' => 
  array (
    0 => 'static',
    1 => 'Home',
    2 => 'img',
  ),
)
[ info ] [ HEADER ] array (
  'host' => 'www.myshop2.com',
  'connection' => 'keep-alive',
  'user-agent' => 'Mozilla/5.0 (Windows NT 10.0; Win64; x64) AppleWebKit/537.36 (KHTML, like Gecko) Chrome/68.0.3440.106 Safari/537.36',
  'accept' => 'image/webp,image/apng,image/*,*/*;q=0.8',
  'referer' => 'http://www.myshop2.com/static/Home/css/style.css',
  'accept-encoding' => 'gzip, deflate',
  'accept-language' => 'zh-CN,zh;q=0.9',
  'cookie' => 'cart=a%3A3%3A%7Bs%3A8%3A%2246-71%2C70%22%3Bs%3A1%3A%221%22%3Bs%3A8%3A%2245-46%2C42%22%3Bs%3A1%3A%221%22%3Bs%3A8%3A%2242-30%2C26%22%3Bi%3A1%3B%7D; PHPSESSID=b3ds7hmvaruo1qlmjl2kvh2th4; thinkphp_show_page_trace=0|0',
)
[ info ] [ PARAM ] array (
)
[ info ] [ LOG ] INIT File
---------------------------------------------------------------
[ 2018-08-16T06:23:19+08:00 ] 127.0.0.1 GET /static/Home/img/prompt/not-imp.png
[ info ] www.myshop2.com/static/Home/img/prompt/not-imp.png [运行时间：0.026031s][吞吐率：38.42req/s] [内存消耗：2,781.68kb] [文件加载：43]
[ info ] [ LANG ] K:\AMP\day\myshop2\thinkphp\lang\zh-cn.php
[ info ] [ ROUTE ] array (
  'type' => 'module',
  'module' => 
  array (
    0 => 'static',
    1 => 'Home',
    2 => 'img',
  ),
)
[ info ] [ HEADER ] array (
  'host' => 'www.myshop2.com',
  'connection' => 'keep-alive',
  'user-agent' => 'Mozilla/5.0 (Windows NT 10.0; Win64; x64) AppleWebKit/537.36 (KHTML, like Gecko) Chrome/68.0.3440.106 Safari/537.36',
  'accept' => 'image/webp,image/apng,image/*,*/*;q=0.8',
  'referer' => 'http://www.myshop2.com/static/Home/css/style.css',
  'accept-encoding' => 'gzip, deflate',
  'accept-language' => 'zh-CN,zh;q=0.9',
  'cookie' => 'cart=a%3A3%3A%7Bs%3A8%3A%2246-71%2C70%22%3Bs%3A1%3A%221%22%3Bs%3A8%3A%2245-46%2C42%22%3Bs%3A1%3A%221%22%3Bs%3A8%3A%2242-30%2C26%22%3Bi%3A1%3B%7D; PHPSESSID=b3ds7hmvaruo1qlmjl2kvh2th4; thinkphp_show_page_trace=0|0',
)
[ info ] [ PARAM ] array (
  'prompt' => 'not-imp.png',
)
[ info ] [ LOG ] INIT File
---------------------------------------------------------------
[ 2018-08-16T06:23:19+08:00 ] 127.0.0.1 GET /static/Home/js/calendar.php?lang=
[ info ] www.myshop2.com/static/Home/js/calendar.php?lang= [运行时间：0.026343s][吞吐率：37.96req/s] [内存消耗：2,781.48kb] [文件加载：43]
[ info ] [ LANG ] K:\AMP\day\myshop2\thinkphp\lang\zh-cn.php
[ info ] [ ROUTE ] array (
  'type' => 'module',
  'module' => 
  array (
    0 => 'static',
    1 => 'Home',
    2 => 'js',
  ),
)
[ info ] [ HEADER ] array (
  'host' => 'www.myshop2.com',
  'connection' => 'keep-alive',
  'user-agent' => 'Mozilla/5.0 (Windows NT 10.0; Win64; x64) AppleWebKit/537.36 (KHTML, like Gecko) Chrome/68.0.3440.106 Safari/537.36',
  'accept' => '*/*',
  'referer' => 'http://www.myshop2.com/goods/45',
  'accept-encoding' => 'gzip, deflate',
  'accept-language' => 'zh-CN,zh;q=0.9',
  'cookie' => 'cart=a%3A3%3A%7Bs%3A8%3A%2246-71%2C70%22%3Bs%3A1%3A%221%22%3Bs%3A8%3A%2245-46%2C42%22%3Bs%3A1%3A%221%22%3Bs%3A8%3A%2242-30%2C26%22%3Bi%3A1%3B%7D; PHPSESSID=b3ds7hmvaruo1qlmjl2kvh2th4; thinkphp_show_page_trace=0|0',
)
[ info ] [ PARAM ] array (
  'lang' => '',
)
[ info ] [ LOG ] INIT File
---------------------------------------------------------------
[ 2018-08-16T06:23:19+08:00 ] 127.0.0.1 GET /goods/45
[ info ] www.myshop2.com/goods/45 [运行时间：0.099348s][吞吐率：10.07req/s] [内存消耗：6,288.55kb] [文件加载：64]
[ info ] [ LANG ] K:\AMP\day\myshop2\thinkphp\lang\zh-cn.php
[ info ] [ ROUTE ] array (
  'type' => 'module',
  'module' => 
  array (
    0 => 'index',
    1 => 'goods',
    2 => 'index',
  ),
  'convert' => false,
)
[ info ] [ HEADER ] array (
  'host' => 'www.myshop2.com',
  'connection' => 'keep-alive',
  'user-agent' => 'Mozilla/5.0 (Windows NT 10.0; Win64; x64) AppleWebKit/537.36 (KHTML, like Gecko) Chrome/68.0.3440.106 Safari/537.36',
  'accept' => 'image/webp,image/apng,image/*,*/*;q=0.8',
  'referer' => 'http://www.myshop2.com/goods/45',
  'accept-encoding' => 'gzip, deflate',
  'accept-language' => 'zh-CN,zh;q=0.9',
  'cookie' => 'thinkphp_show_page_trace=0|0; cart=a%3A3%3A%7Bs%3A8%3A%2246-71%2C70%22%3Bs%3A1%3A%221%22%3Bs%3A8%3A%2245-46%2C42%22%3Bs%3A1%3A%221%22%3Bs%3A8%3A%2242-30%2C26%22%3Bi%3A1%3B%7D; PHPSESSID=b3ds7hmvaruo1qlmjl2kvh2th4; thinkphp_show_page_trace=0|0',
)
[ info ] [ PARAM ] array (
  'id' => '45',
)
[ info ] [ CACHE ] INIT File
[ info ] [ DB ] INIT mysql
[ info ] [ RUN ] app\index\controller\Goods->index[ K:\AMP\day\myshop2\application\index\controller\Goods.php ]
[ info ] [ SESSION ] INIT array (
  'type' => 'Mysql',
  'auto_start' => true,
  'session_expire' => 3600,
  'session_prefix' => 'php_',
  'table_name' => 'session',
  'database' => 
  array (
    'hostname' => '127.0.0.1',
    'database' => 'myshop2',
    'username' => 'root',
    'password' => '123',
    'hostport' => '3306',
    'prefix' => 'php_',
    'charset' => 'utf8',
  ),
)
[ info ] [ DB ] INIT mysql
[ info ] [ VIEW ] K:\AMP\day\myshop2\public/../application/index\view\goods\index.html [ array (
  0 => 'navArr',
  1 => 'helpCateArr',
  2 => 'shopArtArr',
  3 => 'confArr',
  4 => 'foreCateArr',
  5 => 'showRight',
  6 => 'goodsData',
  7 => 'photoData',
  8 => 'radioAttr',
  9 => 'uniqueAttr',
) ]
[ info ] [ LOG ] INIT File
[ sql ] [ DB ] CONNECT:[ UseTime:0.001163s ] mysql:host=127.0.0.1;port=3306;dbname=myshop2;charset=utf8
[ sql ] [ SQL ] SHOW COLUMNS FROM `php_goods` [ RunTime:0.003809s ]
[ sql ] [ SQL ] SELECT * FROM `php_goods` WHERE  `id` = 45 LIMIT 1 [ RunTime:0.000506s ]
[ sql ] [ DB ] CONNECT:[ UseTime:0.000846s ] mysql:host=127.0.0.1;port=3306;dbname=myshop2;charset=utf8
[ sql ] [ SQL ] SELECT session_data FROM php_session WHERE session_id = 'php_b3ds7hmvaruo1qlmjl2kvh2th4' AND session_expire > '1534371799' [ RunTime:0.002634s ]
[ sql ] [ SQL ] SHOW COLUMNS FROM `php_goods_attr` [ RunTime:0.003037s ]
[ sql ] [ SQL ] SELECT `a`.*,`b`.`attrName` FROM `php_goods_attr` `a` LEFT JOIN `php_attr` `b` ON `a`.`attrId`=`b`.`id` WHERE  `a`.`goodsId` = '45'  AND `b`.`attrType` = 1 [ RunTime:0.000995s ]
[ sql ] [ SQL ] SELECT `a`.*,`b`.`attrName` FROM `php_goods_attr` `a` LEFT JOIN `php_attr` `b` ON `a`.`attrId`=`b`.`id` WHERE  `a`.`goodsId` = '45'  AND `b`.`attrType` = 2 [ RunTime:0.000640s ]
[ sql ] [ SQL ] SHOW COLUMNS FROM `php_goods_photos` [ RunTime:0.000890s ]
[ sql ] [ SQL ] SELECT `photo`,`smPhoto`,`mdPhoto`,`bigPhoto` FROM `php_goods_photos` WHERE  `goodsId` = 45 [ RunTime:0.000435s ]
---------------------------------------------------------------
[ 2018-08-16T06:23:22+08:00 ] 127.0.0.1 GET /static/Home/js/perfect-scrollbar/perfect-scrollbar.min.css
[ info ] www.myshop2.com/static/Home/js/perfect-scrollbar/perfect-scrollbar.min.css [运行时间：0.025973s][吞吐率：38.50req/s] [内存消耗：2,781.77kb] [文件加载：43]
[ info ] [ LANG ] K:\AMP\day\myshop2\thinkphp\lang\zh-cn.php
[ info ] [ ROUTE ] array (
  'type' => 'module',
  'module' => 
  array (
    0 => 'static',
    1 => 'Home',
    2 => 'js',
  ),
)
[ info ] [ HEADER ] array (
  'host' => 'www.myshop2.com',
  'connection' => 'keep-alive',
  'user-agent' => 'Mozilla/5.0 (Windows NT 10.0; Win64; x64) AppleWebKit/537.36 (KHTML, like Gecko) Chrome/68.0.3440.106 Safari/537.36',
  'accept' => 'text/css,*/*;q=0.1',
  'referer' => 'http://www.myshop2.com/goods/45',
  'accept-encoding' => 'gzip, deflate',
  'accept-language' => 'zh-CN,zh;q=0.9',
  'cookie' => 'cart=a%3A3%3A%7Bs%3A8%3A%2246-71%2C70%22%3Bs%3A1%3A%221%22%3Bs%3A8%3A%2245-46%2C42%22%3Bs%3A1%3A%221%22%3Bs%3A8%3A%2242-30%2C26%22%3Bi%3A1%3B%7D; PHPSESSID=b3ds7hmvaruo1qlmjl2kvh2th4; thinkphp_show_page_trace=0|0',
)
[ info ] [ PARAM ] array (
  'scrollbar' => 'perfect-scrollbar.min.css',
)
[ info ] [ LOG ] INIT File
---------------------------------------------------------------
[ 2018-08-16T06:23:22+08:00 ] 127.0.0.1 GET /static/Home/js/calendar/calendar.min.css
[ info ] www.myshop2.com/static/Home/js/calendar/calendar.min.css [运行时间：0.030483s][吞吐率：32.81req/s] [内存消耗：2,781.30kb] [文件加载：43]
[ info ] [ LANG ] K:\AMP\day\myshop2\thinkphp\lang\zh-cn.php
[ info ] [ ROUTE ] array (
  'type' => 'module',
  'module' => 
  array (
    0 => 'static',
    1 => 'Home',
    2 => 'js',
  ),
)
[ info ] [ HEADER ] array (
  'host' => 'www.myshop2.com',
  'connection' => 'keep-alive',
  'user-agent' => 'Mozilla/5.0 (Windows NT 10.0; Win64; x64) AppleWebKit/537.36 (KHTML, like Gecko) Chrome/68.0.3440.106 Safari/537.36',
  'accept' => 'text/css,*/*;q=0.1',
  'referer' => 'http://www.myshop2.com/goods/45',
  'accept-encoding' => 'gzip, deflate',
  'accept-language' => 'zh-CN,zh;q=0.9',
  'cookie' => 'cart=a%3A3%3A%7Bs%3A8%3A%2246-71%2C70%22%3Bs%3A1%3A%221%22%3Bs%3A8%3A%2245-46%2C42%22%3Bs%3A1%3A%221%22%3Bs%3A8%3A%2242-30%2C26%22%3Bi%3A1%3B%7D; PHPSESSID=b3ds7hmvaruo1qlmjl2kvh2th4; thinkphp_show_page_trace=0|0',
)
[ info ] [ PARAM ] array (
  'calendar' => 'calendar.min.css',
)
[ info ] [ LOG ] INIT File
---------------------------------------------------------------
[ 2018-08-16T14:48:17+08:00 ] 127.0.0.1 GET /xm112111448
[ info ] www.myshop2.com/xm112111448 [运行时间：0.137273s][吞吐率：7.28req/s] [内存消耗：3,950.48kb] [文件加载：56]
[ info ] [ LANG ] K:\AMP\day\myshop2\thinkphp\lang\zh-cn.php
[ info ] [ ROUTE ] array (
  'type' => 'module',
  'module' => 
  array (
    0 => 'admin',
    1 => 'login',
    2 => 'index',
  ),
  'convert' => false,
)
[ info ] [ HEADER ] array (
  'host' => 'www.myshop2.com',
  'connection' => 'keep-alive',
  'upgrade-insecure-requests' => '1',
  'user-agent' => 'Mozilla/5.0 (Windows NT 10.0; Win64; x64) AppleWebKit/537.36 (KHTML, like Gecko) Chrome/68.0.3440.106 Safari/537.36',
  'accept' => 'text/html,application/xhtml+xml,application/xml;q=0.9,image/webp,image/apng,*/*;q=0.8',
  'accept-encoding' => 'gzip, deflate',
  'accept-language' => 'zh-CN,zh;q=0.9',
  'cookie' => 'cart=a%3A3%3A%7Bs%3A8%3A%2246-71%2C70%22%3Bs%3A1%3A%221%22%3Bs%3A8%3A%2245-46%2C42%22%3Bs%3A1%3A%221%22%3Bs%3A8%3A%2242-30%2C26%22%3Bi%3A1%3B%7D; PHPSESSID=b3ds7hmvaruo1qlmjl2kvh2th4; thinkphp_show_page_trace=0|0',
)
[ info ] [ PARAM ] array (
  'check' => '1448',
)
[ info ] [ RUN ] app\admin\controller\Login->index[ K:\AMP\day\myshop2\application\admin\controller\Login.php ]
[ info ] [ SESSION ] INIT array (
  'type' => 'Mysql',
  'auto_start' => true,
  'session_expire' => 3600,
  'session_prefix' => 'php_',
  'table_name' => 'session',
  'database' => 
  array (
    'hostname' => '127.0.0.1',
    'database' => 'myshop2',
    'username' => 'root',
    'password' => '123',
    'hostport' => '3306',
    'prefix' => 'php_',
    'charset' => 'utf8',
  ),
)
[ info ] [ DB ] INIT mysql
[ info ] [ VIEW ] K:\AMP\day\myshop2\public/../application/admin\view\login\index.html [ array (
  0 => 'validate',
) ]
[ info ] [ LOG ] INIT File
[ sql ] [ DB ] CONNECT:[ UseTime:0.029689s ] mysql:host=127.0.0.1;port=3306;dbname=myshop2;charset=utf8
[ sql ] [ SQL ] SELECT session_data FROM php_session WHERE session_id = 'php_b3ds7hmvaruo1qlmjl2kvh2th4' AND session_expire > '1534402097' [ RunTime:0.037109s ]
---------------------------------------------------------------
[ 2018-08-16T14:48:17+08:00 ] 127.0.0.1 GET /captcha.html
[ info ] www.myshop2.com/captcha.html [运行时间：0.050634s][吞吐率：19.75req/s] [内存消耗：3,787.34kb] [文件加载：52]
[ info ] [ LANG ] K:\AMP\day\myshop2\thinkphp\lang\zh-cn.php
[ info ] [ ROUTE ] array (
  'type' => 'module',
  'module' => 
  array (
    0 => 'admin',
    1 => 'login',
    2 => 'captcha',
  ),
  'convert' => false,
)
[ info ] [ HEADER ] array (
  'host' => 'www.myshop2.com',
  'connection' => 'keep-alive',
  'user-agent' => 'Mozilla/5.0 (Windows NT 10.0; Win64; x64) AppleWebKit/537.36 (KHTML, like Gecko) Chrome/68.0.3440.106 Safari/537.36',
  'accept' => 'image/webp,image/apng,image/*,*/*;q=0.8',
  'referer' => 'http://www.myshop2.com/xm112111448',
  'accept-encoding' => 'gzip, deflate',
  'accept-language' => 'zh-CN,zh;q=0.9',
  'cookie' => 'cart=a%3A3%3A%7Bs%3A8%3A%2246-71%2C70%22%3Bs%3A1%3A%221%22%3Bs%3A8%3A%2245-46%2C42%22%3Bs%3A1%3A%221%22%3Bs%3A8%3A%2242-30%2C26%22%3Bi%3A1%3B%7D; PHPSESSID=b3ds7hmvaruo1qlmjl2kvh2th4; thinkphp_show_page_trace=0|0',
)
[ info ] [ PARAM ] array (
)
[ info ] [ RUN ] app\admin\controller\Login->captcha[ K:\AMP\day\myshop2\application\admin\controller\Login.php ]
[ info ] [ SESSION ] INIT array (
  'type' => 'Mysql',
  'auto_start' => true,
  'session_expire' => 3600,
  'session_prefix' => 'php_',
  'table_name' => 'session',
  'database' => 
  array (
    'hostname' => '127.0.0.1',
    'database' => 'myshop2',
    'username' => 'root',
    'password' => '123',
    'hostport' => '3306',
    'prefix' => 'php_',
    'charset' => 'utf8',
  ),
)
[ info ] [ DB ] INIT mysql
[ info ] [ LOG ] INIT File
[ sql ] [ DB ] CONNECT:[ UseTime:0.000729s ] mysql:host=127.0.0.1;port=3306;dbname=myshop2;charset=utf8
[ sql ] [ SQL ] SELECT session_data FROM php_session WHERE session_id = 'php_b3ds7hmvaruo1qlmjl2kvh2th4' AND session_expire > '1534402097' [ RunTime:0.001969s ]
---------------------------------------------------------------
[ 2018-08-16T14:48:19+08:00 ] 127.0.0.1 GET /captcha.html?0.6587032507004484
[ info ] www.myshop2.com/captcha.html?0.6587032507004484 [运行时间：0.035200s][吞吐率：28.41req/s] [内存消耗：3,788.04kb] [文件加载：52]
[ info ] [ LANG ] K:\AMP\day\myshop2\thinkphp\lang\zh-cn.php
[ info ] [ ROUTE ] array (
  'type' => 'module',
  'module' => 
  array (
    0 => 'admin',
    1 => 'login',
    2 => 'captcha',
  ),
  'convert' => false,
)
[ info ] [ HEADER ] array (
  'host' => 'www.myshop2.com',
  'connection' => 'keep-alive',
  'user-agent' => 'Mozilla/5.0 (Windows NT 10.0; Win64; x64) AppleWebKit/537.36 (KHTML, like Gecko) Chrome/68.0.3440.106 Safari/537.36',
  'accept' => 'image/webp,image/apng,image/*,*/*;q=0.8',
  'referer' => 'http://www.myshop2.com/xm112111448',
  'accept-encoding' => 'gzip, deflate',
  'accept-language' => 'zh-CN,zh;q=0.9',
  'cookie' => 'cart=a%3A3%3A%7Bs%3A8%3A%2246-71%2C70%22%3Bs%3A1%3A%221%22%3Bs%3A8%3A%2245-46%2C42%22%3Bs%3A1%3A%221%22%3Bs%3A8%3A%2242-30%2C26%22%3Bi%3A1%3B%7D; PHPSESSID=b3ds7hmvaruo1qlmjl2kvh2th4; thinkphp_show_page_trace=0|0',
)
[ info ] [ PARAM ] array (
  '0_6587032507004484' => '',
)
[ info ] [ RUN ] app\admin\controller\Login->captcha[ K:\AMP\day\myshop2\application\admin\controller\Login.php ]
[ info ] [ SESSION ] INIT array (
  'type' => 'Mysql',
  'auto_start' => true,
  'session_expire' => 3600,
  'session_prefix' => 'php_',
  'table_name' => 'session',
  'database' => 
  array (
    'hostname' => '127.0.0.1',
    'database' => 'myshop2',
    'username' => 'root',
    'password' => '123',
    'hostport' => '3306',
    'prefix' => 'php_',
    'charset' => 'utf8',
  ),
)
[ info ] [ DB ] INIT mysql
[ info ] [ LOG ] INIT File
[ sql ] [ DB ] CONNECT:[ UseTime:0.000836s ] mysql:host=127.0.0.1;port=3306;dbname=myshop2;charset=utf8
[ sql ] [ SQL ] SELECT session_data FROM php_session WHERE session_id = 'php_b3ds7hmvaruo1qlmjl2kvh2th4' AND session_expire > '1534402099' [ RunTime:0.002076s ]
---------------------------------------------------------------
[ 2018-08-16T14:48:24+08:00 ] 127.0.0.1 POST /xm11211.html
[ info ] www.myshop2.com/xm11211.html [运行时间：0.043816s][吞吐率：22.82req/s] [内存消耗：5,399.88kb] [文件加载：59]
[ info ] [ LANG ] K:\AMP\day\myshop2\thinkphp\lang\zh-cn.php
[ info ] [ ROUTE ] array (
  'type' => 'module',
  'module' => 
  array (
    0 => 'admin',
    1 => 'login',
    2 => 'index',
  ),
  'convert' => false,
)
[ info ] [ HEADER ] array (
  'host' => 'www.myshop2.com',
  'connection' => 'keep-alive',
  'content-length' => '469',
  'accept' => '*/*',
  'origin' => 'http://www.myshop2.com',
  'x-requested-with' => 'XMLHttpRequest',
  'user-agent' => 'Mozilla/5.0 (Windows NT 10.0; Win64; x64) AppleWebKit/537.36 (KHTML, like Gecko) Chrome/68.0.3440.106 Safari/537.36',
  'content-type' => 'multipart/form-data; boundary=----WebKitFormBoundaryAXEg07E5KJAcBpnj',
  'referer' => 'http://www.myshop2.com/xm112111448',
  'accept-encoding' => 'gzip, deflate',
  'accept-language' => 'zh-CN,zh;q=0.9',
  'cookie' => 'cart=a%3A3%3A%7Bs%3A8%3A%2246-71%2C70%22%3Bs%3A1%3A%221%22%3Bs%3A8%3A%2245-46%2C42%22%3Bs%3A1%3A%221%22%3Bs%3A8%3A%2242-30%2C26%22%3Bi%3A1%3B%7D; PHPSESSID=b3ds7hmvaruo1qlmjl2kvh2th4; thinkphp_show_page_trace=0|0',
)
[ info ] [ PARAM ] array (
  'validate' => 'IZijuRHEorrtPTb5b751e311f443',
  'adminName' => 'xm11211',
  'password' => 'hu.12580a',
  'code' => 'fuha',
)
[ info ] [ RUN ] app\admin\controller\Login->index[ K:\AMP\day\myshop2\application\admin\controller\Login.php ]
[ info ] [ SESSION ] INIT array (
  'type' => 'Mysql',
  'auto_start' => true,
  'session_expire' => 3600,
  'session_prefix' => 'php_',
  'table_name' => 'session',
  'database' => 
  array (
    'hostname' => '127.0.0.1',
    'database' => 'myshop2',
    'username' => 'root',
    'password' => '123',
    'hostport' => '3306',
    'prefix' => 'php_',
    'charset' => 'utf8',
  ),
)
[ info ] [ DB ] INIT mysql
[ info ] [ DB ] INIT mysql
[ info ] [ LOG ] INIT File
[ sql ] [ DB ] CONNECT:[ UseTime:0.000794s ] mysql:host=127.0.0.1;port=3306;dbname=myshop2;charset=utf8
[ sql ] [ SQL ] SELECT session_data FROM php_session WHERE session_id = 'php_b3ds7hmvaruo1qlmjl2kvh2th4' AND session_expire > '1534402104' [ RunTime:0.002121s ]
---------------------------------------------------------------
[ 2018-08-16T14:48:24+08:00 ] 127.0.0.1 GET /captcha.html?0.6156057368235948
[ info ] www.myshop2.com/captcha.html?0.6156057368235948 [运行时间：0.032298s][吞吐率：30.96req/s] [内存消耗：3,788.04kb] [文件加载：52]
[ info ] [ LANG ] K:\AMP\day\myshop2\thinkphp\lang\zh-cn.php
[ info ] [ ROUTE ] array (
  'type' => 'module',
  'module' => 
  array (
    0 => 'admin',
    1 => 'login',
    2 => 'captcha',
  ),
  'convert' => false,
)
[ info ] [ HEADER ] array (
  'host' => 'www.myshop2.com',
  'connection' => 'keep-alive',
  'user-agent' => 'Mozilla/5.0 (Windows NT 10.0; Win64; x64) AppleWebKit/537.36 (KHTML, like Gecko) Chrome/68.0.3440.106 Safari/537.36',
  'accept' => 'image/webp,image/apng,image/*,*/*;q=0.8',
  'referer' => 'http://www.myshop2.com/xm112111448',
  'accept-encoding' => 'gzip, deflate',
  'accept-language' => 'zh-CN,zh;q=0.9',
  'cookie' => 'cart=a%3A3%3A%7Bs%3A8%3A%2246-71%2C70%22%3Bs%3A1%3A%221%22%3Bs%3A8%3A%2245-46%2C42%22%3Bs%3A1%3A%221%22%3Bs%3A8%3A%2242-30%2C26%22%3Bi%3A1%3B%7D; PHPSESSID=b3ds7hmvaruo1qlmjl2kvh2th4; thinkphp_show_page_trace=0|0',
)
[ info ] [ PARAM ] array (
  '0_6156057368235948' => '',
)
[ info ] [ RUN ] app\admin\controller\Login->captcha[ K:\AMP\day\myshop2\application\admin\controller\Login.php ]
[ info ] [ SESSION ] INIT array (
  'type' => 'Mysql',
  'auto_start' => true,
  'session_expire' => 3600,
  'session_prefix' => 'php_',
  'table_name' => 'session',
  'database' => 
  array (
    'hostname' => '127.0.0.1',
    'database' => 'myshop2',
    'username' => 'root',
    'password' => '123',
    'hostport' => '3306',
    'prefix' => 'php_',
    'charset' => 'utf8',
  ),
)
[ info ] [ DB ] INIT mysql
[ info ] [ LOG ] INIT File
[ sql ] [ DB ] CONNECT:[ UseTime:0.000643s ] mysql:host=127.0.0.1;port=3306;dbname=myshop2;charset=utf8
[ sql ] [ SQL ] SELECT session_data FROM php_session WHERE session_id = 'php_b3ds7hmvaruo1qlmjl2kvh2th4' AND session_expire > '1534402104' [ RunTime:0.002060s ]
---------------------------------------------------------------
[ 2018-08-16T14:48:31+08:00 ] 127.0.0.1 POST /xm11211.html
[ info ] www.myshop2.com/xm11211.html [运行时间：0.056003s][吞吐率：17.86req/s] [内存消耗：5,435.84kb] [文件加载：59]
[ info ] [ LANG ] K:\AMP\day\myshop2\thinkphp\lang\zh-cn.php
[ info ] [ ROUTE ] array (
  'type' => 'module',
  'module' => 
  array (
    0 => 'admin',
    1 => 'login',
    2 => 'index',
  ),
  'convert' => false,
)
[ info ] [ HEADER ] array (
  'host' => 'www.myshop2.com',
  'connection' => 'keep-alive',
  'content-length' => '469',
  'accept' => '*/*',
  'origin' => 'http://www.myshop2.com',
  'x-requested-with' => 'XMLHttpRequest',
  'user-agent' => 'Mozilla/5.0 (Windows NT 10.0; Win64; x64) AppleWebKit/537.36 (KHTML, like Gecko) Chrome/68.0.3440.106 Safari/537.36',
  'content-type' => 'multipart/form-data; boundary=----WebKitFormBoundaryaAFJbWCr5mAFODTK',
  'referer' => 'http://www.myshop2.com/xm112111448',
  'accept-encoding' => 'gzip, deflate',
  'accept-language' => 'zh-CN,zh;q=0.9',
  'cookie' => 'cart=a%3A3%3A%7Bs%3A8%3A%2246-71%2C70%22%3Bs%3A1%3A%221%22%3Bs%3A8%3A%2245-46%2C42%22%3Bs%3A1%3A%221%22%3Bs%3A8%3A%2242-30%2C26%22%3Bi%3A1%3B%7D; PHPSESSID=b3ds7hmvaruo1qlmjl2kvh2th4; thinkphp_show_page_trace=0|0',
)
[ info ] [ PARAM ] array (
  'validate' => 'IZijuRHEorrtPTb5b751e311f443',
  'adminName' => 'xm11211',
  'password' => 'hu.12580a',
  'code' => 'ny6k',
)
[ info ] [ RUN ] app\admin\controller\Login->index[ K:\AMP\day\myshop2\application\admin\controller\Login.php ]
[ info ] [ SESSION ] INIT array (
  'type' => 'Mysql',
  'auto_start' => true,
  'session_expire' => 3600,
  'session_prefix' => 'php_',
  'table_name' => 'session',
  'database' => 
  array (
    'hostname' => '127.0.0.1',
    'database' => 'myshop2',
    'username' => 'root',
    'password' => '123',
    'hostport' => '3306',
    'prefix' => 'php_',
    'charset' => 'utf8',
  ),
)
[ info ] [ DB ] INIT mysql
[ info ] [ DB ] INIT mysql
[ info ] [ LOG ] INIT File
[ sql ] [ DB ] CONNECT:[ UseTime:0.000710s ] mysql:host=127.0.0.1;port=3306;dbname=myshop2;charset=utf8
[ sql ] [ SQL ] SELECT session_data FROM php_session WHERE session_id = 'php_b3ds7hmvaruo1qlmjl2kvh2th4' AND session_expire > '1534402111' [ RunTime:0.000478s ]
[ sql ] [ DB ] CONNECT:[ UseTime:0.000683s ] mysql:host=127.0.0.1;port=3306;dbname=myshop2;charset=utf8
[ sql ] [ SQL ] SHOW COLUMNS FROM `php_admin` [ RunTime:0.011791s ]
[ sql ] [ SQL ] SELECT * FROM `php_admin` WHERE  `adminName` = 'xm11211' LIMIT 1 [ RunTime:0.000915s ]
---------------------------------------------------------------
[ 2018-08-16T14:48:31+08:00 ] 127.0.0.1 GET /captcha.html?0.3274798846682243
[ info ] www.myshop2.com/captcha.html?0.3274798846682243 [运行时间：0.030566s][吞吐率：32.72req/s] [内存消耗：3,787.74kb] [文件加载：52]
[ info ] [ LANG ] K:\AMP\day\myshop2\thinkphp\lang\zh-cn.php
[ info ] [ ROUTE ] array (
  'type' => 'module',
  'module' => 
  array (
    0 => 'admin',
    1 => 'login',
    2 => 'captcha',
  ),
  'convert' => false,
)
[ info ] [ HEADER ] array (
  'host' => 'www.myshop2.com',
  'connection' => 'keep-alive',
  'user-agent' => 'Mozilla/5.0 (Windows NT 10.0; Win64; x64) AppleWebKit/537.36 (KHTML, like Gecko) Chrome/68.0.3440.106 Safari/537.36',
  'accept' => 'image/webp,image/apng,image/*,*/*;q=0.8',
  'referer' => 'http://www.myshop2.com/xm112111448',
  'accept-encoding' => 'gzip, deflate',
  'accept-language' => 'zh-CN,zh;q=0.9',
  'cookie' => 'cart=a%3A3%3A%7Bs%3A8%3A%2246-71%2C70%22%3Bs%3A1%3A%221%22%3Bs%3A8%3A%2245-46%2C42%22%3Bs%3A1%3A%221%22%3Bs%3A8%3A%2242-30%2C26%22%3Bi%3A1%3B%7D; PHPSESSID=b3ds7hmvaruo1qlmjl2kvh2th4; thinkphp_show_page_trace=0|0',
)
[ info ] [ PARAM ] array (
  '0_3274798846682243' => '',
)
[ info ] [ RUN ] app\admin\controller\Login->captcha[ K:\AMP\day\myshop2\application\admin\controller\Login.php ]
[ info ] [ SESSION ] INIT array (
  'type' => 'Mysql',
  'auto_start' => true,
  'session_expire' => 3600,
  'session_prefix' => 'php_',
  'table_name' => 'session',
  'database' => 
  array (
    'hostname' => '127.0.0.1',
    'database' => 'myshop2',
    'username' => 'root',
    'password' => '123',
    'hostport' => '3306',
    'prefix' => 'php_',
    'charset' => 'utf8',
  ),
)
[ info ] [ DB ] INIT mysql
[ info ] [ LOG ] INIT File
[ sql ] [ DB ] CONNECT:[ UseTime:0.000726s ] mysql:host=127.0.0.1;port=3306;dbname=myshop2;charset=utf8
[ sql ] [ SQL ] SELECT session_data FROM php_session WHERE session_id = 'php_b3ds7hmvaruo1qlmjl2kvh2th4' AND session_expire > '1534402111' [ RunTime:0.000330s ]
---------------------------------------------------------------
[ 2018-08-16T14:48:40+08:00 ] 127.0.0.1 POST /xm11211.html
[ info ] www.myshop2.com/xm11211.html [运行时间：0.036031s][吞吐率：27.75req/s] [内存消耗：5,400.05kb] [文件加载：59]
[ info ] [ LANG ] K:\AMP\day\myshop2\thinkphp\lang\zh-cn.php
[ info ] [ ROUTE ] array (
  'type' => 'module',
  'module' => 
  array (
    0 => 'admin',
    1 => 'login',
    2 => 'index',
  ),
  'convert' => false,
)
[ info ] [ HEADER ] array (
  'host' => 'www.myshop2.com',
  'connection' => 'keep-alive',
  'content-length' => '466',
  'accept' => '*/*',
  'origin' => 'http://www.myshop2.com',
  'x-requested-with' => 'XMLHttpRequest',
  'user-agent' => 'Mozilla/5.0 (Windows NT 10.0; Win64; x64) AppleWebKit/537.36 (KHTML, like Gecko) Chrome/68.0.3440.106 Safari/537.36',
  'content-type' => 'multipart/form-data; boundary=----WebKitFormBoundarykje9MQWlXtn6unrR',
  'referer' => 'http://www.myshop2.com/xm112111448',
  'accept-encoding' => 'gzip, deflate',
  'accept-language' => 'zh-CN,zh;q=0.9',
  'cookie' => 'cart=a%3A3%3A%7Bs%3A8%3A%2246-71%2C70%22%3Bs%3A1%3A%221%22%3Bs%3A8%3A%2245-46%2C42%22%3Bs%3A1%3A%221%22%3Bs%3A8%3A%2242-30%2C26%22%3Bi%3A1%3B%7D; PHPSESSID=b3ds7hmvaruo1qlmjl2kvh2th4; thinkphp_show_page_trace=0|0',
)
[ info ] [ PARAM ] array (
  'validate' => 'IZijuRHEorrtPTb5b751e311f443',
  'adminName' => 'root',
  'password' => 'hu.12580a',
  'code' => 'ywpz',
)
[ info ] [ RUN ] app\admin\controller\Login->index[ K:\AMP\day\myshop2\application\admin\controller\Login.php ]
[ info ] [ SESSION ] INIT array (
  'type' => 'Mysql',
  'auto_start' => true,
  'session_expire' => 3600,
  'session_prefix' => 'php_',
  'table_name' => 'session',
  'database' => 
  array (
    'hostname' => '127.0.0.1',
    'database' => 'myshop2',
    'username' => 'root',
    'password' => '123',
    'hostport' => '3306',
    'prefix' => 'php_',
    'charset' => 'utf8',
  ),
)
[ info ] [ DB ] INIT mysql
[ info ] [ DB ] INIT mysql
[ info ] [ LOG ] INIT File
[ sql ] [ DB ] CONNECT:[ UseTime:0.000640s ] mysql:host=127.0.0.1;port=3306;dbname=myshop2;charset=utf8
[ sql ] [ SQL ] SELECT session_data FROM php_session WHERE session_id = 'php_b3ds7hmvaruo1qlmjl2kvh2th4' AND session_expire > '1534402120' [ RunTime:0.000436s ]
---------------------------------------------------------------
[ 2018-08-16T14:48:40+08:00 ] 127.0.0.1 GET /captcha.html?0.17791704527889585
[ info ] www.myshop2.com/captcha.html?0.17791704527889585 [运行时间：0.033501s][吞吐率：29.85req/s] [内存消耗：3,788.04kb] [文件加载：52]
[ info ] [ LANG ] K:\AMP\day\myshop2\thinkphp\lang\zh-cn.php
[ info ] [ ROUTE ] array (
  'type' => 'module',
  'module' => 
  array (
    0 => 'admin',
    1 => 'login',
    2 => 'captcha',
  ),
  'convert' => false,
)
[ info ] [ HEADER ] array (
  'host' => 'www.myshop2.com',
  'connection' => 'keep-alive',
  'user-agent' => 'Mozilla/5.0 (Windows NT 10.0; Win64; x64) AppleWebKit/537.36 (KHTML, like Gecko) Chrome/68.0.3440.106 Safari/537.36',
  'accept' => 'image/webp,image/apng,image/*,*/*;q=0.8',
  'referer' => 'http://www.myshop2.com/xm112111448',
  'accept-encoding' => 'gzip, deflate',
  'accept-language' => 'zh-CN,zh;q=0.9',
  'cookie' => 'cart=a%3A3%3A%7Bs%3A8%3A%2246-71%2C70%22%3Bs%3A1%3A%221%22%3Bs%3A8%3A%2245-46%2C42%22%3Bs%3A1%3A%221%22%3Bs%3A8%3A%2242-30%2C26%22%3Bi%3A1%3B%7D; PHPSESSID=b3ds7hmvaruo1qlmjl2kvh2th4; thinkphp_show_page_trace=0|0',
)
[ info ] [ PARAM ] array (
  '0_17791704527889585' => '',
)
[ info ] [ RUN ] app\admin\controller\Login->captcha[ K:\AMP\day\myshop2\application\admin\controller\Login.php ]
[ info ] [ SESSION ] INIT array (
  'type' => 'Mysql',
  'auto_start' => true,
  'session_expire' => 3600,
  'session_prefix' => 'php_',
  'table_name' => 'session',
  'database' => 
  array (
    'hostname' => '127.0.0.1',
    'database' => 'myshop2',
    'username' => 'root',
    'password' => '123',
    'hostport' => '3306',
    'prefix' => 'php_',
    'charset' => 'utf8',
  ),
)
[ info ] [ DB ] INIT mysql
[ info ] [ LOG ] INIT File
[ sql ] [ DB ] CONNECT:[ UseTime:0.000708s ] mysql:host=127.0.0.1;port=3306;dbname=myshop2;charset=utf8
[ sql ] [ SQL ] SELECT session_data FROM php_session WHERE session_id = 'php_b3ds7hmvaruo1qlmjl2kvh2th4' AND session_expire > '1534402120' [ RunTime:0.001926s ]
---------------------------------------------------------------
[ 2018-08-16T14:48:45+08:00 ] 127.0.0.1 GET /captcha.html?0.24728244204236316
[ info ] www.myshop2.com/captcha.html?0.24728244204236316 [运行时间：0.031699s][吞吐率：31.55req/s] [内存消耗：3,787.99kb] [文件加载：52]
[ info ] [ LANG ] K:\AMP\day\myshop2\thinkphp\lang\zh-cn.php
[ info ] [ ROUTE ] array (
  'type' => 'module',
  'module' => 
  array (
    0 => 'admin',
    1 => 'login',
    2 => 'captcha',
  ),
  'convert' => false,
)
[ info ] [ HEADER ] array (
  'host' => 'www.myshop2.com',
  'connection' => 'keep-alive',
  'user-agent' => 'Mozilla/5.0 (Windows NT 10.0; Win64; x64) AppleWebKit/537.36 (KHTML, like Gecko) Chrome/68.0.3440.106 Safari/537.36',
  'accept' => 'image/webp,image/apng,image/*,*/*;q=0.8',
  'referer' => 'http://www.myshop2.com/xm112111448',
  'accept-encoding' => 'gzip, deflate',
  'accept-language' => 'zh-CN,zh;q=0.9',
  'cookie' => 'cart=a%3A3%3A%7Bs%3A8%3A%2246-71%2C70%22%3Bs%3A1%3A%221%22%3Bs%3A8%3A%2245-46%2C42%22%3Bs%3A1%3A%221%22%3Bs%3A8%3A%2242-30%2C26%22%3Bi%3A1%3B%7D; PHPSESSID=b3ds7hmvaruo1qlmjl2kvh2th4; thinkphp_show_page_trace=0|0',
)
[ info ] [ PARAM ] array (
  '0_24728244204236316' => '',
)
[ info ] [ RUN ] app\admin\controller\Login->captcha[ K:\AMP\day\myshop2\application\admin\controller\Login.php ]
[ info ] [ SESSION ] INIT array (
  'type' => 'Mysql',
  'auto_start' => true,
  'session_expire' => 3600,
  'session_prefix' => 'php_',
  'table_name' => 'session',
  'database' => 
  array (
    'hostname' => '127.0.0.1',
    'database' => 'myshop2',
    'username' => 'root',
    'password' => '123',
    'hostport' => '3306',
    'prefix' => 'php_',
    'charset' => 'utf8',
  ),
)
[ info ] [ DB ] INIT mysql
[ info ] [ LOG ] INIT File
[ sql ] [ DB ] CONNECT:[ UseTime:0.000650s ] mysql:host=127.0.0.1;port=3306;dbname=myshop2;charset=utf8
[ sql ] [ SQL ] SELECT session_data FROM php_session WHERE session_id = 'php_b3ds7hmvaruo1qlmjl2kvh2th4' AND session_expire > '1534402125' [ RunTime:0.000393s ]
---------------------------------------------------------------
[ 2018-08-16T14:48:47+08:00 ] 127.0.0.1 GET /captcha.html?0.050331947199684146
[ info ] www.myshop2.com/captcha.html?0.050331947199684146 [运行时间：0.033129s][吞吐率：30.18req/s] [内存消耗：3,788.16kb] [文件加载：52]
[ info ] [ LANG ] K:\AMP\day\myshop2\thinkphp\lang\zh-cn.php
[ info ] [ ROUTE ] array (
  'type' => 'module',
  'module' => 
  array (
    0 => 'admin',
    1 => 'login',
    2 => 'captcha',
  ),
  'convert' => false,
)
[ info ] [ HEADER ] array (
  'host' => 'www.myshop2.com',
  'connection' => 'keep-alive',
  'user-agent' => 'Mozilla/5.0 (Windows NT 10.0; Win64; x64) AppleWebKit/537.36 (KHTML, like Gecko) Chrome/68.0.3440.106 Safari/537.36',
  'accept' => 'image/webp,image/apng,image/*,*/*;q=0.8',
  'referer' => 'http://www.myshop2.com/xm112111448',
  'accept-encoding' => 'gzip, deflate',
  'accept-language' => 'zh-CN,zh;q=0.9',
  'cookie' => 'cart=a%3A3%3A%7Bs%3A8%3A%2246-71%2C70%22%3Bs%3A1%3A%221%22%3Bs%3A8%3A%2245-46%2C42%22%3Bs%3A1%3A%221%22%3Bs%3A8%3A%2242-30%2C26%22%3Bi%3A1%3B%7D; PHPSESSID=b3ds7hmvaruo1qlmjl2kvh2th4; thinkphp_show_page_trace=0|0',
)
[ info ] [ PARAM ] array (
  '0_050331947199684146' => '',
)
[ info ] [ RUN ] app\admin\controller\Login->captcha[ K:\AMP\day\myshop2\application\admin\controller\Login.php ]
[ info ] [ SESSION ] INIT array (
  'type' => 'Mysql',
  'auto_start' => true,
  'session_expire' => 3600,
  'session_prefix' => 'php_',
  'table_name' => 'session',
  'database' => 
  array (
    'hostname' => '127.0.0.1',
    'database' => 'myshop2',
    'username' => 'root',
    'password' => '123',
    'hostport' => '3306',
    'prefix' => 'php_',
    'charset' => 'utf8',
  ),
)
[ info ] [ DB ] INIT mysql
[ info ] [ LOG ] INIT File
[ sql ] [ DB ] CONNECT:[ UseTime:0.000666s ] mysql:host=127.0.0.1;port=3306;dbname=myshop2;charset=utf8
[ sql ] [ SQL ] SELECT session_data FROM php_session WHERE session_id = 'php_b3ds7hmvaruo1qlmjl2kvh2th4' AND session_expire > '1534402127' [ RunTime:0.001998s ]
---------------------------------------------------------------
[ 2018-08-16T14:48:52+08:00 ] 127.0.0.1 POST /xm11211.html
[ info ] www.myshop2.com/xm11211.html [运行时间：0.063347s][吞吐率：15.79req/s] [内存消耗：5,552.30kb] [文件加载：60]
[ info ] [ LANG ] K:\AMP\day\myshop2\thinkphp\lang\zh-cn.php
[ info ] [ ROUTE ] array (
  'type' => 'module',
  'module' => 
  array (
    0 => 'admin',
    1 => 'login',
    2 => 'index',
  ),
  'convert' => false,
)
[ info ] [ HEADER ] array (
  'host' => 'www.myshop2.com',
  'connection' => 'keep-alive',
  'content-length' => '466',
  'accept' => '*/*',
  'origin' => 'http://www.myshop2.com',
  'x-requested-with' => 'XMLHttpRequest',
  'user-agent' => 'Mozilla/5.0 (Windows NT 10.0; Win64; x64) AppleWebKit/537.36 (KHTML, like Gecko) Chrome/68.0.3440.106 Safari/537.36',
  'content-type' => 'multipart/form-data; boundary=----WebKitFormBoundarywHvV9niMPlRcJ3Ht',
  'referer' => 'http://www.myshop2.com/xm112111448',
  'accept-encoding' => 'gzip, deflate',
  'accept-language' => 'zh-CN,zh;q=0.9',
  'cookie' => 'cart=a%3A3%3A%7Bs%3A8%3A%2246-71%2C70%22%3Bs%3A1%3A%221%22%3Bs%3A8%3A%2245-46%2C42%22%3Bs%3A1%3A%221%22%3Bs%3A8%3A%2242-30%2C26%22%3Bi%3A1%3B%7D; PHPSESSID=b3ds7hmvaruo1qlmjl2kvh2th4; thinkphp_show_page_trace=0|0',
)
[ info ] [ PARAM ] array (
  'validate' => 'IZijuRHEorrtPTb5b751e311f443',
  'adminName' => 'root',
  'password' => 'hu.12580a',
  'code' => 'p3eu',
)
[ info ] [ RUN ] app\admin\controller\Login->index[ K:\AMP\day\myshop2\application\admin\controller\Login.php ]
[ info ] [ SESSION ] INIT array (
  'type' => 'Mysql',
  'auto_start' => true,
  'session_expire' => 3600,
  'session_prefix' => 'php_',
  'table_name' => 'session',
  'database' => 
  array (
    'hostname' => '127.0.0.1',
    'database' => 'myshop2',
    'username' => 'root',
    'password' => '123',
    'hostport' => '3306',
    'prefix' => 'php_',
    'charset' => 'utf8',
  ),
)
[ info ] [ DB ] INIT mysql
[ info ] [ DB ] INIT mysql
[ info ] [ LOG ] INIT File
[ sql ] [ DB ] CONNECT:[ UseTime:0.000688s ] mysql:host=127.0.0.1;port=3306;dbname=myshop2;charset=utf8
[ sql ] [ SQL ] SELECT session_data FROM php_session WHERE session_id = 'php_b3ds7hmvaruo1qlmjl2kvh2th4' AND session_expire > '1534402132' [ RunTime:0.000382s ]
[ sql ] [ DB ] CONNECT:[ UseTime:0.000673s ] mysql:host=127.0.0.1;port=3306;dbname=myshop2;charset=utf8
[ sql ] [ SQL ] SHOW COLUMNS FROM `php_admin` [ RunTime:0.002181s ]
[ sql ] [ SQL ] SELECT * FROM `php_admin` WHERE  `adminName` = 'root' LIMIT 1 [ RunTime:0.000291s ]
[ sql ] [ SQL ] select version() as ver [ RunTime:0.005236s ]
---------------------------------------------------------------
[ 2018-08-16T14:48:57+08:00 ] 127.0.0.1 GET /admin/index/index.html
[ info ] www.myshop2.com/admin/index/index.html [运行时间：5.247434s][吞吐率：0.19req/s] [内存消耗：4,037.37kb] [文件加载：58]
[ info ] [ LANG ] K:\AMP\day\myshop2\thinkphp\lang\zh-cn.php
[ info ] [ ROUTE ] array (
  'type' => 'module',
  'module' => 
  array (
    0 => 'admin',
    1 => 'index',
    2 => 'index',
  ),
)
[ info ] [ HEADER ] array (
  'host' => 'www.myshop2.com',
  'connection' => 'keep-alive',
  'upgrade-insecure-requests' => '1',
  'user-agent' => 'Mozilla/5.0 (Windows NT 10.0; Win64; x64) AppleWebKit/537.36 (KHTML, like Gecko) Chrome/68.0.3440.106 Safari/537.36',
  'accept' => 'text/html,application/xhtml+xml,application/xml;q=0.9,image/webp,image/apng,*/*;q=0.8',
  'referer' => 'http://www.myshop2.com/xm112111448',
  'accept-encoding' => 'gzip, deflate',
  'accept-language' => 'zh-CN,zh;q=0.9',
  'cookie' => 'cart=a%3A3%3A%7Bs%3A8%3A%2246-71%2C70%22%3Bs%3A1%3A%221%22%3Bs%3A8%3A%2245-46%2C42%22%3Bs%3A1%3A%221%22%3Bs%3A8%3A%2242-30%2C26%22%3Bi%3A1%3B%7D; PHPSESSID=b3ds7hmvaruo1qlmjl2kvh2th4; thinkphp_show_page_trace=0|0',
)
[ info ] [ PARAM ] array (
)
[ info ] [ SESSION ] INIT array (
  'type' => 'Mysql',
  'auto_start' => true,
  'session_expire' => 3600,
  'session_prefix' => 'php_',
  'table_name' => 'session',
  'database' => 
  array (
    'hostname' => '127.0.0.1',
    'database' => 'myshop2',
    'username' => 'root',
    'password' => '123',
    'hostport' => '3306',
    'prefix' => 'php_',
    'charset' => 'utf8',
  ),
)
[ info ] [ DB ] INIT mysql
[ info ] [ RUN ] app\admin\controller\Index->index[ K:\AMP\day\myshop2\application\admin\controller\Index.php ]
[ info ] [ VIEW ] K:\AMP\day\myshop2\public/../application/admin\view\index\index.html [ array (
  0 => 'serverTime',
  1 => 'date',
  2 => 'rtWeather',
  3 => 'weaSk',
  4 => 'weaFu',
  5 => 'weaTo',
  6 => 'plName',
  7 => 'slName',
  8 => 'plUrl',
) ]
[ info ] [ LOG ] INIT File
[ sql ] [ DB ] CONNECT:[ UseTime:0.000649s ] mysql:host=127.0.0.1;port=3306;dbname=myshop2;charset=utf8
[ sql ] [ SQL ] SELECT session_data FROM php_session WHERE session_id = 'php_b3ds7hmvaruo1qlmjl2kvh2th4' AND session_expire > '1534402132' [ RunTime:0.002385s ]
---------------------------------------------------------------
[ 2018-08-16T14:49:04+08:00 ] 127.0.0.1 GET /admin/order/lst.html
[ info ] www.myshop2.com/admin/order/lst.html [运行时间：0.066481s][吞吐率：15.04req/s] [内存消耗：5,847.54kb] [文件加载：64]
[ info ] [ LANG ] K:\AMP\day\myshop2\thinkphp\lang\zh-cn.php
[ info ] [ ROUTE ] array (
  'type' => 'module',
  'module' => 
  array (
    0 => 'admin',
    1 => 'order',
    2 => 'lst',
  ),
)
[ info ] [ HEADER ] array (
  'host' => 'www.myshop2.com',
  'connection' => 'keep-alive',
  'upgrade-insecure-requests' => '1',
  'user-agent' => 'Mozilla/5.0 (Windows NT 10.0; Win64; x64) AppleWebKit/537.36 (KHTML, like Gecko) Chrome/68.0.3440.106 Safari/537.36',
  'accept' => 'text/html,application/xhtml+xml,application/xml;q=0.9,image/webp,image/apng,*/*;q=0.8',
  'referer' => 'http://www.myshop2.com/admin/index/index.html',
  'accept-encoding' => 'gzip, deflate',
  'accept-language' => 'zh-CN,zh;q=0.9',
  'cookie' => 'cart=a%3A3%3A%7Bs%3A8%3A%2246-71%2C70%22%3Bs%3A1%3A%221%22%3Bs%3A8%3A%2245-46%2C42%22%3Bs%3A1%3A%221%22%3Bs%3A8%3A%2242-30%2C26%22%3Bi%3A1%3B%7D; PHPSESSID=b3ds7hmvaruo1qlmjl2kvh2th4; thinkphp_show_page_trace=0|0; myflag2=1; myflag1=1',
)
[ info ] [ PARAM ] array (
)
[ info ] [ SESSION ] INIT array (
  'type' => 'Mysql',
  'auto_start' => true,
  'session_expire' => 3600,
  'session_prefix' => 'php_',
  'table_name' => 'session',
  'database' => 
  array (
    'hostname' => '127.0.0.1',
    'database' => 'myshop2',
    'username' => 'root',
    'password' => '123',
    'hostport' => '3306',
    'prefix' => 'php_',
    'charset' => 'utf8',
  ),
)
[ info ] [ DB ] INIT mysql
[ info ] [ RUN ] app\admin\controller\Order->lst[ K:\AMP\day\myshop2\application\admin\controller\Order.php ]
[ info ] [ DB ] INIT mysql
[ info ] [ VIEW ] K:\AMP\day\myshop2\public/../application/admin\view\order\lst.html [ array (
  0 => 'serverTime',
  1 => 'list',
  2 => 'plName',
  3 => 'plUrl',
  4 => 'slName',
) ]
[ info ] [ LOG ] INIT File
[ sql ] [ DB ] CONNECT:[ UseTime:0.000769s ] mysql:host=127.0.0.1;port=3306;dbname=myshop2;charset=utf8
[ sql ] [ SQL ] SELECT session_data FROM php_session WHERE session_id = 'php_b3ds7hmvaruo1qlmjl2kvh2th4' AND session_expire > '1534402144' [ RunTime:0.000416s ]
[ sql ] [ DB ] CONNECT:[ UseTime:0.000862s ] mysql:host=127.0.0.1;port=3306;dbname=myshop2;charset=utf8
[ sql ] [ SQL ] SHOW COLUMNS FROM `php_order` [ RunTime:0.004351s ]
[ sql ] [ SQL ] SELECT COUNT(*) AS tp_count FROM `php_order` `a` LEFT JOIN `php_user` `b` ON `a`.`userId`=`b`.`id` LIMIT 1 [ RunTime:0.005101s ]
[ sql ] [ SQL ] SELECT `a`.*,`b`.`userName` FROM `php_order` `a` LEFT JOIN `php_user` `b` ON `a`.`userId`=`b`.`id` LIMIT 0,10 [ RunTime:0.000720s ]
