---------------------------------------------------------------
[ 2018-11-01T03:14:58+08:00 ] 104.238.248.15 GET /
[ sql ] [ DB ] CONNECT:[ UseTime:0.001115s ] mysql:host=127.0.0.1;port=3306;dbname=myshop;charset=utf8
[ sql ] [ SQL ] SHOW COLUMNS FROM `php_rec_item` [ RunTime:0.001236s ]
[ sql ] [ SQL ] SELECT * FROM `php_rec_item` WHERE  `valType` = 1  AND `recposId` = 8 [ RunTime:0.000380s ]
[ sql ] [ SQL ] SHOW COLUMNS FROM `php_goods` [ RunTime:0.001221s ]
[ sql ] [ SQL ] SELECT `id`,`goodsName`,`mdPic`,`shopPrice`,`marketPrice` FROM `php_goods` WHERE  `id` IN (49,50,52,51,53,55) ORDER BY id desc LIMIT 20 [ RunTime:0.000663s ]
[ sql ] [ SQL ] SELECT * FROM `php_rec_item` WHERE  `valType` = 2  AND `recposId` = 5 [ RunTime:0.000441s ]
[ sql ] [ SQL ] SHOW COLUMNS FROM `php_category` [ RunTime:0.001056s ]
[ sql ] [ SQL ] SELECT `id`,`cateName`,`pid` FROM `php_category` WHERE  `id` = 1  AND `pid` = 0 LIMIT 1 [ RunTime:0.000377s ]
[ sql ] [ SQL ] SELECT `id`,`cateName`,`pid` FROM `php_category` WHERE  `id` = 35  AND `pid` = 0 LIMIT 1 [ RunTime:0.000345s ]
[ sql ] [ SQL ] SELECT `id`,`cateName`,`pid` FROM `php_category` WHERE  `id` = 33  AND `pid` = 0 LIMIT 1 [ RunTime:0.000345s ]
[ sql ] [ SQL ] SELECT `id`,`cateName`,`pid` FROM `php_category` WHERE  `id` = 10  AND `pid` = 0 LIMIT 1 [ RunTime:0.000340s ]
[ sql ] [ SQL ] SELECT `id`,`cateName`,`pid` FROM `php_category` WHERE  `id` = 27  AND `pid` = 0 LIMIT 1 [ RunTime:0.000344s ]
[ sql ] [ SQL ] SELECT `id`,`cateName`,`pid` FROM `php_category` WHERE  `id` = 34  AND `pid` = 0 LIMIT 1 [ RunTime:0.000340s ]
[ sql ] [ SQL ] SELECT `id`,`cateName`,`pid` FROM `php_category` WHERE  `id` = 2  AND `pid` = 0 LIMIT 1 [ RunTime:0.000340s ]
[ sql ] [ SQL ] SELECT * FROM `php_category` [ RunTime:0.000417s ]
[ sql ] [ SQL ] SELECT DISTINCT id FROM `php_goods` WHERE  `cateId` IN (2,12,13,14,15,10,16,17,18,11,19,20,21,1) [ RunTime:0.000476s ]
[ sql ] [ SQL ] SHOW COLUMNS FROM `php_goods_cat` [ RunTime:0.000983s ]
[ sql ] [ SQL ] SELECT DISTINCT goodsId id FROM `php_goods_cat` WHERE  `catId` IN (2,12,13,14,15,10,16,17,18,11,19,20,21,1) [ RunTime:0.000517s ]
[ sql ] [ SQL ] SELECT `valId` FROM `php_rec_item` WHERE  `valId` IN (50,51,49,52)  AND `recposId` = 4  AND `valType` = 1 [ RunTime:0.000404s ]
[ sql ] [ SQL ] SELECT * FROM `php_goods` WHERE  `onSale` = 1  AND `id` IN (51,50,49) ORDER BY id desc LIMIT 6 [ RunTime:0.000451s ]
[ sql ] [ SQL ] SHOW COLUMNS FROM `php_category_brands` [ RunTime:0.000927s ]
[ sql ] [ SQL ] SELECT * FROM `php_category_brands` WHERE  `cateId` = 1 LIMIT 1 [ RunTime:0.000370s ]
[ sql ] [ SQL ] SHOW COLUMNS FROM `php_brand` [ RunTime:0.001018s ]
[ sql ] [ SQL ] SELECT * FROM `php_brand` WHERE  `id` IN (16,17,18,19,20,21,22,23,24,25) [ RunTime:0.000446s ]
[ sql ] [ SQL ] SHOW COLUMNS FROM `php_category_ad` [ RunTime:0.000956s ]
[ sql ] [ SQL ] SELECT * FROM `php_category_ad` WHERE  `cateId` = 1  AND `position` = 1 ORDER BY id desc LIMIT 3 [ RunTime:0.000431s ]
[ sql ] [ SQL ] SELECT * FROM `php_category_ad` WHERE  `cateId` = 1  AND `position` = 2 ORDER BY id desc LIMIT 1 [ RunTime:0.000392s ]
[ sql ] [ SQL ] SELECT * FROM `php_category_ad` WHERE  `cateId` = 1  AND `position` = 3 ORDER BY id desc LIMIT 1 [ RunTime:0.000401s ]
[ sql ] [ SQL ] SELECT * FROM `php_rec_item` WHERE  `valType` = 2  AND `recposId` = 6 [ RunTime:0.000344s ]
[ sql ] [ SQL ] SELECT `id`,`cateName`,`pid` FROM `php_category` WHERE  `id` = 35  AND `pid` = 1 LIMIT 1 [ RunTime:0.000342s ]
[ sql ] [ SQL ] SELECT `id`,`cateName`,`pid` FROM `php_category` WHERE  `id` = 10  AND `pid` = 1 LIMIT 1 [ RunTime:0.000325s ]
[ sql ] [ SQL ] SELECT `id`,`cateName`,`pid` FROM `php_category` WHERE  `id` = 7  AND `pid` = 1 LIMIT 1 [ RunTime:0.000321s ]
[ sql ] [ SQL ] SELECT `id`,`cateName`,`pid` FROM `php_category` WHERE  `id` = 34  AND `pid` = 1 LIMIT 1 [ RunTime:0.000319s ]
[ sql ] [ SQL ] SELECT `id`,`cateName`,`pid` FROM `php_category` WHERE  `id` = 11  AND `pid` = 1 LIMIT 1 [ RunTime:0.000323s ]
[ sql ] [ SQL ] SELECT `id`,`cateName`,`pid` FROM `php_category` WHERE  `id` = 4  AND `pid` = 1 LIMIT 1 [ RunTime:0.000334s ]
[ sql ] [ SQL ] SELECT `id`,`cateName`,`pid` FROM `php_category` WHERE  `id` = 36  AND `pid` = 1 LIMIT 1 [ RunTime:0.000318s ]
[ sql ] [ SQL ] SELECT `id`,`cateName`,`pid` FROM `php_category` WHERE  `id` = 28  AND `pid` = 1 LIMIT 1 [ RunTime:0.000349s ]
[ sql ] [ SQL ] SELECT * FROM `php_category` [ RunTime:0.000361s ]
[ sql ] [ SQL ] SELECT DISTINCT id FROM `php_goods` WHERE  `cateId` IN (16,17,18,10) [ RunTime:0.000374s ]
[ sql ] [ SQL ] SELECT DISTINCT goodsId id FROM `php_goods_cat` WHERE  `catId` IN (16,17,18,10) [ RunTime:0.000389s ]
[ sql ] [ SQL ] SELECT `valId` FROM `php_rec_item` WHERE  `valId` IN (0)  AND `recposId` = 7  AND `valType` = 1 [ RunTime:0.000331s ]
[ sql ] [ SQL ] SELECT * FROM `php_category` [ RunTime:0.000386s ]
[ sql ] [ SQL ] SELECT DISTINCT id FROM `php_goods` WHERE  `cateId` IN (19,20,21,11) [ RunTime:0.000401s ]
[ sql ] [ SQL ] SELECT DISTINCT goodsId id FROM `php_goods_cat` WHERE  `catId` IN (19,20,21,11) [ RunTime:0.000356s ]
[ sql ] [ SQL ] SELECT `valId` FROM `php_rec_item` WHERE  `valId` IN (0)  AND `recposId` = 7  AND `valType` = 1 [ RunTime:0.000356s ]
[ sql ] [ SQL ] SELECT * FROM `php_category` [ RunTime:0.000363s ]
[ sql ] [ SQL ] SELECT DISTINCT id FROM `php_goods` WHERE  `cateId` IN (34,35,33) [ RunTime:0.000424s ]
[ sql ] [ SQL ] SELECT DISTINCT goodsId id FROM `php_goods_cat` WHERE  `catId` IN (34,35,33) [ RunTime:0.000340s ]
[ sql ] [ SQL ] SELECT `valId` FROM `php_rec_item` WHERE  `valId` IN (49,52,55)  AND `recposId` = 4  AND `valType` = 1 [ RunTime:0.000341s ]
[ sql ] [ SQL ] SELECT * FROM `php_goods` WHERE  `onSale` = 1  AND `id` IN (49,55) ORDER BY id desc LIMIT 6 [ RunTime:0.000429s ]
[ sql ] [ SQL ] SELECT * FROM `php_category_brands` WHERE  `cateId` = 33 LIMIT 1 [ RunTime:0.000340s ]
[ sql ] [ SQL ] SELECT * FROM `php_brand` WHERE  `id` IN (8,7,18,19) [ RunTime:0.000452s ]
[ sql ] [ SQL ] SELECT * FROM `php_category_ad` WHERE  `cateId` = 33  AND `position` = 1 ORDER BY id desc LIMIT 3 [ RunTime:0.000585s ]
[ sql ] [ SQL ] SELECT * FROM `php_category_ad` WHERE  `cateId` = 33  AND `position` = 2 ORDER BY id desc LIMIT 1 [ RunTime:0.000400s ]
[ sql ] [ SQL ] SELECT * FROM `php_category_ad` WHERE  `cateId` = 33  AND `position` = 3 ORDER BY id desc LIMIT 1 [ RunTime:0.000359s ]
[ sql ] [ SQL ] SELECT * FROM `php_rec_item` WHERE  `valType` = 2  AND `recposId` = 6 [ RunTime:0.000315s ]
[ sql ] [ SQL ] SELECT `id`,`cateName`,`pid` FROM `php_category` WHERE  `id` = 35  AND `pid` = 33 LIMIT 1 [ RunTime:0.000309s ]
[ sql ] [ SQL ] SELECT `id`,`cateName`,`pid` FROM `php_category` WHERE  `id` = 10  AND `pid` = 33 LIMIT 1 [ RunTime:0.000326s ]
[ sql ] [ SQL ] SELECT `id`,`cateName`,`pid` FROM `php_category` WHERE  `id` = 7  AND `pid` = 33 LIMIT 1 [ RunTime:0.000291s ]
[ sql ] [ SQL ] SELECT `id`,`cateName`,`pid` FROM `php_category` WHERE  `id` = 34  AND `pid` = 33 LIMIT 1 [ RunTime:0.000292s ]
[ sql ] [ SQL ] SELECT `id`,`cateName`,`pid` FROM `php_category` WHERE  `id` = 11  AND `pid` = 33 LIMIT 1 [ RunTime:0.000298s ]
[ sql ] [ SQL ] SELECT `id`,`cateName`,`pid` FROM `php_category` WHERE  `id` = 4  AND `pid` = 33 LIMIT 1 [ RunTime:0.000313s ]
[ sql ] [ SQL ] SELECT `id`,`cateName`,`pid` FROM `php_category` WHERE  `id` = 36  AND `pid` = 33 LIMIT 1 [ RunTime:0.000288s ]
[ sql ] [ SQL ] SELECT `id`,`cateName`,`pid` FROM `php_category` WHERE  `id` = 28  AND `pid` = 33 LIMIT 1 [ RunTime:0.000287s ]
[ sql ] [ SQL ] SELECT * FROM `php_category` [ RunTime:0.000374s ]
[ sql ] [ SQL ] SELECT DISTINCT id FROM `php_goods` WHERE  `cateId` IN (35,34) [ RunTime:0.000367s ]
[ sql ] [ SQL ] SELECT DISTINCT goodsId id FROM `php_goods_cat` WHERE  `catId` IN (35,34) [ RunTime:0.000325s ]
[ sql ] [ SQL ] SELECT `valId` FROM `php_rec_item` WHERE  `valId` IN (49,52,55)  AND `recposId` = 7  AND `valType` = 1 [ RunTime:0.000311s ]
[ sql ] [ SQL ] SELECT * FROM `php_goods` WHERE  `onSale` = 1  AND `id` IN (49,52,55) ORDER BY id desc LIMIT 6 [ RunTime:0.000405s ]
[ sql ] [ SQL ] SELECT * FROM `php_category` [ RunTime:0.000392s ]
[ sql ] [ SQL ] SELECT DISTINCT id FROM `php_goods` WHERE  `cateId` IN (28,29,36,27) [ RunTime:0.000352s ]
[ sql ] [ SQL ] SELECT DISTINCT goodsId id FROM `php_goods_cat` WHERE  `catId` IN (28,29,36,27) [ RunTime:0.000313s ]
[ sql ] [ SQL ] SELECT `valId` FROM `php_rec_item` WHERE  `valId` IN (53,54)  AND `recposId` = 4  AND `valType` = 1 [ RunTime:0.000325s ]
[ sql ] [ SQL ] SELECT * FROM `php_goods` WHERE  `onSale` = 1  AND `id` IN (53) ORDER BY id desc LIMIT 6 [ RunTime:0.000351s ]
[ sql ] [ SQL ] SELECT * FROM `php_category_brands` WHERE  `cateId` = 27 LIMIT 1 [ RunTime:0.000313s ]
[ sql ] [ SQL ] SELECT * FROM `php_brand` WHERE  `id` IN (43,44,50) [ RunTime:0.000432s ]
[ sql ] [ SQL ] SELECT * FROM `php_category_ad` WHERE  `cateId` = 27  AND `position` = 1 ORDER BY id desc LIMIT 3 [ RunTime:0.000355s ]
[ sql ] [ SQL ] SELECT * FROM `php_category_ad` WHERE  `cateId` = 27  AND `position` = 2 ORDER BY id desc LIMIT 1 [ RunTime:0.000345s ]
[ sql ] [ SQL ] SELECT * FROM `php_category_ad` WHERE  `cateId` = 27  AND `position` = 3 ORDER BY id desc LIMIT 1 [ RunTime:0.000324s ]
[ sql ] [ SQL ] SELECT * FROM `php_rec_item` WHERE  `valType` = 2  AND `recposId` = 6 [ RunTime:0.000304s ]
[ sql ] [ SQL ] SELECT `id`,`cateName`,`pid` FROM `php_category` WHERE  `id` = 35  AND `pid` = 27 LIMIT 1 [ RunTime:0.000292s ]
[ sql ] [ SQL ] SELECT `id`,`cateName`,`pid` FROM `php_category` WHERE  `id` = 10  AND `pid` = 27 LIMIT 1 [ RunTime:0.000288s ]
[ sql ] [ SQL ] SELECT `id`,`cateName`,`pid` FROM `php_category` WHERE  `id` = 7  AND `pid` = 27 LIMIT 1 [ RunTime:0.000321s ]
[ sql ] [ SQL ] SELECT `id`,`cateName`,`pid` FROM `php_category` WHERE  `id` = 34  AND `pid` = 27 LIMIT 1 [ RunTime:0.000337s ]
[ sql ] [ SQL ] SELECT `id`,`cateName`,`pid` FROM `php_category` WHERE  `id` = 11  AND `pid` = 27 LIMIT 1 [ RunTime:0.000369s ]
[ sql ] [ SQL ] SELECT `id`,`cateName`,`pid` FROM `php_category` WHERE  `id` = 4  AND `pid` = 27 LIMIT 1 [ RunTime:0.000306s ]
[ sql ] [ SQL ] SELECT `id`,`cateName`,`pid` FROM `php_category` WHERE  `id` = 36  AND `pid` = 27 LIMIT 1 [ RunTime:0.000294s ]
[ sql ] [ SQL ] SELECT `id`,`cateName`,`pid` FROM `php_category` WHERE  `id` = 28  AND `pid` = 27 LIMIT 1 [ RunTime:0.000293s ]
[ sql ] [ SQL ] SELECT * FROM `php_category` [ RunTime:0.000323s ]
[ sql ] [ SQL ] SELECT DISTINCT id FROM `php_goods` WHERE  `cateId` IN (36) [ RunTime:0.000322s ]
[ sql ] [ SQL ] SELECT DISTINCT goodsId id FROM `php_goods_cat` WHERE  `catId` IN (36) [ RunTime:0.000399s ]
[ sql ] [ SQL ] SELECT `valId` FROM `php_rec_item` WHERE  `valId` IN (0)  AND `recposId` = 7  AND `valType` = 1 [ RunTime:0.000313s ]
[ sql ] [ SQL ] SELECT * FROM `php_category` [ RunTime:0.000320s ]
[ sql ] [ SQL ] SELECT DISTINCT id FROM `php_goods` WHERE  `cateId` IN (29,28) [ RunTime:0.000354s ]
[ sql ] [ SQL ] SELECT DISTINCT goodsId id FROM `php_goods_cat` WHERE  `catId` IN (29,28) [ RunTime:0.000302s ]
[ sql ] [ SQL ] SELECT `valId` FROM `php_rec_item` WHERE  `valId` IN (53,54)  AND `recposId` = 7  AND `valType` = 1 [ RunTime:0.000395s ]
[ sql ] [ SQL ] SELECT * FROM `php_goods` WHERE  `onSale` = 1  AND `id` IN (53) ORDER BY id desc LIMIT 6 [ RunTime:0.000434s ]
[ sql ] [ SQL ] SHOW COLUMNS FROM `php_article` [ RunTime:0.001157s ]
[ sql ] [ SQL ] SELECT `id`,`title` FROM `php_article` WHERE  `cateId` = 33 LIMIT 3 [ RunTime:0.000344s ]
[ sql ] [ SQL ] SELECT `id`,`title` FROM `php_article` WHERE  `cateId` = 34 LIMIT 3 [ RunTime:0.000378s ]
[ sql ] [ SQL ] SELECT * FROM `php_brand` ORDER BY id desc LIMIT 17 [ RunTime:0.000447s ]
[ sql ] [ SQL ] SHOW COLUMNS FROM `php_slider` [ RunTime:0.001025s ]
[ sql ] [ SQL ] SELECT * FROM `php_slider` WHERE  `status` = 1 ORDER BY sort desc [ RunTime:0.000392s ]
---------------------------------------------------------------
[ 2018-11-01T03:14:59+08:00 ] 104.238.248.15 GET /article/33
[ sql ] [ DB ] CONNECT:[ UseTime:0.000969s ] mysql:host=127.0.0.1;port=3306;dbname=myshop;charset=utf8
[ sql ] [ SQL ] SHOW COLUMNS FROM `php_article` [ RunTime:0.001206s ]
[ sql ] [ SQL ] SELECT * FROM `php_article` WHERE  `id` = 33 LIMIT 1 [ RunTime:0.000532s ]
[ sql ] [ SQL ] SHOW COLUMNS FROM `php_cate` [ RunTime:0.012216s ]
[ sql ] [ SQL ] SELECT * FROM `php_cate` WHERE  `id` = 8 LIMIT 1 [ RunTime:0.000393s ]
[ sql ] [ SQL ] SELECT * FROM `php_cate` WHERE  `id` = 5 LIMIT 1 [ RunTime:0.000330s ]
[ sql ] [ SQL ] SELECT * FROM `php_cate` WHERE  `type` = 3  AND `pid` = 4 [ RunTime:0.000353s ]
[ sql ] [ SQL ] SELECT * FROM `php_cate` WHERE  `type` = 5  AND `pid` = 0 [ RunTime:0.000365s ]
[ sql ] [ SQL ] SELECT * FROM `php_cate` WHERE  `pid` = 18 [ RunTime:0.000309s ]
[ sql ] [ SQL ] SELECT * FROM `php_cate` WHERE  `pid` = 26 [ RunTime:0.000317s ]
[ sql ] [ SQL ] SELECT * FROM `php_cate` WHERE  `pid` = 27 [ RunTime:0.000316s ]
[ sql ] [ SQL ] SELECT * FROM `php_cate` WHERE  `pid` = 28 [ RunTime:0.000334s ]
[ sql ] [ SQL ] SELECT * FROM `php_cate` WHERE  `pid` = 29 [ RunTime:0.000310s ]
[ sql ] [ SQL ] SELECT * FROM `php_cate` WHERE  `pid` = 30 [ RunTime:0.000327s ]
[ sql ] [ SQL ] SELECT * FROM `php_cate` WHERE  `pid` = 32 [ RunTime:0.000328s ]
[ sql ] [ SQL ] SELECT * FROM `php_cate` WHERE  `pid` = 33 [ RunTime:0.000313s ]
[ sql ] [ SQL ] SELECT * FROM `php_cate` WHERE  `pid` = 34 [ RunTime:0.000308s ]
[ sql ] [ SQL ] SELECT * FROM `php_cate` WHERE  `pid` = 35 [ RunTime:0.000310s ]
---------------------------------------------------------------
[ 2018-11-01T17:33:14+08:00 ] 52.53.201.78 GET /
[ sql ] [ DB ] CONNECT:[ UseTime:0.000908s ] mysql:host=127.0.0.1;port=3306;dbname=myshop;charset=utf8
[ sql ] [ SQL ] SHOW COLUMNS FROM `php_nav` [ RunTime:0.021388s ]
[ sql ] [ SQL ] SELECT * FROM `php_nav` ORDER BY sort desc [ RunTime:0.000705s ]
[ sql ] [ SQL ] SHOW COLUMNS FROM `php_cate` [ RunTime:0.000993s ]
[ sql ] [ SQL ] SELECT * FROM `php_cate` WHERE  `type` = 3 ORDER BY sort desc [ RunTime:0.000453s ]
[ sql ] [ SQL ] SHOW COLUMNS FROM `php_article` [ RunTime:0.000959s ]
[ sql ] [ SQL ] SELECT * FROM `php_article` WHERE  `cateId` = 11  AND `showStatus` = 1 [ RunTime:0.000436s ]
[ sql ] [ SQL ] SELECT * FROM `php_article` WHERE  `cateId` = 12  AND `showStatus` = 1 [ RunTime:0.000366s ]
[ sql ] [ SQL ] SELECT * FROM `php_article` WHERE  `cateId` = 22  AND `showStatus` = 1 [ RunTime:0.000385s ]
[ sql ] [ SQL ] SELECT * FROM `php_article` WHERE  `cateId` = 21  AND `showStatus` = 1 [ RunTime:0.000439s ]
[ sql ] [ SQL ] SELECT * FROM `php_article` WHERE  `cateId` = 23  AND `showStatus` = 1 [ RunTime:0.000356s ]
[ sql ] [ SQL ] SELECT `id`,`title` FROM `php_article` WHERE  `cateId` = 8 [ RunTime:0.000298s ]
[ sql ] [ SQL ] SHOW COLUMNS FROM `php_conf` [ RunTime:0.005318s ]
[ sql ] [ SQL ] SELECT `enName`,`value` FROM `php_conf` [ RunTime:0.000824s ]
[ sql ] [ SQL ] SHOW COLUMNS FROM `php_category` [ RunTime:0.001104s ]
[ sql ] [ SQL ] SELECT * FROM `php_category` WHERE  `pid` = 0 [ RunTime:0.000404s ]
[ sql ] [ SQL ] SELECT * FROM `php_category` WHERE  `pid` = 1 [ RunTime:0.000421s ]
[ sql ] [ SQL ] SELECT * FROM `php_category` WHERE  `pid` = 4 [ RunTime:0.000399s ]
[ sql ] [ SQL ] SELECT * FROM `php_category` WHERE  `pid` = 27 [ RunTime:0.000358s ]
[ sql ] [ SQL ] SELECT * FROM `php_category` WHERE  `pid` = 33 [ RunTime:0.000392s ]
[ sql ] [ SQL ] SHOW COLUMNS FROM `php_rec_item` [ RunTime:0.001008s ]
[ sql ] [ SQL ] SELECT * FROM `php_rec_item` WHERE  `valType` = 1  AND `recposId` = 8 [ RunTime:0.000333s ]
[ sql ] [ SQL ] SHOW COLUMNS FROM `php_goods` [ RunTime:0.001297s ]
[ sql ] [ SQL ] SELECT `id`,`goodsName`,`mdPic`,`shopPrice`,`marketPrice` FROM `php_goods` WHERE  `id` IN (49,50,52,51,53,55) ORDER BY id desc LIMIT 20 [ RunTime:0.000578s ]
[ sql ] [ SQL ] SELECT * FROM `php_rec_item` WHERE  `valType` = 2  AND `recposId` = 5 [ RunTime:0.000416s ]
[ sql ] [ SQL ] SELECT `id`,`cateName`,`pid` FROM `php_category` WHERE  `id` = 1  AND `pid` = 0 LIMIT 1 [ RunTime:0.000390s ]
[ sql ] [ SQL ] SELECT `id`,`cateName`,`pid` FROM `php_category` WHERE  `id` = 35  AND `pid` = 0 LIMIT 1 [ RunTime:0.000365s ]
[ sql ] [ SQL ] SELECT `id`,`cateName`,`pid` FROM `php_category` WHERE  `id` = 33  AND `pid` = 0 LIMIT 1 [ RunTime:0.000304s ]
[ sql ] [ SQL ] SELECT `id`,`cateName`,`pid` FROM `php_category` WHERE  `id` = 10  AND `pid` = 0 LIMIT 1 [ RunTime:0.000333s ]
[ sql ] [ SQL ] SELECT `id`,`cateName`,`pid` FROM `php_category` WHERE  `id` = 27  AND `pid` = 0 LIMIT 1 [ RunTime:0.000303s ]
[ sql ] [ SQL ] SELECT `id`,`cateName`,`pid` FROM `php_category` WHERE  `id` = 34  AND `pid` = 0 LIMIT 1 [ RunTime:0.000304s ]
[ sql ] [ SQL ] SELECT `id`,`cateName`,`pid` FROM `php_category` WHERE  `id` = 2  AND `pid` = 0 LIMIT 1 [ RunTime:0.000368s ]
[ sql ] [ SQL ] SELECT * FROM `php_category` [ RunTime:0.000372s ]
[ sql ] [ SQL ] SELECT DISTINCT id FROM `php_goods` WHERE  `cateId` IN (2,12,13,14,15,10,16,17,18,11,19,20,21,1) [ RunTime:0.000469s ]
[ sql ] [ SQL ] SHOW COLUMNS FROM `php_goods_cat` [ RunTime:0.000952s ]
[ sql ] [ SQL ] SELECT DISTINCT goodsId id FROM `php_goods_cat` WHERE  `catId` IN (2,12,13,14,15,10,16,17,18,11,19,20,21,1) [ RunTime:0.000506s ]
[ sql ] [ SQL ] SELECT `valId` FROM `php_rec_item` WHERE  `valId` IN (50,51,49,52)  AND `recposId` = 4  AND `valType` = 1 [ RunTime:0.000329s ]
[ sql ] [ SQL ] SELECT * FROM `php_goods` WHERE  `onSale` = 1  AND `id` IN (51,50,49) ORDER BY id desc LIMIT 6 [ RunTime:0.000465s ]
[ sql ] [ SQL ] SHOW COLUMNS FROM `php_category_brands` [ RunTime:0.000949s ]
[ sql ] [ SQL ] SELECT * FROM `php_category_brands` WHERE  `cateId` = 1 LIMIT 1 [ RunTime:0.000311s ]
[ sql ] [ SQL ] SHOW COLUMNS FROM `php_brand` [ RunTime:0.000910s ]
[ sql ] [ SQL ] SELECT * FROM `php_brand` WHERE  `id` IN (16,17,18,19,20,21,22,23,24,25) [ RunTime:0.000383s ]
[ sql ] [ SQL ] SHOW COLUMNS FROM `php_category_ad` [ RunTime:0.008244s ]
[ sql ] [ SQL ] SELECT * FROM `php_category_ad` WHERE  `cateId` = 1  AND `position` = 1 ORDER BY id desc LIMIT 3 [ RunTime:0.000416s ]
[ sql ] [ SQL ] SELECT * FROM `php_category_ad` WHERE  `cateId` = 1  AND `position` = 2 ORDER BY id desc LIMIT 1 [ RunTime:0.000366s ]
[ sql ] [ SQL ] SELECT * FROM `php_category_ad` WHERE  `cateId` = 1  AND `position` = 3 ORDER BY id desc LIMIT 1 [ RunTime:0.000353s ]
[ sql ] [ SQL ] SELECT * FROM `php_rec_item` WHERE  `valType` = 2  AND `recposId` = 6 [ RunTime:0.000307s ]
[ sql ] [ SQL ] SELECT `id`,`cateName`,`pid` FROM `php_category` WHERE  `id` = 35  AND `pid` = 1 LIMIT 1 [ RunTime:0.000303s ]
[ sql ] [ SQL ] SELECT `id`,`cateName`,`pid` FROM `php_category` WHERE  `id` = 10  AND `pid` = 1 LIMIT 1 [ RunTime:0.000305s ]
[ sql ] [ SQL ] SELECT `id`,`cateName`,`pid` FROM `php_category` WHERE  `id` = 7  AND `pid` = 1 LIMIT 1 [ RunTime:0.000308s ]
[ sql ] [ SQL ] SELECT `id`,`cateName`,`pid` FROM `php_category` WHERE  `id` = 34  AND `pid` = 1 LIMIT 1 [ RunTime:0.000295s ]
[ sql ] [ SQL ] SELECT `id`,`cateName`,`pid` FROM `php_category` WHERE  `id` = 11  AND `pid` = 1 LIMIT 1 [ RunTime:0.000351s ]
[ sql ] [ SQL ] SELECT `id`,`cateName`,`pid` FROM `php_category` WHERE  `id` = 4  AND `pid` = 1 LIMIT 1 [ RunTime:0.000423s ]
[ sql ] [ SQL ] SELECT `id`,`cateName`,`pid` FROM `php_category` WHERE  `id` = 36  AND `pid` = 1 LIMIT 1 [ RunTime:0.000363s ]
[ sql ] [ SQL ] SELECT `id`,`cateName`,`pid` FROM `php_category` WHERE  `id` = 28  AND `pid` = 1 LIMIT 1 [ RunTime:0.000317s ]
[ sql ] [ SQL ] SELECT * FROM `php_category` [ RunTime:0.000403s ]
[ sql ] [ SQL ] SELECT DISTINCT id FROM `php_goods` WHERE  `cateId` IN (16,17,18,10) [ RunTime:0.000427s ]
[ sql ] [ SQL ] SELECT DISTINCT goodsId id FROM `php_goods_cat` WHERE  `catId` IN (16,17,18,10) [ RunTime:0.000409s ]
[ sql ] [ SQL ] SELECT `valId` FROM `php_rec_item` WHERE  `valId` IN (0)  AND `recposId` = 7  AND `valType` = 1 [ RunTime:0.000317s ]
[ sql ] [ SQL ] SELECT * FROM `php_category` [ RunTime:0.000383s ]
[ sql ] [ SQL ] SELECT DISTINCT id FROM `php_goods` WHERE  `cateId` IN (19,20,21,11) [ RunTime:0.000342s ]
[ sql ] [ SQL ] SELECT DISTINCT goodsId id FROM `php_goods_cat` WHERE  `catId` IN (19,20,21,11) [ RunTime:0.000314s ]
[ sql ] [ SQL ] SELECT `valId` FROM `php_rec_item` WHERE  `valId` IN (0)  AND `recposId` = 7  AND `valType` = 1 [ RunTime:0.000360s ]
[ sql ] [ SQL ] SELECT * FROM `php_category` [ RunTime:0.000441s ]
[ sql ] [ SQL ] SELECT DISTINCT id FROM `php_goods` WHERE  `cateId` IN (34,35,33) [ RunTime:0.000368s ]
[ sql ] [ SQL ] SELECT DISTINCT goodsId id FROM `php_goods_cat` WHERE  `catId` IN (34,35,33) [ RunTime:0.000328s ]
[ sql ] [ SQL ] SELECT `valId` FROM `php_rec_item` WHERE  `valId` IN (49,52,55)  AND `recposId` = 4  AND `valType` = 1 [ RunTime:0.000353s ]
[ sql ] [ SQL ] SELECT * FROM `php_goods` WHERE  `onSale` = 1  AND `id` IN (49,55) ORDER BY id desc LIMIT 6 [ RunTime:0.000384s ]
[ sql ] [ SQL ] SELECT * FROM `php_category_brands` WHERE  `cateId` = 33 LIMIT 1 [ RunTime:0.000309s ]
[ sql ] [ SQL ] SELECT * FROM `php_brand` WHERE  `id` IN (8,7,18,19) [ RunTime:0.000351s ]
[ sql ] [ SQL ] SELECT * FROM `php_category_ad` WHERE  `cateId` = 33  AND `position` = 1 ORDER BY id desc LIMIT 3 [ RunTime:0.000416s ]
[ sql ] [ SQL ] SELECT * FROM `php_category_ad` WHERE  `cateId` = 33  AND `position` = 2 ORDER BY id desc LIMIT 1 [ RunTime:0.000396s ]
[ sql ] [ SQL ] SELECT * FROM `php_category_ad` WHERE  `cateId` = 33  AND `position` = 3 ORDER BY id desc LIMIT 1 [ RunTime:0.000362s ]
[ sql ] [ SQL ] SELECT * FROM `php_rec_item` WHERE  `valType` = 2  AND `recposId` = 6 [ RunTime:0.000321s ]
[ sql ] [ SQL ] SELECT `id`,`cateName`,`pid` FROM `php_category` WHERE  `id` = 35  AND `pid` = 33 LIMIT 1 [ RunTime:0.000405s ]
[ sql ] [ SQL ] SELECT `id`,`cateName`,`pid` FROM `php_category` WHERE  `id` = 10  AND `pid` = 33 LIMIT 1 [ RunTime:0.000289s ]
[ sql ] [ SQL ] SELECT `id`,`cateName`,`pid` FROM `php_category` WHERE  `id` = 7  AND `pid` = 33 LIMIT 1 [ RunTime:0.000309s ]
[ sql ] [ SQL ] SELECT `id`,`cateName`,`pid` FROM `php_category` WHERE  `id` = 34  AND `pid` = 33 LIMIT 1 [ RunTime:0.000342s ]
[ sql ] [ SQL ] SELECT `id`,`cateName`,`pid` FROM `php_category` WHERE  `id` = 11  AND `pid` = 33 LIMIT 1 [ RunTime:0.000304s ]
[ sql ] [ SQL ] SELECT `id`,`cateName`,`pid` FROM `php_category` WHERE  `id` = 4  AND `pid` = 33 LIMIT 1 [ RunTime:0.000285s ]
[ sql ] [ SQL ] SELECT `id`,`cateName`,`pid` FROM `php_category` WHERE  `id` = 36  AND `pid` = 33 LIMIT 1 [ RunTime:0.000292s ]
[ sql ] [ SQL ] SELECT `id`,`cateName`,`pid` FROM `php_category` WHERE  `id` = 28  AND `pid` = 33 LIMIT 1 [ RunTime:0.000290s ]
[ sql ] [ SQL ] SELECT * FROM `php_category` [ RunTime:0.000319s ]
[ sql ] [ SQL ] SELECT DISTINCT id FROM `php_goods` WHERE  `cateId` IN (35,34) [ RunTime:0.000316s ]
[ sql ] [ SQL ] SELECT DISTINCT goodsId id FROM `php_goods_cat` WHERE  `catId` IN (35,34) [ RunTime:0.000304s ]
[ sql ] [ SQL ] SELECT `valId` FROM `php_rec_item` WHERE  `valId` IN (49,52,55)  AND `recposId` = 7  AND `valType` = 1 [ RunTime:0.000325s ]
[ sql ] [ SQL ] SELECT * FROM `php_goods` WHERE  `onSale` = 1  AND `id` IN (49,52,55) ORDER BY id desc LIMIT 6 [ RunTime:0.000415s ]
[ sql ] [ SQL ] SELECT * FROM `php_category` [ RunTime:0.000319s ]
[ sql ] [ SQL ] SELECT DISTINCT id FROM `php_goods` WHERE  `cateId` IN (28,29,36,27) [ RunTime:0.000359s ]
[ sql ] [ SQL ] SELECT DISTINCT goodsId id FROM `php_goods_cat` WHERE  `catId` IN (28,29,36,27) [ RunTime:0.000315s ]
[ sql ] [ SQL ] SELECT `valId` FROM `php_rec_item` WHERE  `valId` IN (53,54)  AND `recposId` = 4  AND `valType` = 1 [ RunTime:0.000320s ]
[ sql ] [ SQL ] SELECT * FROM `php_goods` WHERE  `onSale` = 1  AND `id` IN (53) ORDER BY id desc LIMIT 6 [ RunTime:0.000350s ]
[ sql ] [ SQL ] SELECT * FROM `php_category_brands` WHERE  `cateId` = 27 LIMIT 1 [ RunTime:0.000290s ]
[ sql ] [ SQL ] SELECT * FROM `php_brand` WHERE  `id` IN (43,44,50) [ RunTime:0.000327s ]
[ sql ] [ SQL ] SELECT * FROM `php_category_ad` WHERE  `cateId` = 27  AND `position` = 1 ORDER BY id desc LIMIT 3 [ RunTime:0.000335s ]
[ sql ] [ SQL ] SELECT * FROM `php_category_ad` WHERE  `cateId` = 27  AND `position` = 2 ORDER BY id desc LIMIT 1 [ RunTime:0.000317s ]
[ sql ] [ SQL ] SELECT * FROM `php_category_ad` WHERE  `cateId` = 27  AND `position` = 3 ORDER BY id desc LIMIT 1 [ RunTime:0.000327s ]
[ sql ] [ SQL ] SELECT * FROM `php_rec_item` WHERE  `valType` = 2  AND `recposId` = 6 [ RunTime:0.000289s ]
[ sql ] [ SQL ] SELECT `id`,`cateName`,`pid` FROM `php_category` WHERE  `id` = 35  AND `pid` = 27 LIMIT 1 [ RunTime:0.000300s ]
[ sql ] [ SQL ] SELECT `id`,`cateName`,`pid` FROM `php_category` WHERE  `id` = 10  AND `pid` = 27 LIMIT 1 [ RunTime:0.000285s ]
[ sql ] [ SQL ] SELECT `id`,`cateName`,`pid` FROM `php_category` WHERE  `id` = 7  AND `pid` = 27 LIMIT 1 [ RunTime:0.000296s ]
[ sql ] [ SQL ] SELECT `id`,`cateName`,`pid` FROM `php_category` WHERE  `id` = 34  AND `pid` = 27 LIMIT 1 [ RunTime:0.000284s ]
[ sql ] [ SQL ] SELECT `id`,`cateName`,`pid` FROM `php_category` WHERE  `id` = 11  AND `pid` = 27 LIMIT 1 [ RunTime:0.000329s ]
[ sql ] [ SQL ] SELECT `id`,`cateName`,`pid` FROM `php_category` WHERE  `id` = 4  AND `pid` = 27 LIMIT 1 [ RunTime:0.000297s ]
[ sql ] [ SQL ] SELECT `id`,`cateName`,`pid` FROM `php_category` WHERE  `id` = 36  AND `pid` = 27 LIMIT 1 [ RunTime:0.000297s ]
[ sql ] [ SQL ] SELECT `id`,`cateName`,`pid` FROM `php_category` WHERE  `id` = 28  AND `pid` = 27 LIMIT 1 [ RunTime:0.000294s ]
[ sql ] [ SQL ] SELECT * FROM `php_category` [ RunTime:0.000327s ]
[ sql ] [ SQL ] SELECT DISTINCT id FROM `php_goods` WHERE  `cateId` IN (36) [ RunTime:0.000301s ]
[ sql ] [ SQL ] SELECT DISTINCT goodsId id FROM `php_goods_cat` WHERE  `catId` IN (36) [ RunTime:0.000331s ]
[ sql ] [ SQL ] SELECT `valId` FROM `php_rec_item` WHERE  `valId` IN (0)  AND `recposId` = 7  AND `valType` = 1 [ RunTime:0.000294s ]
[ sql ] [ SQL ] SELECT * FROM `php_category` [ RunTime:0.000326s ]
[ sql ] [ SQL ] SELECT DISTINCT id FROM `php_goods` WHERE  `cateId` IN (29,28) [ RunTime:0.000353s ]
[ sql ] [ SQL ] SELECT DISTINCT goodsId id FROM `php_goods_cat` WHERE  `catId` IN (29,28) [ RunTime:0.000305s ]
[ sql ] [ SQL ] SELECT `valId` FROM `php_rec_item` WHERE  `valId` IN (53,54)  AND `recposId` = 7  AND `valType` = 1 [ RunTime:0.000300s ]
[ sql ] [ SQL ] SELECT * FROM `php_goods` WHERE  `onSale` = 1  AND `id` IN (53) ORDER BY id desc LIMIT 6 [ RunTime:0.000348s ]
[ sql ] [ SQL ] SELECT `id`,`title` FROM `php_article` WHERE  `cateId` = 33 LIMIT 3 [ RunTime:0.000300s ]
[ sql ] [ SQL ] SELECT `id`,`title` FROM `php_article` WHERE  `cateId` = 34 LIMIT 3 [ RunTime:0.000294s ]
[ sql ] [ SQL ] SELECT * FROM `php_brand` ORDER BY id desc LIMIT 17 [ RunTime:0.000386s ]
[ sql ] [ SQL ] SHOW COLUMNS FROM `php_slider` [ RunTime:0.001110s ]
[ sql ] [ SQL ] SELECT * FROM `php_slider` WHERE  `status` = 1 ORDER BY sort desc [ RunTime:0.000342s ]
---------------------------------------------------------------
[ 2018-11-01T17:47:40+08:00 ] 101.132.67.50 GET /
[ sql ] [ DB ] CONNECT:[ UseTime:0.001153s ] mysql:host=127.0.0.1;port=3306;dbname=myshop;charset=utf8
[ sql ] [ SQL ] SHOW COLUMNS FROM `php_rec_item` [ RunTime:0.001062s ]
[ sql ] [ SQL ] SELECT * FROM `php_rec_item` WHERE  `valType` = 1  AND `recposId` = 8 [ RunTime:0.000437s ]
[ sql ] [ SQL ] SHOW COLUMNS FROM `php_goods` [ RunTime:0.000923s ]
[ sql ] [ SQL ] SELECT `id`,`goodsName`,`mdPic`,`shopPrice`,`marketPrice` FROM `php_goods` WHERE  `id` IN (49,50,52,51,53,55) ORDER BY id desc LIMIT 20 [ RunTime:0.000487s ]
[ sql ] [ SQL ] SELECT * FROM `php_rec_item` WHERE  `valType` = 2  AND `recposId` = 5 [ RunTime:0.000403s ]
[ sql ] [ SQL ] SHOW COLUMNS FROM `php_category` [ RunTime:0.000836s ]
[ sql ] [ SQL ] SELECT `id`,`cateName`,`pid` FROM `php_category` WHERE  `id` = 1  AND `pid` = 0 LIMIT 1 [ RunTime:0.000345s ]
[ sql ] [ SQL ] SELECT `id`,`cateName`,`pid` FROM `php_category` WHERE  `id` = 35  AND `pid` = 0 LIMIT 1 [ RunTime:0.000321s ]
[ sql ] [ SQL ] SELECT `id`,`cateName`,`pid` FROM `php_category` WHERE  `id` = 33  AND `pid` = 0 LIMIT 1 [ RunTime:0.000307s ]
[ sql ] [ SQL ] SELECT `id`,`cateName`,`pid` FROM `php_category` WHERE  `id` = 10  AND `pid` = 0 LIMIT 1 [ RunTime:0.000306s ]
[ sql ] [ SQL ] SELECT `id`,`cateName`,`pid` FROM `php_category` WHERE  `id` = 27  AND `pid` = 0 LIMIT 1 [ RunTime:0.000331s ]
[ sql ] [ SQL ] SELECT `id`,`cateName`,`pid` FROM `php_category` WHERE  `id` = 34  AND `pid` = 0 LIMIT 1 [ RunTime:0.000296s ]
[ sql ] [ SQL ] SELECT `id`,`cateName`,`pid` FROM `php_category` WHERE  `id` = 2  AND `pid` = 0 LIMIT 1 [ RunTime:0.000294s ]
[ sql ] [ SQL ] SELECT * FROM `php_category` [ RunTime:0.000397s ]
[ sql ] [ SQL ] SELECT DISTINCT id FROM `php_goods` WHERE  `cateId` IN (2,12,13,14,15,10,16,17,18,11,19,20,21,1) [ RunTime:0.000402s ]
[ sql ] [ SQL ] SHOW COLUMNS FROM `php_goods_cat` [ RunTime:0.000798s ]
[ sql ] [ SQL ] SELECT DISTINCT goodsId id FROM `php_goods_cat` WHERE  `catId` IN (2,12,13,14,15,10,16,17,18,11,19,20,21,1) [ RunTime:0.000385s ]
[ sql ] [ SQL ] SELECT `valId` FROM `php_rec_item` WHERE  `valId` IN (50,51,49,52)  AND `recposId` = 4  AND `valType` = 1 [ RunTime:0.000347s ]
[ sql ] [ SQL ] SELECT * FROM `php_goods` WHERE  `onSale` = 1  AND `id` IN (51,50,49) ORDER BY id desc LIMIT 6 [ RunTime:0.000453s ]
[ sql ] [ SQL ] SHOW COLUMNS FROM `php_category_brands` [ RunTime:0.000851s ]
[ sql ] [ SQL ] SELECT * FROM `php_category_brands` WHERE  `cateId` = 1 LIMIT 1 [ RunTime:0.000323s ]
[ sql ] [ SQL ] SHOW COLUMNS FROM `php_brand` [ RunTime:0.000813s ]
[ sql ] [ SQL ] SELECT * FROM `php_brand` WHERE  `id` IN (16,17,18,19,20,21,22,23,24,25) [ RunTime:0.000420s ]
[ sql ] [ SQL ] SHOW COLUMNS FROM `php_category_ad` [ RunTime:0.000825s ]
[ sql ] [ SQL ] SELECT * FROM `php_category_ad` WHERE  `cateId` = 1  AND `position` = 1 ORDER BY id desc LIMIT 3 [ RunTime:0.000405s ]
[ sql ] [ SQL ] SELECT * FROM `php_category_ad` WHERE  `cateId` = 1  AND `position` = 2 ORDER BY id desc LIMIT 1 [ RunTime:0.000392s ]
[ sql ] [ SQL ] SELECT * FROM `php_category_ad` WHERE  `cateId` = 1  AND `position` = 3 ORDER BY id desc LIMIT 1 [ RunTime:0.000347s ]
[ sql ] [ SQL ] SELECT * FROM `php_rec_item` WHERE  `valType` = 2  AND `recposId` = 6 [ RunTime:0.000308s ]
[ sql ] [ SQL ] SELECT `id`,`cateName`,`pid` FROM `php_category` WHERE  `id` = 35  AND `pid` = 1 LIMIT 1 [ RunTime:0.000328s ]
[ sql ] [ SQL ] SELECT `id`,`cateName`,`pid` FROM `php_category` WHERE  `id` = 10  AND `pid` = 1 LIMIT 1 [ RunTime:0.000303s ]
[ sql ] [ SQL ] SELECT `id`,`cateName`,`pid` FROM `php_category` WHERE  `id` = 7  AND `pid` = 1 LIMIT 1 [ RunTime:0.000300s ]
[ sql ] [ SQL ] SELECT `id`,`cateName`,`pid` FROM `php_category` WHERE  `id` = 34  AND `pid` = 1 LIMIT 1 [ RunTime:0.000303s ]
[ sql ] [ SQL ] SELECT `id`,`cateName`,`pid` FROM `php_category` WHERE  `id` = 11  AND `pid` = 1 LIMIT 1 [ RunTime:0.000291s ]
[ sql ] [ SQL ] SELECT `id`,`cateName`,`pid` FROM `php_category` WHERE  `id` = 4  AND `pid` = 1 LIMIT 1 [ RunTime:0.000296s ]
[ sql ] [ SQL ] SELECT `id`,`cateName`,`pid` FROM `php_category` WHERE  `id` = 36  AND `pid` = 1 LIMIT 1 [ RunTime:0.000329s ]
[ sql ] [ SQL ] SELECT `id`,`cateName`,`pid` FROM `php_category` WHERE  `id` = 28  AND `pid` = 1 LIMIT 1 [ RunTime:0.000293s ]
[ sql ] [ SQL ] SELECT * FROM `php_category` [ RunTime:0.000351s ]
[ sql ] [ SQL ] SELECT DISTINCT id FROM `php_goods` WHERE  `cateId` IN (16,17,18,10) [ RunTime:0.000361s ]
[ sql ] [ SQL ] SELECT DISTINCT goodsId id FROM `php_goods_cat` WHERE  `catId` IN (16,17,18,10) [ RunTime:0.000336s ]
[ sql ] [ SQL ] SELECT `valId` FROM `php_rec_item` WHERE  `valId` IN (0)  AND `recposId` = 7  AND `valType` = 1 [ RunTime:0.000322s ]
[ sql ] [ SQL ] SELECT * FROM `php_category` [ RunTime:0.000323s ]
[ sql ] [ SQL ] SELECT DISTINCT id FROM `php_goods` WHERE  `cateId` IN (19,20,21,11) [ RunTime:0.000333s ]
[ sql ] [ SQL ] SELECT DISTINCT goodsId id FROM `php_goods_cat` WHERE  `catId` IN (19,20,21,11) [ RunTime:0.000315s ]
[ sql ] [ SQL ] SELECT `valId` FROM `php_rec_item` WHERE  `valId` IN (0)  AND `recposId` = 7  AND `valType` = 1 [ RunTime:0.000327s ]
[ sql ] [ SQL ] SELECT * FROM `php_category` [ RunTime:0.000344s ]
[ sql ] [ SQL ] SELECT DISTINCT id FROM `php_goods` WHERE  `cateId` IN (34,35,33) [ RunTime:0.000350s ]
[ sql ] [ SQL ] SELECT DISTINCT goodsId id FROM `php_goods_cat` WHERE  `catId` IN (34,35,33) [ RunTime:0.000354s ]
[ sql ] [ SQL ] SELECT `valId` FROM `php_rec_item` WHERE  `valId` IN (49,52,55)  AND `recposId` = 4  AND `valType` = 1 [ RunTime:0.000311s ]
[ sql ] [ SQL ] SELECT * FROM `php_goods` WHERE  `onSale` = 1  AND `id` IN (49,55) ORDER BY id desc LIMIT 6 [ RunTime:0.000442s ]
[ sql ] [ SQL ] SELECT * FROM `php_category_brands` WHERE  `cateId` = 33 LIMIT 1 [ RunTime:0.000318s ]
[ sql ] [ SQL ] SELECT * FROM `php_brand` WHERE  `id` IN (8,7,18,19) [ RunTime:0.000341s ]
[ sql ] [ SQL ] SELECT * FROM `php_category_ad` WHERE  `cateId` = 33  AND `position` = 1 ORDER BY id desc LIMIT 3 [ RunTime:0.000377s ]
[ sql ] [ SQL ] SELECT * FROM `php_category_ad` WHERE  `cateId` = 33  AND `position` = 2 ORDER BY id desc LIMIT 1 [ RunTime:0.000348s ]
[ sql ] [ SQL ] SELECT * FROM `php_category_ad` WHERE  `cateId` = 33  AND `position` = 3 ORDER BY id desc LIMIT 1 [ RunTime:0.000356s ]
[ sql ] [ SQL ] SELECT * FROM `php_rec_item` WHERE  `valType` = 2  AND `recposId` = 6 [ RunTime:0.000343s ]
[ sql ] [ SQL ] SELECT `id`,`cateName`,`pid` FROM `php_category` WHERE  `id` = 35  AND `pid` = 33 LIMIT 1 [ RunTime:0.000295s ]
[ sql ] [ SQL ] SELECT `id`,`cateName`,`pid` FROM `php_category` WHERE  `id` = 10  AND `pid` = 33 LIMIT 1 [ RunTime:0.000295s ]
[ sql ] [ SQL ] SELECT `id`,`cateName`,`pid` FROM `php_category` WHERE  `id` = 7  AND `pid` = 33 LIMIT 1 [ RunTime:0.000331s ]
[ sql ] [ SQL ] SELECT `id`,`cateName`,`pid` FROM `php_category` WHERE  `id` = 34  AND `pid` = 33 LIMIT 1 [ RunTime:0.000338s ]
[ sql ] [ SQL ] SELECT `id`,`cateName`,`pid` FROM `php_category` WHERE  `id` = 11  AND `pid` = 33 LIMIT 1 [ RunTime:0.000299s ]
[ sql ] [ SQL ] SELECT `id`,`cateName`,`pid` FROM `php_category` WHERE  `id` = 4  AND `pid` = 33 LIMIT 1 [ RunTime:0.000310s ]
[ sql ] [ SQL ] SELECT `id`,`cateName`,`pid` FROM `php_category` WHERE  `id` = 36  AND `pid` = 33 LIMIT 1 [ RunTime:0.000345s ]
[ sql ] [ SQL ] SELECT `id`,`cateName`,`pid` FROM `php_category` WHERE  `id` = 28  AND `pid` = 33 LIMIT 1 [ RunTime:0.000288s ]
[ sql ] [ SQL ] SELECT * FROM `php_category` [ RunTime:0.000347s ]
[ sql ] [ SQL ] SELECT DISTINCT id FROM `php_goods` WHERE  `cateId` IN (35,34) [ RunTime:0.000372s ]
[ sql ] [ SQL ] SELECT DISTINCT goodsId id FROM `php_goods_cat` WHERE  `catId` IN (35,34) [ RunTime:0.000358s ]
[ sql ] [ SQL ] SELECT `valId` FROM `php_rec_item` WHERE  `valId` IN (49,52,55)  AND `recposId` = 7  AND `valType` = 1 [ RunTime:0.000318s ]
[ sql ] [ SQL ] SELECT * FROM `php_goods` WHERE  `onSale` = 1  AND `id` IN (49,52,55) ORDER BY id desc LIMIT 6 [ RunTime:0.000406s ]
[ sql ] [ SQL ] SELECT * FROM `php_category` [ RunTime:0.000336s ]
[ sql ] [ SQL ] SELECT DISTINCT id FROM `php_goods` WHERE  `cateId` IN (28,29,36,27) [ RunTime:0.000363s ]
[ sql ] [ SQL ] SELECT DISTINCT goodsId id FROM `php_goods_cat` WHERE  `catId` IN (28,29,36,27) [ RunTime:0.000325s ]
[ sql ] [ SQL ] SELECT `valId` FROM `php_rec_item` WHERE  `valId` IN (53,54)  AND `recposId` = 4  AND `valType` = 1 [ RunTime:0.000352s ]
[ sql ] [ SQL ] SELECT * FROM `php_goods` WHERE  `onSale` = 1  AND `id` IN (53) ORDER BY id desc LIMIT 6 [ RunTime:0.000374s ]
[ sql ] [ SQL ] SELECT * FROM `php_category_brands` WHERE  `cateId` = 27 LIMIT 1 [ RunTime:0.000305s ]
[ sql ] [ SQL ] SELECT * FROM `php_brand` WHERE  `id` IN (43,44,50) [ RunTime:0.000374s ]
[ sql ] [ SQL ] SELECT * FROM `php_category_ad` WHERE  `cateId` = 27  AND `position` = 1 ORDER BY id desc LIMIT 3 [ RunTime:0.000367s ]
[ sql ] [ SQL ] SELECT * FROM `php_category_ad` WHERE  `cateId` = 27  AND `position` = 2 ORDER BY id desc LIMIT 1 [ RunTime:0.000325s ]
[ sql ] [ SQL ] SELECT * FROM `php_category_ad` WHERE  `cateId` = 27  AND `position` = 3 ORDER BY id desc LIMIT 1 [ RunTime:0.000343s ]
[ sql ] [ SQL ] SELECT * FROM `php_rec_item` WHERE  `valType` = 2  AND `recposId` = 6 [ RunTime:0.000302s ]
[ sql ] [ SQL ] SELECT `id`,`cateName`,`pid` FROM `php_category` WHERE  `id` = 35  AND `pid` = 27 LIMIT 1 [ RunTime:0.000315s ]
[ sql ] [ SQL ] SELECT `id`,`cateName`,`pid` FROM `php_category` WHERE  `id` = 10  AND `pid` = 27 LIMIT 1 [ RunTime:0.000309s ]
[ sql ] [ SQL ] SELECT `id`,`cateName`,`pid` FROM `php_category` WHERE  `id` = 7  AND `pid` = 27 LIMIT 1 [ RunTime:0.000332s ]
[ sql ] [ SQL ] SELECT `id`,`cateName`,`pid` FROM `php_category` WHERE  `id` = 34  AND `pid` = 27 LIMIT 1 [ RunTime:0.000293s ]
[ sql ] [ SQL ] SELECT `id`,`cateName`,`pid` FROM `php_category` WHERE  `id` = 11  AND `pid` = 27 LIMIT 1 [ RunTime:0.000296s ]
[ sql ] [ SQL ] SELECT `id`,`cateName`,`pid` FROM `php_category` WHERE  `id` = 4  AND `pid` = 27 LIMIT 1 [ RunTime:0.000289s ]
[ sql ] [ SQL ] SELECT `id`,`cateName`,`pid` FROM `php_category` WHERE  `id` = 36  AND `pid` = 27 LIMIT 1 [ RunTime:0.000334s ]
[ sql ] [ SQL ] SELECT `id`,`cateName`,`pid` FROM `php_category` WHERE  `id` = 28  AND `pid` = 27 LIMIT 1 [ RunTime:0.000310s ]
[ sql ] [ SQL ] SELECT * FROM `php_category` [ RunTime:0.000353s ]
[ sql ] [ SQL ] SELECT DISTINCT id FROM `php_goods` WHERE  `cateId` IN (36) [ RunTime:0.000341s ]
[ sql ] [ SQL ] SELECT DISTINCT goodsId id FROM `php_goods_cat` WHERE  `catId` IN (36) [ RunTime:0.000417s ]
[ sql ] [ SQL ] SELECT `valId` FROM `php_rec_item` WHERE  `valId` IN (0)  AND `recposId` = 7  AND `valType` = 1 [ RunTime:0.000301s ]
[ sql ] [ SQL ] SELECT * FROM `php_category` [ RunTime:0.000354s ]
[ sql ] [ SQL ] SELECT DISTINCT id FROM `php_goods` WHERE  `cateId` IN (29,28) [ RunTime:0.000355s ]
[ sql ] [ SQL ] SELECT DISTINCT goodsId id FROM `php_goods_cat` WHERE  `catId` IN (29,28) [ RunTime:0.000350s ]
[ sql ] [ SQL ] SELECT `valId` FROM `php_rec_item` WHERE  `valId` IN (53,54)  AND `recposId` = 7  AND `valType` = 1 [ RunTime:0.000316s ]
[ sql ] [ SQL ] SELECT * FROM `php_goods` WHERE  `onSale` = 1  AND `id` IN (53) ORDER BY id desc LIMIT 6 [ RunTime:0.000513s ]
[ sql ] [ SQL ] SHOW COLUMNS FROM `php_article` [ RunTime:0.001036s ]
[ sql ] [ SQL ] SELECT `id`,`title` FROM `php_article` WHERE  `cateId` = 33 LIMIT 3 [ RunTime:0.000331s ]
[ sql ] [ SQL ] SELECT `id`,`title` FROM `php_article` WHERE  `cateId` = 34 LIMIT 3 [ RunTime:0.000308s ]
[ sql ] [ SQL ] SELECT * FROM `php_brand` ORDER BY id desc LIMIT 17 [ RunTime:0.000432s ]
[ sql ] [ SQL ] SHOW COLUMNS FROM `php_slider` [ RunTime:0.000825s ]
[ sql ] [ SQL ] SELECT * FROM `php_slider` WHERE  `status` = 1 ORDER BY sort desc [ RunTime:0.000332s ]
