---------------------------------------------------------------
[ 2018-09-20T08:43:00+08:00 ] 127.0.0.1 GET /
[ info ] www.myshop2.com/ [运行时间：0.103550s][吞吐率：9.66req/s] [内存消耗：6,505.56kb] [文件加载：65]
[ info ] [ LANG ] K:\AMP\day\myshop2\thinkphp\lang\zh-cn.php
[ info ] [ ROUTE ] array (
  'type' => 'module',
  'module' => 
  array (
    0 => '',
    1 => NULL,
    2 => NULL,
  ),
)
[ info ] [ HEADER ] array (
  'host' => 'www.myshop2.com',
  'connection' => 'keep-alive',
  'upgrade-insecure-requests' => '1',
  'user-agent' => 'Mozilla/5.0 (Windows NT 10.0; WOW64) AppleWebKit/537.36 (KHTML, like Gecko) Chrome/63.0.3239.132 Safari/537.36',
  'accept' => 'text/html,application/xhtml+xml,application/xml;q=0.9,image/webp,image/apng,*/*;q=0.8',
  'accept-encoding' => 'gzip, deflate',
  'accept-language' => 'zh-CN,zh;q=0.9',
)
[ info ] [ PARAM ] array (
)
[ info ] [ CACHE ] INIT File
[ info ] [ DB ] INIT mysql
[ info ] [ RUN ] app\index\controller\Index->index[ K:\AMP\day\myshop2\application\index\controller\Index.php ]
[ info ] [ VIEW ] K:\AMP\day\myshop2\public/../application/index\view\index\index.html [ array (
  0 => 'navArr',
  1 => 'helpCateArr',
  2 => 'shopArtArr',
  3 => 'confArr',
  4 => 'foreCateArr',
  5 => 'showRight',
  6 => 'siteMast',
  7 => 'indexGoods',
  8 => 'recposCate',
  9 => 'notArts',
  10 => 'proArts',
  11 => 'brands',
  12 => 'sliders',
) ]
[ info ] [ LOG ] INIT File
[ sql ] [ DB ] CONNECT:[ UseTime:0.000895s ] mysql:host=127.0.0.1;port=3306;dbname=myshop2;charset=utf8
[ sql ] [ SQL ] SHOW COLUMNS FROM `php_brand` [ RunTime:0.000976s ]
[ sql ] [ SQL ] SELECT * FROM `php_brand` ORDER BY id desc LIMIT 17 [ RunTime:0.000383s ]
[ sql ] [ SQL ] SHOW COLUMNS FROM `php_slider` [ RunTime:0.000896s ]
[ sql ] [ SQL ] SELECT * FROM `php_slider` WHERE  `status` = 1 ORDER BY sort desc [ RunTime:0.000338s ]
---------------------------------------------------------------
[ 2018-09-20T08:43:00+08:00 ] 127.0.0.1 POST /checkLogin.html
[ info ] www.myshop2.com/checkLogin.html [运行时间：0.063944s][吞吐率：15.64req/s] [内存消耗：5,893.00kb] [文件加载：61]
[ info ] [ LANG ] K:\AMP\day\myshop2\thinkphp\lang\zh-cn.php
[ info ] [ ROUTE ] array (
  'type' => 'module',
  'module' => 
  array (
    0 => 'member',
    1 => 'account',
    2 => 'checkLogin',
  ),
  'convert' => false,
)
[ info ] [ HEADER ] array (
  'host' => 'www.myshop2.com',
  'connection' => 'keep-alive',
  'content-length' => '0',
  'accept' => '*/*',
  'origin' => 'http://www.myshop2.com',
  'x-requested-with' => 'XMLHttpRequest',
  'user-agent' => 'Mozilla/5.0 (Windows NT 10.0; WOW64) AppleWebKit/537.36 (KHTML, like Gecko) Chrome/63.0.3239.132 Safari/537.36',
  'referer' => 'http://www.myshop2.com/',
  'accept-encoding' => 'gzip, deflate',
  'accept-language' => 'zh-CN,zh;q=0.9',
  'cookie' => '__guid=20749886.2528924496301058600.1537404180282.085; monitor_count=1',
)
[ info ] [ PARAM ] array (
)
[ info ] [ CACHE ] INIT File
[ info ] [ DB ] INIT mysql
[ info ] [ RUN ] app\member\controller\Account->checkLogin[ K:\AMP\day\myshop2\application\member\controller\Account.php ]
[ info ] [ SESSION ] INIT array (
  'type' => 'Mysql',
  'auto_start' => true,
  'session_expire' => 3600,
  'session_prefix' => 'php_',
  'table_name' => 'session',
  'database' => 
  array (
    'hostname' => '127.0.0.1',
    'database' => 'myshop2',
    'username' => 'root',
    'password' => '123',
    'hostport' => '3306',
    'prefix' => 'php_',
    'charset' => 'utf8',
  ),
)
[ info ] [ DB ] INIT mysql
[ info ] [ LOG ] INIT File
[ sql ] [ DB ] CONNECT:[ UseTime:0.000941s ] mysql:host=127.0.0.1;port=3306;dbname=myshop2;charset=utf8
[ sql ] [ SQL ] SELECT session_data FROM php_session WHERE session_id = 'php_sqqa3791ljm4btb3jms95meau0' AND session_expire > '1537404180' [ RunTime:0.004152s ]
---------------------------------------------------------------
[ 2018-09-20T08:43:00+08:00 ] 127.0.0.1 POST /getCartNum.html
[ info ] www.myshop2.com/getCartNum.html [运行时间：0.070041s][吞吐率：14.28req/s] [内存消耗：5,761.10kb] [文件加载：60]
[ info ] [ LANG ] K:\AMP\day\myshop2\thinkphp\lang\zh-cn.php
[ info ] [ ROUTE ] array (
  'type' => 'module',
  'module' => 
  array (
    0 => 'index',
    1 => 'flow',
    2 => 'getCartNum',
  ),
  'convert' => false,
)
[ info ] [ HEADER ] array (
  'host' => 'www.myshop2.com',
  'connection' => 'keep-alive',
  'content-length' => '0',
  'accept' => '*/*',
  'origin' => 'http://www.myshop2.com',
  'x-requested-with' => 'XMLHttpRequest',
  'user-agent' => 'Mozilla/5.0 (Windows NT 10.0; WOW64) AppleWebKit/537.36 (KHTML, like Gecko) Chrome/63.0.3239.132 Safari/537.36',
  'referer' => 'http://www.myshop2.com/',
  'accept-encoding' => 'gzip, deflate',
  'accept-language' => 'zh-CN,zh;q=0.9',
  'cookie' => '__guid=20749886.2528924496301058600.1537404180282.085; monitor_count=1; PHPSESSID=sqqa3791ljm4btb3jms95meau0',
)
[ info ] [ PARAM ] array (
)
[ info ] [ CACHE ] INIT File
[ info ] [ DB ] INIT mysql
[ info ] [ RUN ] app\index\controller\Flow->getCartNum[ K:\AMP\day\myshop2\application\index\controller\Flow.php ]
[ info ] [ LOG ] INIT File
---------------------------------------------------------------
[ 2018-09-20T08:43:03+08:00 ] 127.0.0.1 GET /getGoodsCates.html?act=getCategoryCallback&cat_id=1
[ info ] www.myshop2.com/getGoodsCates.html?act=getCategoryCallback&cat_id=1 [运行时间：0.065330s][吞吐率：15.31req/s] [内存消耗：5,746.81kb] [文件加载：60]
[ info ] [ LANG ] K:\AMP\day\myshop2\thinkphp\lang\zh-cn.php
[ info ] [ ROUTE ] array (
  'type' => 'module',
  'module' => 
  array (
    0 => 'index',
    1 => 'category',
    2 => 'getGoodsCates',
  ),
  'convert' => false,
)
[ info ] [ HEADER ] array (
  'host' => 'www.myshop2.com',
  'connection' => 'keep-alive',
  'accept' => 'application/json, text/javascript, */*; q=0.01',
  'x-requested-with' => 'XMLHttpRequest',
  'user-agent' => 'Mozilla/5.0 (Windows NT 10.0; WOW64) AppleWebKit/537.36 (KHTML, like Gecko) Chrome/63.0.3239.132 Safari/537.36',
  'referer' => 'http://www.myshop2.com/',
  'accept-encoding' => 'gzip, deflate',
  'accept-language' => 'zh-CN,zh;q=0.9',
  'cookie' => '__guid=20749886.2528924496301058600.1537404180282.085; monitor_count=1; PHPSESSID=sqqa3791ljm4btb3jms95meau0; thinkphp_show_page_trace=0|0',
)
[ info ] [ PARAM ] array (
  'act' => 'getCategoryCallback',
  'cat_id' => '1',
)
[ info ] [ CACHE ] INIT File
[ info ] [ DB ] INIT mysql
[ info ] [ RUN ] app\index\controller\Category->getGoodsCates[ K:\AMP\day\myshop2\application\index\controller\Category.php ]
[ info ] [ LOG ] INIT File
[ sql ] [ DB ] CONNECT:[ UseTime:0.000665s ] mysql:host=127.0.0.1;port=3306;dbname=myshop2;charset=utf8
[ sql ] [ SQL ] SHOW COLUMNS FROM `php_category` [ RunTime:0.000902s ]
[ sql ] [ SQL ] SELECT * FROM `php_category` [ RunTime:0.000298s ]
[ sql ] [ SQL ] SHOW COLUMNS FROM `php_category_words` [ RunTime:0.000647s ]
[ sql ] [ SQL ] SELECT * FROM `php_category_words` WHERE  `cateId` = 1 [ RunTime:0.000317s ]
[ sql ] [ SQL ] SHOW COLUMNS FROM `php_category_brands` [ RunTime:0.001073s ]
[ sql ] [ SQL ] SELECT * FROM `php_category_brands` WHERE  `cateId` = 1 LIMIT 1 [ RunTime:0.000231s ]
[ sql ] [ SQL ] SHOW COLUMNS FROM `php_brand` [ RunTime:0.000550s ]
[ sql ] [ SQL ] SELECT * FROM `php_brand` WHERE  `id` IN (16,17,18,19,20,21,22,23,24,25) [ RunTime:0.000325s ]
---------------------------------------------------------------
[ 2018-09-20T08:43:05+08:00 ] 127.0.0.1 GET /getGoodsCates.html?act=getCategoryCallback&cat_id=4
[ info ] www.myshop2.com/getGoodsCates.html?act=getCategoryCallback&cat_id=4 [运行时间：0.067552s][吞吐率：14.80req/s] [内存消耗：5,746.76kb] [文件加载：60]
[ info ] [ LANG ] K:\AMP\day\myshop2\thinkphp\lang\zh-cn.php
[ info ] [ ROUTE ] array (
  'type' => 'module',
  'module' => 
  array (
    0 => 'index',
    1 => 'category',
    2 => 'getGoodsCates',
  ),
  'convert' => false,
)
[ info ] [ HEADER ] array (
  'host' => 'www.myshop2.com',
  'connection' => 'keep-alive',
  'accept' => 'application/json, text/javascript, */*; q=0.01',
  'x-requested-with' => 'XMLHttpRequest',
  'user-agent' => 'Mozilla/5.0 (Windows NT 10.0; WOW64) AppleWebKit/537.36 (KHTML, like Gecko) Chrome/63.0.3239.132 Safari/537.36',
  'referer' => 'http://www.myshop2.com/',
  'accept-encoding' => 'gzip, deflate',
  'accept-language' => 'zh-CN,zh;q=0.9',
  'cookie' => '__guid=20749886.2528924496301058600.1537404180282.085; monitor_count=1; PHPSESSID=sqqa3791ljm4btb3jms95meau0; thinkphp_show_page_trace=0|0',
)
[ info ] [ PARAM ] array (
  'act' => 'getCategoryCallback',
  'cat_id' => '4',
)
[ info ] [ CACHE ] INIT File
[ info ] [ DB ] INIT mysql
[ info ] [ RUN ] app\index\controller\Category->getGoodsCates[ K:\AMP\day\myshop2\application\index\controller\Category.php ]
[ info ] [ LOG ] INIT File
[ sql ] [ DB ] CONNECT:[ UseTime:0.000708s ] mysql:host=127.0.0.1;port=3306;dbname=myshop2;charset=utf8
[ sql ] [ SQL ] SHOW COLUMNS FROM `php_category` [ RunTime:0.000822s ]
[ sql ] [ SQL ] SELECT * FROM `php_category` [ RunTime:0.000308s ]
[ sql ] [ SQL ] SHOW COLUMNS FROM `php_category_words` [ RunTime:0.000587s ]
[ sql ] [ SQL ] SELECT * FROM `php_category_words` WHERE  `cateId` = 4 [ RunTime:0.000241s ]
[ sql ] [ SQL ] SHOW COLUMNS FROM `php_category_brands` [ RunTime:0.000568s ]
[ sql ] [ SQL ] SELECT * FROM `php_category_brands` WHERE  `cateId` = 4 LIMIT 1 [ RunTime:0.000300s ]
[ sql ] [ SQL ] SHOW COLUMNS FROM `php_brand` [ RunTime:0.000567s ]
[ sql ] [ SQL ] SELECT * FROM `php_brand` WHERE  `id` IN (1,8,7,9,10,11,12,13,14,15) [ RunTime:0.000307s ]
---------------------------------------------------------------
[ 2018-09-20T08:43:06+08:00 ] 127.0.0.1 GET /getGoodsCates.html?act=getCategoryCallback&cat_id=27
[ info ] www.myshop2.com/getGoodsCates.html?act=getCategoryCallback&cat_id=27 [运行时间：0.047975s][吞吐率：20.84req/s] [内存消耗：5,735.68kb] [文件加载：60]
[ info ] [ LANG ] K:\AMP\day\myshop2\thinkphp\lang\zh-cn.php
[ info ] [ ROUTE ] array (
  'type' => 'module',
  'module' => 
  array (
    0 => 'index',
    1 => 'category',
    2 => 'getGoodsCates',
  ),
  'convert' => false,
)
[ info ] [ HEADER ] array (
  'host' => 'www.myshop2.com',
  'connection' => 'keep-alive',
  'accept' => 'application/json, text/javascript, */*; q=0.01',
  'x-requested-with' => 'XMLHttpRequest',
  'user-agent' => 'Mozilla/5.0 (Windows NT 10.0; WOW64) AppleWebKit/537.36 (KHTML, like Gecko) Chrome/63.0.3239.132 Safari/537.36',
  'referer' => 'http://www.myshop2.com/',
  'accept-encoding' => 'gzip, deflate',
  'accept-language' => 'zh-CN,zh;q=0.9',
  'cookie' => '__guid=20749886.2528924496301058600.1537404180282.085; monitor_count=1; PHPSESSID=sqqa3791ljm4btb3jms95meau0; thinkphp_show_page_trace=0|0',
)
[ info ] [ PARAM ] array (
  'act' => 'getCategoryCallback',
  'cat_id' => '27',
)
[ info ] [ CACHE ] INIT File
[ info ] [ DB ] INIT mysql
[ info ] [ RUN ] app\index\controller\Category->getGoodsCates[ K:\AMP\day\myshop2\application\index\controller\Category.php ]
[ info ] [ LOG ] INIT File
[ sql ] [ DB ] CONNECT:[ UseTime:0.000766s ] mysql:host=127.0.0.1;port=3306;dbname=myshop2;charset=utf8
[ sql ] [ SQL ] SHOW COLUMNS FROM `php_category` [ RunTime:0.000758s ]
[ sql ] [ SQL ] SELECT * FROM `php_category` [ RunTime:0.000368s ]
[ sql ] [ SQL ] SHOW COLUMNS FROM `php_category_words` [ RunTime:0.000567s ]
[ sql ] [ SQL ] SELECT * FROM `php_category_words` WHERE  `cateId` = 27 [ RunTime:0.000236s ]
[ sql ] [ SQL ] SHOW COLUMNS FROM `php_category_brands` [ RunTime:0.000605s ]
[ sql ] [ SQL ] SELECT * FROM `php_category_brands` WHERE  `cateId` = 27 LIMIT 1 [ RunTime:0.000331s ]
[ sql ] [ SQL ] SHOW COLUMNS FROM `php_brand` [ RunTime:0.001056s ]
[ sql ] [ SQL ] SELECT * FROM `php_brand` WHERE  `id` IN (43,44,50) [ RunTime:0.000331s ]
---------------------------------------------------------------
[ 2018-09-20T08:43:15+08:00 ] 127.0.0.1 GET /category/1
[ info ] www.myshop2.com/category/1 [运行时间：0.056025s][吞吐率：17.85req/s] [内存消耗：5,583.92kb] [文件加载：56]
[ info ] [ LANG ] K:\AMP\day\myshop2\thinkphp\lang\zh-cn.php
[ info ] [ ROUTE ] array (
  'type' => 'module',
  'module' => 
  array (
    0 => 'index',
    1 => 'category',
    2 => 'index',
  ),
  'convert' => false,
)
[ info ] [ HEADER ] array (
  'host' => 'www.myshop2.com',
  'connection' => 'keep-alive',
  'upgrade-insecure-requests' => '1',
  'user-agent' => 'Mozilla/5.0 (Windows NT 10.0; WOW64) AppleWebKit/537.36 (KHTML, like Gecko) Chrome/63.0.3239.132 Safari/537.36',
  'accept' => 'text/html,application/xhtml+xml,application/xml;q=0.9,image/webp,image/apng,*/*;q=0.8',
  'referer' => 'http://www.myshop2.com/',
  'accept-encoding' => 'gzip, deflate',
  'accept-language' => 'zh-CN,zh;q=0.9',
  'cookie' => '__guid=20749886.2528924496301058600.1537404180282.085; monitor_count=1; PHPSESSID=sqqa3791ljm4btb3jms95meau0; thinkphp_show_page_trace=0|0',
)
[ info ] [ PARAM ] array (
  'categoryId' => '1',
)
[ info ] [ CACHE ] INIT File
[ info ] [ DB ] INIT mysql
[ info ] [ RUN ] app\index\controller\Category->index[ K:\AMP\day\myshop2\application\index\controller\Category.php ]
[ info ] [ LOG ] INIT File
[ sql ] [ DB ] CONNECT:[ UseTime:0.000738s ] mysql:host=127.0.0.1;port=3306;dbname=myshop2;charset=utf8
[ sql ] [ SQL ] SHOW COLUMNS FROM `php_category` [ RunTime:0.000788s ]
[ sql ] [ SQL ] SELECT * FROM `php_category` WHERE  `id` = 1 LIMIT 1 [ RunTime:0.000323s ]
[ sql ] [ SQL ] SHOW COLUMNS FROM `php_attr` [ RunTime:0.000656s ]
[ sql ] [ SQL ] SELECT `attrName`,`attrValues` FROM `php_attr` WHERE  `id` = 7 LIMIT 1 [ RunTime:0.000228s ]
[ sql ] [ SQL ] SHOW COLUMNS FROM `php_goods_attr` [ RunTime:0.002406s ]
[ sql ] [ SQL ] SELECT COUNT(*) AS tp_count FROM `php_goods_attr` WHERE  `attrVal` = '4GB'  AND `attrId` = 7 LIMIT 1 [ RunTime:0.001123s ]
[ sql ] [ SQL ] SELECT COUNT(*) AS tp_count FROM `php_goods_attr` WHERE  `attrVal` = '8GB'  AND `attrId` = 7 LIMIT 1 [ RunTime:0.000248s ]
[ sql ] [ SQL ] SELECT COUNT(*) AS tp_count FROM `php_goods_attr` WHERE  `attrVal` = '16GB'  AND `attrId` = 7 LIMIT 1 [ RunTime:0.002809s ]
[ sql ] [ SQL ] SELECT COUNT(*) AS tp_count FROM `php_goods_attr` WHERE  `attrVal` = '32GB'  AND `attrId` = 7 LIMIT 1 [ RunTime:0.000317s ]
[ sql ] [ SQL ] SELECT `attrName`,`attrValues` FROM `php_attr` WHERE  `id` = 4 LIMIT 1 [ RunTime:0.000319s ]
[ sql ] [ SQL ] SELECT COUNT(*) AS tp_count FROM `php_goods_attr` WHERE  `attrVal` = 'core  i7'  AND `attrId` = 4 LIMIT 1 [ RunTime:0.002172s ]
[ sql ] [ SQL ] SELECT COUNT(*) AS tp_count FROM `php_goods_attr` WHERE  `attrVal` = 'core i5'  AND `attrId` = 4 LIMIT 1 [ RunTime:0.000254s ]
[ sql ] [ SQL ] SELECT COUNT(*) AS tp_count FROM `php_goods_attr` WHERE  `attrVal` = 'core i3'  AND `attrId` = 4 LIMIT 1 [ RunTime:0.000288s ]
[ sql ] [ SQL ] SHOW COLUMNS FROM `php_goods` [ RunTime:0.002766s ]
[ sql ] [ SQL ] SELECT MIN(shopPrice) minPrice,MAX(shopPrice) maxPrice FROM `php_goods` WHERE  `id` = 1 LIMIT 1 [ RunTime:0.000260s ]
---------------------------------------------------------------
[ 2018-09-20T08:46:00+08:00 ] 127.0.0.1 POST /get_ajax_content.php
[ info ] www.myshop2.com/get_ajax_content.php [运行时间：0.027272s][吞吐率：36.67req/s] [内存消耗：2,704.41kb] [文件加载：40]
[ info ] [ LANG ] K:\AMP\day\myshop2\thinkphp\lang\zh-cn.php
[ info ] [ ROUTE ] array (
  'type' => 'module',
  'module' => 
  array (
    0 => 'get_ajax_content.php',
    1 => NULL,
    2 => NULL,
  ),
)
[ info ] [ HEADER ] array (
  'host' => 'www.myshop2.com',
  'connection' => 'keep-alive',
  'content-length' => '13',
  'accept' => 'application/json, text/javascript, */*; q=0.01',
  'origin' => 'http://www.myshop2.com',
  'x-requested-with' => 'XMLHttpRequest',
  'user-agent' => 'Mozilla/5.0 (Windows NT 10.0; WOW64) AppleWebKit/537.36 (KHTML, like Gecko) Chrome/63.0.3239.132 Safari/537.36',
  'content-type' => 'application/x-www-form-urlencoded; charset=UTF-8',
  'referer' => 'http://www.myshop2.com/',
  'accept-encoding' => 'gzip, deflate',
  'accept-language' => 'zh-CN,zh;q=0.9',
  'cookie' => '__guid=20749886.2528924496301058600.1537404180282.085; PHPSESSID=sqqa3791ljm4btb3jms95meau0; thinkphp_show_page_trace=0|0; monitor_count=2',
)
[ info ] [ PARAM ] array (
  'act' => 'cart_info',
)
[ info ] [ LOG ] INIT File
---------------------------------------------------------------
[ 2018-09-20T08:56:31+08:00 ] 127.0.0.1 GET /xm112110856
[ info ] www.myshop2.com/xm112110856 [运行时间：0.064516s][吞吐率：15.50req/s] [内存消耗：3,951.84kb] [文件加载：56]
[ info ] [ LANG ] K:\AMP\day\myshop2\thinkphp\lang\zh-cn.php
[ info ] [ ROUTE ] array (
  'type' => 'module',
  'module' => 
  array (
    0 => 'admin',
    1 => 'login',
    2 => 'index',
  ),
  'convert' => false,
)
[ info ] [ HEADER ] array (
  'host' => 'www.myshop2.com',
  'connection' => 'keep-alive',
  'upgrade-insecure-requests' => '1',
  'user-agent' => 'Mozilla/5.0 (Windows NT 10.0; Win64; x64) AppleWebKit/537.36 (KHTML, like Gecko) Chrome/69.0.3497.100 Safari/537.36',
  'accept' => 'text/html,application/xhtml+xml,application/xml;q=0.9,image/webp,image/apng,*/*;q=0.8',
  'accept-encoding' => 'gzip, deflate',
  'accept-language' => 'zh-CN,zh;q=0.9',
  'cookie' => 'cart=a%3A3%3A%7Bs%3A8%3A%2246-71%2C70%22%3Bs%3A1%3A%221%22%3Bs%3A8%3A%2245-46%2C42%22%3Bi%3A2%3Bs%3A8%3A%2242-30%2C26%22%3Bi%3A1%3B%7D',
)
[ info ] [ PARAM ] array (
  'check' => '0856',
)
[ info ] [ RUN ] app\admin\controller\Login->index[ K:\AMP\day\myshop2\application\admin\controller\Login.php ]
[ info ] [ SESSION ] INIT array (
  'type' => 'Mysql',
  'auto_start' => true,
  'session_expire' => 3600,
  'session_prefix' => 'php_',
  'table_name' => 'session',
  'database' => 
  array (
    'hostname' => '127.0.0.1',
    'database' => 'myshop2',
    'username' => 'root',
    'password' => '123',
    'hostport' => '3306',
    'prefix' => 'php_',
    'charset' => 'utf8',
  ),
)
[ info ] [ DB ] INIT mysql
[ info ] [ VIEW ] K:\AMP\day\myshop2\public/../application/admin\view\login\index.html [ array (
  0 => 'validate',
) ]
[ info ] [ LOG ] INIT File
[ sql ] [ DB ] CONNECT:[ UseTime:0.000950s ] mysql:host=127.0.0.1;port=3306;dbname=myshop2;charset=utf8
[ sql ] [ SQL ] SELECT session_data FROM php_session WHERE session_id = 'php_ftt81ingd686bers47g0h69et6' AND session_expire > '1537404991' [ RunTime:0.002430s ]
---------------------------------------------------------------
[ 2018-09-20T08:56:31+08:00 ] 127.0.0.1 GET /captcha.html
[ info ] www.myshop2.com/captcha.html [运行时间：0.047911s][吞吐率：20.87req/s] [内存消耗：3,788.48kb] [文件加载：52]
[ info ] [ LANG ] K:\AMP\day\myshop2\thinkphp\lang\zh-cn.php
[ info ] [ ROUTE ] array (
  'type' => 'module',
  'module' => 
  array (
    0 => 'admin',
    1 => 'login',
    2 => 'captcha',
  ),
  'convert' => false,
)
[ info ] [ HEADER ] array (
  'host' => 'www.myshop2.com',
  'connection' => 'keep-alive',
  'user-agent' => 'Mozilla/5.0 (Windows NT 10.0; Win64; x64) AppleWebKit/537.36 (KHTML, like Gecko) Chrome/69.0.3497.100 Safari/537.36',
  'accept' => 'image/webp,image/apng,image/*,*/*;q=0.8',
  'referer' => 'http://www.myshop2.com/xm112110856',
  'accept-encoding' => 'gzip, deflate',
  'accept-language' => 'zh-CN,zh;q=0.9',
  'cookie' => 'cart=a%3A3%3A%7Bs%3A8%3A%2246-71%2C70%22%3Bs%3A1%3A%221%22%3Bs%3A8%3A%2245-46%2C42%22%3Bi%3A2%3Bs%3A8%3A%2242-30%2C26%22%3Bi%3A1%3B%7D; PHPSESSID=ftt81ingd686bers47g0h69et6',
)
[ info ] [ PARAM ] array (
)
[ info ] [ RUN ] app\admin\controller\Login->captcha[ K:\AMP\day\myshop2\application\admin\controller\Login.php ]
[ info ] [ SESSION ] INIT array (
  'type' => 'Mysql',
  'auto_start' => true,
  'session_expire' => 3600,
  'session_prefix' => 'php_',
  'table_name' => 'session',
  'database' => 
  array (
    'hostname' => '127.0.0.1',
    'database' => 'myshop2',
    'username' => 'root',
    'password' => '123',
    'hostport' => '3306',
    'prefix' => 'php_',
    'charset' => 'utf8',
  ),
)
[ info ] [ DB ] INIT mysql
[ info ] [ LOG ] INIT File
[ sql ] [ DB ] CONNECT:[ UseTime:0.000731s ] mysql:host=127.0.0.1;port=3306;dbname=myshop2;charset=utf8
[ sql ] [ SQL ] SELECT session_data FROM php_session WHERE session_id = 'php_ftt81ingd686bers47g0h69et6' AND session_expire > '1537404991' [ RunTime:0.002244s ]
---------------------------------------------------------------
[ 2018-09-20T08:56:35+08:00 ] 127.0.0.1 POST /xm11211.html
[ info ] www.myshop2.com/xm11211.html [运行时间：0.071659s][吞吐率：13.95req/s] [内存消耗：5,553.38kb] [文件加载：60]
[ info ] [ LANG ] K:\AMP\day\myshop2\thinkphp\lang\zh-cn.php
[ info ] [ ROUTE ] array (
  'type' => 'module',
  'module' => 
  array (
    0 => 'admin',
    1 => 'login',
    2 => 'index',
  ),
  'convert' => false,
)
[ info ] [ HEADER ] array (
  'host' => 'www.myshop2.com',
  'connection' => 'keep-alive',
  'content-length' => '466',
  'accept' => '*/*',
  'origin' => 'http://www.myshop2.com',
  'x-requested-with' => 'XMLHttpRequest',
  'user-agent' => 'Mozilla/5.0 (Windows NT 10.0; Win64; x64) AppleWebKit/537.36 (KHTML, like Gecko) Chrome/69.0.3497.100 Safari/537.36',
  'content-type' => 'multipart/form-data; boundary=----WebKitFormBoundaryAEHIPgV2KHs1Zfsg',
  'referer' => 'http://www.myshop2.com/xm112110856',
  'accept-encoding' => 'gzip, deflate',
  'accept-language' => 'zh-CN,zh;q=0.9',
  'cookie' => 'cart=a%3A3%3A%7Bs%3A8%3A%2246-71%2C70%22%3Bs%3A1%3A%221%22%3Bs%3A8%3A%2245-46%2C42%22%3Bi%3A2%3Bs%3A8%3A%2242-30%2C26%22%3Bi%3A1%3B%7D; PHPSESSID=ftt81ingd686bers47g0h69et6; thinkphp_show_page_trace=0|0',
)
[ info ] [ PARAM ] array (
  'validate' => 'mDNotCaJsCqJgxE5ba2f03f66ff5',
  'adminName' => 'root',
  'password' => 'hu.12580a',
  'code' => 'ypde',
)
[ info ] [ RUN ] app\admin\controller\Login->index[ K:\AMP\day\myshop2\application\admin\controller\Login.php ]
[ info ] [ SESSION ] INIT array (
  'type' => 'Mysql',
  'auto_start' => true,
  'session_expire' => 3600,
  'session_prefix' => 'php_',
  'table_name' => 'session',
  'database' => 
  array (
    'hostname' => '127.0.0.1',
    'database' => 'myshop2',
    'username' => 'root',
    'password' => '123',
    'hostport' => '3306',
    'prefix' => 'php_',
    'charset' => 'utf8',
  ),
)
[ info ] [ DB ] INIT mysql
[ info ] [ DB ] INIT mysql
[ info ] [ LOG ] INIT File
[ sql ] [ DB ] CONNECT:[ UseTime:0.000763s ] mysql:host=127.0.0.1;port=3306;dbname=myshop2;charset=utf8
[ sql ] [ SQL ] SELECT session_data FROM php_session WHERE session_id = 'php_ftt81ingd686bers47g0h69et6' AND session_expire > '1537404995' [ RunTime:0.002242s ]
[ sql ] [ DB ] CONNECT:[ UseTime:0.000830s ] mysql:host=127.0.0.1;port=3306;dbname=myshop2;charset=utf8
[ sql ] [ SQL ] SHOW COLUMNS FROM `php_admin` [ RunTime:0.003884s ]
[ sql ] [ SQL ] SELECT * FROM `php_admin` WHERE  `adminName` = 'root' LIMIT 1 [ RunTime:0.000528s ]
[ sql ] [ SQL ] select version() as ver [ RunTime:0.000207s ]
---------------------------------------------------------------
[ 2018-09-20T08:56:37+08:00 ] 127.0.0.1 GET /admin/index/index.html
[ info ] www.myshop2.com/admin/index/index.html [运行时间：1.637255s][吞吐率：0.61req/s] [内存消耗：4,038.22kb] [文件加载：58]
[ info ] [ LANG ] K:\AMP\day\myshop2\thinkphp\lang\zh-cn.php
[ info ] [ ROUTE ] array (
  'type' => 'module',
  'module' => 
  array (
    0 => 'admin',
    1 => 'index',
    2 => 'index',
  ),
)
[ info ] [ HEADER ] array (
  'host' => 'www.myshop2.com',
  'connection' => 'keep-alive',
  'upgrade-insecure-requests' => '1',
  'user-agent' => 'Mozilla/5.0 (Windows NT 10.0; Win64; x64) AppleWebKit/537.36 (KHTML, like Gecko) Chrome/69.0.3497.100 Safari/537.36',
  'accept' => 'text/html,application/xhtml+xml,application/xml;q=0.9,image/webp,image/apng,*/*;q=0.8',
  'referer' => 'http://www.myshop2.com/xm112110856',
  'accept-encoding' => 'gzip, deflate',
  'accept-language' => 'zh-CN,zh;q=0.9',
  'cookie' => 'cart=a%3A3%3A%7Bs%3A8%3A%2246-71%2C70%22%3Bs%3A1%3A%221%22%3Bs%3A8%3A%2245-46%2C42%22%3Bi%3A2%3Bs%3A8%3A%2242-30%2C26%22%3Bi%3A1%3B%7D; PHPSESSID=ftt81ingd686bers47g0h69et6; thinkphp_show_page_trace=0|0',
)
[ info ] [ PARAM ] array (
)
[ info ] [ SESSION ] INIT array (
  'type' => 'Mysql',
  'auto_start' => true,
  'session_expire' => 3600,
  'session_prefix' => 'php_',
  'table_name' => 'session',
  'database' => 
  array (
    'hostname' => '127.0.0.1',
    'database' => 'myshop2',
    'username' => 'root',
    'password' => '123',
    'hostport' => '3306',
    'prefix' => 'php_',
    'charset' => 'utf8',
  ),
)
[ info ] [ DB ] INIT mysql
[ info ] [ RUN ] app\admin\controller\Index->index[ K:\AMP\day\myshop2\application\admin\controller\Index.php ]
[ info ] [ VIEW ] K:\AMP\day\myshop2\public/../application/admin\view\index\index.html [ array (
  0 => 'serverTime',
  1 => 'date',
  2 => 'rtWeather',
  3 => 'weaSk',
  4 => 'weaFu',
  5 => 'weaTo',
  6 => 'plName',
  7 => 'slName',
  8 => 'plUrl',
) ]
[ info ] [ LOG ] INIT File
[ sql ] [ DB ] CONNECT:[ UseTime:0.000856s ] mysql:host=127.0.0.1;port=3306;dbname=myshop2;charset=utf8
[ sql ] [ SQL ] SELECT session_data FROM php_session WHERE session_id = 'php_ftt81ingd686bers47g0h69et6' AND session_expire > '1537404996' [ RunTime:0.002396s ]
---------------------------------------------------------------
[ 2018-09-20T08:56:49+08:00 ] 127.0.0.1 GET /admin/goods/lst.html
[ info ] www.myshop2.com/admin/goods/lst.html [运行时间：0.100108s][吞吐率：9.99req/s] [内存消耗：6,339.28kb] [文件加载：64]
[ info ] [ LANG ] K:\AMP\day\myshop2\thinkphp\lang\zh-cn.php
[ info ] [ ROUTE ] array (
  'type' => 'module',
  'module' => 
  array (
    0 => 'admin',
    1 => 'goods',
    2 => 'lst',
  ),
)
[ info ] [ HEADER ] array (
  'host' => 'www.myshop2.com',
  'connection' => 'keep-alive',
  'upgrade-insecure-requests' => '1',
  'user-agent' => 'Mozilla/5.0 (Windows NT 10.0; Win64; x64) AppleWebKit/537.36 (KHTML, like Gecko) Chrome/69.0.3497.100 Safari/537.36',
  'accept' => 'text/html,application/xhtml+xml,application/xml;q=0.9,image/webp,image/apng,*/*;q=0.8',
  'referer' => 'http://www.myshop2.com/admin/index/index.html',
  'accept-encoding' => 'gzip, deflate',
  'accept-language' => 'zh-CN,zh;q=0.9',
  'cookie' => 'cart=a%3A3%3A%7Bs%3A8%3A%2246-71%2C70%22%3Bs%3A1%3A%221%22%3Bs%3A8%3A%2245-46%2C42%22%3Bi%3A2%3Bs%3A8%3A%2242-30%2C26%22%3Bi%3A1%3B%7D; PHPSESSID=ftt81ingd686bers47g0h69et6; thinkphp_show_page_trace=0|0; myflag2=1; myflag1=1',
)
[ info ] [ PARAM ] array (
)
[ info ] [ SESSION ] INIT array (
  'type' => 'Mysql',
  'auto_start' => true,
  'session_expire' => 3600,
  'session_prefix' => 'php_',
  'table_name' => 'session',
  'database' => 
  array (
    'hostname' => '127.0.0.1',
    'database' => 'myshop2',
    'username' => 'root',
    'password' => '123',
    'hostport' => '3306',
    'prefix' => 'php_',
    'charset' => 'utf8',
  ),
)
[ info ] [ DB ] INIT mysql
[ info ] [ RUN ] app\admin\controller\Goods->lst[ K:\AMP\day\myshop2\application\admin\controller\Goods.php ]
[ info ] [ DB ] INIT mysql
[ info ] [ VIEW ] K:\AMP\day\myshop2\public/../application/admin\view\goods\lst.html [ array (
  0 => 'serverTime',
  1 => 'bdData',
  2 => 'catData',
  3 => 'list',
  4 => 'plName',
  5 => 'plUrl',
  6 => 'slName',
) ]
[ info ] [ LOG ] INIT File
[ sql ] [ DB ] CONNECT:[ UseTime:0.000742s ] mysql:host=127.0.0.1;port=3306;dbname=myshop2;charset=utf8
[ sql ] [ SQL ] SELECT session_data FROM php_session WHERE session_id = 'php_ftt81ingd686bers47g0h69et6' AND session_expire > '1537405009' [ RunTime:0.002065s ]
[ sql ] [ DB ] CONNECT:[ UseTime:0.000694s ] mysql:host=127.0.0.1;port=3306;dbname=myshop2;charset=utf8
[ sql ] [ SQL ] SHOW COLUMNS FROM `php_goods` [ RunTime:0.002439s ]
[ sql ] [ SQL ] SELECT COUNT(*) AS tp_count FROM ( SELECT count(*) FROM `php_goods` `a` LEFT JOIN `php_brand` `b` ON `a`.`brandId`=`b`.`id` LEFT JOIN `php_category` `c` ON `a`.`cateId`=`c`.`id` LEFT JOIN `php_goods_cat` `d` ON `a`.`id`=`d`.`goodsId` LEFT JOIN `php_category` `e` ON `d`.`catId`=`e`.`id` LEFT JOIN `php_type` `f` ON `a`.`typeId`=`f`.`id` LEFT JOIN `php_goods_num` `g` ON `a`.`id`=`g`.`goodsId` GROUP BY `a`.`id` ) `_group_count_` LIMIT 1 [ RunTime:0.006040s ]
[ sql ] [ SQL ] SELECT `a`.*,`b`.`brandName`,`c`.`cateName`,`f`.`typeName`,GROUP_CONCAT(DISTINCT e.cateName SEPARATOR "<br>") extCates,FLOOR(SUM(g.num)/COUNT(e.cateName)) goodsNum FROM `php_goods` `a` LEFT JOIN `php_brand` `b` ON `a`.`brandId`=`b`.`id` LEFT JOIN `php_category` `c` ON `a`.`cateId`=`c`.`id` LEFT JOIN `php_goods_cat` `d` ON `a`.`id`=`d`.`goodsId` LEFT JOIN `php_category` `e` ON `d`.`catId`=`e`.`id` LEFT JOIN `php_type` `f` ON `a`.`typeId`=`f`.`id` LEFT JOIN `php_goods_num` `g` ON `a`.`id`=`g`.`goodsId` GROUP BY `a`.`id` ORDER BY a.id desc LIMIT 0,10 [ RunTime:0.001838s ]
[ sql ] [ SQL ] SHOW COLUMNS FROM `php_brand` [ RunTime:0.000491s ]
[ sql ] [ SQL ] SELECT `id`,`brandName` FROM `php_brand` [ RunTime:0.000236s ]
[ sql ] [ SQL ] SHOW COLUMNS FROM `php_category` [ RunTime:0.000432s ]
[ sql ] [ SQL ] SELECT * FROM `php_category` ORDER BY sort asc [ RunTime:0.000287s ]
---------------------------------------------------------------
[ 2018-09-20T08:56:50+08:00 ] 127.0.0.1 GET /admin/goods/goodsnum/id/48.html
[ info ] www.myshop2.com/admin/goods/goodsnum/id/48.html [运行时间：0.061207s][吞吐率：16.34req/s] [内存消耗：5,869.94kb] [文件加载：61]
[ info ] [ LANG ] K:\AMP\day\myshop2\thinkphp\lang\zh-cn.php
[ info ] [ ROUTE ] array (
  'type' => 'module',
  'module' => 
  array (
    0 => 'admin',
    1 => 'goods',
    2 => 'goodsnum',
  ),
)
[ info ] [ HEADER ] array (
  'host' => 'www.myshop2.com',
  'connection' => 'keep-alive',
  'upgrade-insecure-requests' => '1',
  'user-agent' => 'Mozilla/5.0 (Windows NT 10.0; Win64; x64) AppleWebKit/537.36 (KHTML, like Gecko) Chrome/69.0.3497.100 Safari/537.36',
  'accept' => 'text/html,application/xhtml+xml,application/xml;q=0.9,image/webp,image/apng,*/*;q=0.8',
  'referer' => 'http://www.myshop2.com/admin/goods/lst.html',
  'accept-encoding' => 'gzip, deflate',
  'accept-language' => 'zh-CN,zh;q=0.9',
  'cookie' => 'thinkphp_show_page_trace=0|0; cart=a%3A3%3A%7Bs%3A8%3A%2246-71%2C70%22%3Bs%3A1%3A%221%22%3Bs%3A8%3A%2245-46%2C42%22%3Bi%3A2%3Bs%3A8%3A%2242-30%2C26%22%3Bi%3A1%3B%7D; PHPSESSID=ftt81ingd686bers47g0h69et6; thinkphp_show_page_trace=0|0; myflag2=1; myflag1=1',
)
[ info ] [ PARAM ] array (
  'id' => '48',
)
[ info ] [ SESSION ] INIT array (
  'type' => 'Mysql',
  'auto_start' => true,
  'session_expire' => 3600,
  'session_prefix' => 'php_',
  'table_name' => 'session',
  'database' => 
  array (
    'hostname' => '127.0.0.1',
    'database' => 'myshop2',
    'username' => 'root',
    'password' => '123',
    'hostport' => '3306',
    'prefix' => 'php_',
    'charset' => 'utf8',
  ),
)
[ info ] [ DB ] INIT mysql
[ info ] [ RUN ] app\admin\controller\Goods->goodsNum[ K:\AMP\day\myshop2\application\admin\controller\Goods.php ]
[ info ] [ DB ] INIT mysql
[ info ] [ VIEW ] K:\AMP\day\myshop2\public/../application/admin\view\goods\goodsnum.html [ array (
  0 => 'serverTime',
  1 => 'id',
  2 => 'gaData',
  3 => 'gnData',
  4 => 'plName',
  5 => 'plUrl',
  6 => 'slName',
) ]
[ info ] [ LOG ] INIT File
[ sql ] [ DB ] CONNECT:[ UseTime:0.000881s ] mysql:host=127.0.0.1;port=3306;dbname=myshop2;charset=utf8
[ sql ] [ SQL ] SELECT session_data FROM php_session WHERE session_id = 'php_ftt81ingd686bers47g0h69et6' AND session_expire > '1537405010' [ RunTime:0.002340s ]
[ sql ] [ DB ] CONNECT:[ UseTime:0.000711s ] mysql:host=127.0.0.1;port=3306;dbname=myshop2;charset=utf8
[ sql ] [ SQL ] SHOW COLUMNS FROM `php_goods_attr` [ RunTime:0.002300s ]
[ sql ] [ SQL ] SELECT `a`.*,`b`.`attrName` FROM `php_goods_attr` `a` LEFT JOIN `php_attr` `b` ON `a`.`attrId`=`b`.`id` WHERE  `a`.`goodsId` = '48'  AND `b`.`attrType` = 1 [ RunTime:0.000541s ]
[ sql ] [ SQL ] SHOW COLUMNS FROM `php_goods_num` [ RunTime:0.002288s ]
[ sql ] [ SQL ] SELECT * FROM `php_goods_num` WHERE  `goodsId` = 48 [ RunTime:0.000314s ]
---------------------------------------------------------------
[ 2018-09-20T08:56:51+08:00 ] 127.0.0.1 GET /admin/goods/lst.html
[ info ] www.myshop2.com/admin/goods/lst.html [运行时间：0.076475s][吞吐率：13.08req/s] [内存消耗：6,339.55kb] [文件加载：64]
[ info ] [ LANG ] K:\AMP\day\myshop2\thinkphp\lang\zh-cn.php
[ info ] [ ROUTE ] array (
  'type' => 'module',
  'module' => 
  array (
    0 => 'admin',
    1 => 'goods',
    2 => 'lst',
  ),
)
[ info ] [ HEADER ] array (
  'host' => 'www.myshop2.com',
  'connection' => 'keep-alive',
  'upgrade-insecure-requests' => '1',
  'user-agent' => 'Mozilla/5.0 (Windows NT 10.0; Win64; x64) AppleWebKit/537.36 (KHTML, like Gecko) Chrome/69.0.3497.100 Safari/537.36',
  'accept' => 'text/html,application/xhtml+xml,application/xml;q=0.9,image/webp,image/apng,*/*;q=0.8',
  'referer' => 'http://www.myshop2.com/admin/index/index.html',
  'accept-encoding' => 'gzip, deflate',
  'accept-language' => 'zh-CN,zh;q=0.9',
  'cookie' => 'thinkphp_show_page_trace=0|0; cart=a%3A3%3A%7Bs%3A8%3A%2246-71%2C70%22%3Bs%3A1%3A%221%22%3Bs%3A8%3A%2245-46%2C42%22%3Bi%3A2%3Bs%3A8%3A%2242-30%2C26%22%3Bi%3A1%3B%7D; PHPSESSID=ftt81ingd686bers47g0h69et6; thinkphp_show_page_trace=0|0; myflag2=1; myflag1=1',
)
[ info ] [ PARAM ] array (
)
[ info ] [ SESSION ] INIT array (
  'type' => 'Mysql',
  'auto_start' => true,
  'session_expire' => 3600,
  'session_prefix' => 'php_',
  'table_name' => 'session',
  'database' => 
  array (
    'hostname' => '127.0.0.1',
    'database' => 'myshop2',
    'username' => 'root',
    'password' => '123',
    'hostport' => '3306',
    'prefix' => 'php_',
    'charset' => 'utf8',
  ),
)
[ info ] [ DB ] INIT mysql
[ info ] [ RUN ] app\admin\controller\Goods->lst[ K:\AMP\day\myshop2\application\admin\controller\Goods.php ]
[ info ] [ DB ] INIT mysql
[ info ] [ VIEW ] K:\AMP\day\myshop2\public/../application/admin\view\goods\lst.html [ array (
  0 => 'serverTime',
  1 => 'bdData',
  2 => 'catData',
  3 => 'list',
  4 => 'plName',
  5 => 'plUrl',
  6 => 'slName',
) ]
[ info ] [ LOG ] INIT File
[ sql ] [ DB ] CONNECT:[ UseTime:0.000746s ] mysql:host=127.0.0.1;port=3306;dbname=myshop2;charset=utf8
[ sql ] [ SQL ] SELECT session_data FROM php_session WHERE session_id = 'php_ftt81ingd686bers47g0h69et6' AND session_expire > '1537405011' [ RunTime:0.002288s ]
[ sql ] [ DB ] CONNECT:[ UseTime:0.000690s ] mysql:host=127.0.0.1;port=3306;dbname=myshop2;charset=utf8
[ sql ] [ SQL ] SHOW COLUMNS FROM `php_goods` [ RunTime:0.002683s ]
[ sql ] [ SQL ] SELECT COUNT(*) AS tp_count FROM ( SELECT count(*) FROM `php_goods` `a` LEFT JOIN `php_brand` `b` ON `a`.`brandId`=`b`.`id` LEFT JOIN `php_category` `c` ON `a`.`cateId`=`c`.`id` LEFT JOIN `php_goods_cat` `d` ON `a`.`id`=`d`.`goodsId` LEFT JOIN `php_category` `e` ON `d`.`catId`=`e`.`id` LEFT JOIN `php_type` `f` ON `a`.`typeId`=`f`.`id` LEFT JOIN `php_goods_num` `g` ON `a`.`id`=`g`.`goodsId` GROUP BY `a`.`id` ) `_group_count_` LIMIT 1 [ RunTime:0.004849s ]
[ sql ] [ SQL ] SELECT `a`.*,`b`.`brandName`,`c`.`cateName`,`f`.`typeName`,GROUP_CONCAT(DISTINCT e.cateName SEPARATOR "<br>") extCates,FLOOR(SUM(g.num)/COUNT(e.cateName)) goodsNum FROM `php_goods` `a` LEFT JOIN `php_brand` `b` ON `a`.`brandId`=`b`.`id` LEFT JOIN `php_category` `c` ON `a`.`cateId`=`c`.`id` LEFT JOIN `php_goods_cat` `d` ON `a`.`id`=`d`.`goodsId` LEFT JOIN `php_category` `e` ON `d`.`catId`=`e`.`id` LEFT JOIN `php_type` `f` ON `a`.`typeId`=`f`.`id` LEFT JOIN `php_goods_num` `g` ON `a`.`id`=`g`.`goodsId` GROUP BY `a`.`id` ORDER BY a.id desc LIMIT 0,10 [ RunTime:0.001823s ]
[ sql ] [ SQL ] SHOW COLUMNS FROM `php_brand` [ RunTime:0.000478s ]
[ sql ] [ SQL ] SELECT `id`,`brandName` FROM `php_brand` [ RunTime:0.000225s ]
[ sql ] [ SQL ] SHOW COLUMNS FROM `php_category` [ RunTime:0.000432s ]
[ sql ] [ SQL ] SELECT * FROM `php_category` ORDER BY sort asc [ RunTime:0.000322s ]
---------------------------------------------------------------
[ 2018-09-20T08:56:52+08:00 ] 127.0.0.1 GET /admin/goods/photos/id/48.html
[ info ] www.myshop2.com/admin/goods/photos/id/48.html [运行时间：0.058837s][吞吐率：17.00req/s] [内存消耗：5,365.05kb] [文件加载：61]
[ info ] [ LANG ] K:\AMP\day\myshop2\thinkphp\lang\zh-cn.php
[ info ] [ ROUTE ] array (
  'type' => 'module',
  'module' => 
  array (
    0 => 'admin',
    1 => 'goods',
    2 => 'photos',
  ),
)
[ info ] [ HEADER ] array (
  'host' => 'www.myshop2.com',
  'connection' => 'keep-alive',
  'upgrade-insecure-requests' => '1',
  'user-agent' => 'Mozilla/5.0 (Windows NT 10.0; Win64; x64) AppleWebKit/537.36 (KHTML, like Gecko) Chrome/69.0.3497.100 Safari/537.36',
  'accept' => 'text/html,application/xhtml+xml,application/xml;q=0.9,image/webp,image/apng,*/*;q=0.8',
  'referer' => 'http://www.myshop2.com/admin/goods/lst.html',
  'accept-encoding' => 'gzip, deflate',
  'accept-language' => 'zh-CN,zh;q=0.9',
  'cookie' => 'thinkphp_show_page_trace=0|0; cart=a%3A3%3A%7Bs%3A8%3A%2246-71%2C70%22%3Bs%3A1%3A%221%22%3Bs%3A8%3A%2245-46%2C42%22%3Bi%3A2%3Bs%3A8%3A%2242-30%2C26%22%3Bi%3A1%3B%7D; PHPSESSID=ftt81ingd686bers47g0h69et6; thinkphp_show_page_trace=0|0; myflag2=1; myflag1=1',
)
[ info ] [ PARAM ] array (
  'id' => '48',
)
[ info ] [ SESSION ] INIT array (
  'type' => 'Mysql',
  'auto_start' => true,
  'session_expire' => 3600,
  'session_prefix' => 'php_',
  'table_name' => 'session',
  'database' => 
  array (
    'hostname' => '127.0.0.1',
    'database' => 'myshop2',
    'username' => 'root',
    'password' => '123',
    'hostport' => '3306',
    'prefix' => 'php_',
    'charset' => 'utf8',
  ),
)
[ info ] [ DB ] INIT mysql
[ info ] [ RUN ] app\admin\controller\Goods->photos[ K:\AMP\day\myshop2\application\admin\controller\Goods.php ]
[ info ] [ DB ] INIT mysql
[ info ] [ VIEW ] K:\AMP\day\myshop2\public/../application/admin\view\goods\photos.html [ array (
  0 => 'serverTime',
  1 => 'gpData',
  2 => 'id',
  3 => 'plName',
  4 => 'plUrl',
  5 => 'slName',
) ]
[ info ] [ LOG ] INIT File
[ sql ] [ DB ] CONNECT:[ UseTime:0.000795s ] mysql:host=127.0.0.1;port=3306;dbname=myshop2;charset=utf8
[ sql ] [ SQL ] SELECT session_data FROM php_session WHERE session_id = 'php_ftt81ingd686bers47g0h69et6' AND session_expire > '1537405012' [ RunTime:0.000322s ]
[ sql ] [ DB ] CONNECT:[ UseTime:0.000672s ] mysql:host=127.0.0.1;port=3306;dbname=myshop2;charset=utf8
[ sql ] [ SQL ] SHOW COLUMNS FROM `php_goods_photos` [ RunTime:0.000776s ]
[ sql ] [ SQL ] SELECT * FROM `php_goods_photos` WHERE  `goodsId` = 48 [ RunTime:0.000317s ]
---------------------------------------------------------------
[ 2018-09-20T08:56:55+08:00 ] 127.0.0.1 POST /admin/goods/photos/id/admin/goods/photos/id/48
[ info ] www.myshop2.com/admin/goods/photos/id/admin/goods/photos/id/48 [运行时间：0.092905s][吞吐率：10.76req/s] [内存消耗：5,170.77kb] [文件加载：58]
[ info ] [ LANG ] K:\AMP\day\myshop2\thinkphp\lang\zh-cn.php
[ info ] [ ROUTE ] array (
  'type' => 'module',
  'module' => 
  array (
    0 => 'admin',
    1 => 'goods',
    2 => 'photos',
  ),
)
[ info ] [ HEADER ] array (
  'host' => 'www.myshop2.com',
  'connection' => 'keep-alive',
  'content-length' => '14799',
  'accept' => 'application/json',
  'cache-control' => 'no-cache',
  'origin' => 'http://www.myshop2.com',
  'x-requested-with' => 'XMLHttpRequest',
  'user-agent' => 'Mozilla/5.0 (Windows NT 10.0; Win64; x64) AppleWebKit/537.36 (KHTML, like Gecko) Chrome/69.0.3497.100 Safari/537.36',
  'content-type' => 'multipart/form-data; boundary=----WebKitFormBoundaryzkf1UqJzu8AJJsl9',
  'referer' => 'http://www.myshop2.com/admin/goods/photos/id/48.html',
  'accept-encoding' => 'gzip, deflate',
  'accept-language' => 'zh-CN,zh;q=0.9',
  'cookie' => 'thinkphp_show_page_trace=0|0; thinkphp_show_page_trace=0|0; cart=a%3A3%3A%7Bs%3A8%3A%2246-71%2C70%22%3Bs%3A1%3A%221%22%3Bs%3A8%3A%2245-46%2C42%22%3Bi%3A2%3Bs%3A8%3A%2242-30%2C26%22%3Bi%3A1%3B%7D; PHPSESSID=ftt81ingd686bers47g0h69et6; thinkphp_show_page_trace=0|0; myflag2=1; myflag1=1',
)
[ info ] [ PARAM ] array (
  'id' => '48',
  'goods' => 'photos',
)
[ info ] [ SESSION ] INIT array (
  'type' => 'Mysql',
  'auto_start' => true,
  'session_expire' => 3600,
  'session_prefix' => 'php_',
  'table_name' => 'session',
  'database' => 
  array (
    'hostname' => '127.0.0.1',
    'database' => 'myshop2',
    'username' => 'root',
    'password' => '123',
    'hostport' => '3306',
    'prefix' => 'php_',
    'charset' => 'utf8',
  ),
)
[ info ] [ DB ] INIT mysql
[ info ] [ RUN ] app\admin\controller\Goods->photos[ K:\AMP\day\myshop2\application\admin\controller\Goods.php ]
[ info ] [ DB ] INIT mysql
[ info ] [ LOG ] INIT File
[ sql ] [ DB ] CONNECT:[ UseTime:0.000712s ] mysql:host=127.0.0.1;port=3306;dbname=myshop2;charset=utf8
[ sql ] [ SQL ] SELECT session_data FROM php_session WHERE session_id = 'php_ftt81ingd686bers47g0h69et6' AND session_expire > '1537405015' [ RunTime:0.002089s ]
[ sql ] [ DB ] CONNECT:[ UseTime:0.000719s ] mysql:host=127.0.0.1;port=3306;dbname=myshop2;charset=utf8
[ sql ] [ SQL ] SHOW COLUMNS FROM `php_goods_photos` [ RunTime:0.000689s ]
[ sql ] [ SQL ] INSERT INTO `php_goods_photos` (`goodsId` , `photo` , `smPhoto` , `mdPhoto` , `bigPhoto` , `randString`) VALUES (48 , 'goodsPhotos\\20180920\\6dd4432ecd796d36407f51b6c35c239a.jpg' , 'goodsPhotos\\20180920\\thumb_0_6dd4432ecd796d36407f51b6c35c239a.jpg' , 'goodsPhotos\\20180920\\thumb_1_6dd4432ecd796d36407f51b6c35c239a.jpg' , 'goodsPhotos\\20180920\\thumb_2_6dd4432ecd796d36407f51b6c35c239a.jpg' , 'BHVTZbIyiwShGzg') [ RunTime:0.000370s ]
---------------------------------------------------------------
[ 2018-09-20T08:57:03+08:00 ] 127.0.0.1 POST /admin/goods/photos/id/admin/goods/photos/id/48
[ info ] www.myshop2.com/admin/goods/photos/id/admin/goods/photos/id/48 [运行时间：0.104630s][吞吐率：9.56req/s] [内存消耗：5,171.34kb] [文件加载：58]
[ info ] [ LANG ] K:\AMP\day\myshop2\thinkphp\lang\zh-cn.php
[ info ] [ ROUTE ] array (
  'type' => 'module',
  'module' => 
  array (
    0 => 'admin',
    1 => 'goods',
    2 => 'photos',
  ),
)
[ info ] [ HEADER ] array (
  'host' => 'www.myshop2.com',
  'connection' => 'keep-alive',
  'content-length' => '17464',
  'accept' => 'application/json',
  'cache-control' => 'no-cache',
  'origin' => 'http://www.myshop2.com',
  'x-requested-with' => 'XMLHttpRequest',
  'user-agent' => 'Mozilla/5.0 (Windows NT 10.0; Win64; x64) AppleWebKit/537.36 (KHTML, like Gecko) Chrome/69.0.3497.100 Safari/537.36',
  'content-type' => 'multipart/form-data; boundary=----WebKitFormBoundary7ZlZ7B5qwdGPLfiX',
  'referer' => 'http://www.myshop2.com/admin/goods/photos/id/48.html',
  'accept-encoding' => 'gzip, deflate',
  'accept-language' => 'zh-CN,zh;q=0.9',
  'cookie' => 'thinkphp_show_page_trace=0|0; thinkphp_show_page_trace=0|0; cart=a%3A3%3A%7Bs%3A8%3A%2246-71%2C70%22%3Bs%3A1%3A%221%22%3Bs%3A8%3A%2245-46%2C42%22%3Bi%3A2%3Bs%3A8%3A%2242-30%2C26%22%3Bi%3A1%3B%7D; PHPSESSID=ftt81ingd686bers47g0h69et6; thinkphp_show_page_trace=0|0; myflag2=1; myflag1=1',
)
[ info ] [ PARAM ] array (
  'id' => '48',
  'goods' => 'photos',
)
[ info ] [ SESSION ] INIT array (
  'type' => 'Mysql',
  'auto_start' => true,
  'session_expire' => 3600,
  'session_prefix' => 'php_',
  'table_name' => 'session',
  'database' => 
  array (
    'hostname' => '127.0.0.1',
    'database' => 'myshop2',
    'username' => 'root',
    'password' => '123',
    'hostport' => '3306',
    'prefix' => 'php_',
    'charset' => 'utf8',
  ),
)
[ info ] [ DB ] INIT mysql
[ info ] [ RUN ] app\admin\controller\Goods->photos[ K:\AMP\day\myshop2\application\admin\controller\Goods.php ]
[ info ] [ DB ] INIT mysql
[ info ] [ LOG ] INIT File
[ sql ] [ DB ] CONNECT:[ UseTime:0.001245s ] mysql:host=127.0.0.1;port=3306;dbname=myshop2;charset=utf8
[ sql ] [ SQL ] SELECT session_data FROM php_session WHERE session_id = 'php_ftt81ingd686bers47g0h69et6' AND session_expire > '1537405023' [ RunTime:0.002679s ]
[ sql ] [ DB ] CONNECT:[ UseTime:0.000719s ] mysql:host=127.0.0.1;port=3306;dbname=myshop2;charset=utf8
[ sql ] [ SQL ] SHOW COLUMNS FROM `php_goods_photos` [ RunTime:0.000818s ]
[ sql ] [ SQL ] INSERT INTO `php_goods_photos` (`goodsId` , `photo` , `smPhoto` , `mdPhoto` , `bigPhoto` , `randString`) VALUES (48 , 'goodsPhotos\\20180920\\7507cd020a0275037e17ef17cbb21068.jpg' , 'goodsPhotos\\20180920\\thumb_0_7507cd020a0275037e17ef17cbb21068.jpg' , 'goodsPhotos\\20180920\\thumb_1_7507cd020a0275037e17ef17cbb21068.jpg' , 'goodsPhotos\\20180920\\thumb_2_7507cd020a0275037e17ef17cbb21068.jpg' , 'vBtFwCyTlHtUHaO') [ RunTime:0.000287s ]
---------------------------------------------------------------
[ 2018-09-20T08:57:06+08:00 ] 127.0.0.1 GET /admin/goods/delphotos.html?randString=vBtFwCyTlHtUHaO&_=1537405012562
[ info ] www.myshop2.com/admin/goods/delphotos.html?randString=vBtFwCyTlHtUHaO&_=1537405012562 [运行时间：0.053656s][吞吐率：18.64req/s] [内存消耗：4,821.75kb] [文件加载：55]
[ info ] [ LANG ] K:\AMP\day\myshop2\thinkphp\lang\zh-cn.php
[ info ] [ ROUTE ] array (
  'type' => 'module',
  'module' => 
  array (
    0 => 'admin',
    1 => 'goods',
    2 => 'delphotos',
  ),
)
[ info ] [ HEADER ] array (
  'host' => 'www.myshop2.com',
  'connection' => 'keep-alive',
  'accept' => '*/*',
  'x-requested-with' => 'XMLHttpRequest',
  'user-agent' => 'Mozilla/5.0 (Windows NT 10.0; Win64; x64) AppleWebKit/537.36 (KHTML, like Gecko) Chrome/69.0.3497.100 Safari/537.36',
  'referer' => 'http://www.myshop2.com/admin/goods/photos/id/48.html',
  'accept-encoding' => 'gzip, deflate',
  'accept-language' => 'zh-CN,zh;q=0.9',
  'cookie' => 'thinkphp_show_page_trace=0|0; cart=a%3A3%3A%7Bs%3A8%3A%2246-71%2C70%22%3Bs%3A1%3A%221%22%3Bs%3A8%3A%2245-46%2C42%22%3Bi%3A2%3Bs%3A8%3A%2242-30%2C26%22%3Bi%3A1%3B%7D; PHPSESSID=ftt81ingd686bers47g0h69et6; thinkphp_show_page_trace=0|0; myflag2=1; myflag1=1',
)
[ info ] [ PARAM ] array (
  'randString' => 'vBtFwCyTlHtUHaO',
  '_' => '1537405012562',
)
[ info ] [ SESSION ] INIT array (
  'type' => 'Mysql',
  'auto_start' => true,
  'session_expire' => 3600,
  'session_prefix' => 'php_',
  'table_name' => 'session',
  'database' => 
  array (
    'hostname' => '127.0.0.1',
    'database' => 'myshop2',
    'username' => 'root',
    'password' => '123',
    'hostport' => '3306',
    'prefix' => 'php_',
    'charset' => 'utf8',
  ),
)
[ info ] [ DB ] INIT mysql
[ info ] [ RUN ] app\admin\controller\Goods->delPhotos[ K:\AMP\day\myshop2\application\admin\controller\Goods.php ]
[ info ] [ DB ] INIT mysql
[ info ] [ LOG ] INIT File
[ sql ] [ DB ] CONNECT:[ UseTime:0.000833s ] mysql:host=127.0.0.1;port=3306;dbname=myshop2;charset=utf8
[ sql ] [ SQL ] SELECT session_data FROM php_session WHERE session_id = 'php_ftt81ingd686bers47g0h69et6' AND session_expire > '1537405026' [ RunTime:0.000310s ]
[ sql ] [ DB ] CONNECT:[ UseTime:0.000969s ] mysql:host=127.0.0.1;port=3306;dbname=myshop2;charset=utf8
[ sql ] [ SQL ] SHOW COLUMNS FROM `php_goods_photos` [ RunTime:0.000765s ]
[ sql ] [ SQL ] SELECT `photo`,`smPhoto`,`mdPhoto`,`bigPhoto` FROM `php_goods_photos` WHERE  `randString` = 'vBtFwCyTlHtUHaO' LIMIT 1 [ RunTime:0.000309s ]
[ sql ] [ SQL ] DELETE FROM `php_goods_photos`    WHERE  `randString` = 'vBtFwCyTlHtUHaO' [ RunTime:0.000457s ]
---------------------------------------------------------------
[ 2018-09-20T08:57:15+08:00 ] 127.0.0.1 GET /admin/goods/delphotos.html?randString=BHVTZbIyiwShGzg&_=1537405012563
[ info ] www.myshop2.com/admin/goods/delphotos.html?randString=BHVTZbIyiwShGzg&_=1537405012563 [运行时间：0.042619s][吞吐率：23.46req/s] [内存消耗：4,821.75kb] [文件加载：55]
[ info ] [ LANG ] K:\AMP\day\myshop2\thinkphp\lang\zh-cn.php
[ info ] [ ROUTE ] array (
  'type' => 'module',
  'module' => 
  array (
    0 => 'admin',
    1 => 'goods',
    2 => 'delphotos',
  ),
)
[ info ] [ HEADER ] array (
  'host' => 'www.myshop2.com',
  'connection' => 'keep-alive',
  'accept' => '*/*',
  'x-requested-with' => 'XMLHttpRequest',
  'user-agent' => 'Mozilla/5.0 (Windows NT 10.0; Win64; x64) AppleWebKit/537.36 (KHTML, like Gecko) Chrome/69.0.3497.100 Safari/537.36',
  'referer' => 'http://www.myshop2.com/admin/goods/photos/id/48.html',
  'accept-encoding' => 'gzip, deflate',
  'accept-language' => 'zh-CN,zh;q=0.9',
  'cookie' => 'thinkphp_show_page_trace=0|0; cart=a%3A3%3A%7Bs%3A8%3A%2246-71%2C70%22%3Bs%3A1%3A%221%22%3Bs%3A8%3A%2245-46%2C42%22%3Bi%3A2%3Bs%3A8%3A%2242-30%2C26%22%3Bi%3A1%3B%7D; PHPSESSID=ftt81ingd686bers47g0h69et6; thinkphp_show_page_trace=0|0; myflag2=1; myflag1=1',
)
[ info ] [ PARAM ] array (
  'randString' => 'BHVTZbIyiwShGzg',
  '_' => '1537405012563',
)
[ info ] [ SESSION ] INIT array (
  'type' => 'Mysql',
  'auto_start' => true,
  'session_expire' => 3600,
  'session_prefix' => 'php_',
  'table_name' => 'session',
  'database' => 
  array (
    'hostname' => '127.0.0.1',
    'database' => 'myshop2',
    'username' => 'root',
    'password' => '123',
    'hostport' => '3306',
    'prefix' => 'php_',
    'charset' => 'utf8',
  ),
)
[ info ] [ DB ] INIT mysql
[ info ] [ RUN ] app\admin\controller\Goods->delPhotos[ K:\AMP\day\myshop2\application\admin\controller\Goods.php ]
[ info ] [ DB ] INIT mysql
[ info ] [ LOG ] INIT File
[ sql ] [ DB ] CONNECT:[ UseTime:0.000734s ] mysql:host=127.0.0.1;port=3306;dbname=myshop2;charset=utf8
[ sql ] [ SQL ] SELECT session_data FROM php_session WHERE session_id = 'php_ftt81ingd686bers47g0h69et6' AND session_expire > '1537405035' [ RunTime:0.002162s ]
[ sql ] [ DB ] CONNECT:[ UseTime:0.000533s ] mysql:host=127.0.0.1;port=3306;dbname=myshop2;charset=utf8
[ sql ] [ SQL ] SHOW COLUMNS FROM `php_goods_photos` [ RunTime:0.000676s ]
[ sql ] [ SQL ] SELECT `photo`,`smPhoto`,`mdPhoto`,`bigPhoto` FROM `php_goods_photos` WHERE  `randString` = 'BHVTZbIyiwShGzg' LIMIT 1 [ RunTime:0.000296s ]
[ sql ] [ SQL ] DELETE FROM `php_goods_photos`    WHERE  `randString` = 'BHVTZbIyiwShGzg' [ RunTime:0.000386s ]
