---------------------------------------------------------------
[ 2018-06-01T14:44:52+08:00 ] 127.0.0.1 GET /
[ info ] www.myshop.com/ [运行时间：0.192591s][吞吐率：5.19req/s] [内存消耗：7,146.23kb] [文件加载：67]
[ info ] [ LANG ] K:\AMP\day\myshop\thinkphp\lang\zh-cn.php
[ info ] [ ROUTE ] array (
  'type' => 'module',
  'module' => 
  array (
    0 => '',
    1 => NULL,
    2 => NULL,
  ),
)
[ info ] [ HEADER ] array (
  'host' => 'www.myshop.com',
  'connection' => 'keep-alive',
  'upgrade-insecure-requests' => '1',
  'user-agent' => 'Mozilla/5.0 (Windows NT 10.0; Win64; x64) AppleWebKit/537.36 (KHTML, like Gecko) Chrome/66.0.3359.181 Safari/537.36',
  'accept' => 'text/html,application/xhtml+xml,application/xml;q=0.9,image/webp,image/apng,*/*;q=0.8',
  'accept-encoding' => 'gzip, deflate',
  'accept-language' => 'zh-CN,zh;q=0.9',
  'cookie' => 'sidebar-fixed=false; breadcrumbs-fixed=false; page-header-fixed=false; navbar-fixed-top=false; cart=a%3A8%3A%7Bs%3A8%3A%2245-46%2C42%22%3Bs%3A1%3A%225%22%3Bs%3A8%3A%2245-47%2C44%22%3Bs%3A1%3A%221%22%3Bs%3A8%3A%2245-49%2C45%22%3Bi%3A1%3Bs%3A8%3A%2245-46%2C44%22%3Bi%3A1%3Bs%3A8%3A%2245-48%2C43%22%3Bi%3A1%3Bs%3A8%3A%2245-47%2C45%22%3Bs%3A1%3A%222%22%3Bs%3A8%3A%2245-46%2C45%22%3Bi%3A1%3Bs%3A8%3A%2245-46%2C43%22%3Bi%3A1%3B%7D',
)
[ info ] [ PARAM ] array (
)
[ info ] [ CACHE ] INIT File
[ info ] [ DB ] INIT mysql
[ info ] [ RUN ] app\index\controller\Index->index[ K:\AMP\day\myshop\application\index\controller\Index.php ]
[ info ] [ VIEW ] K:\AMP\day\myshop\public/../application/index\view\index\index.html [ array (
  0 => 'navArr',
  1 => 'helpCateArr',
  2 => 'shopArtArr',
  3 => 'confArr',
  4 => 'foreCateArr',
  5 => 'showRight',
  6 => 'siteMast',
  7 => 'indexGoods',
  8 => 'recposCate',
  9 => 'notArts',
  10 => 'proArts',
  11 => 'brands',
  12 => 'sliders',
) ]
[ info ] [ LOG ] INIT File
[ sql ] [ DB ] CONNECT:[ UseTime:0.003649s ] mysql:host=127.0.0.1;port=3306;dbname=myshop;charset=utf8
[ sql ] [ SQL ] SHOW COLUMNS FROM `php_nav` [ RunTime:0.004603s ]
[ sql ] [ SQL ] SELECT * FROM `php_nav` ORDER BY sort desc [ RunTime:0.000350s ]
[ sql ] [ SQL ] SHOW COLUMNS FROM `php_cate` [ RunTime:0.001325s ]
[ sql ] [ SQL ] SELECT * FROM `php_cate` WHERE  `type` = 3 ORDER BY sort desc [ RunTime:0.000397s ]
[ sql ] [ SQL ] SHOW COLUMNS FROM `php_article` [ RunTime:0.001002s ]
[ sql ] [ SQL ] SELECT * FROM `php_article` WHERE  `cateId` = 11  AND `showStatus` = 1 [ RunTime:0.000530s ]
[ sql ] [ SQL ] SELECT * FROM `php_article` WHERE  `cateId` = 12  AND `showStatus` = 1 [ RunTime:0.000289s ]
[ sql ] [ SQL ] SELECT * FROM `php_article` WHERE  `cateId` = 22  AND `showStatus` = 1 [ RunTime:0.000249s ]
[ sql ] [ SQL ] SELECT * FROM `php_article` WHERE  `cateId` = 21  AND `showStatus` = 1 [ RunTime:0.000240s ]
[ sql ] [ SQL ] SELECT * FROM `php_article` WHERE  `cateId` = 23  AND `showStatus` = 1 [ RunTime:0.000295s ]
[ sql ] [ SQL ] SELECT `id`,`title` FROM `php_article` WHERE  `cateId` = 8 [ RunTime:0.000238s ]
[ sql ] [ SQL ] SHOW COLUMNS FROM `php_conf` [ RunTime:0.001230s ]
[ sql ] [ SQL ] SELECT `enName`,`value` FROM `php_conf` [ RunTime:0.000341s ]
[ sql ] [ SQL ] SHOW COLUMNS FROM `php_category` [ RunTime:0.001194s ]
[ sql ] [ SQL ] SELECT * FROM `php_category` WHERE  `pid` = 0 [ RunTime:0.000409s ]
[ sql ] [ SQL ] SELECT * FROM `php_category` WHERE  `pid` = 1 [ RunTime:0.000222s ]
[ sql ] [ SQL ] SELECT * FROM `php_category` WHERE  `pid` = 4 [ RunTime:0.000220s ]
[ sql ] [ SQL ] SELECT * FROM `php_category` WHERE  `pid` = 27 [ RunTime:0.000193s ]
[ sql ] [ SQL ] SHOW COLUMNS FROM `php_rec_item` [ RunTime:0.000899s ]
[ sql ] [ SQL ] SELECT * FROM `php_rec_item` WHERE  `valType` = 1  AND `recposId` = 8 [ RunTime:0.000412s ]
[ sql ] [ SQL ] SHOW COLUMNS FROM `php_goods` [ RunTime:0.004341s ]
[ sql ] [ SQL ] SELECT `id`,`goodsName`,`mdPic`,`shopPrice`,`marketPrice` FROM `php_goods` WHERE  `id` IN (40,39,38,37,36,35,34,33,32,31,17,24,25,26,27,28,29,30,41,42,44,45) ORDER BY id desc LIMIT 20 [ RunTime:0.000608s ]
[ sql ] [ SQL ] SELECT * FROM `php_rec_item` WHERE  `valType` = 2  AND `recposId` = 5 [ RunTime:0.000266s ]
[ sql ] [ SQL ] SELECT `id`,`cateName`,`pid` FROM `php_category` WHERE  `id` = 2  AND `pid` = 0 LIMIT 1 [ RunTime:0.000260s ]
[ sql ] [ SQL ] SELECT `id`,`cateName`,`pid` FROM `php_category` WHERE  `id` = 1  AND `pid` = 0 LIMIT 1 [ RunTime:0.000254s ]
[ sql ] [ SQL ] SELECT `id`,`cateName`,`pid` FROM `php_category` WHERE  `id` = 4  AND `pid` = 0 LIMIT 1 [ RunTime:0.000208s ]
[ sql ] [ SQL ] SELECT `id`,`cateName`,`pid` FROM `php_category` WHERE  `id` = 10  AND `pid` = 0 LIMIT 1 [ RunTime:0.000208s ]
[ sql ] [ SQL ] SELECT `id`,`cateName`,`pid` FROM `php_category` WHERE  `id` = 7  AND `pid` = 0 LIMIT 1 [ RunTime:0.000189s ]
[ sql ] [ SQL ] SELECT * FROM `php_category` [ RunTime:0.000295s ]
[ sql ] [ SQL ] SELECT `id` FROM `php_goods` WHERE  `cateId` = 1 [ RunTime:0.000558s ]
[ sql ] [ SQL ] SHOW COLUMNS FROM `php_goods_cat` [ RunTime:0.002164s ]
[ sql ] [ SQL ] SELECT DISTINCT goodsId id FROM `php_goods_cat` WHERE  `catId` IN (2,12,13,14,15,10,16,17,18,11,19,20,21,1) [ RunTime:0.001713s ]
[ sql ] [ SQL ] SELECT `valId` FROM `php_rec_item` WHERE  `valId` IN (17,26,27,28,29,31,32,34,35,36,37,41,44)  AND `recposId` = 4  AND `valType` = 1 [ RunTime:0.000333s ]
[ sql ] [ SQL ] SELECT * FROM `php_goods` WHERE  `onSale` = 1  AND `id` IN (26,17,27,28,29,31,32,34,35,36,37,41,44) ORDER BY id desc LIMIT 6 [ RunTime:0.000442s ]
[ sql ] [ SQL ] SHOW COLUMNS FROM `php_category_brands` [ RunTime:0.001136s ]
[ sql ] [ SQL ] SELECT * FROM `php_category_brands` WHERE  `cateId` = 1 LIMIT 1 [ RunTime:0.000258s ]
[ sql ] [ SQL ] SHOW COLUMNS FROM `php_brand` [ RunTime:0.001135s ]
[ sql ] [ SQL ] SELECT * FROM `php_brand` WHERE  `id` IN (16,17,18,19,20,21,22,23,24,25) [ RunTime:0.000451s ]
[ sql ] [ SQL ] SHOW COLUMNS FROM `php_category_ad` [ RunTime:0.001124s ]
[ sql ] [ SQL ] SELECT * FROM `php_category_ad` WHERE  `cateId` = 1  AND `position` = 1 ORDER BY id desc LIMIT 3 [ RunTime:0.000539s ]
[ sql ] [ SQL ] SELECT * FROM `php_category_ad` WHERE  `cateId` = 1  AND `position` = 2 ORDER BY id desc LIMIT 1 [ RunTime:0.000293s ]
[ sql ] [ SQL ] SELECT * FROM `php_category_ad` WHERE  `cateId` = 1  AND `position` = 3 ORDER BY id desc LIMIT 1 [ RunTime:0.000260s ]
[ sql ] [ SQL ] SELECT * FROM `php_rec_item` WHERE  `valType` = 2  AND `recposId` = 5 [ RunTime:0.000227s ]
[ sql ] [ SQL ] SELECT `id`,`cateName`,`pid` FROM `php_category` WHERE  `id` = 2  AND `pid` = 1 LIMIT 1 [ RunTime:0.000212s ]
[ sql ] [ SQL ] SELECT `id`,`cateName`,`pid` FROM `php_category` WHERE  `id` = 1  AND `pid` = 1 LIMIT 1 [ RunTime:0.000193s ]
[ sql ] [ SQL ] SELECT `id`,`cateName`,`pid` FROM `php_category` WHERE  `id` = 4  AND `pid` = 1 LIMIT 1 [ RunTime:0.000188s ]
[ sql ] [ SQL ] SELECT `id`,`cateName`,`pid` FROM `php_category` WHERE  `id` = 10  AND `pid` = 1 LIMIT 1 [ RunTime:0.000187s ]
[ sql ] [ SQL ] SELECT `id`,`cateName`,`pid` FROM `php_category` WHERE  `id` = 7  AND `pid` = 1 LIMIT 1 [ RunTime:0.000190s ]
[ sql ] [ SQL ] SELECT * FROM `php_category` [ RunTime:0.000200s ]
[ sql ] [ SQL ] SELECT `id` FROM `php_goods` WHERE  `cateId` = 2 [ RunTime:0.000201s ]
[ sql ] [ SQL ] SELECT DISTINCT goodsId id FROM `php_goods_cat` WHERE  `catId` IN (12,13,14,15,2) [ RunTime:0.000262s ]
[ sql ] [ SQL ] SELECT `valId` FROM `php_rec_item` WHERE  `valId` IN (17,28,31,32,34,44)  AND `recposId` = 7  AND `valType` = 1 [ RunTime:0.000245s ]
[ sql ] [ SQL ] SELECT * FROM `php_goods` WHERE  `onSale` = 1  AND `id` IN (17,28,31,32,34,44) ORDER BY id desc LIMIT 6 [ RunTime:0.000398s ]
[ sql ] [ SQL ] SELECT * FROM `php_category` [ RunTime:0.000243s ]
[ sql ] [ SQL ] SELECT `id` FROM `php_goods` WHERE  `cateId` = 10 [ RunTime:0.000239s ]
[ sql ] [ SQL ] SELECT DISTINCT goodsId id FROM `php_goods_cat` WHERE  `catId` IN (16,17,18,10) [ RunTime:0.000294s ]
[ sql ] [ SQL ] SELECT `valId` FROM `php_rec_item` WHERE  `valId` IN (17,27,29,31,37)  AND `recposId` = 7  AND `valType` = 1 [ RunTime:0.000265s ]
[ sql ] [ SQL ] SELECT * FROM `php_goods` WHERE  `onSale` = 1  AND `id` IN (17,27,29,31,37) ORDER BY id desc LIMIT 6 [ RunTime:0.000318s ]
[ sql ] [ SQL ] SELECT * FROM `php_category` [ RunTime:0.000205s ]
[ sql ] [ SQL ] SELECT `id` FROM `php_goods` WHERE  `cateId` = 4 [ RunTime:0.000193s ]
[ sql ] [ SQL ] SELECT DISTINCT goodsId id FROM `php_goods_cat` WHERE  `catId` IN (7,24,25,26,4) [ RunTime:0.000262s ]
[ sql ] [ SQL ] SELECT `valId` FROM `php_rec_item` WHERE  `valId` IN (24,25,30,33,38,39,42,40)  AND `recposId` = 4  AND `valType` = 1 [ RunTime:0.000256s ]
[ sql ] [ SQL ] SELECT * FROM `php_goods` WHERE  `onSale` = 1  AND `id` IN (24,25,30,33,38,39,40,42) ORDER BY id desc LIMIT 6 [ RunTime:0.000359s ]
[ sql ] [ SQL ] SELECT * FROM `php_category_brands` WHERE  `cateId` = 4 LIMIT 1 [ RunTime:0.000212s ]
[ sql ] [ SQL ] SELECT * FROM `php_brand` WHERE  `id` IN (1,8,7,9,10,11,12,13,14,15) [ RunTime:0.000275s ]
[ sql ] [ SQL ] SELECT * FROM `php_category_ad` WHERE  `cateId` = 4  AND `position` = 1 ORDER BY id desc LIMIT 3 [ RunTime:0.000251s ]
[ sql ] [ SQL ] SELECT * FROM `php_category_ad` WHERE  `cateId` = 4  AND `position` = 2 ORDER BY id desc LIMIT 1 [ RunTime:0.000260s ]
[ sql ] [ SQL ] SELECT * FROM `php_category_ad` WHERE  `cateId` = 4  AND `position` = 3 ORDER BY id desc LIMIT 1 [ RunTime:0.000250s ]
[ sql ] [ SQL ] SELECT * FROM `php_rec_item` WHERE  `valType` = 2  AND `recposId` = 5 [ RunTime:0.000226s ]
[ sql ] [ SQL ] SELECT `id`,`cateName`,`pid` FROM `php_category` WHERE  `id` = 2  AND `pid` = 4 LIMIT 1 [ RunTime:0.000217s ]
[ sql ] [ SQL ] SELECT `id`,`cateName`,`pid` FROM `php_category` WHERE  `id` = 1  AND `pid` = 4 LIMIT 1 [ RunTime:0.000185s ]
[ sql ] [ SQL ] SELECT `id`,`cateName`,`pid` FROM `php_category` WHERE  `id` = 4  AND `pid` = 4 LIMIT 1 [ RunTime:0.000191s ]
[ sql ] [ SQL ] SELECT `id`,`cateName`,`pid` FROM `php_category` WHERE  `id` = 10  AND `pid` = 4 LIMIT 1 [ RunTime:0.000186s ]
[ sql ] [ SQL ] SELECT `id`,`cateName`,`pid` FROM `php_category` WHERE  `id` = 7  AND `pid` = 4 LIMIT 1 [ RunTime:0.000183s ]
[ sql ] [ SQL ] SELECT * FROM `php_category` [ RunTime:0.000192s ]
[ sql ] [ SQL ] SELECT `id` FROM `php_goods` WHERE  `cateId` = 7 [ RunTime:0.000193s ]
[ sql ] [ SQL ] SELECT DISTINCT goodsId id FROM `php_goods_cat` WHERE  `catId` IN (24,25,26,7) [ RunTime:0.000265s ]
[ sql ] [ SQL ] SELECT `valId` FROM `php_rec_item` WHERE  `valId` IN (40,24,25,30,33,38,39,42)  AND `recposId` = 7  AND `valType` = 1 [ RunTime:0.000246s ]
[ sql ] [ SQL ] SELECT * FROM `php_goods` WHERE  `onSale` = 1  AND `id` IN (24,25,30,33,38,39,40,42) ORDER BY id desc LIMIT 6 [ RunTime:0.000309s ]
[ sql ] [ SQL ] SELECT `id`,`title` FROM `php_article` WHERE  `cateId` = 33 LIMIT 3 [ RunTime:0.000311s ]
[ sql ] [ SQL ] SELECT `id`,`title` FROM `php_article` WHERE  `cateId` = 34 LIMIT 3 [ RunTime:0.000215s ]
[ sql ] [ SQL ] SELECT * FROM `php_brand` ORDER BY id desc LIMIT 17 [ RunTime:0.000271s ]
[ sql ] [ SQL ] SHOW COLUMNS FROM `php_slider` [ RunTime:0.001051s ]
[ sql ] [ SQL ] SELECT * FROM `php_slider` WHERE  `status` = 1 ORDER BY sort desc [ RunTime:0.000265s ]
---------------------------------------------------------------
[ 2018-06-01T14:44:53+08:00 ] 127.0.0.1 POST /checkLogin.html
[ info ] www.myshop.com/checkLogin.html [运行时间：0.064666s][吞吐率：15.46req/s] [内存消耗：5,845.15kb] [文件加载：61]
[ info ] [ LANG ] K:\AMP\day\myshop\thinkphp\lang\zh-cn.php
[ info ] [ ROUTE ] array (
  'type' => 'module',
  'module' => 
  array (
    0 => 'member',
    1 => 'account',
    2 => 'checkLogin',
  ),
  'convert' => false,
)
[ info ] [ HEADER ] array (
  'host' => 'www.myshop.com',
  'connection' => 'keep-alive',
  'content-length' => '0',
  'accept' => '*/*',
  'origin' => 'http://www.myshop.com',
  'x-requested-with' => 'XMLHttpRequest',
  'user-agent' => 'Mozilla/5.0 (Windows NT 10.0; Win64; x64) AppleWebKit/537.36 (KHTML, like Gecko) Chrome/66.0.3359.181 Safari/537.36',
  'referer' => 'http://www.myshop.com/',
  'accept-encoding' => 'gzip, deflate',
  'accept-language' => 'zh-CN,zh;q=0.9',
  'cookie' => 'sidebar-fixed=false; breadcrumbs-fixed=false; page-header-fixed=false; navbar-fixed-top=false; cart=a%3A8%3A%7Bs%3A8%3A%2245-46%2C42%22%3Bs%3A1%3A%225%22%3Bs%3A8%3A%2245-47%2C44%22%3Bs%3A1%3A%221%22%3Bs%3A8%3A%2245-49%2C45%22%3Bi%3A1%3Bs%3A8%3A%2245-46%2C44%22%3Bi%3A1%3Bs%3A8%3A%2245-48%2C43%22%3Bi%3A1%3Bs%3A8%3A%2245-47%2C45%22%3Bs%3A1%3A%222%22%3Bs%3A8%3A%2245-46%2C45%22%3Bi%3A1%3Bs%3A8%3A%2245-46%2C43%22%3Bi%3A1%3B%7D',
)
[ info ] [ PARAM ] array (
)
[ info ] [ CACHE ] INIT File
[ info ] [ DB ] INIT mysql
[ info ] [ RUN ] app\member\controller\Account->checkLogin[ K:\AMP\day\myshop\application\member\controller\Account.php ]
[ info ] [ SESSION ] INIT array (
  'type' => 'Mysql',
  'auto_start' => true,
  'session_expire' => 3600,
  'session_prefix' => 'php_',
  'table_name' => 'session',
  'database' => 
  array (
    'hostname' => '127.0.0.1',
    'database' => 'mybike',
    'username' => 'root',
    'password' => '123',
    'hostport' => '3306',
    'prefix' => 'php_',
    'charset' => 'utf8',
  ),
)
[ info ] [ DB ] INIT mysql
[ info ] [ LOG ] INIT File
[ sql ] [ DB ] CONNECT:[ UseTime:0.001063s ] mysql:host=127.0.0.1;port=3306;dbname=mybike;charset=utf8
[ sql ] [ SQL ] SELECT session_data FROM php_session WHERE session_id = 'php_da88lp929c9ospgovkgs5sjai2' AND session_expire > '1527835493' [ RunTime:0.005616s ]
---------------------------------------------------------------
[ 2018-06-01T14:44:53+08:00 ] 127.0.0.1 POST /getCartNum.html
[ info ] www.myshop.com/getCartNum.html [运行时间：0.062272s][吞吐率：16.06req/s] [内存消耗：5,613.14kb] [文件加载：60]
[ info ] [ LANG ] K:\AMP\day\myshop\thinkphp\lang\zh-cn.php
[ info ] [ ROUTE ] array (
  'type' => 'module',
  'module' => 
  array (
    0 => 'index',
    1 => 'flow',
    2 => 'getCartNum',
  ),
  'convert' => false,
)
[ info ] [ HEADER ] array (
  'host' => 'www.myshop.com',
  'connection' => 'keep-alive',
  'content-length' => '0',
  'accept' => '*/*',
  'origin' => 'http://www.myshop.com',
  'x-requested-with' => 'XMLHttpRequest',
  'user-agent' => 'Mozilla/5.0 (Windows NT 10.0; Win64; x64) AppleWebKit/537.36 (KHTML, like Gecko) Chrome/66.0.3359.181 Safari/537.36',
  'referer' => 'http://www.myshop.com/',
  'accept-encoding' => 'gzip, deflate',
  'accept-language' => 'zh-CN,zh;q=0.9',
  'cookie' => 'sidebar-fixed=false; breadcrumbs-fixed=false; page-header-fixed=false; navbar-fixed-top=false; cart=a%3A8%3A%7Bs%3A8%3A%2245-46%2C42%22%3Bs%3A1%3A%225%22%3Bs%3A8%3A%2245-47%2C44%22%3Bs%3A1%3A%221%22%3Bs%3A8%3A%2245-49%2C45%22%3Bi%3A1%3Bs%3A8%3A%2245-46%2C44%22%3Bi%3A1%3Bs%3A8%3A%2245-48%2C43%22%3Bi%3A1%3Bs%3A8%3A%2245-47%2C45%22%3Bs%3A1%3A%222%22%3Bs%3A8%3A%2245-46%2C45%22%3Bi%3A1%3Bs%3A8%3A%2245-46%2C43%22%3Bi%3A1%3B%7D',
)
[ info ] [ PARAM ] array (
)
[ info ] [ CACHE ] INIT File
[ info ] [ DB ] INIT mysql
[ info ] [ RUN ] app\index\controller\Flow->getCartNum[ K:\AMP\day\myshop\application\index\controller\Flow.php ]
[ info ] [ LOG ] INIT File
---------------------------------------------------------------
[ 2018-06-01T14:44:53+08:00 ] 127.0.0.1 GET /getGoodsCates.html?act=getCategoryCallback&cat_id=1
[ info ] www.myshop.com/getGoodsCates.html?act=getCategoryCallback&cat_id=1 [运行时间：0.043346s][吞吐率：23.07req/s] [内存消耗：5,684.64kb] [文件加载：60]
[ info ] [ LANG ] K:\AMP\day\myshop\thinkphp\lang\zh-cn.php
[ info ] [ ROUTE ] array (
  'type' => 'module',
  'module' => 
  array (
    0 => 'index',
    1 => 'category',
    2 => 'getGoodsCates',
  ),
  'convert' => false,
)
[ info ] [ HEADER ] array (
  'host' => 'www.myshop.com',
  'connection' => 'keep-alive',
  'accept' => 'application/json, text/javascript, */*; q=0.01',
  'x-requested-with' => 'XMLHttpRequest',
  'user-agent' => 'Mozilla/5.0 (Windows NT 10.0; Win64; x64) AppleWebKit/537.36 (KHTML, like Gecko) Chrome/66.0.3359.181 Safari/537.36',
  'referer' => 'http://www.myshop.com/',
  'accept-encoding' => 'gzip, deflate',
  'accept-language' => 'zh-CN,zh;q=0.9',
  'cookie' => 'sidebar-fixed=false; breadcrumbs-fixed=false; page-header-fixed=false; navbar-fixed-top=false; cart=a%3A8%3A%7Bs%3A8%3A%2245-46%2C42%22%3Bs%3A1%3A%225%22%3Bs%3A8%3A%2245-47%2C44%22%3Bs%3A1%3A%221%22%3Bs%3A8%3A%2245-49%2C45%22%3Bi%3A1%3Bs%3A8%3A%2245-46%2C44%22%3Bi%3A1%3Bs%3A8%3A%2245-48%2C43%22%3Bi%3A1%3Bs%3A8%3A%2245-47%2C45%22%3Bs%3A1%3A%222%22%3Bs%3A8%3A%2245-46%2C45%22%3Bi%3A1%3Bs%3A8%3A%2245-46%2C43%22%3Bi%3A1%3B%7D; PHPSESSID=da88lp929c9ospgovkgs5sjai2; thinkphp_show_page_trace=0|0',
)
[ info ] [ PARAM ] array (
  'act' => 'getCategoryCallback',
  'cat_id' => '1',
)
[ info ] [ CACHE ] INIT File
[ info ] [ DB ] INIT mysql
[ info ] [ RUN ] app\index\controller\Category->getGoodsCates[ K:\AMP\day\myshop\application\index\controller\Category.php ]
[ info ] [ LOG ] INIT File
[ sql ] [ DB ] CONNECT:[ UseTime:0.000684s ] mysql:host=127.0.0.1;port=3306;dbname=myshop;charset=utf8
[ sql ] [ SQL ] SHOW COLUMNS FROM `php_category` [ RunTime:0.000782s ]
[ sql ] [ SQL ] SELECT * FROM `php_category` [ RunTime:0.000282s ]
[ sql ] [ SQL ] SHOW COLUMNS FROM `php_category_words` [ RunTime:0.000918s ]
[ sql ] [ SQL ] SELECT * FROM `php_category_words` WHERE  `cateId` = 1 [ RunTime:0.000270s ]
[ sql ] [ SQL ] SHOW COLUMNS FROM `php_category_brands` [ RunTime:0.000537s ]
[ sql ] [ SQL ] SELECT * FROM `php_category_brands` WHERE  `cateId` = 1 LIMIT 1 [ RunTime:0.000236s ]
[ sql ] [ SQL ] SHOW COLUMNS FROM `php_brand` [ RunTime:0.000559s ]
[ sql ] [ SQL ] SELECT * FROM `php_brand` WHERE  `id` IN (16,17,18,19,20,21,22,23,24,25) [ RunTime:0.000329s ]
---------------------------------------------------------------
[ 2018-06-01T14:45:03+08:00 ] 127.0.0.1 GET /xm112111445
[ info ] www.myshop.com/xm112111445 [运行时间：0.037071s][吞吐率：26.98req/s] [内存消耗：3,906.18kb] [文件加载：56]
[ info ] [ LANG ] K:\AMP\day\myshop\thinkphp\lang\zh-cn.php
[ info ] [ ROUTE ] array (
  'type' => 'module',
  'module' => 
  array (
    0 => 'admin',
    1 => 'login',
    2 => 'index',
  ),
  'convert' => false,
)
[ info ] [ HEADER ] array (
  'host' => 'www.myshop.com',
  'connection' => 'keep-alive',
  'upgrade-insecure-requests' => '1',
  'user-agent' => 'Mozilla/5.0 (Windows NT 10.0; Win64; x64) AppleWebKit/537.36 (KHTML, like Gecko) Chrome/66.0.3359.181 Safari/537.36',
  'accept' => 'text/html,application/xhtml+xml,application/xml;q=0.9,image/webp,image/apng,*/*;q=0.8',
  'accept-encoding' => 'gzip, deflate',
  'accept-language' => 'zh-CN,zh;q=0.9',
  'cookie' => 'sidebar-fixed=false; breadcrumbs-fixed=false; page-header-fixed=false; navbar-fixed-top=false; cart=a%3A8%3A%7Bs%3A8%3A%2245-46%2C42%22%3Bs%3A1%3A%225%22%3Bs%3A8%3A%2245-47%2C44%22%3Bs%3A1%3A%221%22%3Bs%3A8%3A%2245-49%2C45%22%3Bi%3A1%3Bs%3A8%3A%2245-46%2C44%22%3Bi%3A1%3Bs%3A8%3A%2245-48%2C43%22%3Bi%3A1%3Bs%3A8%3A%2245-47%2C45%22%3Bs%3A1%3A%222%22%3Bs%3A8%3A%2245-46%2C45%22%3Bi%3A1%3Bs%3A8%3A%2245-46%2C43%22%3Bi%3A1%3B%7D; PHPSESSID=da88lp929c9ospgovkgs5sjai2; thinkphp_show_page_trace=0|0',
)
[ info ] [ PARAM ] array (
  'check' => '1445',
)
[ info ] [ RUN ] app\admin\controller\Login->index[ K:\AMP\day\myshop\application\admin\controller\Login.php ]
[ info ] [ SESSION ] INIT array (
  'type' => 'Mysql',
  'auto_start' => true,
  'session_expire' => 3600,
  'session_prefix' => 'php_',
  'table_name' => 'session',
  'database' => 
  array (
    'hostname' => '127.0.0.1',
    'database' => 'mybike',
    'username' => 'root',
    'password' => '123',
    'hostport' => '3306',
    'prefix' => 'php_',
    'charset' => 'utf8',
  ),
)
[ info ] [ DB ] INIT mysql
[ info ] [ VIEW ] K:\AMP\day\myshop\public/../application/admin\view\login\index.html [ array (
  0 => 'validate',
) ]
[ info ] [ LOG ] INIT File
[ sql ] [ DB ] CONNECT:[ UseTime:0.000645s ] mysql:host=127.0.0.1;port=3306;dbname=mybike;charset=utf8
[ sql ] [ SQL ] SELECT session_data FROM php_session WHERE session_id = 'php_da88lp929c9ospgovkgs5sjai2' AND session_expire > '1527835503' [ RunTime:0.002072s ]
---------------------------------------------------------------
[ 2018-06-01T14:45:03+08:00 ] 127.0.0.1 GET /captcha.html
[ info ] www.myshop.com/captcha.html [运行时间：0.040263s][吞吐率：24.84req/s] [内存消耗：3,743.09kb] [文件加载：52]
[ info ] [ LANG ] K:\AMP\day\myshop\thinkphp\lang\zh-cn.php
[ info ] [ ROUTE ] array (
  'type' => 'module',
  'module' => 
  array (
    0 => 'admin',
    1 => 'login',
    2 => 'captcha',
  ),
  'convert' => false,
)
[ info ] [ HEADER ] array (
  'host' => 'www.myshop.com',
  'connection' => 'keep-alive',
  'user-agent' => 'Mozilla/5.0 (Windows NT 10.0; Win64; x64) AppleWebKit/537.36 (KHTML, like Gecko) Chrome/66.0.3359.181 Safari/537.36',
  'accept' => 'image/webp,image/apng,image/*,*/*;q=0.8',
  'referer' => 'http://www.myshop.com/captcha.html',
  'accept-encoding' => 'gzip, deflate',
  'accept-language' => 'zh-CN,zh;q=0.9',
  'cookie' => 'sidebar-fixed=false; breadcrumbs-fixed=false; page-header-fixed=false; navbar-fixed-top=false; cart=a%3A8%3A%7Bs%3A8%3A%2245-46%2C42%22%3Bs%3A1%3A%225%22%3Bs%3A8%3A%2245-47%2C44%22%3Bs%3A1%3A%221%22%3Bs%3A8%3A%2245-49%2C45%22%3Bi%3A1%3Bs%3A8%3A%2245-46%2C44%22%3Bi%3A1%3Bs%3A8%3A%2245-48%2C43%22%3Bi%3A1%3Bs%3A8%3A%2245-47%2C45%22%3Bs%3A1%3A%222%22%3Bs%3A8%3A%2245-46%2C45%22%3Bi%3A1%3Bs%3A8%3A%2245-46%2C43%22%3Bi%3A1%3B%7D; PHPSESSID=da88lp929c9ospgovkgs5sjai2; thinkphp_show_page_trace=0|0',
)
[ info ] [ PARAM ] array (
)
[ info ] [ RUN ] app\admin\controller\Login->captcha[ K:\AMP\day\myshop\application\admin\controller\Login.php ]
[ info ] [ SESSION ] INIT array (
  'type' => 'Mysql',
  'auto_start' => true,
  'session_expire' => 3600,
  'session_prefix' => 'php_',
  'table_name' => 'session',
  'database' => 
  array (
    'hostname' => '127.0.0.1',
    'database' => 'mybike',
    'username' => 'root',
    'password' => '123',
    'hostport' => '3306',
    'prefix' => 'php_',
    'charset' => 'utf8',
  ),
)
[ info ] [ DB ] INIT mysql
[ info ] [ LOG ] INIT File
[ sql ] [ DB ] CONNECT:[ UseTime:0.000707s ] mysql:host=127.0.0.1;port=3306;dbname=mybike;charset=utf8
[ sql ] [ SQL ] SELECT session_data FROM php_session WHERE session_id = 'php_da88lp929c9ospgovkgs5sjai2' AND session_expire > '1527835503' [ RunTime:0.001894s ]
---------------------------------------------------------------
[ 2018-06-01T14:45:11+08:00 ] 127.0.0.1 POST /xm11211.html
[ info ] www.myshop.com/xm11211.html [运行时间：0.038410s][吞吐率：26.03req/s] [内存消耗：5,356.13kb] [文件加载：59]
[ info ] [ LANG ] K:\AMP\day\myshop\thinkphp\lang\zh-cn.php
[ info ] [ ROUTE ] array (
  'type' => 'module',
  'module' => 
  array (
    0 => 'admin',
    1 => 'login',
    2 => 'index',
  ),
  'convert' => false,
)
[ info ] [ HEADER ] array (
  'host' => 'www.myshop.com',
  'connection' => 'keep-alive',
  'content-length' => '466',
  'accept' => '*/*',
  'origin' => 'http://www.myshop.com',
  'x-requested-with' => 'XMLHttpRequest',
  'user-agent' => 'Mozilla/5.0 (Windows NT 10.0; Win64; x64) AppleWebKit/537.36 (KHTML, like Gecko) Chrome/66.0.3359.181 Safari/537.36',
  'content-type' => 'multipart/form-data; boundary=----WebKitFormBoundaryKeeBTBKnMKD7KgTX',
  'referer' => 'http://www.myshop.com/xm112111445',
  'accept-encoding' => 'gzip, deflate',
  'accept-language' => 'zh-CN,zh;q=0.9',
  'cookie' => 'sidebar-fixed=false; breadcrumbs-fixed=false; page-header-fixed=false; navbar-fixed-top=false; cart=a%3A8%3A%7Bs%3A8%3A%2245-46%2C42%22%3Bs%3A1%3A%225%22%3Bs%3A8%3A%2245-47%2C44%22%3Bs%3A1%3A%221%22%3Bs%3A8%3A%2245-49%2C45%22%3Bi%3A1%3Bs%3A8%3A%2245-46%2C44%22%3Bi%3A1%3Bs%3A8%3A%2245-48%2C43%22%3Bi%3A1%3Bs%3A8%3A%2245-47%2C45%22%3Bs%3A1%3A%222%22%3Bs%3A8%3A%2245-46%2C45%22%3Bi%3A1%3Bs%3A8%3A%2245-46%2C43%22%3Bi%3A1%3B%7D; PHPSESSID=da88lp929c9ospgovkgs5sjai2; thinkphp_show_page_trace=0|0',
)
[ info ] [ PARAM ] array (
  'validate' => 'IlSxdwVIYIiUmnI5b10eb6f08fbd',
  'adminName' => 'root',
  'password' => 'hu.12580a',
  'code' => 'wgov',
)
[ info ] [ RUN ] app\admin\controller\Login->index[ K:\AMP\day\myshop\application\admin\controller\Login.php ]
[ info ] [ SESSION ] INIT array (
  'type' => 'Mysql',
  'auto_start' => true,
  'session_expire' => 3600,
  'session_prefix' => 'php_',
  'table_name' => 'session',
  'database' => 
  array (
    'hostname' => '127.0.0.1',
    'database' => 'mybike',
    'username' => 'root',
    'password' => '123',
    'hostport' => '3306',
    'prefix' => 'php_',
    'charset' => 'utf8',
  ),
)
[ info ] [ DB ] INIT mysql
[ info ] [ DB ] INIT mysql
[ info ] [ LOG ] INIT File
[ sql ] [ DB ] CONNECT:[ UseTime:0.000727s ] mysql:host=127.0.0.1;port=3306;dbname=mybike;charset=utf8
[ sql ] [ SQL ] SELECT session_data FROM php_session WHERE session_id = 'php_da88lp929c9ospgovkgs5sjai2' AND session_expire > '1527835511' [ RunTime:0.001869s ]
---------------------------------------------------------------
[ 2018-06-01T14:45:11+08:00 ] 127.0.0.1 GET /captcha.html?0.7339518586408365
[ info ] www.myshop.com/captcha.html?0.7339518586408365 [运行时间：0.032161s][吞吐率：31.09req/s] [内存消耗：3,743.68kb] [文件加载：52]
[ info ] [ LANG ] K:\AMP\day\myshop\thinkphp\lang\zh-cn.php
[ info ] [ ROUTE ] array (
  'type' => 'module',
  'module' => 
  array (
    0 => 'admin',
    1 => 'login',
    2 => 'captcha',
  ),
  'convert' => false,
)
[ info ] [ HEADER ] array (
  'host' => 'www.myshop.com',
  'connection' => 'keep-alive',
  'user-agent' => 'Mozilla/5.0 (Windows NT 10.0; Win64; x64) AppleWebKit/537.36 (KHTML, like Gecko) Chrome/66.0.3359.181 Safari/537.36',
  'accept' => 'image/webp,image/apng,image/*,*/*;q=0.8',
  'referer' => 'http://www.myshop.com/captcha.html?0.7339518586408365',
  'accept-encoding' => 'gzip, deflate',
  'accept-language' => 'zh-CN,zh;q=0.9',
  'cookie' => 'sidebar-fixed=false; breadcrumbs-fixed=false; page-header-fixed=false; navbar-fixed-top=false; cart=a%3A8%3A%7Bs%3A8%3A%2245-46%2C42%22%3Bs%3A1%3A%225%22%3Bs%3A8%3A%2245-47%2C44%22%3Bs%3A1%3A%221%22%3Bs%3A8%3A%2245-49%2C45%22%3Bi%3A1%3Bs%3A8%3A%2245-46%2C44%22%3Bi%3A1%3Bs%3A8%3A%2245-48%2C43%22%3Bi%3A1%3Bs%3A8%3A%2245-47%2C45%22%3Bs%3A1%3A%222%22%3Bs%3A8%3A%2245-46%2C45%22%3Bi%3A1%3Bs%3A8%3A%2245-46%2C43%22%3Bi%3A1%3B%7D; PHPSESSID=da88lp929c9ospgovkgs5sjai2; thinkphp_show_page_trace=0|0',
)
[ info ] [ PARAM ] array (
  '0_7339518586408365' => '',
)
[ info ] [ RUN ] app\admin\controller\Login->captcha[ K:\AMP\day\myshop\application\admin\controller\Login.php ]
[ info ] [ SESSION ] INIT array (
  'type' => 'Mysql',
  'auto_start' => true,
  'session_expire' => 3600,
  'session_prefix' => 'php_',
  'table_name' => 'session',
  'database' => 
  array (
    'hostname' => '127.0.0.1',
    'database' => 'mybike',
    'username' => 'root',
    'password' => '123',
    'hostport' => '3306',
    'prefix' => 'php_',
    'charset' => 'utf8',
  ),
)
[ info ] [ DB ] INIT mysql
[ info ] [ LOG ] INIT File
[ sql ] [ DB ] CONNECT:[ UseTime:0.000669s ] mysql:host=127.0.0.1;port=3306;dbname=mybike;charset=utf8
[ sql ] [ SQL ] SELECT session_data FROM php_session WHERE session_id = 'php_da88lp929c9ospgovkgs5sjai2' AND session_expire > '1527835511' [ RunTime:0.001993s ]
---------------------------------------------------------------
[ 2018-06-01T14:45:19+08:00 ] 127.0.0.1 POST /xm11211.html
[ info ] www.myshop.com/xm11211.html [运行时间：0.046548s][吞吐率：21.48req/s] [内存消耗：5,508.63kb] [文件加载：60]
[ info ] [ LANG ] K:\AMP\day\myshop\thinkphp\lang\zh-cn.php
[ info ] [ ROUTE ] array (
  'type' => 'module',
  'module' => 
  array (
    0 => 'admin',
    1 => 'login',
    2 => 'index',
  ),
  'convert' => false,
)
[ info ] [ HEADER ] array (
  'host' => 'www.myshop.com',
  'connection' => 'keep-alive',
  'content-length' => '466',
  'accept' => '*/*',
  'origin' => 'http://www.myshop.com',
  'x-requested-with' => 'XMLHttpRequest',
  'user-agent' => 'Mozilla/5.0 (Windows NT 10.0; Win64; x64) AppleWebKit/537.36 (KHTML, like Gecko) Chrome/66.0.3359.181 Safari/537.36',
  'content-type' => 'multipart/form-data; boundary=----WebKitFormBoundary0ABy9Ycah4zlRZmS',
  'referer' => 'http://www.myshop.com/xm112111445',
  'accept-encoding' => 'gzip, deflate',
  'accept-language' => 'zh-CN,zh;q=0.9',
  'cookie' => 'sidebar-fixed=false; breadcrumbs-fixed=false; page-header-fixed=false; navbar-fixed-top=false; cart=a%3A8%3A%7Bs%3A8%3A%2245-46%2C42%22%3Bs%3A1%3A%225%22%3Bs%3A8%3A%2245-47%2C44%22%3Bs%3A1%3A%221%22%3Bs%3A8%3A%2245-49%2C45%22%3Bi%3A1%3Bs%3A8%3A%2245-46%2C44%22%3Bi%3A1%3Bs%3A8%3A%2245-48%2C43%22%3Bi%3A1%3Bs%3A8%3A%2245-47%2C45%22%3Bs%3A1%3A%222%22%3Bs%3A8%3A%2245-46%2C45%22%3Bi%3A1%3Bs%3A8%3A%2245-46%2C43%22%3Bi%3A1%3B%7D; PHPSESSID=da88lp929c9ospgovkgs5sjai2; thinkphp_show_page_trace=0|0',
)
[ info ] [ PARAM ] array (
  'validate' => 'IlSxdwVIYIiUmnI5b10eb6f08fbd',
  'adminName' => 'root',
  'password' => 'hu.12580a',
  'code' => '7fk8',
)
[ info ] [ RUN ] app\admin\controller\Login->index[ K:\AMP\day\myshop\application\admin\controller\Login.php ]
[ info ] [ SESSION ] INIT array (
  'type' => 'Mysql',
  'auto_start' => true,
  'session_expire' => 3600,
  'session_prefix' => 'php_',
  'table_name' => 'session',
  'database' => 
  array (
    'hostname' => '127.0.0.1',
    'database' => 'mybike',
    'username' => 'root',
    'password' => '123',
    'hostport' => '3306',
    'prefix' => 'php_',
    'charset' => 'utf8',
  ),
)
[ info ] [ DB ] INIT mysql
[ info ] [ DB ] INIT mysql
[ info ] [ LOG ] INIT File
[ sql ] [ DB ] CONNECT:[ UseTime:0.000681s ] mysql:host=127.0.0.1;port=3306;dbname=mybike;charset=utf8
[ sql ] [ SQL ] SELECT session_data FROM php_session WHERE session_id = 'php_da88lp929c9ospgovkgs5sjai2' AND session_expire > '1527835519' [ RunTime:0.002047s ]
[ sql ] [ DB ] CONNECT:[ UseTime:0.000934s ] mysql:host=127.0.0.1;port=3306;dbname=myshop;charset=utf8
[ sql ] [ SQL ] SHOW COLUMNS FROM `php_admin` [ RunTime:0.004332s ]
[ sql ] [ SQL ] SELECT * FROM `php_admin` WHERE  `adminName` = 'root' LIMIT 1 [ RunTime:0.000387s ]
[ sql ] [ SQL ] select version() as ver [ RunTime:0.000198s ]
---------------------------------------------------------------
[ 2018-06-01T14:45:20+08:00 ] 127.0.0.1 GET /admin/index/index.html
[ info ] www.myshop.com/admin/index/index.html [运行时间：1.625312s][吞吐率：0.62req/s] [内存消耗：3,975.43kb] [文件加载：57]
[ info ] [ LANG ] K:\AMP\day\myshop\thinkphp\lang\zh-cn.php
[ info ] [ ROUTE ] array (
  'type' => 'module',
  'module' => 
  array (
    0 => 'admin',
    1 => 'index',
    2 => 'index',
  ),
)
[ info ] [ HEADER ] array (
  'host' => 'www.myshop.com',
  'connection' => 'keep-alive',
  'upgrade-insecure-requests' => '1',
  'user-agent' => 'Mozilla/5.0 (Windows NT 10.0; Win64; x64) AppleWebKit/537.36 (KHTML, like Gecko) Chrome/66.0.3359.181 Safari/537.36',
  'accept' => 'text/html,application/xhtml+xml,application/xml;q=0.9,image/webp,image/apng,*/*;q=0.8',
  'referer' => 'http://www.myshop.com/xm112111445',
  'accept-encoding' => 'gzip, deflate',
  'accept-language' => 'zh-CN,zh;q=0.9',
  'cookie' => 'sidebar-fixed=false; breadcrumbs-fixed=false; page-header-fixed=false; navbar-fixed-top=false; cart=a%3A8%3A%7Bs%3A8%3A%2245-46%2C42%22%3Bs%3A1%3A%225%22%3Bs%3A8%3A%2245-47%2C44%22%3Bs%3A1%3A%221%22%3Bs%3A8%3A%2245-49%2C45%22%3Bi%3A1%3Bs%3A8%3A%2245-46%2C44%22%3Bi%3A1%3Bs%3A8%3A%2245-48%2C43%22%3Bi%3A1%3Bs%3A8%3A%2245-47%2C45%22%3Bs%3A1%3A%222%22%3Bs%3A8%3A%2245-46%2C45%22%3Bi%3A1%3Bs%3A8%3A%2245-46%2C43%22%3Bi%3A1%3B%7D; PHPSESSID=da88lp929c9ospgovkgs5sjai2; thinkphp_show_page_trace=0|0',
)
[ info ] [ PARAM ] array (
)
[ info ] [ SESSION ] INIT array (
  'type' => 'Mysql',
  'auto_start' => true,
  'session_expire' => 3600,
  'session_prefix' => 'php_',
  'table_name' => 'session',
  'database' => 
  array (
    'hostname' => '127.0.0.1',
    'database' => 'mybike',
    'username' => 'root',
    'password' => '123',
    'hostport' => '3306',
    'prefix' => 'php_',
    'charset' => 'utf8',
  ),
)
[ info ] [ DB ] INIT mysql
[ info ] [ RUN ] app\admin\controller\Index->index[ K:\AMP\day\myshop\application\admin\controller\Index.php ]
[ info ] [ VIEW ] K:\AMP\day\myshop\public/../application/admin\view\index\index.html [ array (
  0 => 'serverTime',
  1 => 'date',
  2 => 'rtWeather',
  3 => 'weaSk',
  4 => 'weaFu',
  5 => 'weaTo',
  6 => 'plName',
  7 => 'slName',
  8 => 'plUrl',
) ]
[ info ] [ LOG ] INIT File
[ sql ] [ DB ] CONNECT:[ UseTime:0.000705s ] mysql:host=127.0.0.1;port=3306;dbname=mybike;charset=utf8
[ sql ] [ SQL ] SELECT session_data FROM php_session WHERE session_id = 'php_da88lp929c9ospgovkgs5sjai2' AND session_expire > '1527835519' [ RunTime:0.002184s ]
---------------------------------------------------------------
[ 2018-06-01T14:45:37+08:00 ] 127.0.0.1 GET /admin/nav/lst.html
[ info ] www.myshop.com/admin/nav/lst.html [运行时间：0.069469s][吞吐率：14.39req/s] [内存消耗：6,117.15kb] [文件加载：66]
[ info ] [ LANG ] K:\AMP\day\myshop\thinkphp\lang\zh-cn.php
[ info ] [ ROUTE ] array (
  'type' => 'module',
  'module' => 
  array (
    0 => 'admin',
    1 => 'nav',
    2 => 'lst',
  ),
)
[ info ] [ HEADER ] array (
  'host' => 'www.myshop.com',
  'connection' => 'keep-alive',
  'upgrade-insecure-requests' => '1',
  'user-agent' => 'Mozilla/5.0 (Windows NT 10.0; Win64; x64) AppleWebKit/537.36 (KHTML, like Gecko) Chrome/66.0.3359.181 Safari/537.36',
  'accept' => 'text/html,application/xhtml+xml,application/xml;q=0.9,image/webp,image/apng,*/*;q=0.8',
  'referer' => 'http://www.myshop.com/admin/index/index.html',
  'accept-encoding' => 'gzip, deflate',
  'accept-language' => 'zh-CN,zh;q=0.9',
  'cookie' => 'sidebar-fixed=false; breadcrumbs-fixed=false; page-header-fixed=false; navbar-fixed-top=false; cart=a%3A8%3A%7Bs%3A8%3A%2245-46%2C42%22%3Bs%3A1%3A%225%22%3Bs%3A8%3A%2245-47%2C44%22%3Bs%3A1%3A%221%22%3Bs%3A8%3A%2245-49%2C45%22%3Bi%3A1%3Bs%3A8%3A%2245-46%2C44%22%3Bi%3A1%3Bs%3A8%3A%2245-48%2C43%22%3Bi%3A1%3Bs%3A8%3A%2245-47%2C45%22%3Bs%3A1%3A%222%22%3Bs%3A8%3A%2245-46%2C45%22%3Bi%3A1%3Bs%3A8%3A%2245-46%2C43%22%3Bi%3A1%3B%7D; PHPSESSID=da88lp929c9ospgovkgs5sjai2; thinkphp_show_page_trace=0|0; myflag2=1; myflag1=1',
)
[ info ] [ PARAM ] array (
)
[ info ] [ SESSION ] INIT array (
  'type' => 'Mysql',
  'auto_start' => true,
  'session_expire' => 3600,
  'session_prefix' => 'php_',
  'table_name' => 'session',
  'database' => 
  array (
    'hostname' => '127.0.0.1',
    'database' => 'mybike',
    'username' => 'root',
    'password' => '123',
    'hostport' => '3306',
    'prefix' => 'php_',
    'charset' => 'utf8',
  ),
)
[ info ] [ DB ] INIT mysql
[ info ] [ RUN ] app\admin\controller\Nav->lst[ K:\AMP\day\myshop\application\admin\controller\Nav.php ]
[ info ] [ DB ] INIT mysql
[ info ] [ VIEW ] K:\AMP\day\myshop\public/../application/admin\view\nav\lst.html [ array (
  0 => 'serverTime',
  1 => 'list',
  2 => 'plName',
  3 => 'plUrl',
  4 => 'slName',
) ]
[ info ] [ LOG ] INIT File
[ sql ] [ DB ] CONNECT:[ UseTime:0.000711s ] mysql:host=127.0.0.1;port=3306;dbname=mybike;charset=utf8
[ sql ] [ SQL ] SELECT session_data FROM php_session WHERE session_id = 'php_da88lp929c9ospgovkgs5sjai2' AND session_expire > '1527835537' [ RunTime:0.001924s ]
[ sql ] [ DB ] CONNECT:[ UseTime:0.000656s ] mysql:host=127.0.0.1;port=3306;dbname=myshop;charset=utf8
[ sql ] [ SQL ] SHOW COLUMNS FROM `php_nav` [ RunTime:0.000776s ]
[ sql ] [ SQL ] SELECT COUNT(*) AS tp_count FROM `php_nav` LIMIT 1 [ RunTime:0.000243s ]
[ sql ] [ SQL ] SELECT * FROM `php_nav` ORDER BY sort asc LIMIT 0,10 [ RunTime:0.000256s ]
