---------------------------------------------------------------
[ 2018-06-22T19:43:43+08:00 ] 127.0.0.1 GET /
[ info ] www.myshop.com/ [运行时间：0.191021s][吞吐率：5.24req/s] [内存消耗：7,148.88kb] [文件加载：67]
[ info ] [ LANG ] K:\AMP\day\myshop\thinkphp\lang\zh-cn.php
[ info ] [ ROUTE ] array (
  'type' => 'module',
  'module' => 
  array (
    0 => '',
    1 => NULL,
    2 => NULL,
  ),
)
[ info ] [ HEADER ] array (
  'host' => 'www.myshop.com',
  'connection' => 'keep-alive',
  'upgrade-insecure-requests' => '1',
  'user-agent' => 'Mozilla/5.0 (Windows NT 10.0; Win64; x64) AppleWebKit/537.36 (KHTML, like Gecko) Chrome/67.0.3396.87 Safari/537.36',
  'accept' => 'text/html,application/xhtml+xml,application/xml;q=0.9,image/webp,image/apng,*/*;q=0.8',
  'accept-encoding' => 'gzip, deflate',
  'accept-language' => 'zh-CN,zh;q=0.9',
  'cookie' => 'cart=a%3A5%3A%7Bs%3A8%3A%2245-46%2C44%22%3Bi%3A1%3Bs%3A8%3A%2245-48%2C43%22%3Bs%3A1%3A%222%22%3Bs%3A8%3A%2245-47%2C45%22%3Bs%3A1%3A%222%22%3Bs%3A8%3A%2245-46%2C45%22%3Bi%3A1%3Bs%3A8%3A%2245-46%2C43%22%3Bi%3A1%3B%7D',
)
[ info ] [ PARAM ] array (
)
[ info ] [ CACHE ] INIT File
[ info ] [ DB ] INIT mysql
[ info ] [ RUN ] app\index\controller\Index->index[ K:\AMP\day\myshop\application\index\controller\Index.php ]
[ info ] [ VIEW ] K:\AMP\day\myshop\public/../application/index\view\index\index.html [ array (
  0 => 'navArr',
  1 => 'helpCateArr',
  2 => 'shopArtArr',
  3 => 'confArr',
  4 => 'foreCateArr',
  5 => 'showRight',
  6 => 'siteMast',
  7 => 'indexGoods',
  8 => 'recposCate',
  9 => 'notArts',
  10 => 'proArts',
  11 => 'brands',
  12 => 'sliders',
) ]
[ info ] [ LOG ] INIT File
[ sql ] [ DB ] CONNECT:[ UseTime:0.003861s ] mysql:host=127.0.0.1;port=3306;dbname=myshop;charset=utf8
[ sql ] [ SQL ] SHOW COLUMNS FROM `php_nav` [ RunTime:0.004829s ]
[ sql ] [ SQL ] SELECT * FROM `php_nav` ORDER BY sort desc [ RunTime:0.000399s ]
[ sql ] [ SQL ] SHOW COLUMNS FROM `php_cate` [ RunTime:0.001156s ]
[ sql ] [ SQL ] SELECT * FROM `php_cate` WHERE  `type` = 3 ORDER BY sort desc [ RunTime:0.000400s ]
[ sql ] [ SQL ] SHOW COLUMNS FROM `php_article` [ RunTime:0.001031s ]
[ sql ] [ SQL ] SELECT * FROM `php_article` WHERE  `cateId` = 11  AND `showStatus` = 1 [ RunTime:0.000506s ]
[ sql ] [ SQL ] SELECT * FROM `php_article` WHERE  `cateId` = 12  AND `showStatus` = 1 [ RunTime:0.000253s ]
[ sql ] [ SQL ] SELECT * FROM `php_article` WHERE  `cateId` = 22  AND `showStatus` = 1 [ RunTime:0.000226s ]
[ sql ] [ SQL ] SELECT * FROM `php_article` WHERE  `cateId` = 21  AND `showStatus` = 1 [ RunTime:0.000303s ]
[ sql ] [ SQL ] SELECT * FROM `php_article` WHERE  `cateId` = 23  AND `showStatus` = 1 [ RunTime:0.000264s ]
[ sql ] [ SQL ] SELECT `id`,`title` FROM `php_article` WHERE  `cateId` = 8 [ RunTime:0.000219s ]
[ sql ] [ SQL ] SHOW COLUMNS FROM `php_conf` [ RunTime:0.001095s ]
[ sql ] [ SQL ] SELECT `enName`,`value` FROM `php_conf` [ RunTime:0.000353s ]
[ sql ] [ SQL ] SHOW COLUMNS FROM `php_category` [ RunTime:0.001296s ]
[ sql ] [ SQL ] SELECT * FROM `php_category` WHERE  `pid` = 0 [ RunTime:0.000446s ]
[ sql ] [ SQL ] SELECT * FROM `php_category` WHERE  `pid` = 1 [ RunTime:0.000245s ]
[ sql ] [ SQL ] SELECT * FROM `php_category` WHERE  `pid` = 4 [ RunTime:0.000222s ]
[ sql ] [ SQL ] SELECT * FROM `php_category` WHERE  `pid` = 27 [ RunTime:0.000199s ]
[ sql ] [ SQL ] SHOW COLUMNS FROM `php_rec_item` [ RunTime:0.000906s ]
[ sql ] [ SQL ] SELECT * FROM `php_rec_item` WHERE  `valType` = 1  AND `recposId` = 8 [ RunTime:0.000414s ]
[ sql ] [ SQL ] SHOW COLUMNS FROM `php_goods` [ RunTime:0.003043s ]
[ sql ] [ SQL ] SELECT `id`,`goodsName`,`mdPic`,`shopPrice`,`marketPrice` FROM `php_goods` WHERE  `id` IN (40,39,38,37,36,35,34,33,32,31,17,24,25,26,27,28,29,30,41,42,44,45) ORDER BY id desc LIMIT 20 [ RunTime:0.000621s ]
[ sql ] [ SQL ] SELECT * FROM `php_rec_item` WHERE  `valType` = 2  AND `recposId` = 5 [ RunTime:0.000386s ]
[ sql ] [ SQL ] SELECT `id`,`cateName`,`pid` FROM `php_category` WHERE  `id` = 2  AND `pid` = 0 LIMIT 1 [ RunTime:0.000275s ]
[ sql ] [ SQL ] SELECT `id`,`cateName`,`pid` FROM `php_category` WHERE  `id` = 1  AND `pid` = 0 LIMIT 1 [ RunTime:0.000226s ]
[ sql ] [ SQL ] SELECT `id`,`cateName`,`pid` FROM `php_category` WHERE  `id` = 4  AND `pid` = 0 LIMIT 1 [ RunTime:0.000214s ]
[ sql ] [ SQL ] SELECT `id`,`cateName`,`pid` FROM `php_category` WHERE  `id` = 10  AND `pid` = 0 LIMIT 1 [ RunTime:0.000197s ]
[ sql ] [ SQL ] SELECT `id`,`cateName`,`pid` FROM `php_category` WHERE  `id` = 7  AND `pid` = 0 LIMIT 1 [ RunTime:0.000201s ]
[ sql ] [ SQL ] SELECT * FROM `php_category` [ RunTime:0.000268s ]
[ sql ] [ SQL ] SELECT `id` FROM `php_goods` WHERE  `cateId` = 1 [ RunTime:0.000588s ]
[ sql ] [ SQL ] SHOW COLUMNS FROM `php_goods_cat` [ RunTime:0.002273s ]
[ sql ] [ SQL ] SELECT DISTINCT goodsId id FROM `php_goods_cat` WHERE  `catId` IN (2,12,13,14,15,10,16,17,18,11,19,20,21,1) [ RunTime:0.001940s ]
[ sql ] [ SQL ] SELECT `valId` FROM `php_rec_item` WHERE  `valId` IN (17,26,27,28,29,31,32,34,35,36,37,41,44)  AND `recposId` = 4  AND `valType` = 1 [ RunTime:0.000359s ]
[ sql ] [ SQL ] SELECT * FROM `php_goods` WHERE  `onSale` = 1  AND `id` IN (26,17,27,28,29,31,32,34,35,36,37,41,44) ORDER BY id desc LIMIT 6 [ RunTime:0.000494s ]
[ sql ] [ SQL ] SHOW COLUMNS FROM `php_category_brands` [ RunTime:0.001256s ]
[ sql ] [ SQL ] SELECT * FROM `php_category_brands` WHERE  `cateId` = 1 LIMIT 1 [ RunTime:0.000287s ]
[ sql ] [ SQL ] SHOW COLUMNS FROM `php_brand` [ RunTime:0.001015s ]
[ sql ] [ SQL ] SELECT * FROM `php_brand` WHERE  `id` IN (16,17,18,19,20,21,22,23,24,25) [ RunTime:0.000501s ]
[ sql ] [ SQL ] SHOW COLUMNS FROM `php_category_ad` [ RunTime:0.001126s ]
[ sql ] [ SQL ] SELECT * FROM `php_category_ad` WHERE  `cateId` = 1  AND `position` = 1 ORDER BY id desc LIMIT 3 [ RunTime:0.000753s ]
[ sql ] [ SQL ] SELECT * FROM `php_category_ad` WHERE  `cateId` = 1  AND `position` = 2 ORDER BY id desc LIMIT 1 [ RunTime:0.000276s ]
[ sql ] [ SQL ] SELECT * FROM `php_category_ad` WHERE  `cateId` = 1  AND `position` = 3 ORDER BY id desc LIMIT 1 [ RunTime:0.000240s ]
[ sql ] [ SQL ] SELECT * FROM `php_rec_item` WHERE  `valType` = 2  AND `recposId` = 5 [ RunTime:0.000208s ]
[ sql ] [ SQL ] SELECT `id`,`cateName`,`pid` FROM `php_category` WHERE  `id` = 2  AND `pid` = 1 LIMIT 1 [ RunTime:0.000197s ]
[ sql ] [ SQL ] SELECT `id`,`cateName`,`pid` FROM `php_category` WHERE  `id` = 1  AND `pid` = 1 LIMIT 1 [ RunTime:0.000205s ]
[ sql ] [ SQL ] SELECT `id`,`cateName`,`pid` FROM `php_category` WHERE  `id` = 4  AND `pid` = 1 LIMIT 1 [ RunTime:0.000282s ]
[ sql ] [ SQL ] SELECT `id`,`cateName`,`pid` FROM `php_category` WHERE  `id` = 10  AND `pid` = 1 LIMIT 1 [ RunTime:0.000195s ]
[ sql ] [ SQL ] SELECT `id`,`cateName`,`pid` FROM `php_category` WHERE  `id` = 7  AND `pid` = 1 LIMIT 1 [ RunTime:0.000188s ]
[ sql ] [ SQL ] SELECT * FROM `php_category` [ RunTime:0.000198s ]
[ sql ] [ SQL ] SELECT `id` FROM `php_goods` WHERE  `cateId` = 2 [ RunTime:0.000212s ]
[ sql ] [ SQL ] SELECT DISTINCT goodsId id FROM `php_goods_cat` WHERE  `catId` IN (12,13,14,15,2) [ RunTime:0.000263s ]
[ sql ] [ SQL ] SELECT `valId` FROM `php_rec_item` WHERE  `valId` IN (17,28,31,32,34,44)  AND `recposId` = 7  AND `valType` = 1 [ RunTime:0.000291s ]
[ sql ] [ SQL ] SELECT * FROM `php_goods` WHERE  `onSale` = 1  AND `id` IN (17,28,31,32,34,44) ORDER BY id desc LIMIT 6 [ RunTime:0.000722s ]
[ sql ] [ SQL ] SELECT * FROM `php_category` [ RunTime:0.000792s ]
[ sql ] [ SQL ] SELECT `id` FROM `php_goods` WHERE  `cateId` = 10 [ RunTime:0.000225s ]
[ sql ] [ SQL ] SELECT DISTINCT goodsId id FROM `php_goods_cat` WHERE  `catId` IN (16,17,18,10) [ RunTime:0.000273s ]
[ sql ] [ SQL ] SELECT `valId` FROM `php_rec_item` WHERE  `valId` IN (17,27,29,31,37)  AND `recposId` = 7  AND `valType` = 1 [ RunTime:0.000273s ]
[ sql ] [ SQL ] SELECT * FROM `php_goods` WHERE  `onSale` = 1  AND `id` IN (17,27,29,31,37) ORDER BY id desc LIMIT 6 [ RunTime:0.000420s ]
[ sql ] [ SQL ] SELECT * FROM `php_category` [ RunTime:0.000240s ]
[ sql ] [ SQL ] SELECT `id` FROM `php_goods` WHERE  `cateId` = 4 [ RunTime:0.000213s ]
[ sql ] [ SQL ] SELECT DISTINCT goodsId id FROM `php_goods_cat` WHERE  `catId` IN (7,24,25,26,4) [ RunTime:0.000281s ]
[ sql ] [ SQL ] SELECT `valId` FROM `php_rec_item` WHERE  `valId` IN (24,25,30,33,38,39,42,40)  AND `recposId` = 4  AND `valType` = 1 [ RunTime:0.000262s ]
[ sql ] [ SQL ] SELECT * FROM `php_goods` WHERE  `onSale` = 1  AND `id` IN (24,25,30,33,38,39,40,42) ORDER BY id desc LIMIT 6 [ RunTime:0.000327s ]
[ sql ] [ SQL ] SELECT * FROM `php_category_brands` WHERE  `cateId` = 4 LIMIT 1 [ RunTime:0.000225s ]
[ sql ] [ SQL ] SELECT * FROM `php_brand` WHERE  `id` IN (1,8,7,9,10,11,12,13,14,15) [ RunTime:0.000297s ]
[ sql ] [ SQL ] SELECT * FROM `php_category_ad` WHERE  `cateId` = 4  AND `position` = 1 ORDER BY id desc LIMIT 3 [ RunTime:0.000280s ]
[ sql ] [ SQL ] SELECT * FROM `php_category_ad` WHERE  `cateId` = 4  AND `position` = 2 ORDER BY id desc LIMIT 1 [ RunTime:0.000242s ]
[ sql ] [ SQL ] SELECT * FROM `php_category_ad` WHERE  `cateId` = 4  AND `position` = 3 ORDER BY id desc LIMIT 1 [ RunTime:0.000234s ]
[ sql ] [ SQL ] SELECT * FROM `php_rec_item` WHERE  `valType` = 2  AND `recposId` = 5 [ RunTime:0.000231s ]
[ sql ] [ SQL ] SELECT `id`,`cateName`,`pid` FROM `php_category` WHERE  `id` = 2  AND `pid` = 4 LIMIT 1 [ RunTime:0.000194s ]
[ sql ] [ SQL ] SELECT `id`,`cateName`,`pid` FROM `php_category` WHERE  `id` = 1  AND `pid` = 4 LIMIT 1 [ RunTime:0.000200s ]
[ sql ] [ SQL ] SELECT `id`,`cateName`,`pid` FROM `php_category` WHERE  `id` = 4  AND `pid` = 4 LIMIT 1 [ RunTime:0.000206s ]
[ sql ] [ SQL ] SELECT `id`,`cateName`,`pid` FROM `php_category` WHERE  `id` = 10  AND `pid` = 4 LIMIT 1 [ RunTime:0.000209s ]
[ sql ] [ SQL ] SELECT `id`,`cateName`,`pid` FROM `php_category` WHERE  `id` = 7  AND `pid` = 4 LIMIT 1 [ RunTime:0.000189s ]
[ sql ] [ SQL ] SELECT * FROM `php_category` [ RunTime:0.000227s ]
[ sql ] [ SQL ] SELECT `id` FROM `php_goods` WHERE  `cateId` = 7 [ RunTime:0.000210s ]
[ sql ] [ SQL ] SELECT DISTINCT goodsId id FROM `php_goods_cat` WHERE  `catId` IN (24,25,26,7) [ RunTime:0.000266s ]
[ sql ] [ SQL ] SELECT `valId` FROM `php_rec_item` WHERE  `valId` IN (40,24,25,30,33,38,39,42)  AND `recposId` = 7  AND `valType` = 1 [ RunTime:0.000264s ]
[ sql ] [ SQL ] SELECT * FROM `php_goods` WHERE  `onSale` = 1  AND `id` IN (24,25,30,33,38,39,40,42) ORDER BY id desc LIMIT 6 [ RunTime:0.000387s ]
[ sql ] [ SQL ] SELECT `id`,`title` FROM `php_article` WHERE  `cateId` = 33 LIMIT 3 [ RunTime:0.000318s ]
[ sql ] [ SQL ] SELECT `id`,`title` FROM `php_article` WHERE  `cateId` = 34 LIMIT 3 [ RunTime:0.000219s ]
[ sql ] [ SQL ] SELECT * FROM `php_brand` ORDER BY id desc LIMIT 17 [ RunTime:0.000438s ]
[ sql ] [ SQL ] SHOW COLUMNS FROM `php_slider` [ RunTime:0.001409s ]
[ sql ] [ SQL ] SELECT * FROM `php_slider` WHERE  `status` = 1 ORDER BY sort desc [ RunTime:0.000369s ]
---------------------------------------------------------------
[ 2018-06-22T19:43:43+08:00 ] 127.0.0.1 POST /checkLogin.html
[ info ] www.myshop.com/checkLogin.html [运行时间：0.058350s][吞吐率：17.14req/s] [内存消耗：5,847.69kb] [文件加载：61]
[ info ] [ LANG ] K:\AMP\day\myshop\thinkphp\lang\zh-cn.php
[ info ] [ ROUTE ] array (
  'type' => 'module',
  'module' => 
  array (
    0 => 'member',
    1 => 'account',
    2 => 'checkLogin',
  ),
  'convert' => false,
)
[ info ] [ HEADER ] array (
  'host' => 'www.myshop.com',
  'connection' => 'keep-alive',
  'content-length' => '0',
  'accept' => '*/*',
  'origin' => 'http://www.myshop.com',
  'x-requested-with' => 'XMLHttpRequest',
  'user-agent' => 'Mozilla/5.0 (Windows NT 10.0; Win64; x64) AppleWebKit/537.36 (KHTML, like Gecko) Chrome/67.0.3396.87 Safari/537.36',
  'referer' => 'http://www.myshop.com/',
  'accept-encoding' => 'gzip, deflate',
  'accept-language' => 'zh-CN,zh;q=0.9',
  'cookie' => 'cart=a%3A5%3A%7Bs%3A8%3A%2245-46%2C44%22%3Bi%3A1%3Bs%3A8%3A%2245-48%2C43%22%3Bs%3A1%3A%222%22%3Bs%3A8%3A%2245-47%2C45%22%3Bs%3A1%3A%222%22%3Bs%3A8%3A%2245-46%2C45%22%3Bi%3A1%3Bs%3A8%3A%2245-46%2C43%22%3Bi%3A1%3B%7D',
)
[ info ] [ PARAM ] array (
)
[ info ] [ CACHE ] INIT File
[ info ] [ DB ] INIT mysql
[ info ] [ RUN ] app\member\controller\Account->checkLogin[ K:\AMP\day\myshop\application\member\controller\Account.php ]
[ info ] [ SESSION ] INIT array (
  'type' => 'Mysql',
  'auto_start' => true,
  'session_expire' => 3600,
  'session_prefix' => 'php_',
  'table_name' => 'session',
  'database' => 
  array (
    'hostname' => '127.0.0.1',
    'database' => 'mybike',
    'username' => 'root',
    'password' => '123',
    'hostport' => '3306',
    'prefix' => 'php_',
    'charset' => 'utf8',
  ),
)
[ info ] [ DB ] INIT mysql
[ info ] [ LOG ] INIT File
[ sql ] [ DB ] CONNECT:[ UseTime:0.001077s ] mysql:host=127.0.0.1;port=3306;dbname=mybike;charset=utf8
[ sql ] [ SQL ] SELECT session_data FROM php_session WHERE session_id = 'php_2garsr2d2v06rnuop237qvl7n0' AND session_expire > '1529667823' [ RunTime:0.003665s ]
---------------------------------------------------------------
[ 2018-06-22T19:43:43+08:00 ] 127.0.0.1 POST /getCartNum.html
[ info ] www.myshop.com/getCartNum.html [运行时间：0.057879s][吞吐率：17.28req/s] [内存消耗：5,665.13kb] [文件加载：60]
[ info ] [ LANG ] K:\AMP\day\myshop\thinkphp\lang\zh-cn.php
[ info ] [ ROUTE ] array (
  'type' => 'module',
  'module' => 
  array (
    0 => 'index',
    1 => 'flow',
    2 => 'getCartNum',
  ),
  'convert' => false,
)
[ info ] [ HEADER ] array (
  'host' => 'www.myshop.com',
  'connection' => 'keep-alive',
  'content-length' => '0',
  'accept' => '*/*',
  'origin' => 'http://www.myshop.com',
  'x-requested-with' => 'XMLHttpRequest',
  'user-agent' => 'Mozilla/5.0 (Windows NT 10.0; Win64; x64) AppleWebKit/537.36 (KHTML, like Gecko) Chrome/67.0.3396.87 Safari/537.36',
  'referer' => 'http://www.myshop.com/',
  'accept-encoding' => 'gzip, deflate',
  'accept-language' => 'zh-CN,zh;q=0.9',
  'cookie' => 'cart=a%3A5%3A%7Bs%3A8%3A%2245-46%2C44%22%3Bi%3A1%3Bs%3A8%3A%2245-48%2C43%22%3Bs%3A1%3A%222%22%3Bs%3A8%3A%2245-47%2C45%22%3Bs%3A1%3A%222%22%3Bs%3A8%3A%2245-46%2C45%22%3Bi%3A1%3Bs%3A8%3A%2245-46%2C43%22%3Bi%3A1%3B%7D',
)
[ info ] [ PARAM ] array (
)
[ info ] [ CACHE ] INIT File
[ info ] [ DB ] INIT mysql
[ info ] [ RUN ] app\index\controller\Flow->getCartNum[ K:\AMP\day\myshop\application\index\controller\Flow.php ]
[ info ] [ LOG ] INIT File
---------------------------------------------------------------
[ 2018-06-22T19:43:47+08:00 ] 127.0.0.1 GET /cart
[ info ] www.myshop.com/cart [运行时间：0.081901s][吞吐率：12.21req/s] [内存消耗：6,184.84kb] [文件加载：66]
[ info ] [ LANG ] K:\AMP\day\myshop\thinkphp\lang\zh-cn.php
[ info ] [ ROUTE ] array (
  'type' => 'module',
  'module' => 
  array (
    0 => 'index',
    1 => 'flow',
    2 => 'cart',
  ),
  'convert' => false,
)
[ info ] [ HEADER ] array (
  'host' => 'www.myshop.com',
  'connection' => 'keep-alive',
  'upgrade-insecure-requests' => '1',
  'user-agent' => 'Mozilla/5.0 (Windows NT 10.0; Win64; x64) AppleWebKit/537.36 (KHTML, like Gecko) Chrome/67.0.3396.87 Safari/537.36',
  'accept' => 'text/html,application/xhtml+xml,application/xml;q=0.9,image/webp,image/apng,*/*;q=0.8',
  'accept-encoding' => 'gzip, deflate',
  'accept-language' => 'zh-CN,zh;q=0.9',
  'cookie' => 'cart=a%3A5%3A%7Bs%3A8%3A%2245-46%2C44%22%3Bi%3A1%3Bs%3A8%3A%2245-48%2C43%22%3Bs%3A1%3A%222%22%3Bs%3A8%3A%2245-47%2C45%22%3Bs%3A1%3A%222%22%3Bs%3A8%3A%2245-46%2C45%22%3Bi%3A1%3Bs%3A8%3A%2245-46%2C43%22%3Bi%3A1%3B%7D; PHPSESSID=2garsr2d2v06rnuop237qvl7n0; thinkphp_show_page_trace=0|0',
)
[ info ] [ PARAM ] array (
)
[ info ] [ CACHE ] INIT File
[ info ] [ DB ] INIT mysql
[ info ] [ RUN ] app\index\controller\Flow->cart[ K:\AMP\day\myshop\application\index\controller\Flow.php ]
[ info ] [ SESSION ] INIT array (
  'type' => 'Mysql',
  'auto_start' => true,
  'session_expire' => 3600,
  'session_prefix' => 'php_',
  'table_name' => 'session',
  'database' => 
  array (
    'hostname' => '127.0.0.1',
    'database' => 'mybike',
    'username' => 'root',
    'password' => '123',
    'hostport' => '3306',
    'prefix' => 'php_',
    'charset' => 'utf8',
  ),
)
[ info ] [ DB ] INIT mysql
[ info ] [ VIEW ] K:\AMP\day\myshop\public/../application/index\view\flow\cart.html [ array (
  0 => 'navArr',
  1 => 'helpCateArr',
  2 => 'shopArtArr',
  3 => 'confArr',
  4 => 'foreCateArr',
  5 => 'goodsList',
  6 => 'goodsNum',
) ]
[ info ] [ LOG ] INIT File
[ sql ] [ DB ] CONNECT:[ UseTime:0.000686s ] mysql:host=127.0.0.1;port=3306;dbname=myshop;charset=utf8
[ sql ] [ SQL ] SHOW COLUMNS FROM `php_goods` [ RunTime:0.002386s ]
[ sql ] [ SQL ] SELECT `id`,`goodsName`,`mdPic`,`shopPrice`,`marketPrice` FROM `php_goods` WHERE  `id` = 45 LIMIT 1 [ RunTime:0.000357s ]
[ sql ] [ DB ] CONNECT:[ UseTime:0.000718s ] mysql:host=127.0.0.1;port=3306;dbname=mybike;charset=utf8
[ sql ] [ SQL ] SELECT session_data FROM php_session WHERE session_id = 'php_2garsr2d2v06rnuop237qvl7n0' AND session_expire > '1529667827' [ RunTime:0.001899s ]
[ sql ] [ SQL ] SHOW COLUMNS FROM `php_goods_attr` [ RunTime:0.002214s ]
[ sql ] [ SQL ] SELECT `a`.*,`b`.`attrName` FROM `php_goods_attr` `a` LEFT JOIN `php_attr` `b` ON `a`.`attrId`=`b`.`id` WHERE  `a`.`id` IN ('46','44') [ RunTime:0.001095s ]
[ sql ] [ SQL ] SELECT `id`,`goodsName`,`mdPic`,`shopPrice`,`marketPrice` FROM `php_goods` WHERE  `id` = 45 LIMIT 1 [ RunTime:0.000889s ]
[ sql ] [ SQL ] SELECT `a`.*,`b`.`attrName` FROM `php_goods_attr` `a` LEFT JOIN `php_attr` `b` ON `a`.`attrId`=`b`.`id` WHERE  `a`.`id` IN ('48','43') [ RunTime:0.000322s ]
[ sql ] [ SQL ] SELECT `id`,`goodsName`,`mdPic`,`shopPrice`,`marketPrice` FROM `php_goods` WHERE  `id` = 45 LIMIT 1 [ RunTime:0.000210s ]
[ sql ] [ SQL ] SELECT `a`.*,`b`.`attrName` FROM `php_goods_attr` `a` LEFT JOIN `php_attr` `b` ON `a`.`attrId`=`b`.`id` WHERE  `a`.`id` IN ('47','45') [ RunTime:0.000299s ]
[ sql ] [ SQL ] SELECT `id`,`goodsName`,`mdPic`,`shopPrice`,`marketPrice` FROM `php_goods` WHERE  `id` = 45 LIMIT 1 [ RunTime:0.000259s ]
[ sql ] [ SQL ] SELECT `a`.*,`b`.`attrName` FROM `php_goods_attr` `a` LEFT JOIN `php_attr` `b` ON `a`.`attrId`=`b`.`id` WHERE  `a`.`id` IN ('46','45') [ RunTime:0.000333s ]
[ sql ] [ SQL ] SELECT `id`,`goodsName`,`mdPic`,`shopPrice`,`marketPrice` FROM `php_goods` WHERE  `id` = 45 LIMIT 1 [ RunTime:0.000255s ]
[ sql ] [ SQL ] SELECT `a`.*,`b`.`attrName` FROM `php_goods_attr` `a` LEFT JOIN `php_attr` `b` ON `a`.`attrId`=`b`.`id` WHERE  `a`.`id` IN ('46','43') [ RunTime:0.000263s ]
---------------------------------------------------------------
[ 2018-06-22T19:43:48+08:00 ] 127.0.0.1 GET /cart
[ info ] www.myshop.com/cart [运行时间：0.061151s][吞吐率：16.35req/s] [内存消耗：6,184.84kb] [文件加载：66]
[ info ] [ LANG ] K:\AMP\day\myshop\thinkphp\lang\zh-cn.php
[ info ] [ ROUTE ] array (
  'type' => 'module',
  'module' => 
  array (
    0 => 'index',
    1 => 'flow',
    2 => 'cart',
  ),
  'convert' => false,
)
[ info ] [ HEADER ] array (
  'host' => 'www.myshop.com',
  'connection' => 'keep-alive',
  'upgrade-insecure-requests' => '1',
  'user-agent' => 'Mozilla/5.0 (Windows NT 10.0; Win64; x64) AppleWebKit/537.36 (KHTML, like Gecko) Chrome/67.0.3396.87 Safari/537.36',
  'accept' => 'text/html,application/xhtml+xml,application/xml;q=0.9,image/webp,image/apng,*/*;q=0.8',
  'accept-encoding' => 'gzip, deflate',
  'accept-language' => 'zh-CN,zh;q=0.9',
  'cookie' => 'cart=a%3A5%3A%7Bs%3A8%3A%2245-46%2C44%22%3Bi%3A1%3Bs%3A8%3A%2245-48%2C43%22%3Bs%3A1%3A%222%22%3Bs%3A8%3A%2245-47%2C45%22%3Bs%3A1%3A%222%22%3Bs%3A8%3A%2245-46%2C45%22%3Bi%3A1%3Bs%3A8%3A%2245-46%2C43%22%3Bi%3A1%3B%7D; PHPSESSID=2garsr2d2v06rnuop237qvl7n0; thinkphp_show_page_trace=0|0',
)
[ info ] [ PARAM ] array (
)
[ info ] [ CACHE ] INIT File
[ info ] [ DB ] INIT mysql
[ info ] [ RUN ] app\index\controller\Flow->cart[ K:\AMP\day\myshop\application\index\controller\Flow.php ]
[ info ] [ SESSION ] INIT array (
  'type' => 'Mysql',
  'auto_start' => true,
  'session_expire' => 3600,
  'session_prefix' => 'php_',
  'table_name' => 'session',
  'database' => 
  array (
    'hostname' => '127.0.0.1',
    'database' => 'mybike',
    'username' => 'root',
    'password' => '123',
    'hostport' => '3306',
    'prefix' => 'php_',
    'charset' => 'utf8',
  ),
)
[ info ] [ DB ] INIT mysql
[ info ] [ VIEW ] K:\AMP\day\myshop\public/../application/index\view\flow\cart.html [ array (
  0 => 'navArr',
  1 => 'helpCateArr',
  2 => 'shopArtArr',
  3 => 'confArr',
  4 => 'foreCateArr',
  5 => 'goodsList',
  6 => 'goodsNum',
) ]
[ info ] [ LOG ] INIT File
[ sql ] [ DB ] CONNECT:[ UseTime:0.000660s ] mysql:host=127.0.0.1;port=3306;dbname=myshop;charset=utf8
[ sql ] [ SQL ] SHOW COLUMNS FROM `php_goods` [ RunTime:0.002384s ]
[ sql ] [ SQL ] SELECT `id`,`goodsName`,`mdPic`,`shopPrice`,`marketPrice` FROM `php_goods` WHERE  `id` = 45 LIMIT 1 [ RunTime:0.000298s ]
[ sql ] [ DB ] CONNECT:[ UseTime:0.000562s ] mysql:host=127.0.0.1;port=3306;dbname=mybike;charset=utf8
[ sql ] [ SQL ] SELECT session_data FROM php_session WHERE session_id = 'php_2garsr2d2v06rnuop237qvl7n0' AND session_expire > '1529667828' [ RunTime:0.001820s ]
[ sql ] [ SQL ] SHOW COLUMNS FROM `php_goods_attr` [ RunTime:0.002022s ]
[ sql ] [ SQL ] SELECT `a`.*,`b`.`attrName` FROM `php_goods_attr` `a` LEFT JOIN `php_attr` `b` ON `a`.`attrId`=`b`.`id` WHERE  `a`.`id` IN ('46','44') [ RunTime:0.000425s ]
[ sql ] [ SQL ] SELECT `id`,`goodsName`,`mdPic`,`shopPrice`,`marketPrice` FROM `php_goods` WHERE  `id` = 45 LIMIT 1 [ RunTime:0.000218s ]
[ sql ] [ SQL ] SELECT `a`.*,`b`.`attrName` FROM `php_goods_attr` `a` LEFT JOIN `php_attr` `b` ON `a`.`attrId`=`b`.`id` WHERE  `a`.`id` IN ('48','43') [ RunTime:0.000240s ]
[ sql ] [ SQL ] SELECT `id`,`goodsName`,`mdPic`,`shopPrice`,`marketPrice` FROM `php_goods` WHERE  `id` = 45 LIMIT 1 [ RunTime:0.000303s ]
[ sql ] [ SQL ] SELECT `a`.*,`b`.`attrName` FROM `php_goods_attr` `a` LEFT JOIN `php_attr` `b` ON `a`.`attrId`=`b`.`id` WHERE  `a`.`id` IN ('47','45') [ RunTime:0.000333s ]
[ sql ] [ SQL ] SELECT `id`,`goodsName`,`mdPic`,`shopPrice`,`marketPrice` FROM `php_goods` WHERE  `id` = 45 LIMIT 1 [ RunTime:0.000556s ]
[ sql ] [ SQL ] SELECT `a`.*,`b`.`attrName` FROM `php_goods_attr` `a` LEFT JOIN `php_attr` `b` ON `a`.`attrId`=`b`.`id` WHERE  `a`.`id` IN ('46','45') [ RunTime:0.000267s ]
[ sql ] [ SQL ] SELECT `id`,`goodsName`,`mdPic`,`shopPrice`,`marketPrice` FROM `php_goods` WHERE  `id` = 45 LIMIT 1 [ RunTime:0.000222s ]
[ sql ] [ SQL ] SELECT `a`.*,`b`.`attrName` FROM `php_goods_attr` `a` LEFT JOIN `php_attr` `b` ON `a`.`attrId`=`b`.`id` WHERE  `a`.`id` IN ('46','43') [ RunTime:0.000340s ]
---------------------------------------------------------------
[ 2018-06-22T19:43:48+08:00 ] 127.0.0.1 POST /checkLogin.html
[ info ] www.myshop.com/checkLogin.html [运行时间：0.046484s][吞吐率：21.51req/s] [内存消耗：5,847.87kb] [文件加载：61]
[ info ] [ LANG ] K:\AMP\day\myshop\thinkphp\lang\zh-cn.php
[ info ] [ ROUTE ] array (
  'type' => 'module',
  'module' => 
  array (
    0 => 'member',
    1 => 'account',
    2 => 'checkLogin',
  ),
  'convert' => false,
)
[ info ] [ HEADER ] array (
  'host' => 'www.myshop.com',
  'connection' => 'keep-alive',
  'content-length' => '0',
  'accept' => '*/*',
  'origin' => 'http://www.myshop.com',
  'x-requested-with' => 'XMLHttpRequest',
  'user-agent' => 'Mozilla/5.0 (Windows NT 10.0; Win64; x64) AppleWebKit/537.36 (KHTML, like Gecko) Chrome/67.0.3396.87 Safari/537.36',
  'referer' => 'http://www.myshop.com/cart',
  'accept-encoding' => 'gzip, deflate',
  'accept-language' => 'zh-CN,zh;q=0.9',
  'cookie' => 'cart=a%3A5%3A%7Bs%3A8%3A%2245-46%2C44%22%3Bi%3A1%3Bs%3A8%3A%2245-48%2C43%22%3Bs%3A1%3A%222%22%3Bs%3A8%3A%2245-47%2C45%22%3Bs%3A1%3A%222%22%3Bs%3A8%3A%2245-46%2C45%22%3Bi%3A1%3Bs%3A8%3A%2245-46%2C43%22%3Bi%3A1%3B%7D; PHPSESSID=2garsr2d2v06rnuop237qvl7n0; thinkphp_show_page_trace=0|0',
)
[ info ] [ PARAM ] array (
)
[ info ] [ CACHE ] INIT File
[ info ] [ DB ] INIT mysql
[ info ] [ RUN ] app\member\controller\Account->checkLogin[ K:\AMP\day\myshop\application\member\controller\Account.php ]
[ info ] [ SESSION ] INIT array (
  'type' => 'Mysql',
  'auto_start' => true,
  'session_expire' => 3600,
  'session_prefix' => 'php_',
  'table_name' => 'session',
  'database' => 
  array (
    'hostname' => '127.0.0.1',
    'database' => 'mybike',
    'username' => 'root',
    'password' => '123',
    'hostport' => '3306',
    'prefix' => 'php_',
    'charset' => 'utf8',
  ),
)
[ info ] [ DB ] INIT mysql
[ info ] [ LOG ] INIT File
[ sql ] [ DB ] CONNECT:[ UseTime:0.001074s ] mysql:host=127.0.0.1;port=3306;dbname=mybike;charset=utf8
[ sql ] [ SQL ] SELECT session_data FROM php_session WHERE session_id = 'php_2garsr2d2v06rnuop237qvl7n0' AND session_expire > '1529667828' [ RunTime:0.002906s ]
---------------------------------------------------------------
[ 2018-06-22T19:43:48+08:00 ] 127.0.0.1 POST /cartGoodsAmount.html
[ info ] www.myshop.com/cartGoodsAmount.html [运行时间：0.060224s][吞吐率：16.60req/s] [内存消耗：5,961.80kb] [文件加载：63]
[ info ] [ LANG ] K:\AMP\day\myshop\thinkphp\lang\zh-cn.php
[ info ] [ ROUTE ] array (
  'type' => 'module',
  'module' => 
  array (
    0 => 'index',
    1 => 'flow',
    2 => 'cartGoodsAmount',
  ),
  'convert' => false,
)
[ info ] [ HEADER ] array (
  'host' => 'www.myshop.com',
  'connection' => 'keep-alive',
  'content-length' => '51',
  'origin' => 'http://www.myshop.com',
  'user-agent' => 'Mozilla/5.0 (Windows NT 10.0; Win64; x64) AppleWebKit/537.36 (KHTML, like Gecko) Chrome/67.0.3396.87 Safari/537.36',
  'content-type' => 'application/x-www-form-urlencoded',
  'accept' => '*/*',
  'referer' => 'http://www.myshop.com/cart',
  'accept-encoding' => 'gzip, deflate',
  'accept-language' => 'zh-CN,zh;q=0.9',
  'cookie' => 'cart=a%3A5%3A%7Bs%3A8%3A%2245-46%2C44%22%3Bi%3A1%3Bs%3A8%3A%2245-48%2C43%22%3Bs%3A1%3A%222%22%3Bs%3A8%3A%2245-47%2C45%22%3Bs%3A1%3A%222%22%3Bs%3A8%3A%2245-46%2C45%22%3Bi%3A1%3Bs%3A8%3A%2245-46%2C43%22%3Bi%3A1%3B%7D; PHPSESSID=2garsr2d2v06rnuop237qvl7n0; thinkphp_show_page_trace=0|0',
)
[ info ] [ PARAM ] array (
  'rec_id' => '45-46,44|45-48,43|45-47,45|45-46,45|45-46,43',
)
[ info ] [ CACHE ] INIT File
[ info ] [ DB ] INIT mysql
[ info ] [ RUN ] app\index\controller\Flow->cartGoodsAmount[ K:\AMP\day\myshop\application\index\controller\Flow.php ]
[ info ] [ SESSION ] INIT array (
  'type' => 'Mysql',
  'auto_start' => true,
  'session_expire' => 3600,
  'session_prefix' => 'php_',
  'table_name' => 'session',
  'database' => 
  array (
    'hostname' => '127.0.0.1',
    'database' => 'mybike',
    'username' => 'root',
    'password' => '123',
    'hostport' => '3306',
    'prefix' => 'php_',
    'charset' => 'utf8',
  ),
)
[ info ] [ DB ] INIT mysql
[ info ] [ LOG ] INIT File
[ sql ] [ DB ] CONNECT:[ UseTime:0.001243s ] mysql:host=127.0.0.1;port=3306;dbname=myshop;charset=utf8
[ sql ] [ SQL ] SHOW COLUMNS FROM `php_goods` [ RunTime:0.002814s ]
[ sql ] [ SQL ] SELECT `id`,`goodsName`,`mdPic`,`shopPrice`,`marketPrice` FROM `php_goods` WHERE  `id` = 45 LIMIT 1 [ RunTime:0.000351s ]
[ sql ] [ DB ] CONNECT:[ UseTime:0.000652s ] mysql:host=127.0.0.1;port=3306;dbname=mybike;charset=utf8
[ sql ] [ SQL ] SELECT session_data FROM php_session WHERE session_id = 'php_2garsr2d2v06rnuop237qvl7n0' AND session_expire > '1529667828' [ RunTime:0.001979s ]
[ sql ] [ SQL ] SHOW COLUMNS FROM `php_goods_attr` [ RunTime:0.002235s ]
[ sql ] [ SQL ] SELECT `a`.*,`b`.`attrName` FROM `php_goods_attr` `a` LEFT JOIN `php_attr` `b` ON `a`.`attrId`=`b`.`id` WHERE  `a`.`id` IN ('46','44') [ RunTime:0.000495s ]
[ sql ] [ SQL ] SELECT `id`,`goodsName`,`mdPic`,`shopPrice`,`marketPrice` FROM `php_goods` WHERE  `id` = 45 LIMIT 1 [ RunTime:0.000304s ]
[ sql ] [ SQL ] SELECT `a`.*,`b`.`attrName` FROM `php_goods_attr` `a` LEFT JOIN `php_attr` `b` ON `a`.`attrId`=`b`.`id` WHERE  `a`.`id` IN ('48','43') [ RunTime:0.000296s ]
[ sql ] [ SQL ] SELECT `id`,`goodsName`,`mdPic`,`shopPrice`,`marketPrice` FROM `php_goods` WHERE  `id` = 45 LIMIT 1 [ RunTime:0.000247s ]
[ sql ] [ SQL ] SELECT `a`.*,`b`.`attrName` FROM `php_goods_attr` `a` LEFT JOIN `php_attr` `b` ON `a`.`attrId`=`b`.`id` WHERE  `a`.`id` IN ('47','45') [ RunTime:0.000293s ]
[ sql ] [ SQL ] SELECT `id`,`goodsName`,`mdPic`,`shopPrice`,`marketPrice` FROM `php_goods` WHERE  `id` = 45 LIMIT 1 [ RunTime:0.000218s ]
[ sql ] [ SQL ] SELECT `a`.*,`b`.`attrName` FROM `php_goods_attr` `a` LEFT JOIN `php_attr` `b` ON `a`.`attrId`=`b`.`id` WHERE  `a`.`id` IN ('46','45') [ RunTime:0.000333s ]
[ sql ] [ SQL ] SELECT `id`,`goodsName`,`mdPic`,`shopPrice`,`marketPrice` FROM `php_goods` WHERE  `id` = 45 LIMIT 1 [ RunTime:0.000230s ]
[ sql ] [ SQL ] SELECT `a`.*,`b`.`attrName` FROM `php_goods_attr` `a` LEFT JOIN `php_attr` `b` ON `a`.`attrId`=`b`.`id` WHERE  `a`.`id` IN ('46','43') [ RunTime:0.000296s ]
---------------------------------------------------------------
[ 2018-06-22T19:43:50+08:00 ] 127.0.0.1 POST /getLoginDialog.html
[ info ] www.myshop.com/getLoginDialog.html [运行时间：0.036607s][吞吐率：27.32req/s] [内存消耗：5,850.46kb] [文件加载：62]
[ info ] [ LANG ] K:\AMP\day\myshop\thinkphp\lang\zh-cn.php
[ info ] [ ROUTE ] array (
  'type' => 'module',
  'module' => 
  array (
    0 => 'index',
    1 => 'flow',
    2 => 'getLoginDialog',
  ),
  'convert' => false,
)
[ info ] [ HEADER ] array (
  'host' => 'www.myshop.com',
  'connection' => 'keep-alive',
  'content-length' => '19',
  'origin' => 'http://www.myshop.com',
  'user-agent' => 'Mozilla/5.0 (Windows NT 10.0; Win64; x64) AppleWebKit/537.36 (KHTML, like Gecko) Chrome/67.0.3396.87 Safari/537.36',
  'content-type' => 'application/x-www-form-urlencoded',
  'accept' => '*/*',
  'referer' => 'http://www.myshop.com/cart',
  'accept-encoding' => 'gzip, deflate',
  'accept-language' => 'zh-CN,zh;q=0.9',
  'cookie' => 'cart=a%3A5%3A%7Bs%3A8%3A%2245-46%2C44%22%3Bi%3A1%3Bs%3A8%3A%2245-48%2C43%22%3Bs%3A1%3A%222%22%3Bs%3A8%3A%2245-47%2C45%22%3Bs%3A1%3A%222%22%3Bs%3A8%3A%2245-46%2C45%22%3Bi%3A1%3Bs%3A8%3A%2245-46%2C43%22%3Bi%3A1%3B%7D; PHPSESSID=2garsr2d2v06rnuop237qvl7n0; thinkphp_show_page_trace=0|0',
)
[ info ] [ PARAM ] array (
  'back_act' => '/cart.html',
)
[ info ] [ CACHE ] INIT File
[ info ] [ DB ] INIT mysql
[ info ] [ RUN ] app\index\controller\Flow->getLoginDialog[ K:\AMP\day\myshop\application\index\controller\Flow.php ]
[ info ] [ SESSION ] INIT array (
  'type' => 'Mysql',
  'auto_start' => true,
  'session_expire' => 3600,
  'session_prefix' => 'php_',
  'table_name' => 'session',
  'database' => 
  array (
    'hostname' => '127.0.0.1',
    'database' => 'mybike',
    'username' => 'root',
    'password' => '123',
    'hostport' => '3306',
    'prefix' => 'php_',
    'charset' => 'utf8',
  ),
)
[ info ] [ DB ] INIT mysql
[ info ] [ LOG ] INIT File
[ sql ] [ DB ] CONNECT:[ UseTime:0.000673s ] mysql:host=127.0.0.1;port=3306;dbname=mybike;charset=utf8
[ sql ] [ SQL ] SELECT session_data FROM php_session WHERE session_id = 'php_2garsr2d2v06rnuop237qvl7n0' AND session_expire > '1529667830' [ RunTime:0.001945s ]
---------------------------------------------------------------
[ 2018-06-22T19:43:53+08:00 ] 127.0.0.1 POST /login.html
[ info ] www.myshop.com/login.html [运行时间：0.046382s][吞吐率：21.56req/s] [内存消耗：5,935.52kb] [文件加载：62]
[ info ] [ LANG ] K:\AMP\day\myshop\thinkphp\lang\zh-cn.php
[ info ] [ ROUTE ] array (
  'type' => 'module',
  'module' => 
  array (
    0 => 'member',
    1 => 'account',
    2 => 'login',
  ),
  'convert' => false,
)
[ info ] [ HEADER ] array (
  'host' => 'www.myshop.com',
  'connection' => 'keep-alive',
  'content-length' => '121',
  'origin' => 'http://www.myshop.com',
  'user-agent' => 'Mozilla/5.0 (Windows NT 10.0; Win64; x64) AppleWebKit/537.36 (KHTML, like Gecko) Chrome/67.0.3396.87 Safari/537.36',
  'content-type' => 'application/x-www-form-urlencoded',
  'accept' => '*/*',
  'referer' => 'http://www.myshop.com/cart',
  'accept-encoding' => 'gzip, deflate',
  'accept-language' => 'zh-CN,zh;q=0.9',
  'cookie' => 'cart=a%3A5%3A%7Bs%3A8%3A%2245-46%2C44%22%3Bi%3A1%3Bs%3A8%3A%2245-48%2C43%22%3Bs%3A1%3A%222%22%3Bs%3A8%3A%2245-47%2C45%22%3Bs%3A1%3A%222%22%3Bs%3A8%3A%2245-46%2C45%22%3Bi%3A1%3Bs%3A8%3A%2245-46%2C43%22%3Bi%3A1%3B%7D; PHPSESSID=2garsr2d2v06rnuop237qvl7n0; thinkphp_show_page_trace=0|0',
)
[ info ] [ PARAM ] array (
  'username' => 'root',
  'password' => 'hu.12580a',
  'dsc_token' => 'ec8133ae40c4a4bcec20b5e973f051b46b32c1d3',
  'captcha' => 'undefined',
  'back_act' => '/cart.html',
)
[ info ] [ CACHE ] INIT File
[ info ] [ DB ] INIT mysql
[ info ] [ RUN ] app\member\controller\Account->login[ K:\AMP\day\myshop\application\member\controller\Account.php ]
[ info ] [ SESSION ] INIT array (
  'type' => 'Mysql',
  'auto_start' => true,
  'session_expire' => 3600,
  'session_prefix' => 'php_',
  'table_name' => 'session',
  'database' => 
  array (
    'hostname' => '127.0.0.1',
    'database' => 'mybike',
    'username' => 'root',
    'password' => '123',
    'hostport' => '3306',
    'prefix' => 'php_',
    'charset' => 'utf8',
  ),
)
[ info ] [ DB ] INIT mysql
[ info ] [ LOG ] INIT File
[ sql ] [ DB ] CONNECT:[ UseTime:0.001220s ] mysql:host=127.0.0.1;port=3306;dbname=mybike;charset=utf8
[ sql ] [ SQL ] SELECT session_data FROM php_session WHERE session_id = 'php_2garsr2d2v06rnuop237qvl7n0' AND session_expire > '1529667833' [ RunTime:0.002155s ]
[ sql ] [ DB ] CONNECT:[ UseTime:0.000595s ] mysql:host=127.0.0.1;port=3306;dbname=myshop;charset=utf8
[ sql ] [ SQL ] SHOW COLUMNS FROM `php_user` [ RunTime:0.001140s ]
[ sql ] [ SQL ] SELECT * FROM `php_user` WHERE  ( `userName` = 'root' OR `email` = 'root' OR `tel` = 'root' ) LIMIT 1 [ RunTime:0.000381s ]
[ sql ] [ SQL ] SHOW COLUMNS FROM `php_member_level` [ RunTime:0.003572s ]
[ sql ] [ SQL ] SELECT * FROM `php_member_level` WHERE  `bottom` <= 0  AND `top` >= 0 LIMIT 1 [ RunTime:0.000270s ]
---------------------------------------------------------------
[ 2018-06-22T19:43:53+08:00 ] 127.0.0.1 GET /cart.html
[ info ] www.myshop.com/cart.html [运行时间：0.084466s][吞吐率：11.84req/s] [内存消耗：6,220.27kb] [文件加载：66]
[ info ] [ LANG ] K:\AMP\day\myshop\thinkphp\lang\zh-cn.php
[ info ] [ ROUTE ] array (
  'type' => 'module',
  'module' => 
  array (
    0 => 'index',
    1 => 'flow',
    2 => 'cart',
  ),
  'convert' => false,
)
[ info ] [ HEADER ] array (
  'host' => 'www.myshop.com',
  'connection' => 'keep-alive',
  'upgrade-insecure-requests' => '1',
  'user-agent' => 'Mozilla/5.0 (Windows NT 10.0; Win64; x64) AppleWebKit/537.36 (KHTML, like Gecko) Chrome/67.0.3396.87 Safari/537.36',
  'accept' => 'text/html,application/xhtml+xml,application/xml;q=0.9,image/webp,image/apng,*/*;q=0.8',
  'referer' => 'http://www.myshop.com/cart',
  'accept-encoding' => 'gzip, deflate',
  'accept-language' => 'zh-CN,zh;q=0.9',
  'cookie' => 'cart=a%3A5%3A%7Bs%3A8%3A%2245-46%2C44%22%3Bi%3A1%3Bs%3A8%3A%2245-48%2C43%22%3Bs%3A1%3A%222%22%3Bs%3A8%3A%2245-47%2C45%22%3Bs%3A1%3A%222%22%3Bs%3A8%3A%2245-46%2C45%22%3Bi%3A1%3Bs%3A8%3A%2245-46%2C43%22%3Bi%3A1%3B%7D; PHPSESSID=2garsr2d2v06rnuop237qvl7n0; thinkphp_show_page_trace=0|0',
)
[ info ] [ PARAM ] array (
)
[ info ] [ CACHE ] INIT File
[ info ] [ DB ] INIT mysql
[ info ] [ RUN ] app\index\controller\Flow->cart[ K:\AMP\day\myshop\application\index\controller\Flow.php ]
[ info ] [ SESSION ] INIT array (
  'type' => 'Mysql',
  'auto_start' => true,
  'session_expire' => 3600,
  'session_prefix' => 'php_',
  'table_name' => 'session',
  'database' => 
  array (
    'hostname' => '127.0.0.1',
    'database' => 'mybike',
    'username' => 'root',
    'password' => '123',
    'hostport' => '3306',
    'prefix' => 'php_',
    'charset' => 'utf8',
  ),
)
[ info ] [ DB ] INIT mysql
[ info ] [ VIEW ] K:\AMP\day\myshop\public/../application/index\view\flow\cart.html [ array (
  0 => 'navArr',
  1 => 'helpCateArr',
  2 => 'shopArtArr',
  3 => 'confArr',
  4 => 'foreCateArr',
  5 => 'goodsList',
  6 => 'goodsNum',
) ]
[ info ] [ LOG ] INIT File
[ sql ] [ DB ] CONNECT:[ UseTime:0.000661s ] mysql:host=127.0.0.1;port=3306;dbname=myshop;charset=utf8
[ sql ] [ SQL ] SHOW COLUMNS FROM `php_goods` [ RunTime:0.002266s ]
[ sql ] [ SQL ] SELECT `id`,`goodsName`,`mdPic`,`shopPrice`,`marketPrice` FROM `php_goods` WHERE  `id` = 45 LIMIT 1 [ RunTime:0.000294s ]
[ sql ] [ DB ] CONNECT:[ UseTime:0.000509s ] mysql:host=127.0.0.1;port=3306;dbname=mybike;charset=utf8
[ sql ] [ SQL ] SELECT session_data FROM php_session WHERE session_id = 'php_2garsr2d2v06rnuop237qvl7n0' AND session_expire > '1529667833' [ RunTime:0.001796s ]
[ sql ] [ SQL ] SHOW COLUMNS FROM `php_member_price` [ RunTime:0.002427s ]
[ sql ] [ SQL ] SELECT `memPrice` FROM `php_member_price` WHERE  `goodsId` = 45  AND `levelId` = 3 LIMIT 1 [ RunTime:0.004566s ]
[ sql ] [ SQL ] SHOW COLUMNS FROM `php_goods_attr` [ RunTime:0.001982s ]
[ sql ] [ SQL ] SELECT `a`.*,`b`.`attrName` FROM `php_goods_attr` `a` LEFT JOIN `php_attr` `b` ON `a`.`attrId`=`b`.`id` WHERE  `a`.`id` IN ('46','44') [ RunTime:0.000420s ]
[ sql ] [ SQL ] SELECT `id`,`goodsName`,`mdPic`,`shopPrice`,`marketPrice` FROM `php_goods` WHERE  `id` = 45 LIMIT 1 [ RunTime:0.000229s ]
[ sql ] [ SQL ] SELECT `memPrice` FROM `php_member_price` WHERE  `goodsId` = 45  AND `levelId` = 3 LIMIT 1 [ RunTime:0.003230s ]
[ sql ] [ SQL ] SELECT `a`.*,`b`.`attrName` FROM `php_goods_attr` `a` LEFT JOIN `php_attr` `b` ON `a`.`attrId`=`b`.`id` WHERE  `a`.`id` IN ('48','43') [ RunTime:0.000309s ]
[ sql ] [ SQL ] SELECT `id`,`goodsName`,`mdPic`,`shopPrice`,`marketPrice` FROM `php_goods` WHERE  `id` = 45 LIMIT 1 [ RunTime:0.000216s ]
[ sql ] [ SQL ] SELECT `memPrice` FROM `php_member_price` WHERE  `goodsId` = 45  AND `levelId` = 3 LIMIT 1 [ RunTime:0.003525s ]
[ sql ] [ SQL ] SELECT `a`.*,`b`.`attrName` FROM `php_goods_attr` `a` LEFT JOIN `php_attr` `b` ON `a`.`attrId`=`b`.`id` WHERE  `a`.`id` IN ('47','45') [ RunTime:0.000472s ]
[ sql ] [ SQL ] SELECT `id`,`goodsName`,`mdPic`,`shopPrice`,`marketPrice` FROM `php_goods` WHERE  `id` = 45 LIMIT 1 [ RunTime:0.000214s ]
[ sql ] [ SQL ] SELECT `memPrice` FROM `php_member_price` WHERE  `goodsId` = 45  AND `levelId` = 3 LIMIT 1 [ RunTime:0.003243s ]
[ sql ] [ SQL ] SELECT `a`.*,`b`.`attrName` FROM `php_goods_attr` `a` LEFT JOIN `php_attr` `b` ON `a`.`attrId`=`b`.`id` WHERE  `a`.`id` IN ('46','45') [ RunTime:0.000306s ]
[ sql ] [ SQL ] SELECT `id`,`goodsName`,`mdPic`,`shopPrice`,`marketPrice` FROM `php_goods` WHERE  `id` = 45 LIMIT 1 [ RunTime:0.000270s ]
[ sql ] [ SQL ] SELECT `memPrice` FROM `php_member_price` WHERE  `goodsId` = 45  AND `levelId` = 3 LIMIT 1 [ RunTime:0.003475s ]
[ sql ] [ SQL ] SELECT `a`.*,`b`.`attrName` FROM `php_goods_attr` `a` LEFT JOIN `php_attr` `b` ON `a`.`attrId`=`b`.`id` WHERE  `a`.`id` IN ('46','43') [ RunTime:0.000546s ]
---------------------------------------------------------------
[ 2018-06-22T19:43:53+08:00 ] 127.0.0.1 POST /checkLogin.html
[ info ] www.myshop.com/checkLogin.html [运行时间：0.040471s][吞吐率：24.71req/s] [内存消耗：5,809.23kb] [文件加载：61]
[ info ] [ LANG ] K:\AMP\day\myshop\thinkphp\lang\zh-cn.php
[ info ] [ ROUTE ] array (
  'type' => 'module',
  'module' => 
  array (
    0 => 'member',
    1 => 'account',
    2 => 'checkLogin',
  ),
  'convert' => false,
)
[ info ] [ HEADER ] array (
  'host' => 'www.myshop.com',
  'connection' => 'keep-alive',
  'content-length' => '0',
  'accept' => '*/*',
  'origin' => 'http://www.myshop.com',
  'x-requested-with' => 'XMLHttpRequest',
  'user-agent' => 'Mozilla/5.0 (Windows NT 10.0; Win64; x64) AppleWebKit/537.36 (KHTML, like Gecko) Chrome/67.0.3396.87 Safari/537.36',
  'referer' => 'http://www.myshop.com/cart.html',
  'accept-encoding' => 'gzip, deflate',
  'accept-language' => 'zh-CN,zh;q=0.9',
  'cookie' => 'cart=a%3A5%3A%7Bs%3A8%3A%2245-46%2C44%22%3Bi%3A1%3Bs%3A8%3A%2245-48%2C43%22%3Bs%3A1%3A%222%22%3Bs%3A8%3A%2245-47%2C45%22%3Bs%3A1%3A%222%22%3Bs%3A8%3A%2245-46%2C45%22%3Bi%3A1%3Bs%3A8%3A%2245-46%2C43%22%3Bi%3A1%3B%7D; PHPSESSID=2garsr2d2v06rnuop237qvl7n0; thinkphp_show_page_trace=0|0',
)
[ info ] [ PARAM ] array (
)
[ info ] [ CACHE ] INIT File
[ info ] [ DB ] INIT mysql
[ info ] [ RUN ] app\member\controller\Account->checkLogin[ K:\AMP\day\myshop\application\member\controller\Account.php ]
[ info ] [ SESSION ] INIT array (
  'type' => 'Mysql',
  'auto_start' => true,
  'session_expire' => 3600,
  'session_prefix' => 'php_',
  'table_name' => 'session',
  'database' => 
  array (
    'hostname' => '127.0.0.1',
    'database' => 'mybike',
    'username' => 'root',
    'password' => '123',
    'hostport' => '3306',
    'prefix' => 'php_',
    'charset' => 'utf8',
  ),
)
[ info ] [ DB ] INIT mysql
[ info ] [ LOG ] INIT File
[ sql ] [ DB ] CONNECT:[ UseTime:0.000911s ] mysql:host=127.0.0.1;port=3306;dbname=mybike;charset=utf8
[ sql ] [ SQL ] SELECT session_data FROM php_session WHERE session_id = 'php_2garsr2d2v06rnuop237qvl7n0' AND session_expire > '1529667833' [ RunTime:0.002238s ]
---------------------------------------------------------------
[ 2018-06-22T19:43:53+08:00 ] 127.0.0.1 POST /cartGoodsAmount.html
[ info ] www.myshop.com/cartGoodsAmount.html [运行时间：0.079715s][吞吐率：12.54req/s] [内存消耗：5,992.41kb] [文件加载：63]
[ info ] [ LANG ] K:\AMP\day\myshop\thinkphp\lang\zh-cn.php
[ info ] [ ROUTE ] array (
  'type' => 'module',
  'module' => 
  array (
    0 => 'index',
    1 => 'flow',
    2 => 'cartGoodsAmount',
  ),
  'convert' => false,
)
[ info ] [ HEADER ] array (
  'host' => 'www.myshop.com',
  'connection' => 'keep-alive',
  'content-length' => '51',
  'origin' => 'http://www.myshop.com',
  'user-agent' => 'Mozilla/5.0 (Windows NT 10.0; Win64; x64) AppleWebKit/537.36 (KHTML, like Gecko) Chrome/67.0.3396.87 Safari/537.36',
  'content-type' => 'application/x-www-form-urlencoded',
  'accept' => '*/*',
  'referer' => 'http://www.myshop.com/cart.html',
  'accept-encoding' => 'gzip, deflate',
  'accept-language' => 'zh-CN,zh;q=0.9',
  'cookie' => 'cart=a%3A5%3A%7Bs%3A8%3A%2245-46%2C44%22%3Bi%3A1%3Bs%3A8%3A%2245-48%2C43%22%3Bs%3A1%3A%222%22%3Bs%3A8%3A%2245-47%2C45%22%3Bs%3A1%3A%222%22%3Bs%3A8%3A%2245-46%2C45%22%3Bi%3A1%3Bs%3A8%3A%2245-46%2C43%22%3Bi%3A1%3B%7D; PHPSESSID=2garsr2d2v06rnuop237qvl7n0; thinkphp_show_page_trace=0|0',
)
[ info ] [ PARAM ] array (
  'rec_id' => '45-46,44|45-48,43|45-47,45|45-46,45|45-46,43',
)
[ info ] [ CACHE ] INIT File
[ info ] [ DB ] INIT mysql
[ info ] [ RUN ] app\index\controller\Flow->cartGoodsAmount[ K:\AMP\day\myshop\application\index\controller\Flow.php ]
[ info ] [ SESSION ] INIT array (
  'type' => 'Mysql',
  'auto_start' => true,
  'session_expire' => 3600,
  'session_prefix' => 'php_',
  'table_name' => 'session',
  'database' => 
  array (
    'hostname' => '127.0.0.1',
    'database' => 'mybike',
    'username' => 'root',
    'password' => '123',
    'hostport' => '3306',
    'prefix' => 'php_',
    'charset' => 'utf8',
  ),
)
[ info ] [ DB ] INIT mysql
[ info ] [ LOG ] INIT File
[ sql ] [ DB ] CONNECT:[ UseTime:0.000691s ] mysql:host=127.0.0.1;port=3306;dbname=myshop;charset=utf8
[ sql ] [ SQL ] SHOW COLUMNS FROM `php_goods` [ RunTime:0.002370s ]
[ sql ] [ SQL ] SELECT `id`,`goodsName`,`mdPic`,`shopPrice`,`marketPrice` FROM `php_goods` WHERE  `id` = 45 LIMIT 1 [ RunTime:0.000313s ]
[ sql ] [ DB ] CONNECT:[ UseTime:0.000704s ] mysql:host=127.0.0.1;port=3306;dbname=mybike;charset=utf8
[ sql ] [ SQL ] SELECT session_data FROM php_session WHERE session_id = 'php_2garsr2d2v06rnuop237qvl7n0' AND session_expire > '1529667833' [ RunTime:0.002101s ]
[ sql ] [ SQL ] SHOW COLUMNS FROM `php_member_price` [ RunTime:0.002473s ]
[ sql ] [ SQL ] SELECT `memPrice` FROM `php_member_price` WHERE  `goodsId` = 45  AND `levelId` = 3 LIMIT 1 [ RunTime:0.003509s ]
[ sql ] [ SQL ] SHOW COLUMNS FROM `php_goods_attr` [ RunTime:0.002109s ]
[ sql ] [ SQL ] SELECT `a`.*,`b`.`attrName` FROM `php_goods_attr` `a` LEFT JOIN `php_attr` `b` ON `a`.`attrId`=`b`.`id` WHERE  `a`.`id` IN ('46','44') [ RunTime:0.000631s ]
[ sql ] [ SQL ] SELECT `id`,`goodsName`,`mdPic`,`shopPrice`,`marketPrice` FROM `php_goods` WHERE  `id` = 45 LIMIT 1 [ RunTime:0.000245s ]
[ sql ] [ SQL ] SELECT `memPrice` FROM `php_member_price` WHERE  `goodsId` = 45  AND `levelId` = 3 LIMIT 1 [ RunTime:0.003333s ]
[ sql ] [ SQL ] SELECT `a`.*,`b`.`attrName` FROM `php_goods_attr` `a` LEFT JOIN `php_attr` `b` ON `a`.`attrId`=`b`.`id` WHERE  `a`.`id` IN ('48','43') [ RunTime:0.000304s ]
[ sql ] [ SQL ] SELECT `id`,`goodsName`,`mdPic`,`shopPrice`,`marketPrice` FROM `php_goods` WHERE  `id` = 45 LIMIT 1 [ RunTime:0.000219s ]
[ sql ] [ SQL ] SELECT `memPrice` FROM `php_member_price` WHERE  `goodsId` = 45  AND `levelId` = 3 LIMIT 1 [ RunTime:0.003190s ]
[ sql ] [ SQL ] SELECT `a`.*,`b`.`attrName` FROM `php_goods_attr` `a` LEFT JOIN `php_attr` `b` ON `a`.`attrId`=`b`.`id` WHERE  `a`.`id` IN ('47','45') [ RunTime:0.000286s ]
[ sql ] [ SQL ] SELECT `id`,`goodsName`,`mdPic`,`shopPrice`,`marketPrice` FROM `php_goods` WHERE  `id` = 45 LIMIT 1 [ RunTime:0.000263s ]
[ sql ] [ SQL ] SELECT `memPrice` FROM `php_member_price` WHERE  `goodsId` = 45  AND `levelId` = 3 LIMIT 1 [ RunTime:0.003422s ]
[ sql ] [ SQL ] SELECT `a`.*,`b`.`attrName` FROM `php_goods_attr` `a` LEFT JOIN `php_attr` `b` ON `a`.`attrId`=`b`.`id` WHERE  `a`.`id` IN ('46','45') [ RunTime:0.001302s ]
[ sql ] [ SQL ] SELECT `id`,`goodsName`,`mdPic`,`shopPrice`,`marketPrice` FROM `php_goods` WHERE  `id` = 45 LIMIT 1 [ RunTime:0.000244s ]
[ sql ] [ SQL ] SELECT `memPrice` FROM `php_member_price` WHERE  `goodsId` = 45  AND `levelId` = 3 LIMIT 1 [ RunTime:0.003374s ]
[ sql ] [ SQL ] SELECT `a`.*,`b`.`attrName` FROM `php_goods_attr` `a` LEFT JOIN `php_attr` `b` ON `a`.`attrId`=`b`.`id` WHERE  `a`.`id` IN ('46','43') [ RunTime:0.000329s ]
---------------------------------------------------------------
[ 2018-06-22T19:49:03+08:00 ] 127.0.0.1 POST /cart.html
[ info ] www.myshop.com/cart.html [运行时间：0.097738s][吞吐率：10.23req/s] [内存消耗：6,233.81kb] [文件加载：66]
[ info ] [ LANG ] K:\AMP\day\myshop\thinkphp\lang\zh-cn.php
[ info ] [ ROUTE ] array (
  'type' => 'module',
  'module' => 
  array (
    0 => 'index',
    1 => 'flow',
    2 => 'cart',
  ),
  'convert' => false,
)
[ info ] [ HEADER ] array (
  'host' => 'www.myshop.com',
  'connection' => 'keep-alive',
  'content-length' => '145',
  'cache-control' => 'max-age=0',
  'origin' => 'http://www.myshop.com',
  'upgrade-insecure-requests' => '1',
  'content-type' => 'application/x-www-form-urlencoded',
  'user-agent' => 'Mozilla/5.0 (Windows NT 10.0; Win64; x64) AppleWebKit/537.36 (KHTML, like Gecko) Chrome/67.0.3396.87 Safari/537.36',
  'accept' => 'text/html,application/xhtml+xml,application/xml;q=0.9,image/webp,image/apng,*/*;q=0.8',
  'referer' => 'http://www.myshop.com/cart.html',
  'accept-encoding' => 'gzip, deflate',
  'accept-language' => 'zh-CN,zh;q=0.9',
  'cookie' => 'cart=a%3A5%3A%7Bs%3A8%3A%2245-46%2C44%22%3Bi%3A1%3Bs%3A8%3A%2245-48%2C43%22%3Bs%3A1%3A%222%22%3Bs%3A8%3A%2245-47%2C45%22%3Bs%3A1%3A%222%22%3Bs%3A8%3A%2245-46%2C45%22%3Bi%3A1%3Bs%3A8%3A%2245-46%2C43%22%3Bi%3A1%3B%7D; PHPSESSID=2garsr2d2v06rnuop237qvl7n0; thinkphp_show_page_trace=0|0',
)
[ info ] [ PARAM ] array (
  'goPay' => '去支付',
  'step' => 'checkout',
  'store_seller' => '',
  'cart_value' => '45-46,44|45-48,43|45-47,45|45-46,45|45-46,43',
  'goods_ru' => '',
)
[ info ] [ CACHE ] INIT File
[ info ] [ DB ] INIT mysql
[ info ] [ RUN ] app\index\controller\Flow->cart[ K:\AMP\day\myshop\application\index\controller\Flow.php ]
[ info ] [ SESSION ] INIT array (
  'type' => 'Mysql',
  'auto_start' => true,
  'session_expire' => 3600,
  'session_prefix' => 'php_',
  'table_name' => 'session',
  'database' => 
  array (
    'hostname' => '127.0.0.1',
    'database' => 'mybike',
    'username' => 'root',
    'password' => '123',
    'hostport' => '3306',
    'prefix' => 'php_',
    'charset' => 'utf8',
  ),
)
[ info ] [ DB ] INIT mysql
[ info ] [ VIEW ] K:\AMP\day\myshop\public/../application/index\view\flow\order2.html [ array (
  0 => 'navArr',
  1 => 'helpCateArr',
  2 => 'shopArtArr',
  3 => 'confArr',
  4 => 'foreCateArr',
  5 => 'goodsNum',
  6 => 'goodsShopTotalPrice',
  7 => 'goodsTotalPrice',
  8 => 'goodsArr',
  9 => 'address',
) ]
[ info ] [ LOG ] INIT File
[ sql ] [ DB ] CONNECT:[ UseTime:0.000946s ] mysql:host=127.0.0.1;port=3306;dbname=myshop;charset=utf8
[ sql ] [ SQL ] SHOW COLUMNS FROM `php_goods` [ RunTime:0.002442s ]
[ sql ] [ SQL ] SELECT `id`,`goodsName`,`mdPic`,`shopPrice`,`marketPrice` FROM `php_goods` WHERE  `id` = 45 LIMIT 1 [ RunTime:0.000322s ]
[ sql ] [ DB ] CONNECT:[ UseTime:0.000724s ] mysql:host=127.0.0.1;port=3306;dbname=mybike;charset=utf8
[ sql ] [ SQL ] SELECT session_data FROM php_session WHERE session_id = 'php_2garsr2d2v06rnuop237qvl7n0' AND session_expire > '1529668143' [ RunTime:0.001967s ]
[ sql ] [ SQL ] SHOW COLUMNS FROM `php_member_price` [ RunTime:0.002107s ]
[ sql ] [ SQL ] SELECT `memPrice` FROM `php_member_price` WHERE  `goodsId` = 45  AND `levelId` = 3 LIMIT 1 [ RunTime:0.003323s ]
[ sql ] [ SQL ] SHOW COLUMNS FROM `php_goods_attr` [ RunTime:0.002256s ]
[ sql ] [ SQL ] SELECT `a`.*,`b`.`attrName` FROM `php_goods_attr` `a` LEFT JOIN `php_attr` `b` ON `a`.`attrId`=`b`.`id` WHERE  `a`.`id` IN ('46','44') [ RunTime:0.000602s ]
[ sql ] [ SQL ] SELECT `id`,`goodsName`,`mdPic`,`shopPrice`,`marketPrice` FROM `php_goods` WHERE  `id` = 45 LIMIT 1 [ RunTime:0.000243s ]
[ sql ] [ SQL ] SELECT `memPrice` FROM `php_member_price` WHERE  `goodsId` = 45  AND `levelId` = 3 LIMIT 1 [ RunTime:0.003438s ]
[ sql ] [ SQL ] SELECT `a`.*,`b`.`attrName` FROM `php_goods_attr` `a` LEFT JOIN `php_attr` `b` ON `a`.`attrId`=`b`.`id` WHERE  `a`.`id` IN ('48','43') [ RunTime:0.000388s ]
[ sql ] [ SQL ] SELECT `id`,`goodsName`,`mdPic`,`shopPrice`,`marketPrice` FROM `php_goods` WHERE  `id` = 45 LIMIT 1 [ RunTime:0.000242s ]
[ sql ] [ SQL ] SELECT `memPrice` FROM `php_member_price` WHERE  `goodsId` = 45  AND `levelId` = 3 LIMIT 1 [ RunTime:0.003945s ]
[ sql ] [ SQL ] SELECT `a`.*,`b`.`attrName` FROM `php_goods_attr` `a` LEFT JOIN `php_attr` `b` ON `a`.`attrId`=`b`.`id` WHERE  `a`.`id` IN ('47','45') [ RunTime:0.000404s ]
[ sql ] [ SQL ] SELECT `id`,`goodsName`,`mdPic`,`shopPrice`,`marketPrice` FROM `php_goods` WHERE  `id` = 45 LIMIT 1 [ RunTime:0.000242s ]
[ sql ] [ SQL ] SELECT `memPrice` FROM `php_member_price` WHERE  `goodsId` = 45  AND `levelId` = 3 LIMIT 1 [ RunTime:0.003441s ]
[ sql ] [ SQL ] SELECT `a`.*,`b`.`attrName` FROM `php_goods_attr` `a` LEFT JOIN `php_attr` `b` ON `a`.`attrId`=`b`.`id` WHERE  `a`.`id` IN ('46','45') [ RunTime:0.000430s ]
[ sql ] [ SQL ] SELECT `id`,`goodsName`,`mdPic`,`shopPrice`,`marketPrice` FROM `php_goods` WHERE  `id` = 45 LIMIT 1 [ RunTime:0.000250s ]
[ sql ] [ SQL ] SELECT `memPrice` FROM `php_member_price` WHERE  `goodsId` = 45  AND `levelId` = 3 LIMIT 1 [ RunTime:0.003388s ]
[ sql ] [ SQL ] SELECT `a`.*,`b`.`attrName` FROM `php_goods_attr` `a` LEFT JOIN `php_attr` `b` ON `a`.`attrId`=`b`.`id` WHERE  `a`.`id` IN ('46','43') [ RunTime:0.000451s ]
[ sql ] [ SQL ] SHOW COLUMNS FROM `php_address` [ RunTime:0.002496s ]
[ sql ] [ SQL ] SELECT * FROM `php_address` WHERE  `userId` = 6 LIMIT 1 [ RunTime:0.001339s ]
---------------------------------------------------------------
[ 2018-06-22T19:49:03+08:00 ] 127.0.0.1 POST /checkLogin.html
[ info ] www.myshop.com/checkLogin.html [运行时间：0.043259s][吞吐率：23.12req/s] [内存消耗：5,809.59kb] [文件加载：61]
[ info ] [ LANG ] K:\AMP\day\myshop\thinkphp\lang\zh-cn.php
[ info ] [ ROUTE ] array (
  'type' => 'module',
  'module' => 
  array (
    0 => 'member',
    1 => 'account',
    2 => 'checkLogin',
  ),
  'convert' => false,
)
[ info ] [ HEADER ] array (
  'host' => 'www.myshop.com',
  'connection' => 'keep-alive',
  'content-length' => '0',
  'accept' => '*/*',
  'origin' => 'http://www.myshop.com',
  'x-requested-with' => 'XMLHttpRequest',
  'user-agent' => 'Mozilla/5.0 (Windows NT 10.0; Win64; x64) AppleWebKit/537.36 (KHTML, like Gecko) Chrome/67.0.3396.87 Safari/537.36',
  'referer' => 'http://www.myshop.com/cart.html',
  'accept-encoding' => 'gzip, deflate',
  'accept-language' => 'zh-CN,zh;q=0.9',
  'cookie' => 'cart=a%3A5%3A%7Bs%3A8%3A%2245-46%2C44%22%3Bi%3A1%3Bs%3A8%3A%2245-48%2C43%22%3Bs%3A1%3A%222%22%3Bs%3A8%3A%2245-47%2C45%22%3Bs%3A1%3A%222%22%3Bs%3A8%3A%2245-46%2C45%22%3Bi%3A1%3Bs%3A8%3A%2245-46%2C43%22%3Bi%3A1%3B%7D; PHPSESSID=2garsr2d2v06rnuop237qvl7n0; thinkphp_show_page_trace=0|0',
)
[ info ] [ PARAM ] array (
)
[ info ] [ CACHE ] INIT File
[ info ] [ DB ] INIT mysql
[ info ] [ RUN ] app\member\controller\Account->checkLogin[ K:\AMP\day\myshop\application\member\controller\Account.php ]
[ info ] [ SESSION ] INIT array (
  'type' => 'Mysql',
  'auto_start' => true,
  'session_expire' => 3600,
  'session_prefix' => 'php_',
  'table_name' => 'session',
  'database' => 
  array (
    'hostname' => '127.0.0.1',
    'database' => 'mybike',
    'username' => 'root',
    'password' => '123',
    'hostport' => '3306',
    'prefix' => 'php_',
    'charset' => 'utf8',
  ),
)
[ info ] [ DB ] INIT mysql
[ info ] [ LOG ] INIT File
[ sql ] [ DB ] CONNECT:[ UseTime:0.000686s ] mysql:host=127.0.0.1;port=3306;dbname=mybike;charset=utf8
[ sql ] [ SQL ] SELECT session_data FROM php_session WHERE session_id = 'php_2garsr2d2v06rnuop237qvl7n0' AND session_expire > '1529668143' [ RunTime:0.000409s ]
---------------------------------------------------------------
[ 2018-06-22T19:56:36+08:00 ] 127.0.0.1 POST /cart.html
[ info ] www.myshop.com/cart.html [运行时间：0.103489s][吞吐率：9.66req/s] [内存消耗：6,597.15kb] [文件加载：68]
[ info ] [ LANG ] K:\AMP\day\myshop\thinkphp\lang\zh-cn.php
[ info ] [ ROUTE ] array (
  'type' => 'module',
  'module' => 
  array (
    0 => 'index',
    1 => 'flow',
    2 => 'cart',
  ),
  'convert' => false,
)
[ info ] [ HEADER ] array (
  'host' => 'www.myshop.com',
  'connection' => 'keep-alive',
  'content-length' => '145',
  'cache-control' => 'max-age=0',
  'upgrade-insecure-requests' => '1',
  'user-agent' => 'Mozilla/5.0 (Windows NT 10.0; Win64; x64) AppleWebKit/537.36 (KHTML, like Gecko) Chrome/67.0.3396.87 Safari/537.36',
  'origin' => 'http://www.myshop.com',
  'content-type' => 'application/x-www-form-urlencoded',
  'accept' => 'text/html,application/xhtml+xml,application/xml;q=0.9,image/webp,image/apng,*/*;q=0.8',
  'referer' => 'http://www.myshop.com/cart.html',
  'accept-encoding' => 'gzip, deflate',
  'accept-language' => 'zh-CN,zh;q=0.9',
  'cookie' => 'cart=a%3A5%3A%7Bs%3A8%3A%2245-46%2C44%22%3Bi%3A1%3Bs%3A8%3A%2245-48%2C43%22%3Bs%3A1%3A%222%22%3Bs%3A8%3A%2245-47%2C45%22%3Bs%3A1%3A%222%22%3Bs%3A8%3A%2245-46%2C45%22%3Bi%3A1%3Bs%3A8%3A%2245-46%2C43%22%3Bi%3A1%3B%7D; PHPSESSID=2garsr2d2v06rnuop237qvl7n0; thinkphp_show_page_trace=0|0',
)
[ info ] [ PARAM ] array (
  'goPay' => '去支付',
  'step' => 'checkout',
  'store_seller' => '',
  'cart_value' => '45-46,44|45-48,43|45-47,45|45-46,45|45-46,43',
  'goods_ru' => '',
)
[ info ] [ CACHE ] INIT File
[ info ] [ DB ] INIT mysql
[ info ] [ RUN ] app\index\controller\Flow->cart[ K:\AMP\day\myshop\application\index\controller\Flow.php ]
[ info ] [ SESSION ] INIT array (
  'type' => 'Mysql',
  'auto_start' => true,
  'session_expire' => 3600,
  'session_prefix' => 'php_',
  'table_name' => 'session',
  'database' => 
  array (
    'hostname' => '127.0.0.1',
    'database' => 'mybike',
    'username' => 'root',
    'password' => '123',
    'hostport' => '3306',
    'prefix' => 'php_',
    'charset' => 'utf8',
  ),
)
[ info ] [ DB ] INIT mysql
[ info ] [ VIEW ] K:\AMP\day\myshop\public/../application/index\view\flow\order2.html [ array (
  0 => 'navArr',
  1 => 'helpCateArr',
  2 => 'shopArtArr',
  3 => 'confArr',
  4 => 'foreCateArr',
  5 => 'goodsNum',
  6 => 'goodsShopTotalPrice',
  7 => 'goodsTotalPrice',
  8 => 'goodsArr',
  9 => 'address',
) ]
[ info ] [ LOG ] INIT File
[ sql ] [ DB ] CONNECT:[ UseTime:0.000757s ] mysql:host=127.0.0.1;port=3306;dbname=myshop;charset=utf8
[ sql ] [ SQL ] SHOW COLUMNS FROM `php_goods` [ RunTime:0.002313s ]
[ sql ] [ SQL ] SELECT `id`,`goodsName`,`mdPic`,`shopPrice`,`marketPrice` FROM `php_goods` WHERE  `id` = 45 LIMIT 1 [ RunTime:0.000303s ]
[ sql ] [ DB ] CONNECT:[ UseTime:0.000480s ] mysql:host=127.0.0.1;port=3306;dbname=mybike;charset=utf8
[ sql ] [ SQL ] SELECT session_data FROM php_session WHERE session_id = 'php_2garsr2d2v06rnuop237qvl7n0' AND session_expire > '1529668596' [ RunTime:0.001748s ]
[ sql ] [ SQL ] SHOW COLUMNS FROM `php_member_price` [ RunTime:0.002175s ]
[ sql ] [ SQL ] SELECT `memPrice` FROM `php_member_price` WHERE  `goodsId` = 45  AND `levelId` = 3 LIMIT 1 [ RunTime:0.003510s ]
[ sql ] [ SQL ] SHOW COLUMNS FROM `php_goods_attr` [ RunTime:0.002099s ]
[ sql ] [ SQL ] SELECT `a`.*,`b`.`attrName` FROM `php_goods_attr` `a` LEFT JOIN `php_attr` `b` ON `a`.`attrId`=`b`.`id` WHERE  `a`.`id` IN ('46','44') [ RunTime:0.000496s ]
[ sql ] [ SQL ] SELECT `id`,`goodsName`,`mdPic`,`shopPrice`,`marketPrice` FROM `php_goods` WHERE  `id` = 45 LIMIT 1 [ RunTime:0.000231s ]
[ sql ] [ SQL ] SELECT `memPrice` FROM `php_member_price` WHERE  `goodsId` = 45  AND `levelId` = 3 LIMIT 1 [ RunTime:0.003172s ]
[ sql ] [ SQL ] SELECT `a`.*,`b`.`attrName` FROM `php_goods_attr` `a` LEFT JOIN `php_attr` `b` ON `a`.`attrId`=`b`.`id` WHERE  `a`.`id` IN ('48','43') [ RunTime:0.000277s ]
[ sql ] [ SQL ] SELECT `id`,`goodsName`,`mdPic`,`shopPrice`,`marketPrice` FROM `php_goods` WHERE  `id` = 45 LIMIT 1 [ RunTime:0.000202s ]
[ sql ] [ SQL ] SELECT `memPrice` FROM `php_member_price` WHERE  `goodsId` = 45  AND `levelId` = 3 LIMIT 1 [ RunTime:0.003362s ]
[ sql ] [ SQL ] SELECT `a`.*,`b`.`attrName` FROM `php_goods_attr` `a` LEFT JOIN `php_attr` `b` ON `a`.`attrId`=`b`.`id` WHERE  `a`.`id` IN ('47','45') [ RunTime:0.000348s ]
[ sql ] [ SQL ] SELECT `id`,`goodsName`,`mdPic`,`shopPrice`,`marketPrice` FROM `php_goods` WHERE  `id` = 45 LIMIT 1 [ RunTime:0.000241s ]
[ sql ] [ SQL ] SELECT `memPrice` FROM `php_member_price` WHERE  `goodsId` = 45  AND `levelId` = 3 LIMIT 1 [ RunTime:0.003284s ]
[ sql ] [ SQL ] SELECT `a`.*,`b`.`attrName` FROM `php_goods_attr` `a` LEFT JOIN `php_attr` `b` ON `a`.`attrId`=`b`.`id` WHERE  `a`.`id` IN ('46','45') [ RunTime:0.000296s ]
[ sql ] [ SQL ] SELECT `id`,`goodsName`,`mdPic`,`shopPrice`,`marketPrice` FROM `php_goods` WHERE  `id` = 45 LIMIT 1 [ RunTime:0.000213s ]
[ sql ] [ SQL ] SELECT `memPrice` FROM `php_member_price` WHERE  `goodsId` = 45  AND `levelId` = 3 LIMIT 1 [ RunTime:0.003204s ]
[ sql ] [ SQL ] SELECT `a`.*,`b`.`attrName` FROM `php_goods_attr` `a` LEFT JOIN `php_attr` `b` ON `a`.`attrId`=`b`.`id` WHERE  `a`.`id` IN ('46','43') [ RunTime:0.000277s ]
[ sql ] [ SQL ] SHOW COLUMNS FROM `php_address` [ RunTime:0.002047s ]
[ sql ] [ SQL ] SELECT * FROM `php_address` WHERE  `userId` = 6 LIMIT 1 [ RunTime:0.000297s ]
---------------------------------------------------------------
[ 2018-06-22T19:56:36+08:00 ] 127.0.0.1 POST /checkLogin.html
[ info ] www.myshop.com/checkLogin.html [运行时间：0.038899s][吞吐率：25.71req/s] [内存消耗：5,809.59kb] [文件加载：61]
[ info ] [ LANG ] K:\AMP\day\myshop\thinkphp\lang\zh-cn.php
[ info ] [ ROUTE ] array (
  'type' => 'module',
  'module' => 
  array (
    0 => 'member',
    1 => 'account',
    2 => 'checkLogin',
  ),
  'convert' => false,
)
[ info ] [ HEADER ] array (
  'host' => 'www.myshop.com',
  'connection' => 'keep-alive',
  'content-length' => '0',
  'accept' => '*/*',
  'origin' => 'http://www.myshop.com',
  'x-requested-with' => 'XMLHttpRequest',
  'user-agent' => 'Mozilla/5.0 (Windows NT 10.0; Win64; x64) AppleWebKit/537.36 (KHTML, like Gecko) Chrome/67.0.3396.87 Safari/537.36',
  'referer' => 'http://www.myshop.com/cart.html',
  'accept-encoding' => 'gzip, deflate',
  'accept-language' => 'zh-CN,zh;q=0.9',
  'cookie' => 'cart=a%3A5%3A%7Bs%3A8%3A%2245-46%2C44%22%3Bi%3A1%3Bs%3A8%3A%2245-48%2C43%22%3Bs%3A1%3A%222%22%3Bs%3A8%3A%2245-47%2C45%22%3Bs%3A1%3A%222%22%3Bs%3A8%3A%2245-46%2C45%22%3Bi%3A1%3Bs%3A8%3A%2245-46%2C43%22%3Bi%3A1%3B%7D; PHPSESSID=2garsr2d2v06rnuop237qvl7n0; thinkphp_show_page_trace=0|0',
)
[ info ] [ PARAM ] array (
)
[ info ] [ CACHE ] INIT File
[ info ] [ DB ] INIT mysql
[ info ] [ RUN ] app\member\controller\Account->checkLogin[ K:\AMP\day\myshop\application\member\controller\Account.php ]
[ info ] [ SESSION ] INIT array (
  'type' => 'Mysql',
  'auto_start' => true,
  'session_expire' => 3600,
  'session_prefix' => 'php_',
  'table_name' => 'session',
  'database' => 
  array (
    'hostname' => '127.0.0.1',
    'database' => 'mybike',
    'username' => 'root',
    'password' => '123',
    'hostport' => '3306',
    'prefix' => 'php_',
    'charset' => 'utf8',
  ),
)
[ info ] [ DB ] INIT mysql
[ info ] [ LOG ] INIT File
[ sql ] [ DB ] CONNECT:[ UseTime:0.000701s ] mysql:host=127.0.0.1;port=3306;dbname=mybike;charset=utf8
[ sql ] [ SQL ] SELECT session_data FROM php_session WHERE session_id = 'php_2garsr2d2v06rnuop237qvl7n0' AND session_expire > '1529668596' [ RunTime:0.000323s ]
---------------------------------------------------------------
[ 2018-06-22T19:56:41+08:00 ] 127.0.0.1 POST /cart.html
[ info ] www.myshop.com/cart.html [运行时间：0.082741s][吞吐率：12.09req/s] [内存消耗：6,233.65kb] [文件加载：66]
[ info ] [ LANG ] K:\AMP\day\myshop\thinkphp\lang\zh-cn.php
[ info ] [ ROUTE ] array (
  'type' => 'module',
  'module' => 
  array (
    0 => 'index',
    1 => 'flow',
    2 => 'cart',
  ),
  'convert' => false,
)
[ info ] [ HEADER ] array (
  'host' => 'www.myshop.com',
  'connection' => 'keep-alive',
  'content-length' => '145',
  'cache-control' => 'max-age=0',
  'upgrade-insecure-requests' => '1',
  'user-agent' => 'Mozilla/5.0 (Windows NT 10.0; Win64; x64) AppleWebKit/537.36 (KHTML, like Gecko) Chrome/67.0.3396.87 Safari/537.36',
  'origin' => 'http://www.myshop.com',
  'content-type' => 'application/x-www-form-urlencoded',
  'accept' => 'text/html,application/xhtml+xml,application/xml;q=0.9,image/webp,image/apng,*/*;q=0.8',
  'referer' => 'http://www.myshop.com/cart.html',
  'accept-encoding' => 'gzip, deflate',
  'accept-language' => 'zh-CN,zh;q=0.9',
  'cookie' => 'cart=a%3A5%3A%7Bs%3A8%3A%2245-46%2C44%22%3Bi%3A1%3Bs%3A8%3A%2245-48%2C43%22%3Bs%3A1%3A%222%22%3Bs%3A8%3A%2245-47%2C45%22%3Bs%3A1%3A%222%22%3Bs%3A8%3A%2245-46%2C45%22%3Bi%3A1%3Bs%3A8%3A%2245-46%2C43%22%3Bi%3A1%3B%7D; PHPSESSID=2garsr2d2v06rnuop237qvl7n0; thinkphp_show_page_trace=0|0',
)
[ info ] [ PARAM ] array (
  'goPay' => '去支付',
  'step' => 'checkout',
  'store_seller' => '',
  'cart_value' => '45-46,44|45-48,43|45-47,45|45-46,45|45-46,43',
  'goods_ru' => '',
)
[ info ] [ CACHE ] INIT File
[ info ] [ DB ] INIT mysql
[ info ] [ RUN ] app\index\controller\Flow->cart[ K:\AMP\day\myshop\application\index\controller\Flow.php ]
[ info ] [ SESSION ] INIT array (
  'type' => 'Mysql',
  'auto_start' => true,
  'session_expire' => 3600,
  'session_prefix' => 'php_',
  'table_name' => 'session',
  'database' => 
  array (
    'hostname' => '127.0.0.1',
    'database' => 'mybike',
    'username' => 'root',
    'password' => '123',
    'hostport' => '3306',
    'prefix' => 'php_',
    'charset' => 'utf8',
  ),
)
[ info ] [ DB ] INIT mysql
[ info ] [ VIEW ] K:\AMP\day\myshop\public/../application/index\view\flow\order2.html [ array (
  0 => 'navArr',
  1 => 'helpCateArr',
  2 => 'shopArtArr',
  3 => 'confArr',
  4 => 'foreCateArr',
  5 => 'goodsNum',
  6 => 'goodsShopTotalPrice',
  7 => 'goodsTotalPrice',
  8 => 'goodsArr',
  9 => 'address',
) ]
[ info ] [ LOG ] INIT File
[ sql ] [ DB ] CONNECT:[ UseTime:0.000684s ] mysql:host=127.0.0.1;port=3306;dbname=myshop;charset=utf8
[ sql ] [ SQL ] SHOW COLUMNS FROM `php_goods` [ RunTime:0.002263s ]
[ sql ] [ SQL ] SELECT `id`,`goodsName`,`mdPic`,`shopPrice`,`marketPrice` FROM `php_goods` WHERE  `id` = 45 LIMIT 1 [ RunTime:0.000265s ]
[ sql ] [ DB ] CONNECT:[ UseTime:0.000634s ] mysql:host=127.0.0.1;port=3306;dbname=mybike;charset=utf8
[ sql ] [ SQL ] SELECT session_data FROM php_session WHERE session_id = 'php_2garsr2d2v06rnuop237qvl7n0' AND session_expire > '1529668601' [ RunTime:0.000312s ]
[ sql ] [ SQL ] SHOW COLUMNS FROM `php_member_price` [ RunTime:0.002182s ]
[ sql ] [ SQL ] SELECT `memPrice` FROM `php_member_price` WHERE  `goodsId` = 45  AND `levelId` = 3 LIMIT 1 [ RunTime:0.003200s ]
[ sql ] [ SQL ] SHOW COLUMNS FROM `php_goods_attr` [ RunTime:0.002011s ]
[ sql ] [ SQL ] SELECT `a`.*,`b`.`attrName` FROM `php_goods_attr` `a` LEFT JOIN `php_attr` `b` ON `a`.`attrId`=`b`.`id` WHERE  `a`.`id` IN ('46','44') [ RunTime:0.000414s ]
[ sql ] [ SQL ] SELECT `id`,`goodsName`,`mdPic`,`shopPrice`,`marketPrice` FROM `php_goods` WHERE  `id` = 45 LIMIT 1 [ RunTime:0.000223s ]
[ sql ] [ SQL ] SELECT `memPrice` FROM `php_member_price` WHERE  `goodsId` = 45  AND `levelId` = 3 LIMIT 1 [ RunTime:0.003181s ]
[ sql ] [ SQL ] SELECT `a`.*,`b`.`attrName` FROM `php_goods_attr` `a` LEFT JOIN `php_attr` `b` ON `a`.`attrId`=`b`.`id` WHERE  `a`.`id` IN ('48','43') [ RunTime:0.000297s ]
[ sql ] [ SQL ] SELECT `id`,`goodsName`,`mdPic`,`shopPrice`,`marketPrice` FROM `php_goods` WHERE  `id` = 45 LIMIT 1 [ RunTime:0.000253s ]
[ sql ] [ SQL ] SELECT `memPrice` FROM `php_member_price` WHERE  `goodsId` = 45  AND `levelId` = 3 LIMIT 1 [ RunTime:0.003279s ]
[ sql ] [ SQL ] SELECT `a`.*,`b`.`attrName` FROM `php_goods_attr` `a` LEFT JOIN `php_attr` `b` ON `a`.`attrId`=`b`.`id` WHERE  `a`.`id` IN ('47','45') [ RunTime:0.000278s ]
[ sql ] [ SQL ] SELECT `id`,`goodsName`,`mdPic`,`shopPrice`,`marketPrice` FROM `php_goods` WHERE  `id` = 45 LIMIT 1 [ RunTime:0.000211s ]
[ sql ] [ SQL ] SELECT `memPrice` FROM `php_member_price` WHERE  `goodsId` = 45  AND `levelId` = 3 LIMIT 1 [ RunTime:0.003192s ]
[ sql ] [ SQL ] SELECT `a`.*,`b`.`attrName` FROM `php_goods_attr` `a` LEFT JOIN `php_attr` `b` ON `a`.`attrId`=`b`.`id` WHERE  `a`.`id` IN ('46','45') [ RunTime:0.000283s ]
[ sql ] [ SQL ] SELECT `id`,`goodsName`,`mdPic`,`shopPrice`,`marketPrice` FROM `php_goods` WHERE  `id` = 45 LIMIT 1 [ RunTime:0.000245s ]
[ sql ] [ SQL ] SELECT `memPrice` FROM `php_member_price` WHERE  `goodsId` = 45  AND `levelId` = 3 LIMIT 1 [ RunTime:0.003218s ]
[ sql ] [ SQL ] SELECT `a`.*,`b`.`attrName` FROM `php_goods_attr` `a` LEFT JOIN `php_attr` `b` ON `a`.`attrId`=`b`.`id` WHERE  `a`.`id` IN ('46','43') [ RunTime:0.000294s ]
[ sql ] [ SQL ] SHOW COLUMNS FROM `php_address` [ RunTime:0.002137s ]
[ sql ] [ SQL ] SELECT * FROM `php_address` WHERE  `userId` = 6 LIMIT 1 [ RunTime:0.000313s ]
---------------------------------------------------------------
[ 2018-06-22T19:56:41+08:00 ] 127.0.0.1 POST /checkLogin.html
[ info ] www.myshop.com/checkLogin.html [运行时间：0.039715s][吞吐率：25.18req/s] [内存消耗：5,809.59kb] [文件加载：61]
[ info ] [ LANG ] K:\AMP\day\myshop\thinkphp\lang\zh-cn.php
[ info ] [ ROUTE ] array (
  'type' => 'module',
  'module' => 
  array (
    0 => 'member',
    1 => 'account',
    2 => 'checkLogin',
  ),
  'convert' => false,
)
[ info ] [ HEADER ] array (
  'host' => 'www.myshop.com',
  'connection' => 'keep-alive',
  'content-length' => '0',
  'accept' => '*/*',
  'origin' => 'http://www.myshop.com',
  'x-requested-with' => 'XMLHttpRequest',
  'user-agent' => 'Mozilla/5.0 (Windows NT 10.0; Win64; x64) AppleWebKit/537.36 (KHTML, like Gecko) Chrome/67.0.3396.87 Safari/537.36',
  'referer' => 'http://www.myshop.com/cart.html',
  'accept-encoding' => 'gzip, deflate',
  'accept-language' => 'zh-CN,zh;q=0.9',
  'cookie' => 'cart=a%3A5%3A%7Bs%3A8%3A%2245-46%2C44%22%3Bi%3A1%3Bs%3A8%3A%2245-48%2C43%22%3Bs%3A1%3A%222%22%3Bs%3A8%3A%2245-47%2C45%22%3Bs%3A1%3A%222%22%3Bs%3A8%3A%2245-46%2C45%22%3Bi%3A1%3Bs%3A8%3A%2245-46%2C43%22%3Bi%3A1%3B%7D; PHPSESSID=2garsr2d2v06rnuop237qvl7n0; thinkphp_show_page_trace=0|0',
)
[ info ] [ PARAM ] array (
)
[ info ] [ CACHE ] INIT File
[ info ] [ DB ] INIT mysql
[ info ] [ RUN ] app\member\controller\Account->checkLogin[ K:\AMP\day\myshop\application\member\controller\Account.php ]
[ info ] [ SESSION ] INIT array (
  'type' => 'Mysql',
  'auto_start' => true,
  'session_expire' => 3600,
  'session_prefix' => 'php_',
  'table_name' => 'session',
  'database' => 
  array (
    'hostname' => '127.0.0.1',
    'database' => 'mybike',
    'username' => 'root',
    'password' => '123',
    'hostport' => '3306',
    'prefix' => 'php_',
    'charset' => 'utf8',
  ),
)
[ info ] [ DB ] INIT mysql
[ info ] [ LOG ] INIT File
[ sql ] [ DB ] CONNECT:[ UseTime:0.000639s ] mysql:host=127.0.0.1;port=3306;dbname=mybike;charset=utf8
[ sql ] [ SQL ] SELECT session_data FROM php_session WHERE session_id = 'php_2garsr2d2v06rnuop237qvl7n0' AND session_expire > '1529668601' [ RunTime:0.002053s ]
---------------------------------------------------------------
[ 2018-06-22T19:57:44+08:00 ] 127.0.0.1 POST /cart.html
[ info ] www.myshop.com/cart.html [运行时间：0.087264s][吞吐率：11.46req/s] [内存消耗：6,597.20kb] [文件加载：68]
[ info ] [ LANG ] K:\AMP\day\myshop\thinkphp\lang\zh-cn.php
[ info ] [ ROUTE ] array (
  'type' => 'module',
  'module' => 
  array (
    0 => 'index',
    1 => 'flow',
    2 => 'cart',
  ),
  'convert' => false,
)
[ info ] [ HEADER ] array (
  'host' => 'www.myshop.com',
  'connection' => 'keep-alive',
  'content-length' => '145',
  'cache-control' => 'max-age=0',
  'upgrade-insecure-requests' => '1',
  'user-agent' => 'Mozilla/5.0 (Windows NT 10.0; Win64; x64) AppleWebKit/537.36 (KHTML, like Gecko) Chrome/67.0.3396.87 Safari/537.36',
  'origin' => 'http://www.myshop.com',
  'content-type' => 'application/x-www-form-urlencoded',
  'accept' => 'text/html,application/xhtml+xml,application/xml;q=0.9,image/webp,image/apng,*/*;q=0.8',
  'referer' => 'http://www.myshop.com/cart.html',
  'accept-encoding' => 'gzip, deflate',
  'accept-language' => 'zh-CN,zh;q=0.9',
  'cookie' => 'cart=a%3A5%3A%7Bs%3A8%3A%2245-46%2C44%22%3Bi%3A1%3Bs%3A8%3A%2245-48%2C43%22%3Bs%3A1%3A%222%22%3Bs%3A8%3A%2245-47%2C45%22%3Bs%3A1%3A%222%22%3Bs%3A8%3A%2245-46%2C45%22%3Bi%3A1%3Bs%3A8%3A%2245-46%2C43%22%3Bi%3A1%3B%7D; PHPSESSID=2garsr2d2v06rnuop237qvl7n0; thinkphp_show_page_trace=0|0',
)
[ info ] [ PARAM ] array (
  'goPay' => '去支付',
  'step' => 'checkout',
  'store_seller' => '',
  'cart_value' => '45-46,44|45-48,43|45-47,45|45-46,45|45-46,43',
  'goods_ru' => '',
)
[ info ] [ CACHE ] INIT File
[ info ] [ DB ] INIT mysql
[ info ] [ RUN ] app\index\controller\Flow->cart[ K:\AMP\day\myshop\application\index\controller\Flow.php ]
[ info ] [ SESSION ] INIT array (
  'type' => 'Mysql',
  'auto_start' => true,
  'session_expire' => 3600,
  'session_prefix' => 'php_',
  'table_name' => 'session',
  'database' => 
  array (
    'hostname' => '127.0.0.1',
    'database' => 'mybike',
    'username' => 'root',
    'password' => '123',
    'hostport' => '3306',
    'prefix' => 'php_',
    'charset' => 'utf8',
  ),
)
[ info ] [ DB ] INIT mysql
[ info ] [ VIEW ] K:\AMP\day\myshop\public/../application/index\view\flow\order2.html [ array (
  0 => 'navArr',
  1 => 'helpCateArr',
  2 => 'shopArtArr',
  3 => 'confArr',
  4 => 'foreCateArr',
  5 => 'goodsNum',
  6 => 'goodsShopTotalPrice',
  7 => 'goodsTotalPrice',
  8 => 'goodsArr',
  9 => 'address',
) ]
[ info ] [ LOG ] INIT File
[ sql ] [ DB ] CONNECT:[ UseTime:0.000682s ] mysql:host=127.0.0.1;port=3306;dbname=myshop;charset=utf8
[ sql ] [ SQL ] SHOW COLUMNS FROM `php_goods` [ RunTime:0.000722s ]
[ sql ] [ SQL ] SELECT `id`,`goodsName`,`mdPic`,`shopPrice`,`marketPrice` FROM `php_goods` WHERE  `id` = 45 LIMIT 1 [ RunTime:0.000298s ]
[ sql ] [ DB ] CONNECT:[ UseTime:0.000480s ] mysql:host=127.0.0.1;port=3306;dbname=mybike;charset=utf8
[ sql ] [ SQL ] SELECT session_data FROM php_session WHERE session_id = 'php_2garsr2d2v06rnuop237qvl7n0' AND session_expire > '1529668664' [ RunTime:0.000294s ]
[ sql ] [ SQL ] SHOW COLUMNS FROM `php_member_price` [ RunTime:0.000621s ]
[ sql ] [ SQL ] SELECT `memPrice` FROM `php_member_price` WHERE  `goodsId` = 45  AND `levelId` = 3 LIMIT 1 [ RunTime:0.003374s ]
[ sql ] [ SQL ] SHOW COLUMNS FROM `php_goods_attr` [ RunTime:0.000510s ]
[ sql ] [ SQL ] SELECT `a`.*,`b`.`attrName` FROM `php_goods_attr` `a` LEFT JOIN `php_attr` `b` ON `a`.`attrId`=`b`.`id` WHERE  `a`.`id` IN ('46','44') [ RunTime:0.000302s ]
[ sql ] [ SQL ] SELECT `id`,`goodsName`,`mdPic`,`shopPrice`,`marketPrice` FROM `php_goods` WHERE  `id` = 45 LIMIT 1 [ RunTime:0.000217s ]
[ sql ] [ SQL ] SELECT `memPrice` FROM `php_member_price` WHERE  `goodsId` = 45  AND `levelId` = 3 LIMIT 1 [ RunTime:0.003146s ]
[ sql ] [ SQL ] SELECT `a`.*,`b`.`attrName` FROM `php_goods_attr` `a` LEFT JOIN `php_attr` `b` ON `a`.`attrId`=`b`.`id` WHERE  `a`.`id` IN ('48','43') [ RunTime:0.000261s ]
[ sql ] [ SQL ] SELECT `id`,`goodsName`,`mdPic`,`shopPrice`,`marketPrice` FROM `php_goods` WHERE  `id` = 45 LIMIT 1 [ RunTime:0.000242s ]
[ sql ] [ SQL ] SELECT `memPrice` FROM `php_member_price` WHERE  `goodsId` = 45  AND `levelId` = 3 LIMIT 1 [ RunTime:0.003236s ]
[ sql ] [ SQL ] SELECT `a`.*,`b`.`attrName` FROM `php_goods_attr` `a` LEFT JOIN `php_attr` `b` ON `a`.`attrId`=`b`.`id` WHERE  `a`.`id` IN ('47','45') [ RunTime:0.000311s ]
[ sql ] [ SQL ] SELECT `id`,`goodsName`,`mdPic`,`shopPrice`,`marketPrice` FROM `php_goods` WHERE  `id` = 45 LIMIT 1 [ RunTime:0.000213s ]
[ sql ] [ SQL ] SELECT `memPrice` FROM `php_member_price` WHERE  `goodsId` = 45  AND `levelId` = 3 LIMIT 1 [ RunTime:0.003222s ]
[ sql ] [ SQL ] SELECT `a`.*,`b`.`attrName` FROM `php_goods_attr` `a` LEFT JOIN `php_attr` `b` ON `a`.`attrId`=`b`.`id` WHERE  `a`.`id` IN ('46','45') [ RunTime:0.000264s ]
[ sql ] [ SQL ] SELECT `id`,`goodsName`,`mdPic`,`shopPrice`,`marketPrice` FROM `php_goods` WHERE  `id` = 45 LIMIT 1 [ RunTime:0.000200s ]
[ sql ] [ SQL ] SELECT `memPrice` FROM `php_member_price` WHERE  `goodsId` = 45  AND `levelId` = 3 LIMIT 1 [ RunTime:0.003029s ]
[ sql ] [ SQL ] SELECT `a`.*,`b`.`attrName` FROM `php_goods_attr` `a` LEFT JOIN `php_attr` `b` ON `a`.`attrId`=`b`.`id` WHERE  `a`.`id` IN ('46','43') [ RunTime:0.000240s ]
[ sql ] [ SQL ] SHOW COLUMNS FROM `php_address` [ RunTime:0.002212s ]
[ sql ] [ SQL ] SELECT * FROM `php_address` WHERE  `userId` = 6 LIMIT 1 [ RunTime:0.000315s ]
---------------------------------------------------------------
[ 2018-06-22T19:57:44+08:00 ] 127.0.0.1 POST /checkLogin.html
[ info ] www.myshop.com/checkLogin.html [运行时间：0.034906s][吞吐率：28.65req/s] [内存消耗：5,809.59kb] [文件加载：61]
[ info ] [ LANG ] K:\AMP\day\myshop\thinkphp\lang\zh-cn.php
[ info ] [ ROUTE ] array (
  'type' => 'module',
  'module' => 
  array (
    0 => 'member',
    1 => 'account',
    2 => 'checkLogin',
  ),
  'convert' => false,
)
[ info ] [ HEADER ] array (
  'host' => 'www.myshop.com',
  'connection' => 'keep-alive',
  'content-length' => '0',
  'accept' => '*/*',
  'origin' => 'http://www.myshop.com',
  'x-requested-with' => 'XMLHttpRequest',
  'user-agent' => 'Mozilla/5.0 (Windows NT 10.0; Win64; x64) AppleWebKit/537.36 (KHTML, like Gecko) Chrome/67.0.3396.87 Safari/537.36',
  'referer' => 'http://www.myshop.com/cart.html',
  'accept-encoding' => 'gzip, deflate',
  'accept-language' => 'zh-CN,zh;q=0.9',
  'cookie' => 'cart=a%3A5%3A%7Bs%3A8%3A%2245-46%2C44%22%3Bi%3A1%3Bs%3A8%3A%2245-48%2C43%22%3Bs%3A1%3A%222%22%3Bs%3A8%3A%2245-47%2C45%22%3Bs%3A1%3A%222%22%3Bs%3A8%3A%2245-46%2C45%22%3Bi%3A1%3Bs%3A8%3A%2245-46%2C43%22%3Bi%3A1%3B%7D; PHPSESSID=2garsr2d2v06rnuop237qvl7n0; thinkphp_show_page_trace=0|0',
)
[ info ] [ PARAM ] array (
)
[ info ] [ CACHE ] INIT File
[ info ] [ DB ] INIT mysql
[ info ] [ RUN ] app\member\controller\Account->checkLogin[ K:\AMP\day\myshop\application\member\controller\Account.php ]
[ info ] [ SESSION ] INIT array (
  'type' => 'Mysql',
  'auto_start' => true,
  'session_expire' => 3600,
  'session_prefix' => 'php_',
  'table_name' => 'session',
  'database' => 
  array (
    'hostname' => '127.0.0.1',
    'database' => 'mybike',
    'username' => 'root',
    'password' => '123',
    'hostport' => '3306',
    'prefix' => 'php_',
    'charset' => 'utf8',
  ),
)
[ info ] [ DB ] INIT mysql
[ info ] [ LOG ] INIT File
[ sql ] [ DB ] CONNECT:[ UseTime:0.000661s ] mysql:host=127.0.0.1;port=3306;dbname=mybike;charset=utf8
[ sql ] [ SQL ] SELECT session_data FROM php_session WHERE session_id = 'php_2garsr2d2v06rnuop237qvl7n0' AND session_expire > '1529668664' [ RunTime:0.000347s ]
---------------------------------------------------------------
[ 2018-06-22T19:58:18+08:00 ] 127.0.0.1 POST /cart.html
[ info ] www.myshop.com/cart.html [运行时间：0.087025s][吞吐率：11.49req/s] [内存消耗：6,597.11kb] [文件加载：68]
[ info ] [ LANG ] K:\AMP\day\myshop\thinkphp\lang\zh-cn.php
[ info ] [ ROUTE ] array (
  'type' => 'module',
  'module' => 
  array (
    0 => 'index',
    1 => 'flow',
    2 => 'cart',
  ),
  'convert' => false,
)
[ info ] [ HEADER ] array (
  'host' => 'www.myshop.com',
  'connection' => 'keep-alive',
  'content-length' => '145',
  'cache-control' => 'max-age=0',
  'upgrade-insecure-requests' => '1',
  'user-agent' => 'Mozilla/5.0 (Windows NT 10.0; Win64; x64) AppleWebKit/537.36 (KHTML, like Gecko) Chrome/67.0.3396.87 Safari/537.36',
  'origin' => 'http://www.myshop.com',
  'content-type' => 'application/x-www-form-urlencoded',
  'accept' => 'text/html,application/xhtml+xml,application/xml;q=0.9,image/webp,image/apng,*/*;q=0.8',
  'referer' => 'http://www.myshop.com/cart.html',
  'accept-encoding' => 'gzip, deflate',
  'accept-language' => 'zh-CN,zh;q=0.9',
  'cookie' => 'cart=a%3A5%3A%7Bs%3A8%3A%2245-46%2C44%22%3Bi%3A1%3Bs%3A8%3A%2245-48%2C43%22%3Bs%3A1%3A%222%22%3Bs%3A8%3A%2245-47%2C45%22%3Bs%3A1%3A%222%22%3Bs%3A8%3A%2245-46%2C45%22%3Bi%3A1%3Bs%3A8%3A%2245-46%2C43%22%3Bi%3A1%3B%7D; PHPSESSID=2garsr2d2v06rnuop237qvl7n0; thinkphp_show_page_trace=0|0',
)
[ info ] [ PARAM ] array (
  'goPay' => '去支付',
  'step' => 'checkout',
  'store_seller' => '',
  'cart_value' => '45-46,44|45-48,43|45-47,45|45-46,45|45-46,43',
  'goods_ru' => '',
)
[ info ] [ CACHE ] INIT File
[ info ] [ DB ] INIT mysql
[ info ] [ RUN ] app\index\controller\Flow->cart[ K:\AMP\day\myshop\application\index\controller\Flow.php ]
[ info ] [ SESSION ] INIT array (
  'type' => 'Mysql',
  'auto_start' => true,
  'session_expire' => 3600,
  'session_prefix' => 'php_',
  'table_name' => 'session',
  'database' => 
  array (
    'hostname' => '127.0.0.1',
    'database' => 'mybike',
    'username' => 'root',
    'password' => '123',
    'hostport' => '3306',
    'prefix' => 'php_',
    'charset' => 'utf8',
  ),
)
[ info ] [ DB ] INIT mysql
[ info ] [ VIEW ] K:\AMP\day\myshop\public/../application/index\view\flow\order2.html [ array (
  0 => 'navArr',
  1 => 'helpCateArr',
  2 => 'shopArtArr',
  3 => 'confArr',
  4 => 'foreCateArr',
  5 => 'goodsNum',
  6 => 'goodsShopTotalPrice',
  7 => 'goodsTotalPrice',
  8 => 'goodsArr',
  9 => 'address',
) ]
[ info ] [ LOG ] INIT File
[ sql ] [ DB ] CONNECT:[ UseTime:0.000641s ] mysql:host=127.0.0.1;port=3306;dbname=myshop;charset=utf8
[ sql ] [ SQL ] SHOW COLUMNS FROM `php_goods` [ RunTime:0.000748s ]
[ sql ] [ SQL ] SELECT `id`,`goodsName`,`mdPic`,`shopPrice`,`marketPrice` FROM `php_goods` WHERE  `id` = 45 LIMIT 1 [ RunTime:0.000289s ]
[ sql ] [ DB ] CONNECT:[ UseTime:0.000533s ] mysql:host=127.0.0.1;port=3306;dbname=mybike;charset=utf8
[ sql ] [ SQL ] SELECT session_data FROM php_session WHERE session_id = 'php_2garsr2d2v06rnuop237qvl7n0' AND session_expire > '1529668698' [ RunTime:0.000238s ]
[ sql ] [ SQL ] SHOW COLUMNS FROM `php_member_price` [ RunTime:0.000474s ]
[ sql ] [ SQL ] SELECT `memPrice` FROM `php_member_price` WHERE  `goodsId` = 45  AND `levelId` = 3 LIMIT 1 [ RunTime:0.003427s ]
[ sql ] [ SQL ] SHOW COLUMNS FROM `php_goods_attr` [ RunTime:0.000446s ]
[ sql ] [ SQL ] SELECT `a`.*,`b`.`attrName` FROM `php_goods_attr` `a` LEFT JOIN `php_attr` `b` ON `a`.`attrId`=`b`.`id` WHERE  `a`.`id` IN ('46','44') [ RunTime:0.000302s ]
[ sql ] [ SQL ] SELECT `id`,`goodsName`,`mdPic`,`shopPrice`,`marketPrice` FROM `php_goods` WHERE  `id` = 45 LIMIT 1 [ RunTime:0.000279s ]
[ sql ] [ SQL ] SELECT `memPrice` FROM `php_member_price` WHERE  `goodsId` = 45  AND `levelId` = 3 LIMIT 1 [ RunTime:0.003295s ]
[ sql ] [ SQL ] SELECT `a`.*,`b`.`attrName` FROM `php_goods_attr` `a` LEFT JOIN `php_attr` `b` ON `a`.`attrId`=`b`.`id` WHERE  `a`.`id` IN ('48','43') [ RunTime:0.000307s ]
[ sql ] [ SQL ] SELECT `id`,`goodsName`,`mdPic`,`shopPrice`,`marketPrice` FROM `php_goods` WHERE  `id` = 45 LIMIT 1 [ RunTime:0.000240s ]
[ sql ] [ SQL ] SELECT `memPrice` FROM `php_member_price` WHERE  `goodsId` = 45  AND `levelId` = 3 LIMIT 1 [ RunTime:0.003230s ]
[ sql ] [ SQL ] SELECT `a`.*,`b`.`attrName` FROM `php_goods_attr` `a` LEFT JOIN `php_attr` `b` ON `a`.`attrId`=`b`.`id` WHERE  `a`.`id` IN ('47','45') [ RunTime:0.000282s ]
[ sql ] [ SQL ] SELECT `id`,`goodsName`,`mdPic`,`shopPrice`,`marketPrice` FROM `php_goods` WHERE  `id` = 45 LIMIT 1 [ RunTime:0.000211s ]
[ sql ] [ SQL ] SELECT `memPrice` FROM `php_member_price` WHERE  `goodsId` = 45  AND `levelId` = 3 LIMIT 1 [ RunTime:0.003059s ]
[ sql ] [ SQL ] SELECT `a`.*,`b`.`attrName` FROM `php_goods_attr` `a` LEFT JOIN `php_attr` `b` ON `a`.`attrId`=`b`.`id` WHERE  `a`.`id` IN ('46','45') [ RunTime:0.000274s ]
[ sql ] [ SQL ] SELECT `id`,`goodsName`,`mdPic`,`shopPrice`,`marketPrice` FROM `php_goods` WHERE  `id` = 45 LIMIT 1 [ RunTime:0.000207s ]
[ sql ] [ SQL ] SELECT `memPrice` FROM `php_member_price` WHERE  `goodsId` = 45  AND `levelId` = 3 LIMIT 1 [ RunTime:0.003193s ]
[ sql ] [ SQL ] SELECT `a`.*,`b`.`attrName` FROM `php_goods_attr` `a` LEFT JOIN `php_attr` `b` ON `a`.`attrId`=`b`.`id` WHERE  `a`.`id` IN ('46','43') [ RunTime:0.000294s ]
[ sql ] [ SQL ] SHOW COLUMNS FROM `php_address` [ RunTime:0.002260s ]
[ sql ] [ SQL ] SELECT * FROM `php_address` WHERE  `userId` = 6 LIMIT 1 [ RunTime:0.000337s ]
---------------------------------------------------------------
[ 2018-06-22T19:58:18+08:00 ] 127.0.0.1 POST /checkLogin.html
[ info ] www.myshop.com/checkLogin.html [运行时间：0.041667s][吞吐率：24.00req/s] [内存消耗：5,809.59kb] [文件加载：61]
[ info ] [ LANG ] K:\AMP\day\myshop\thinkphp\lang\zh-cn.php
[ info ] [ ROUTE ] array (
  'type' => 'module',
  'module' => 
  array (
    0 => 'member',
    1 => 'account',
    2 => 'checkLogin',
  ),
  'convert' => false,
)
[ info ] [ HEADER ] array (
  'host' => 'www.myshop.com',
  'connection' => 'keep-alive',
  'content-length' => '0',
  'accept' => '*/*',
  'origin' => 'http://www.myshop.com',
  'x-requested-with' => 'XMLHttpRequest',
  'user-agent' => 'Mozilla/5.0 (Windows NT 10.0; Win64; x64) AppleWebKit/537.36 (KHTML, like Gecko) Chrome/67.0.3396.87 Safari/537.36',
  'referer' => 'http://www.myshop.com/cart.html',
  'accept-encoding' => 'gzip, deflate',
  'accept-language' => 'zh-CN,zh;q=0.9',
  'cookie' => 'cart=a%3A5%3A%7Bs%3A8%3A%2245-46%2C44%22%3Bi%3A1%3Bs%3A8%3A%2245-48%2C43%22%3Bs%3A1%3A%222%22%3Bs%3A8%3A%2245-47%2C45%22%3Bs%3A1%3A%222%22%3Bs%3A8%3A%2245-46%2C45%22%3Bi%3A1%3Bs%3A8%3A%2245-46%2C43%22%3Bi%3A1%3B%7D; PHPSESSID=2garsr2d2v06rnuop237qvl7n0; thinkphp_show_page_trace=0|0',
)
[ info ] [ PARAM ] array (
)
[ info ] [ CACHE ] INIT File
[ info ] [ DB ] INIT mysql
[ info ] [ RUN ] app\member\controller\Account->checkLogin[ K:\AMP\day\myshop\application\member\controller\Account.php ]
[ info ] [ SESSION ] INIT array (
  'type' => 'Mysql',
  'auto_start' => true,
  'session_expire' => 3600,
  'session_prefix' => 'php_',
  'table_name' => 'session',
  'database' => 
  array (
    'hostname' => '127.0.0.1',
    'database' => 'mybike',
    'username' => 'root',
    'password' => '123',
    'hostport' => '3306',
    'prefix' => 'php_',
    'charset' => 'utf8',
  ),
)
[ info ] [ DB ] INIT mysql
[ info ] [ LOG ] INIT File
[ sql ] [ DB ] CONNECT:[ UseTime:0.000644s ] mysql:host=127.0.0.1;port=3306;dbname=mybike;charset=utf8
[ sql ] [ SQL ] SELECT session_data FROM php_session WHERE session_id = 'php_2garsr2d2v06rnuop237qvl7n0' AND session_expire > '1529668698' [ RunTime:0.000331s ]
