---------------------------------------------------------------
[ 2018-06-29T00:29:14+08:00 ] 203.209.232.47 POST /aliNotify
[ info ] www.xxjdxl.xyz/aliNotify [运行时间：1.347442s][吞吐率：0.74req/s] [内存消耗：4,316.95kb] [文件加载：64]
[ info ] [ LANG ] /www/wwwroot/www.xxjdxl.xyz/thinkphp/lang/zh-cn.php
[ info ] [ ROUTE ] array (
  'type' => 'module',
  'module' => 
  array (
    0 => 'index',
    1 => 'flow',
    2 => 'aliNotify',
  ),
  'convert' => false,
)
[ info ] [ HEADER ] array (
  'user-agent' => 'Mozilla/4.0',
  'host' => 'www.xxjdxl.xyz',
  'content-type' => 'application/x-www-form-urlencoded; charset=utf-8',
  'content-length' => '560',
)
[ info ] [ PARAM ] array (
  'discount' => '0.00',
  'payment_type' => '1',
  'trade_no' => '2018062821001004120581246461',
  'subject' => '1530191131163690',
  'buyer_email' => '980***@qq.com',
  'gmt_create' => '2018-06-28 21:05:40',
  'notify_type' => 'trade_status_sync',
  'quantity' => '1',
  'out_trade_no' => '1530191131163690',
  'seller_id' => '2088822745907673',
  'notify_time' => '2018-06-29 00:29:13',
  'trade_status' => 'TRADE_SUCCESS',
  'is_total_fee_adjust' => 'N',
  'total_fee' => '0.01',
  'gmt_payment' => '2018-06-28 21:05:43',
  'seller_email' => '13915348602',
  'price' => '0.01',
  'buyer_id' => '2088502828855122',
  'notify_id' => 'f606e4090ed1efb8a0912a2bfcc6170gxh',
  'use_coupon' => 'N',
  'sign_type' => 'MD5',
  'sign' => '209e821969f2a84da89823504ac141e4',
)
[ info ] [ CACHE ] INIT File
[ info ] [ DB ] INIT mysql
[ info ] [ RUN ] app\index\controller\Flow->aliNotify[ /www/wwwroot/www.xxjdxl.xyz/application/index/controller/Flow.php ]
[ info ] [ LOG ] INIT File
[ sql ] [ DB ] CONNECT:[ UseTime:0.000618s ] mysql:host=127.0.0.1;port=3306;dbname=xyz;charset=utf8
[ sql ] [ SQL ] SHOW COLUMNS FROM `php_order` [ RunTime:0.001462s ]
[ sql ] [ SQL ] UPDATE `php_order`  SET `payStatus`=2  WHERE  `outTradeNo` = '1530191131163690' [ RunTime:0.001312s ]
---------------------------------------------------------------
[ 2018-06-29T05:52:03+08:00 ] 203.209.232.225 POST /aliNotify
[ info ] www.xxjdxl.xyz/aliNotify [运行时间：0.212698s][吞吐率：4.70req/s] [内存消耗：4,316.96kb] [文件加载：64]
[ info ] [ LANG ] /www/wwwroot/www.xxjdxl.xyz/thinkphp/lang/zh-cn.php
[ info ] [ ROUTE ] array (
  'type' => 'module',
  'module' => 
  array (
    0 => 'index',
    1 => 'flow',
    2 => 'aliNotify',
  ),
  'convert' => false,
)
[ info ] [ HEADER ] array (
  'user-agent' => 'Mozilla/4.0',
  'host' => 'www.xxjdxl.xyz',
  'content-type' => 'application/x-www-form-urlencoded; charset=utf-8',
  'content-length' => '560',
)
[ info ] [ PARAM ] array (
  'discount' => '0.00',
  'payment_type' => '1',
  'trade_no' => '2018062821001004120581493785',
  'subject' => '1530188919586573',
  'buyer_email' => '980***@qq.com',
  'gmt_create' => '2018-06-28 20:28:47',
  'notify_type' => 'trade_status_sync',
  'quantity' => '1',
  'out_trade_no' => '1530188919586573',
  'seller_id' => '2088822745907673',
  'notify_time' => '2018-06-29 05:52:03',
  'trade_status' => 'TRADE_SUCCESS',
  'is_total_fee_adjust' => 'N',
  'total_fee' => '0.01',
  'gmt_payment' => '2018-06-28 20:28:53',
  'seller_email' => '13915348602',
  'price' => '0.01',
  'buyer_id' => '2088502828855122',
  'notify_id' => '39da98d841a1fc4b4b5196e54afb523gxh',
  'use_coupon' => 'N',
  'sign_type' => 'MD5',
  'sign' => '6bbf3dd3ba136ca9cb1ed29ccfce81a3',
)
[ info ] [ CACHE ] INIT File
[ info ] [ DB ] INIT mysql
[ info ] [ RUN ] app\index\controller\Flow->aliNotify[ /www/wwwroot/www.xxjdxl.xyz/application/index/controller/Flow.php ]
[ info ] [ LOG ] INIT File
[ sql ] [ DB ] CONNECT:[ UseTime:0.000660s ] mysql:host=127.0.0.1;port=3306;dbname=xyz;charset=utf8
[ sql ] [ SQL ] SHOW COLUMNS FROM `php_order` [ RunTime:0.001674s ]
[ sql ] [ SQL ] UPDATE `php_order`  SET `payStatus`=2  WHERE  `outTradeNo` = '1530188919586573' [ RunTime:0.001534s ]
---------------------------------------------------------------
[ 2018-06-29T06:25:09+08:00 ] 104.238.248.15 GET /
[ info ] www.xxjdxl.xyz/ [运行时间：0.047898s][吞吐率：20.88req/s] [内存消耗：4,910.75kb] [文件加载：64]
[ info ] [ LANG ] /www/wwwroot/www.xxjdxl.xyz/thinkphp/lang/zh-cn.php
[ info ] [ ROUTE ] array (
  'type' => 'module',
  'module' => 
  array (
    0 => '',
    1 => NULL,
    2 => NULL,
  ),
)
[ info ] [ HEADER ] array (
  'host' => 'www.xxjdxl.xyz',
  'accept' => 'text/html, */*',
  'accept-encoding' => 'identity',
  'user-agent' => 'Mozilla/4.0 (compatible; MSIE 8.0; Windows NT 6.0)',
)
[ info ] [ PARAM ] array (
)
[ info ] [ CACHE ] INIT File
[ info ] [ DB ] INIT mysql
[ info ] [ RUN ] app\index\controller\Index->index[ /www/wwwroot/www.xxjdxl.xyz/application/index/controller/Index.php ]
[ info ] [ VIEW ] /www/wwwroot/www.xxjdxl.xyz/public/../application/index/view/index/index.html [ array (
  0 => 'navArr',
  1 => 'helpCateArr',
  2 => 'shopArtArr',
  3 => 'confArr',
  4 => 'foreCateArr',
  5 => 'showRight',
  6 => 'siteMast',
  7 => 'indexGoods',
  8 => 'recposCate',
  9 => 'notArts',
  10 => 'proArts',
  11 => 'brands',
  12 => 'sliders',
) ]
[ info ] [ LOG ] INIT File
[ sql ] [ DB ] CONNECT:[ UseTime:0.000559s ] mysql:host=127.0.0.1;port=3306;dbname=xyz;charset=utf8
[ sql ] [ SQL ] SHOW COLUMNS FROM `php_brand` [ RunTime:0.001179s ]
[ sql ] [ SQL ] SELECT * FROM `php_brand` ORDER BY id desc LIMIT 17 [ RunTime:0.000514s ]
[ sql ] [ SQL ] SHOW COLUMNS FROM `php_slider` [ RunTime:0.000900s ]
[ sql ] [ SQL ] SELECT * FROM `php_slider` WHERE  `status` = 1 ORDER BY sort desc [ RunTime:0.000369s ]
---------------------------------------------------------------
[ 2018-06-29T06:25:10+08:00 ] 104.238.248.15 GET /article/33
[ info ] www.xxjdxl.xyz/article/33 [运行时间：0.091770s][吞吐率：10.90req/s] [内存消耗：4,506.11kb] [文件加载：63]
[ info ] [ LANG ] /www/wwwroot/www.xxjdxl.xyz/thinkphp/lang/zh-cn.php
[ info ] [ ROUTE ] array (
  'type' => 'module',
  'module' => 
  array (
    0 => 'index',
    1 => 'article',
    2 => 'index',
  ),
  'convert' => false,
)
[ info ] [ HEADER ] array (
  'host' => 'www.xxjdxl.xyz',
  'accept' => 'text/html, */*',
  'accept-encoding' => 'identity',
  'user-agent' => 'Mozilla/4.0 (compatible; MSIE 8.0; Windows NT 6.0)',
)
[ info ] [ PARAM ] array (
  'artId' => '33',
)
[ info ] [ CACHE ] INIT File
[ info ] [ DB ] INIT mysql
[ info ] [ RUN ] app\index\controller\Article->index[ /www/wwwroot/www.xxjdxl.xyz/application/index/controller/Article.php ]
[ info ] [ VIEW ] /www/wwwroot/www.xxjdxl.xyz/public/../application/index/view/article/index.html [ array (
  0 => 'navArr',
  1 => 'helpCateArr',
  2 => 'shopArtArr',
  3 => 'confArr',
  4 => 'foreCateArr',
  5 => 'title',
  6 => 'cateNum',
  7 => 'currCate',
  8 => 'cateBread',
  9 => 'activeCate',
  10 => 'showRight',
  11 => 'helpCates',
  12 => 'comCates',
  13 => 'artData',
) ]
[ info ] [ LOG ] INIT File
[ sql ] [ DB ] CONNECT:[ UseTime:0.000576s ] mysql:host=127.0.0.1;port=3306;dbname=xyz;charset=utf8
[ sql ] [ SQL ] SHOW COLUMNS FROM `php_article` [ RunTime:0.001726s ]
[ sql ] [ SQL ] SELECT * FROM `php_article` WHERE  `id` = 33 LIMIT 1 [ RunTime:0.000512s ]
[ sql ] [ SQL ] SHOW COLUMNS FROM `php_cate` [ RunTime:0.001342s ]
[ sql ] [ SQL ] SELECT * FROM `php_cate` WHERE  `id` = 8 LIMIT 1 [ RunTime:0.000422s ]
[ sql ] [ SQL ] SELECT * FROM `php_cate` WHERE  `id` = 5 LIMIT 1 [ RunTime:0.000363s ]
[ sql ] [ SQL ] SELECT * FROM `php_cate` WHERE  `type` = 3  AND `pid` = 4 [ RunTime:0.000556s ]
[ sql ] [ SQL ] SELECT * FROM `php_cate` WHERE  `type` = 5  AND `pid` = 0 [ RunTime:0.000441s ]
[ sql ] [ SQL ] SELECT * FROM `php_cate` WHERE  `pid` = 18 [ RunTime:0.000416s ]
[ sql ] [ SQL ] SELECT * FROM `php_cate` WHERE  `pid` = 26 [ RunTime:0.000409s ]
[ sql ] [ SQL ] SELECT * FROM `php_cate` WHERE  `pid` = 27 [ RunTime:0.000362s ]
[ sql ] [ SQL ] SELECT * FROM `php_cate` WHERE  `pid` = 28 [ RunTime:0.000384s ]
[ sql ] [ SQL ] SELECT * FROM `php_cate` WHERE  `pid` = 29 [ RunTime:0.000324s ]
[ sql ] [ SQL ] SELECT * FROM `php_cate` WHERE  `pid` = 30 [ RunTime:0.000322s ]
[ sql ] [ SQL ] SELECT * FROM `php_cate` WHERE  `pid` = 32 [ RunTime:0.000325s ]
[ sql ] [ SQL ] SELECT * FROM `php_cate` WHERE  `pid` = 33 [ RunTime:0.000319s ]
[ sql ] [ SQL ] SELECT * FROM `php_cate` WHERE  `pid` = 34 [ RunTime:0.000351s ]
[ sql ] [ SQL ] SELECT * FROM `php_cate` WHERE  `pid` = 35 [ RunTime:0.000333s ]
[ error ] [0]模板文件不存在:[/www/wwwroot/www.xxjdxl.xyz/thinkphp/library/think/Template.php:1084]
---------------------------------------------------------------
[ 2018-06-29T06:25:11+08:00 ] 104.238.248.15 GET /article/http%3A%2F%2Fwww%2Exxjdxl%2Exyz%2Farticle%2F33
[ info ] www.xxjdxl.xyz/article/http%3A%2F%2Fwww%2Exxjdxl%2Exyz%2Farticle%2F33 [运行时间：0.022498s][吞吐率：44.45req/s] [内存消耗：2,043.48kb] [文件加载：43]
[ info ] [ LANG ] /www/wwwroot/www.xxjdxl.xyz/thinkphp/lang/zh-cn.php
[ info ] [ ROUTE ] array (
  'type' => 'module',
  'module' => 
  array (
    0 => '404',
    1 => NULL,
    2 => NULL,
  ),
)
[ info ] [ HEADER ] array (
  'host' => 'www.xxjdxl.xyz',
  'accept' => 'text/html, */*',
  'accept-encoding' => 'identity',
  'user-agent' => 'Mozilla/4.0 (compatible; MSIE 8.0; Windows NT 6.0)',
)
[ info ] [ PARAM ] array (
)
[ info ] [ LOG ] INIT File
---------------------------------------------------------------
[ 2018-06-29T06:29:09+08:00 ] 203.209.232.193 POST /aliNotify
[ info ] www.xxjdxl.xyz/aliNotify [运行时间：0.406184s][吞吐率：2.46req/s] [内存消耗：4,316.96kb] [文件加载：64]
[ info ] [ LANG ] /www/wwwroot/www.xxjdxl.xyz/thinkphp/lang/zh-cn.php
[ info ] [ ROUTE ] array (
  'type' => 'module',
  'module' => 
  array (
    0 => 'index',
    1 => 'flow',
    2 => 'aliNotify',
  ),
  'convert' => false,
)
[ info ] [ HEADER ] array (
  'user-agent' => 'Mozilla/4.0',
  'host' => 'www.xxjdxl.xyz',
  'content-type' => 'application/x-www-form-urlencoded; charset=utf-8',
  'content-length' => '560',
)
[ info ] [ PARAM ] array (
  'discount' => '0.00',
  'payment_type' => '1',
  'trade_no' => '2018062821001004120581246461',
  'subject' => '1530191131163690',
  'buyer_email' => '980***@qq.com',
  'gmt_create' => '2018-06-28 21:05:40',
  'notify_type' => 'trade_status_sync',
  'quantity' => '1',
  'out_trade_no' => '1530191131163690',
  'seller_id' => '2088822745907673',
  'notify_time' => '2018-06-29 06:29:09',
  'trade_status' => 'TRADE_SUCCESS',
  'is_total_fee_adjust' => 'N',
  'total_fee' => '0.01',
  'gmt_payment' => '2018-06-28 21:05:43',
  'seller_email' => '13915348602',
  'price' => '0.01',
  'buyer_id' => '2088502828855122',
  'notify_id' => 'f606e4090ed1efb8a0912a2bfcc6170gxh',
  'use_coupon' => 'N',
  'sign_type' => 'MD5',
  'sign' => '3d953ba2d7b8b332d664f8a4b146c88f',
)
[ info ] [ CACHE ] INIT File
[ info ] [ DB ] INIT mysql
[ info ] [ RUN ] app\index\controller\Flow->aliNotify[ /www/wwwroot/www.xxjdxl.xyz/application/index/controller/Flow.php ]
[ info ] [ LOG ] INIT File
[ sql ] [ DB ] CONNECT:[ UseTime:0.000526s ] mysql:host=127.0.0.1;port=3306;dbname=xyz;charset=utf8
[ sql ] [ SQL ] SHOW COLUMNS FROM `php_order` [ RunTime:0.001248s ]
[ sql ] [ SQL ] UPDATE `php_order`  SET `payStatus`=2  WHERE  `outTradeNo` = '1530191131163690' [ RunTime:0.001295s ]
---------------------------------------------------------------
[ 2018-06-29T06:47:06+08:00 ] 106.11.242.28 GET /
[ info ] www.xxjdxl.xyz/ [运行时间：0.056817s][吞吐率：17.60req/s] [内存消耗：4,911.48kb] [文件加载：64]
[ info ] [ LANG ] /www/wwwroot/www.xxjdxl.xyz/thinkphp/lang/zh-cn.php
[ info ] [ ROUTE ] array (
  'type' => 'module',
  'module' => 
  array (
    0 => '',
    1 => NULL,
    2 => NULL,
  ),
)
[ info ] [ HEADER ] array (
  'accept-encoding' => 'gzip',
  'user-agent' => 'Mozilla/5.0 (iPad; CPU OS 9_1 like Mac OS X) AppleWebKit/601.1.46 (KHTML, like Gecko) Version/9.0 Mobile/13B143 Safari/601.1',
  'cache-control' => 'no-cache',
  'pragma' => 'no-cache',
  'host' => 'www.xxjdxl.xyz',
  'accept' => 'text/html, image/gif, image/jpeg, *; q=.2, */*; q=.2',
  'connection' => 'keep-alive',
)
[ info ] [ PARAM ] array (
)
[ info ] [ CACHE ] INIT File
[ info ] [ DB ] INIT mysql
[ info ] [ RUN ] app\index\controller\Index->index[ /www/wwwroot/www.xxjdxl.xyz/application/index/controller/Index.php ]
[ info ] [ VIEW ] /www/wwwroot/www.xxjdxl.xyz/public/../application/index/view/index/index.html [ array (
  0 => 'navArr',
  1 => 'helpCateArr',
  2 => 'shopArtArr',
  3 => 'confArr',
  4 => 'foreCateArr',
  5 => 'showRight',
  6 => 'siteMast',
  7 => 'indexGoods',
  8 => 'recposCate',
  9 => 'notArts',
  10 => 'proArts',
  11 => 'brands',
  12 => 'sliders',
) ]
[ info ] [ LOG ] INIT File
[ sql ] [ DB ] CONNECT:[ UseTime:0.000659s ] mysql:host=127.0.0.1;port=3306;dbname=xyz;charset=utf8
[ sql ] [ SQL ] SHOW COLUMNS FROM `php_brand` [ RunTime:0.001541s ]
[ sql ] [ SQL ] SELECT * FROM `php_brand` ORDER BY id desc LIMIT 17 [ RunTime:0.000699s ]
[ sql ] [ SQL ] SHOW COLUMNS FROM `php_slider` [ RunTime:0.001214s ]
[ sql ] [ SQL ] SELECT * FROM `php_slider` WHERE  `status` = 1 ORDER BY sort desc [ RunTime:0.000431s ]
---------------------------------------------------------------
[ 2018-06-29T20:52:42+08:00 ] 203.209.232.149 POST /aliNotify
[ info ] www.xxjdxl.xyz/aliNotify [运行时间：0.366013s][吞吐率：2.73req/s] [内存消耗：4,283.68kb] [文件加载：65]
[ info ] [ LANG ] /www/wwwroot/www.xxjdxl.xyz/thinkphp/lang/zh-cn.php
[ info ] [ ROUTE ] array (
  'type' => 'module',
  'module' => 
  array (
    0 => 'index',
    1 => 'flow',
    2 => 'aliNotify',
  ),
  'convert' => false,
)
[ info ] [ HEADER ] array (
  'user-agent' => 'Mozilla/4.0',
  'host' => 'www.xxjdxl.xyz',
  'content-type' => 'application/x-www-form-urlencoded; charset=utf-8',
  'content-length' => '560',
)
[ info ] [ PARAM ] array (
  'discount' => '0.00',
  'payment_type' => '1',
  'trade_no' => '2018062821001004120581493785',
  'subject' => '1530188919586573',
  'buyer_email' => '980***@qq.com',
  'gmt_create' => '2018-06-28 20:28:47',
  'notify_type' => 'trade_status_sync',
  'quantity' => '1',
  'out_trade_no' => '1530188919586573',
  'seller_id' => '2088822745907673',
  'notify_time' => '2018-06-29 20:52:43',
  'trade_status' => 'TRADE_SUCCESS',
  'is_total_fee_adjust' => 'N',
  'total_fee' => '0.01',
  'gmt_payment' => '2018-06-28 20:28:53',
  'seller_email' => '13915348602',
  'price' => '0.01',
  'buyer_id' => '2088502828855122',
  'notify_id' => '39da98d841a1fc4b4b5196e54afb523gxh',
  'use_coupon' => 'N',
  'sign_type' => 'MD5',
  'sign' => 'd52d88ae00ddc5b8eeaf8ff4c0dc0b10',
)
[ info ] [ CACHE ] INIT File
[ info ] [ DB ] INIT mysql
[ info ] [ RUN ] app\index\controller\Flow->aliNotify[ /www/wwwroot/www.xxjdxl.xyz/application/index/controller/Flow.php ]
[ info ] [ LOG ] INIT File
[ sql ] [ DB ] CONNECT:[ UseTime:0.000616s ] mysql:host=127.0.0.1;port=3306;dbname=xyz;charset=utf8
[ sql ] [ SQL ] SHOW COLUMNS FROM `php_nav` [ RunTime:0.001674s ]
[ sql ] [ SQL ] SELECT * FROM `php_nav` ORDER BY sort desc [ RunTime:0.000471s ]
[ sql ] [ SQL ] SHOW COLUMNS FROM `php_cate` [ RunTime:0.001179s ]
[ sql ] [ SQL ] SELECT * FROM `php_cate` WHERE  `type` = 3 ORDER BY sort desc [ RunTime:0.000523s ]
[ sql ] [ SQL ] SHOW COLUMNS FROM `php_article` [ RunTime:0.001205s ]
[ sql ] [ SQL ] SELECT * FROM `php_article` WHERE  `cateId` = 11  AND `showStatus` = 1 [ RunTime:0.000556s ]
[ sql ] [ SQL ] SELECT * FROM `php_article` WHERE  `cateId` = 12  AND `showStatus` = 1 [ RunTime:0.000448s ]
[ sql ] [ SQL ] SELECT * FROM `php_article` WHERE  `cateId` = 22  AND `showStatus` = 1 [ RunTime:0.000447s ]
[ sql ] [ SQL ] SELECT * FROM `php_article` WHERE  `cateId` = 21  AND `showStatus` = 1 [ RunTime:0.000436s ]
[ sql ] [ SQL ] SELECT * FROM `php_article` WHERE  `cateId` = 23  AND `showStatus` = 1 [ RunTime:0.000399s ]
[ sql ] [ SQL ] SELECT `id`,`title` FROM `php_article` WHERE  `cateId` = 8 [ RunTime:0.000341s ]
[ sql ] [ SQL ] SHOW COLUMNS FROM `php_conf` [ RunTime:0.001044s ]
[ sql ] [ SQL ] SELECT `enName`,`value` FROM `php_conf` [ RunTime:0.000301s ]
[ sql ] [ SQL ] SHOW COLUMNS FROM `php_category` [ RunTime:0.001046s ]
[ sql ] [ SQL ] SELECT * FROM `php_category` WHERE  `pid` = 0 [ RunTime:0.000370s ]
[ sql ] [ SQL ] SELECT * FROM `php_category` WHERE  `pid` = 1 [ RunTime:0.000396s ]
[ sql ] [ SQL ] SELECT * FROM `php_category` WHERE  `pid` = 4 [ RunTime:0.000438s ]
[ sql ] [ SQL ] SELECT * FROM `php_category` WHERE  `pid` = 27 [ RunTime:0.000357s ]
[ sql ] [ SQL ] SHOW COLUMNS FROM `php_order` [ RunTime:0.001560s ]
[ sql ] [ SQL ] UPDATE `php_order`  SET `payStatus`=2  WHERE  `outTradeNo` = '1530188919586573' [ RunTime:0.001941s ]
---------------------------------------------------------------
[ 2018-06-29T21:15:23+08:00 ] 123.179.15.15 GET /
[ info ] www.xxjdxl.xyz/ [运行时间：0.100037s][吞吐率：10.00req/s] [内存消耗：5,121.02kb] [文件加载：65]
[ info ] [ LANG ] /www/wwwroot/www.xxjdxl.xyz/thinkphp/lang/zh-cn.php
[ info ] [ ROUTE ] array (
  'type' => 'module',
  'module' => 
  array (
    0 => '',
    1 => NULL,
    2 => NULL,
  ),
)
[ info ] [ HEADER ] array (
  'host' => 'www.xxjdxl.xyz',
  'accept-language' => 'zh-CN,zh;q=0.8',
  'accept-encoding' => 'gzip, deflate, sdch',
  'accept' => 'text/html,application/xhtml+xml,application/xml;q=0.9,image/webp,*/*;q=0.8',
  'user-agent' => 'Mozilla/5.0 (iPhone; CPU iPhone OS 9_1 like Mac OS X) AppleWebKit/601.1.46 (KHTML, like Gecko) Version/9.0 Mobile/13B143 Safari/601.1',
  'connection' => 'close',
  'upgrade-insecure-requests' => '1',
)
[ info ] [ PARAM ] array (
)
[ info ] [ CACHE ] INIT File
[ info ] [ DB ] INIT mysql
[ info ] [ RUN ] app\index\controller\Index->index[ /www/wwwroot/www.xxjdxl.xyz/application/index/controller/Index.php ]
[ info ] [ VIEW ] /www/wwwroot/www.xxjdxl.xyz/public/../application/index/view/index/index.html [ array (
  0 => 'navArr',
  1 => 'helpCateArr',
  2 => 'shopArtArr',
  3 => 'confArr',
  4 => 'foreCateArr',
  5 => 'showRight',
  6 => 'siteMast',
  7 => 'indexGoods',
  8 => 'recposCate',
  9 => 'notArts',
  10 => 'proArts',
  11 => 'brands',
  12 => 'sliders',
) ]
[ info ] [ LOG ] INIT File
[ sql ] [ DB ] CONNECT:[ UseTime:0.000561s ] mysql:host=127.0.0.1;port=3306;dbname=xyz;charset=utf8
[ sql ] [ SQL ] SHOW COLUMNS FROM `php_rec_item` [ RunTime:0.001433s ]
[ sql ] [ SQL ] SELECT * FROM `php_rec_item` WHERE  `valType` = 1  AND `recposId` = 8 [ RunTime:0.000544s ]
[ sql ] [ SQL ] SHOW COLUMNS FROM `php_goods` [ RunTime:0.001209s ]
[ sql ] [ SQL ] SELECT `id`,`goodsName`,`mdPic`,`shopPrice`,`marketPrice` FROM `php_goods` WHERE  `id` IN (40,39,38,37,36,35,34,33,32,31,17,24,25,26,27,28,29,30,41,42,44,45) ORDER BY id desc LIMIT 20 [ RunTime:0.000754s ]
[ sql ] [ SQL ] SELECT * FROM `php_rec_item` WHERE  `valType` = 2  AND `recposId` = 5 [ RunTime:0.000437s ]
[ sql ] [ SQL ] SHOW COLUMNS FROM `php_category` [ RunTime:0.000921s ]
[ sql ] [ SQL ] SELECT `id`,`cateName`,`pid` FROM `php_category` WHERE  `id` = 2  AND `pid` = 0 LIMIT 1 [ RunTime:0.000369s ]
[ sql ] [ SQL ] SELECT `id`,`cateName`,`pid` FROM `php_category` WHERE  `id` = 1  AND `pid` = 0 LIMIT 1 [ RunTime:0.000338s ]
[ sql ] [ SQL ] SELECT `id`,`cateName`,`pid` FROM `php_category` WHERE  `id` = 4  AND `pid` = 0 LIMIT 1 [ RunTime:0.000318s ]
[ sql ] [ SQL ] SELECT `id`,`cateName`,`pid` FROM `php_category` WHERE  `id` = 10  AND `pid` = 0 LIMIT 1 [ RunTime:0.000316s ]
[ sql ] [ SQL ] SELECT `id`,`cateName`,`pid` FROM `php_category` WHERE  `id` = 7  AND `pid` = 0 LIMIT 1 [ RunTime:0.000387s ]
[ sql ] [ SQL ] SELECT * FROM `php_category` [ RunTime:0.000393s ]
[ sql ] [ SQL ] SELECT `id` FROM `php_goods` WHERE  `cateId` = 1 [ RunTime:0.000430s ]
[ sql ] [ SQL ] SHOW COLUMNS FROM `php_goods_cat` [ RunTime:0.001148s ]
[ sql ] [ SQL ] SELECT DISTINCT goodsId id FROM `php_goods_cat` WHERE  `catId` IN (2,12,13,14,15,10,16,17,18,11,19,20,21,1) [ RunTime:0.000577s ]
[ sql ] [ SQL ] SELECT `valId` FROM `php_rec_item` WHERE  `valId` IN (17,26,27,28,29,31,32,34,35,36,37,41,44)  AND `recposId` = 4  AND `valType` = 1 [ RunTime:0.000398s ]
[ sql ] [ SQL ] SELECT * FROM `php_goods` WHERE  `onSale` = 1  AND `id` IN (26,17,27,28,29,31,32,34,35,36,37,41,44) ORDER BY id desc LIMIT 6 [ RunTime:0.000527s ]
[ sql ] [ SQL ] SHOW COLUMNS FROM `php_category_brands` [ RunTime:0.000999s ]
[ sql ] [ SQL ] SELECT * FROM `php_category_brands` WHERE  `cateId` = 1 LIMIT 1 [ RunTime:0.000323s ]
[ sql ] [ SQL ] SHOW COLUMNS FROM `php_brand` [ RunTime:0.000904s ]
[ sql ] [ SQL ] SELECT * FROM `php_brand` WHERE  `id` IN (16,17,18,19,20,21,22,23,24,25) [ RunTime:0.000431s ]
[ sql ] [ SQL ] SHOW COLUMNS FROM `php_category_ad` [ RunTime:0.000961s ]
[ sql ] [ SQL ] SELECT * FROM `php_category_ad` WHERE  `cateId` = 1  AND `position` = 1 ORDER BY id desc LIMIT 3 [ RunTime:0.000475s ]
[ sql ] [ SQL ] SELECT * FROM `php_category_ad` WHERE  `cateId` = 1  AND `position` = 2 ORDER BY id desc LIMIT 1 [ RunTime:0.000400s ]
[ sql ] [ SQL ] SELECT * FROM `php_category_ad` WHERE  `cateId` = 1  AND `position` = 3 ORDER BY id desc LIMIT 1 [ RunTime:0.000377s ]
[ sql ] [ SQL ] SELECT * FROM `php_rec_item` WHERE  `valType` = 2  AND `recposId` = 5 [ RunTime:0.000345s ]
[ sql ] [ SQL ] SELECT `id`,`cateName`,`pid` FROM `php_category` WHERE  `id` = 2  AND `pid` = 1 LIMIT 1 [ RunTime:0.000317s ]
[ sql ] [ SQL ] SELECT `id`,`cateName`,`pid` FROM `php_category` WHERE  `id` = 1  AND `pid` = 1 LIMIT 1 [ RunTime:0.000403s ]
[ sql ] [ SQL ] SELECT `id`,`cateName`,`pid` FROM `php_category` WHERE  `id` = 4  AND `pid` = 1 LIMIT 1 [ RunTime:0.000389s ]
[ sql ] [ SQL ] SELECT `id`,`cateName`,`pid` FROM `php_category` WHERE  `id` = 10  AND `pid` = 1 LIMIT 1 [ RunTime:0.000377s ]
[ sql ] [ SQL ] SELECT `id`,`cateName`,`pid` FROM `php_category` WHERE  `id` = 7  AND `pid` = 1 LIMIT 1 [ RunTime:0.000324s ]
[ sql ] [ SQL ] SELECT * FROM `php_category` [ RunTime:0.000361s ]
[ sql ] [ SQL ] SELECT `id` FROM `php_goods` WHERE  `cateId` = 2 [ RunTime:0.000320s ]
[ sql ] [ SQL ] SELECT DISTINCT goodsId id FROM `php_goods_cat` WHERE  `catId` IN (12,13,14,15,2) [ RunTime:0.000477s ]
[ sql ] [ SQL ] SELECT `valId` FROM `php_rec_item` WHERE  `valId` IN (17,28,31,32,34,44)  AND `recposId` = 7  AND `valType` = 1 [ RunTime:0.000351s ]
[ sql ] [ SQL ] SELECT * FROM `php_goods` WHERE  `onSale` = 1  AND `id` IN (17,28,31,32,34,44) ORDER BY id desc LIMIT 6 [ RunTime:0.000443s ]
[ sql ] [ SQL ] SELECT * FROM `php_category` [ RunTime:0.000360s ]
[ sql ] [ SQL ] SELECT `id` FROM `php_goods` WHERE  `cateId` = 10 [ RunTime:0.000315s ]
[ sql ] [ SQL ] SELECT DISTINCT goodsId id FROM `php_goods_cat` WHERE  `catId` IN (16,17,18,10) [ RunTime:0.000361s ]
[ sql ] [ SQL ] SELECT `valId` FROM `php_rec_item` WHERE  `valId` IN (17,27,29,31,37)  AND `recposId` = 7  AND `valType` = 1 [ RunTime:0.000344s ]
[ sql ] [ SQL ] SELECT * FROM `php_goods` WHERE  `onSale` = 1  AND `id` IN (17,27,29,31,37) ORDER BY id desc LIMIT 6 [ RunTime:0.000419s ]
[ sql ] [ SQL ] SELECT * FROM `php_category` [ RunTime:0.000333s ]
[ sql ] [ SQL ] SELECT `id` FROM `php_goods` WHERE  `cateId` = 4 [ RunTime:0.000337s ]
[ sql ] [ SQL ] SELECT DISTINCT goodsId id FROM `php_goods_cat` WHERE  `catId` IN (7,24,25,26,4) [ RunTime:0.000413s ]
[ sql ] [ SQL ] SELECT `valId` FROM `php_rec_item` WHERE  `valId` IN (24,25,30,33,38,39,42,40)  AND `recposId` = 4  AND `valType` = 1 [ RunTime:0.000364s ]
[ sql ] [ SQL ] SELECT * FROM `php_goods` WHERE  `onSale` = 1  AND `id` IN (24,25,30,33,38,39,40,42) ORDER BY id desc LIMIT 6 [ RunTime:0.000437s ]
[ sql ] [ SQL ] SELECT * FROM `php_category_brands` WHERE  `cateId` = 4 LIMIT 1 [ RunTime:0.000319s ]
[ sql ] [ SQL ] SELECT * FROM `php_brand` WHERE  `id` IN (1,8,7,9,10,11,12,13,14,15) [ RunTime:0.000381s ]
[ sql ] [ SQL ] SELECT * FROM `php_category_ad` WHERE  `cateId` = 4  AND `position` = 1 ORDER BY id desc LIMIT 3 [ RunTime:0.000411s ]
[ sql ] [ SQL ] SELECT * FROM `php_category_ad` WHERE  `cateId` = 4  AND `position` = 2 ORDER BY id desc LIMIT 1 [ RunTime:0.000358s ]
[ sql ] [ SQL ] SELECT * FROM `php_category_ad` WHERE  `cateId` = 4  AND `position` = 3 ORDER BY id desc LIMIT 1 [ RunTime:0.000356s ]
[ sql ] [ SQL ] SELECT * FROM `php_rec_item` WHERE  `valType` = 2  AND `recposId` = 5 [ RunTime:0.000333s ]
[ sql ] [ SQL ] SELECT `id`,`cateName`,`pid` FROM `php_category` WHERE  `id` = 2  AND `pid` = 4 LIMIT 1 [ RunTime:0.000336s ]
[ sql ] [ SQL ] SELECT `id`,`cateName`,`pid` FROM `php_category` WHERE  `id` = 1  AND `pid` = 4 LIMIT 1 [ RunTime:0.000309s ]
[ sql ] [ SQL ] SELECT `id`,`cateName`,`pid` FROM `php_category` WHERE  `id` = 4  AND `pid` = 4 LIMIT 1 [ RunTime:0.000304s ]
[ sql ] [ SQL ] SELECT `id`,`cateName`,`pid` FROM `php_category` WHERE  `id` = 10  AND `pid` = 4 LIMIT 1 [ RunTime:0.000315s ]
[ sql ] [ SQL ] SELECT `id`,`cateName`,`pid` FROM `php_category` WHERE  `id` = 7  AND `pid` = 4 LIMIT 1 [ RunTime:0.000310s ]
[ sql ] [ SQL ] SELECT * FROM `php_category` [ RunTime:0.000327s ]
[ sql ] [ SQL ] SELECT `id` FROM `php_goods` WHERE  `cateId` = 7 [ RunTime:0.000324s ]
[ sql ] [ SQL ] SELECT DISTINCT goodsId id FROM `php_goods_cat` WHERE  `catId` IN (24,25,26,7) [ RunTime:0.000372s ]
[ sql ] [ SQL ] SELECT `valId` FROM `php_rec_item` WHERE  `valId` IN (40,24,25,30,33,38,39,42)  AND `recposId` = 7  AND `valType` = 1 [ RunTime:0.000356s ]
[ sql ] [ SQL ] SELECT * FROM `php_goods` WHERE  `onSale` = 1  AND `id` IN (24,25,30,33,38,39,40,42) ORDER BY id desc LIMIT 6 [ RunTime:0.000426s ]
[ sql ] [ SQL ] SHOW COLUMNS FROM `php_article` [ RunTime:0.001086s ]
[ sql ] [ SQL ] SELECT `id`,`title` FROM `php_article` WHERE  `cateId` = 33 LIMIT 3 [ RunTime:0.000347s ]
[ sql ] [ SQL ] SELECT `id`,`title` FROM `php_article` WHERE  `cateId` = 34 LIMIT 3 [ RunTime:0.000318s ]
[ sql ] [ SQL ] SELECT * FROM `php_brand` ORDER BY id desc LIMIT 17 [ RunTime:0.000445s ]
[ sql ] [ SQL ] SHOW COLUMNS FROM `php_slider` [ RunTime:0.000925s ]
[ sql ] [ SQL ] SELECT * FROM `php_slider` WHERE  `status` = 1 ORDER BY sort desc [ RunTime:0.000354s ]
---------------------------------------------------------------
[ 2018-06-29T21:29:32+08:00 ] 203.209.232.63 POST /aliNotify
[ info ] www.xxjdxl.xyz/aliNotify [运行时间：0.256968s][吞吐率：3.89req/s] [内存消耗：4,316.96kb] [文件加载：64]
[ info ] [ LANG ] /www/wwwroot/www.xxjdxl.xyz/thinkphp/lang/zh-cn.php
[ info ] [ ROUTE ] array (
  'type' => 'module',
  'module' => 
  array (
    0 => 'index',
    1 => 'flow',
    2 => 'aliNotify',
  ),
  'convert' => false,
)
[ info ] [ HEADER ] array (
  'user-agent' => 'Mozilla/4.0',
  'host' => 'www.xxjdxl.xyz',
  'content-type' => 'application/x-www-form-urlencoded; charset=utf-8',
  'content-length' => '560',
)
[ info ] [ PARAM ] array (
  'discount' => '0.00',
  'payment_type' => '1',
  'trade_no' => '2018062821001004120581246461',
  'subject' => '1530191131163690',
  'buyer_email' => '980***@qq.com',
  'gmt_create' => '2018-06-28 21:05:40',
  'notify_type' => 'trade_status_sync',
  'quantity' => '1',
  'out_trade_no' => '1530191131163690',
  'seller_id' => '2088822745907673',
  'notify_time' => '2018-06-29 21:29:33',
  'trade_status' => 'TRADE_SUCCESS',
  'is_total_fee_adjust' => 'N',
  'total_fee' => '0.01',
  'gmt_payment' => '2018-06-28 21:05:43',
  'seller_email' => '13915348602',
  'price' => '0.01',
  'buyer_id' => '2088502828855122',
  'notify_id' => 'f606e4090ed1efb8a0912a2bfcc6170gxh',
  'use_coupon' => 'N',
  'sign_type' => 'MD5',
  'sign' => 'd263019ed6d253241cd07a84a1e146a3',
)
[ info ] [ CACHE ] INIT File
[ info ] [ DB ] INIT mysql
[ info ] [ RUN ] app\index\controller\Flow->aliNotify[ /www/wwwroot/www.xxjdxl.xyz/application/index/controller/Flow.php ]
[ info ] [ LOG ] INIT File
[ sql ] [ DB ] CONNECT:[ UseTime:0.000671s ] mysql:host=127.0.0.1;port=3306;dbname=xyz;charset=utf8
[ sql ] [ SQL ] SHOW COLUMNS FROM `php_order` [ RunTime:0.001586s ]
[ sql ] [ SQL ] UPDATE `php_order`  SET `payStatus`=2  WHERE  `outTradeNo` = '1530191131163690' [ RunTime:0.001386s ]
