---------------------------------------------------------------
[ 2018-05-26T05:16:50+08:00 ] 127.0.0.1 GET /
[ info ] www.myshop.com/ [运行时间：0.190201s][吞吐率：5.26req/s] [内存消耗：7,142.91kb] [文件加载：67]
[ info ] [ LANG ] K:\AMP\day\myshop\thinkphp\lang\zh-cn.php
[ info ] [ ROUTE ] array (
  'type' => 'module',
  'module' => 
  array (
    0 => '',
    1 => NULL,
    2 => NULL,
  ),
)
[ info ] [ HEADER ] array (
  'host' => 'www.myshop.com',
  'connection' => 'keep-alive',
  'upgrade-insecure-requests' => '1',
  'user-agent' => 'Mozilla/5.0 (Windows NT 10.0; Win64; x64) AppleWebKit/537.36 (KHTML, like Gecko) Chrome/66.0.3359.181 Safari/537.36',
  'accept' => 'text/html,application/xhtml+xml,application/xml;q=0.9,image/webp,image/apng,*/*;q=0.8',
  'accept-encoding' => 'gzip, deflate',
  'accept-language' => 'zh-CN,zh;q=0.9',
  'cookie' => 'sidebar-fixed=false; breadcrumbs-fixed=false; page-header-fixed=false; navbar-fixed-top=false; cart=a%3A8%3A%7Bs%3A8%3A%2245-46%2C42%22%3Bi%3A7%3Bs%3A8%3A%2245-47%2C44%22%3Bi%3A2%3Bs%3A8%3A%2245-49%2C45%22%3Bi%3A1%3Bs%3A8%3A%2245-46%2C44%22%3Bi%3A1%3Bs%3A8%3A%2245-48%2C43%22%3Bi%3A1%3Bs%3A8%3A%2245-47%2C45%22%3Bi%3A1%3Bs%3A8%3A%2245-46%2C45%22%3Bi%3A1%3Bs%3A8%3A%2245-46%2C43%22%3Bi%3A1%3B%7D',
)
[ info ] [ PARAM ] array (
)
[ info ] [ CACHE ] INIT File
[ info ] [ DB ] INIT mysql
[ info ] [ RUN ] app\index\controller\Index->index[ K:\AMP\day\myshop\application\index\controller\Index.php ]
[ info ] [ VIEW ] K:\AMP\day\myshop\public/../application/index\view\index\index.html [ array (
  0 => 'navArr',
  1 => 'helpCateArr',
  2 => 'shopArtArr',
  3 => 'confArr',
  4 => 'foreCateArr',
  5 => 'showRight',
  6 => 'siteMast',
  7 => 'indexGoods',
  8 => 'recposCate',
  9 => 'notArts',
  10 => 'proArts',
  11 => 'brands',
  12 => 'sliders',
) ]
[ info ] [ LOG ] INIT File
[ sql ] [ DB ] CONNECT:[ UseTime:0.006129s ] mysql:host=127.0.0.1;port=3306;dbname=myshop;charset=utf8
[ sql ] [ SQL ] SHOW COLUMNS FROM `php_nav` [ RunTime:0.004465s ]
[ sql ] [ SQL ] SELECT * FROM `php_nav` ORDER BY sort desc [ RunTime:0.000361s ]
[ sql ] [ SQL ] SHOW COLUMNS FROM `php_cate` [ RunTime:0.001269s ]
[ sql ] [ SQL ] SELECT * FROM `php_cate` WHERE  `type` = 3 ORDER BY sort desc [ RunTime:0.000396s ]
[ sql ] [ SQL ] SHOW COLUMNS FROM `php_article` [ RunTime:0.001028s ]
[ sql ] [ SQL ] SELECT * FROM `php_article` WHERE  `cateId` = 11  AND `showStatus` = 1 [ RunTime:0.000538s ]
[ sql ] [ SQL ] SELECT * FROM `php_article` WHERE  `cateId` = 12  AND `showStatus` = 1 [ RunTime:0.000265s ]
[ sql ] [ SQL ] SELECT * FROM `php_article` WHERE  `cateId` = 22  AND `showStatus` = 1 [ RunTime:0.000223s ]
[ sql ] [ SQL ] SELECT * FROM `php_article` WHERE  `cateId` = 21  AND `showStatus` = 1 [ RunTime:0.000221s ]
[ sql ] [ SQL ] SELECT * FROM `php_article` WHERE  `cateId` = 23  AND `showStatus` = 1 [ RunTime:0.000221s ]
[ sql ] [ SQL ] SELECT `id`,`title` FROM `php_article` WHERE  `cateId` = 8 [ RunTime:0.000201s ]
[ sql ] [ SQL ] SHOW COLUMNS FROM `php_conf` [ RunTime:0.001037s ]
[ sql ] [ SQL ] SELECT `enName`,`value` FROM `php_conf` [ RunTime:0.000349s ]
[ sql ] [ SQL ] SHOW COLUMNS FROM `php_category` [ RunTime:0.001003s ]
[ sql ] [ SQL ] SELECT * FROM `php_category` WHERE  `pid` = 0 [ RunTime:0.000394s ]
[ sql ] [ SQL ] SELECT * FROM `php_category` WHERE  `pid` = 1 [ RunTime:0.000216s ]
[ sql ] [ SQL ] SELECT * FROM `php_category` WHERE  `pid` = 4 [ RunTime:0.000198s ]
[ sql ] [ SQL ] SELECT * FROM `php_category` WHERE  `pid` = 27 [ RunTime:0.000192s ]
[ sql ] [ SQL ] SHOW COLUMNS FROM `php_rec_item` [ RunTime:0.000847s ]
[ sql ] [ SQL ] SELECT * FROM `php_rec_item` WHERE  `valType` = 1  AND `recposId` = 8 [ RunTime:0.000403s ]
[ sql ] [ SQL ] SHOW COLUMNS FROM `php_goods` [ RunTime:0.004353s ]
[ sql ] [ SQL ] SELECT `id`,`goodsName`,`mdPic`,`shopPrice`,`marketPrice` FROM `php_goods` WHERE  `id` IN (40,39,38,37,36,35,34,33,32,31,17,24,25,26,27,28,29,30,41,42,44,45) ORDER BY id desc LIMIT 20 [ RunTime:0.000571s ]
[ sql ] [ SQL ] SELECT * FROM `php_rec_item` WHERE  `valType` = 2  AND `recposId` = 5 [ RunTime:0.000336s ]
[ sql ] [ SQL ] SELECT `id`,`cateName`,`pid` FROM `php_category` WHERE  `id` = 2  AND `pid` = 0 LIMIT 1 [ RunTime:0.000253s ]
[ sql ] [ SQL ] SELECT `id`,`cateName`,`pid` FROM `php_category` WHERE  `id` = 1  AND `pid` = 0 LIMIT 1 [ RunTime:0.000197s ]
[ sql ] [ SQL ] SELECT `id`,`cateName`,`pid` FROM `php_category` WHERE  `id` = 4  AND `pid` = 0 LIMIT 1 [ RunTime:0.000193s ]
[ sql ] [ SQL ] SELECT `id`,`cateName`,`pid` FROM `php_category` WHERE  `id` = 10  AND `pid` = 0 LIMIT 1 [ RunTime:0.000186s ]
[ sql ] [ SQL ] SELECT `id`,`cateName`,`pid` FROM `php_category` WHERE  `id` = 7  AND `pid` = 0 LIMIT 1 [ RunTime:0.000182s ]
[ sql ] [ SQL ] SELECT * FROM `php_category` [ RunTime:0.000225s ]
[ sql ] [ SQL ] SELECT `id` FROM `php_goods` WHERE  `cateId` = 1 [ RunTime:0.000465s ]
[ sql ] [ SQL ] SHOW COLUMNS FROM `php_goods_cat` [ RunTime:0.002350s ]
[ sql ] [ SQL ] SELECT DISTINCT goodsId id FROM `php_goods_cat` WHERE  `catId` IN (2,12,13,14,15,10,16,17,18,11,19,20,21,1) [ RunTime:0.001785s ]
[ sql ] [ SQL ] SELECT `valId` FROM `php_rec_item` WHERE  `valId` IN (17,26,27,28,29,31,32,34,35,36,37,41,44)  AND `recposId` = 4  AND `valType` = 1 [ RunTime:0.000317s ]
[ sql ] [ SQL ] SELECT * FROM `php_goods` WHERE  `onSale` = 1  AND `id` IN (26,17,27,28,29,31,32,34,35,36,37,41,44) ORDER BY id desc LIMIT 6 [ RunTime:0.000390s ]
[ sql ] [ SQL ] SHOW COLUMNS FROM `php_category_brands` [ RunTime:0.000990s ]
[ sql ] [ SQL ] SELECT * FROM `php_category_brands` WHERE  `cateId` = 1 LIMIT 1 [ RunTime:0.000240s ]
[ sql ] [ SQL ] SHOW COLUMNS FROM `php_brand` [ RunTime:0.001090s ]
[ sql ] [ SQL ] SELECT * FROM `php_brand` WHERE  `id` IN (16,17,18,19,20,21,22,23,24,25) [ RunTime:0.000474s ]
[ sql ] [ SQL ] SHOW COLUMNS FROM `php_category_ad` [ RunTime:0.000960s ]
[ sql ] [ SQL ] SELECT * FROM `php_category_ad` WHERE  `cateId` = 1  AND `position` = 1 ORDER BY id desc LIMIT 3 [ RunTime:0.000661s ]
[ sql ] [ SQL ] SELECT * FROM `php_category_ad` WHERE  `cateId` = 1  AND `position` = 2 ORDER BY id desc LIMIT 1 [ RunTime:0.000249s ]
[ sql ] [ SQL ] SELECT * FROM `php_category_ad` WHERE  `cateId` = 1  AND `position` = 3 ORDER BY id desc LIMIT 1 [ RunTime:0.000222s ]
[ sql ] [ SQL ] SELECT * FROM `php_rec_item` WHERE  `valType` = 2  AND `recposId` = 5 [ RunTime:0.000200s ]
[ sql ] [ SQL ] SELECT `id`,`cateName`,`pid` FROM `php_category` WHERE  `id` = 2  AND `pid` = 1 LIMIT 1 [ RunTime:0.000196s ]
[ sql ] [ SQL ] SELECT `id`,`cateName`,`pid` FROM `php_category` WHERE  `id` = 1  AND `pid` = 1 LIMIT 1 [ RunTime:0.000187s ]
[ sql ] [ SQL ] SELECT `id`,`cateName`,`pid` FROM `php_category` WHERE  `id` = 4  AND `pid` = 1 LIMIT 1 [ RunTime:0.000198s ]
[ sql ] [ SQL ] SELECT `id`,`cateName`,`pid` FROM `php_category` WHERE  `id` = 10  AND `pid` = 1 LIMIT 1 [ RunTime:0.000190s ]
[ sql ] [ SQL ] SELECT `id`,`cateName`,`pid` FROM `php_category` WHERE  `id` = 7  AND `pid` = 1 LIMIT 1 [ RunTime:0.000184s ]
[ sql ] [ SQL ] SELECT * FROM `php_category` [ RunTime:0.000196s ]
[ sql ] [ SQL ] SELECT `id` FROM `php_goods` WHERE  `cateId` = 2 [ RunTime:0.000196s ]
[ sql ] [ SQL ] SELECT DISTINCT goodsId id FROM `php_goods_cat` WHERE  `catId` IN (12,13,14,15,2) [ RunTime:0.000262s ]
[ sql ] [ SQL ] SELECT `valId` FROM `php_rec_item` WHERE  `valId` IN (17,28,31,32,34,44)  AND `recposId` = 7  AND `valType` = 1 [ RunTime:0.000263s ]
[ sql ] [ SQL ] SELECT * FROM `php_goods` WHERE  `onSale` = 1  AND `id` IN (17,28,31,32,34,44) ORDER BY id desc LIMIT 6 [ RunTime:0.000323s ]
[ sql ] [ SQL ] SELECT * FROM `php_category` [ RunTime:0.000198s ]
[ sql ] [ SQL ] SELECT `id` FROM `php_goods` WHERE  `cateId` = 10 [ RunTime:0.000190s ]
[ sql ] [ SQL ] SELECT DISTINCT goodsId id FROM `php_goods_cat` WHERE  `catId` IN (16,17,18,10) [ RunTime:0.000259s ]
[ sql ] [ SQL ] SELECT `valId` FROM `php_rec_item` WHERE  `valId` IN (17,27,29,31,37)  AND `recposId` = 7  AND `valType` = 1 [ RunTime:0.000237s ]
[ sql ] [ SQL ] SELECT * FROM `php_goods` WHERE  `onSale` = 1  AND `id` IN (17,27,29,31,37) ORDER BY id desc LIMIT 6 [ RunTime:0.000304s ]
[ sql ] [ SQL ] SELECT * FROM `php_category` [ RunTime:0.000201s ]
[ sql ] [ SQL ] SELECT `id` FROM `php_goods` WHERE  `cateId` = 4 [ RunTime:0.000199s ]
[ sql ] [ SQL ] SELECT DISTINCT goodsId id FROM `php_goods_cat` WHERE  `catId` IN (7,24,25,26,4) [ RunTime:0.000253s ]
[ sql ] [ SQL ] SELECT `valId` FROM `php_rec_item` WHERE  `valId` IN (24,25,30,33,38,39,42,40)  AND `recposId` = 4  AND `valType` = 1 [ RunTime:0.000259s ]
[ sql ] [ SQL ] SELECT * FROM `php_goods` WHERE  `onSale` = 1  AND `id` IN (24,25,30,33,38,39,40,42) ORDER BY id desc LIMIT 6 [ RunTime:0.000321s ]
[ sql ] [ SQL ] SELECT * FROM `php_category_brands` WHERE  `cateId` = 4 LIMIT 1 [ RunTime:0.000199s ]
[ sql ] [ SQL ] SELECT * FROM `php_brand` WHERE  `id` IN (1,8,7,9,10,11,12,13,14,15) [ RunTime:0.000304s ]
[ sql ] [ SQL ] SELECT * FROM `php_category_ad` WHERE  `cateId` = 4  AND `position` = 1 ORDER BY id desc LIMIT 3 [ RunTime:0.000275s ]
[ sql ] [ SQL ] SELECT * FROM `php_category_ad` WHERE  `cateId` = 4  AND `position` = 2 ORDER BY id desc LIMIT 1 [ RunTime:0.000228s ]
[ sql ] [ SQL ] SELECT * FROM `php_category_ad` WHERE  `cateId` = 4  AND `position` = 3 ORDER BY id desc LIMIT 1 [ RunTime:0.000248s ]
[ sql ] [ SQL ] SELECT * FROM `php_rec_item` WHERE  `valType` = 2  AND `recposId` = 5 [ RunTime:0.000201s ]
[ sql ] [ SQL ] SELECT `id`,`cateName`,`pid` FROM `php_category` WHERE  `id` = 2  AND `pid` = 4 LIMIT 1 [ RunTime:0.000200s ]
[ sql ] [ SQL ] SELECT `id`,`cateName`,`pid` FROM `php_category` WHERE  `id` = 1  AND `pid` = 4 LIMIT 1 [ RunTime:0.000195s ]
[ sql ] [ SQL ] SELECT `id`,`cateName`,`pid` FROM `php_category` WHERE  `id` = 4  AND `pid` = 4 LIMIT 1 [ RunTime:0.000259s ]
[ sql ] [ SQL ] SELECT `id`,`cateName`,`pid` FROM `php_category` WHERE  `id` = 10  AND `pid` = 4 LIMIT 1 [ RunTime:0.000191s ]
[ sql ] [ SQL ] SELECT `id`,`cateName`,`pid` FROM `php_category` WHERE  `id` = 7  AND `pid` = 4 LIMIT 1 [ RunTime:0.000188s ]
[ sql ] [ SQL ] SELECT * FROM `php_category` [ RunTime:0.000199s ]
[ sql ] [ SQL ] SELECT `id` FROM `php_goods` WHERE  `cateId` = 7 [ RunTime:0.000226s ]
[ sql ] [ SQL ] SELECT DISTINCT goodsId id FROM `php_goods_cat` WHERE  `catId` IN (24,25,26,7) [ RunTime:0.000259s ]
[ sql ] [ SQL ] SELECT `valId` FROM `php_rec_item` WHERE  `valId` IN (40,24,25,30,33,38,39,42)  AND `recposId` = 7  AND `valType` = 1 [ RunTime:0.000260s ]
[ sql ] [ SQL ] SELECT * FROM `php_goods` WHERE  `onSale` = 1  AND `id` IN (24,25,30,33,38,39,40,42) ORDER BY id desc LIMIT 6 [ RunTime:0.000341s ]
[ sql ] [ SQL ] SELECT `id`,`title` FROM `php_article` WHERE  `cateId` = 33 LIMIT 3 [ RunTime:0.000238s ]
[ sql ] [ SQL ] SELECT `id`,`title` FROM `php_article` WHERE  `cateId` = 34 LIMIT 3 [ RunTime:0.000203s ]
[ sql ] [ SQL ] SELECT * FROM `php_brand` ORDER BY id desc LIMIT 17 [ RunTime:0.000266s ]
[ sql ] [ SQL ] SHOW COLUMNS FROM `php_slider` [ RunTime:0.001056s ]
[ sql ] [ SQL ] SELECT * FROM `php_slider` WHERE  `status` = 1 ORDER BY sort desc [ RunTime:0.000420s ]
---------------------------------------------------------------
[ 2018-05-26T05:16:50+08:00 ] 127.0.0.1 POST /checkLogin.html
[ info ] www.myshop.com/checkLogin.html [运行时间：0.064492s][吞吐率：15.51req/s] [内存消耗：5,841.42kb] [文件加载：61]
[ info ] [ LANG ] K:\AMP\day\myshop\thinkphp\lang\zh-cn.php
[ info ] [ ROUTE ] array (
  'type' => 'module',
  'module' => 
  array (
    0 => 'member',
    1 => 'account',
    2 => 'checkLogin',
  ),
  'convert' => false,
)
[ info ] [ HEADER ] array (
  'host' => 'www.myshop.com',
  'connection' => 'keep-alive',
  'content-length' => '0',
  'accept' => '*/*',
  'origin' => 'http://www.myshop.com',
  'x-requested-with' => 'XMLHttpRequest',
  'user-agent' => 'Mozilla/5.0 (Windows NT 10.0; Win64; x64) AppleWebKit/537.36 (KHTML, like Gecko) Chrome/66.0.3359.181 Safari/537.36',
  'referer' => 'http://www.myshop.com/',
  'accept-encoding' => 'gzip, deflate',
  'accept-language' => 'zh-CN,zh;q=0.9',
  'cookie' => 'sidebar-fixed=false; breadcrumbs-fixed=false; page-header-fixed=false; navbar-fixed-top=false; cart=a%3A8%3A%7Bs%3A8%3A%2245-46%2C42%22%3Bi%3A7%3Bs%3A8%3A%2245-47%2C44%22%3Bi%3A2%3Bs%3A8%3A%2245-49%2C45%22%3Bi%3A1%3Bs%3A8%3A%2245-46%2C44%22%3Bi%3A1%3Bs%3A8%3A%2245-48%2C43%22%3Bi%3A1%3Bs%3A8%3A%2245-47%2C45%22%3Bi%3A1%3Bs%3A8%3A%2245-46%2C45%22%3Bi%3A1%3Bs%3A8%3A%2245-46%2C43%22%3Bi%3A1%3B%7D',
)
[ info ] [ PARAM ] array (
)
[ info ] [ CACHE ] INIT File
[ info ] [ DB ] INIT mysql
[ info ] [ RUN ] app\member\controller\Account->checkLogin[ K:\AMP\day\myshop\application\member\controller\Account.php ]
[ info ] [ SESSION ] INIT array (
  'type' => 'Mysql',
  'auto_start' => true,
  'session_expire' => 3600,
  'session_prefix' => 'php_',
  'table_name' => 'session',
  'database' => 
  array (
    'hostname' => '127.0.0.1',
    'database' => 'mybike',
    'username' => 'root',
    'password' => '123',
    'hostport' => '3306',
    'prefix' => 'php_',
    'charset' => 'utf8',
  ),
)
[ info ] [ DB ] INIT mysql
[ info ] [ LOG ] INIT File
[ sql ] [ DB ] CONNECT:[ UseTime:0.000893s ] mysql:host=127.0.0.1;port=3306;dbname=mybike;charset=utf8
[ sql ] [ SQL ] SELECT session_data FROM php_session WHERE session_id = 'php_c62hhrq211nbk3panfe5v8mue5' AND session_expire > '1527283010' [ RunTime:0.007900s ]
---------------------------------------------------------------
[ 2018-05-26T05:16:50+08:00 ] 127.0.0.1 POST /getCartNum.html
[ info ] www.myshop.com/getCartNum.html [运行时间：0.057495s][吞吐率：17.39req/s] [内存消耗：5,604.97kb] [文件加载：60]
[ info ] [ LANG ] K:\AMP\day\myshop\thinkphp\lang\zh-cn.php
[ info ] [ ROUTE ] array (
  'type' => 'module',
  'module' => 
  array (
    0 => 'index',
    1 => 'flow',
    2 => 'getCartNum',
  ),
  'convert' => false,
)
[ info ] [ HEADER ] array (
  'host' => 'www.myshop.com',
  'connection' => 'keep-alive',
  'content-length' => '0',
  'accept' => '*/*',
  'origin' => 'http://www.myshop.com',
  'x-requested-with' => 'XMLHttpRequest',
  'user-agent' => 'Mozilla/5.0 (Windows NT 10.0; Win64; x64) AppleWebKit/537.36 (KHTML, like Gecko) Chrome/66.0.3359.181 Safari/537.36',
  'referer' => 'http://www.myshop.com/',
  'accept-encoding' => 'gzip, deflate',
  'accept-language' => 'zh-CN,zh;q=0.9',
  'cookie' => 'sidebar-fixed=false; breadcrumbs-fixed=false; page-header-fixed=false; navbar-fixed-top=false; cart=a%3A8%3A%7Bs%3A8%3A%2245-46%2C42%22%3Bi%3A7%3Bs%3A8%3A%2245-47%2C44%22%3Bi%3A2%3Bs%3A8%3A%2245-49%2C45%22%3Bi%3A1%3Bs%3A8%3A%2245-46%2C44%22%3Bi%3A1%3Bs%3A8%3A%2245-48%2C43%22%3Bi%3A1%3Bs%3A8%3A%2245-47%2C45%22%3Bi%3A1%3Bs%3A8%3A%2245-46%2C45%22%3Bi%3A1%3Bs%3A8%3A%2245-46%2C43%22%3Bi%3A1%3B%7D',
)
[ info ] [ PARAM ] array (
)
[ info ] [ CACHE ] INIT File
[ info ] [ DB ] INIT mysql
[ info ] [ RUN ] app\index\controller\Flow->getCartNum[ K:\AMP\day\myshop\application\index\controller\Flow.php ]
[ info ] [ LOG ] INIT File
---------------------------------------------------------------
[ 2018-05-26T05:17:01+08:00 ] 127.0.0.1 GET /cart
[ info ] www.myshop.com/cart [运行时间：0.100872s][吞吐率：9.91req/s] [内存消耗：6,159.31kb] [文件加载：66]
[ info ] [ LANG ] K:\AMP\day\myshop\thinkphp\lang\zh-cn.php
[ info ] [ ROUTE ] array (
  'type' => 'module',
  'module' => 
  array (
    0 => 'index',
    1 => 'flow',
    2 => 'cart',
  ),
  'convert' => false,
)
[ info ] [ HEADER ] array (
  'host' => 'www.myshop.com',
  'connection' => 'keep-alive',
  'upgrade-insecure-requests' => '1',
  'user-agent' => 'Mozilla/5.0 (Windows NT 10.0; Win64; x64) AppleWebKit/537.36 (KHTML, like Gecko) Chrome/66.0.3359.181 Safari/537.36',
  'accept' => 'text/html,application/xhtml+xml,application/xml;q=0.9,image/webp,image/apng,*/*;q=0.8',
  'accept-encoding' => 'gzip, deflate',
  'accept-language' => 'zh-CN,zh;q=0.9',
  'cookie' => 'sidebar-fixed=false; breadcrumbs-fixed=false; page-header-fixed=false; navbar-fixed-top=false; cart=a%3A8%3A%7Bs%3A8%3A%2245-46%2C42%22%3Bi%3A7%3Bs%3A8%3A%2245-47%2C44%22%3Bi%3A2%3Bs%3A8%3A%2245-49%2C45%22%3Bi%3A1%3Bs%3A8%3A%2245-46%2C44%22%3Bi%3A1%3Bs%3A8%3A%2245-48%2C43%22%3Bi%3A1%3Bs%3A8%3A%2245-47%2C45%22%3Bi%3A1%3Bs%3A8%3A%2245-46%2C45%22%3Bi%3A1%3Bs%3A8%3A%2245-46%2C43%22%3Bi%3A1%3B%7D; PHPSESSID=c62hhrq211nbk3panfe5v8mue5; thinkphp_show_page_trace=0|0',
)
[ info ] [ PARAM ] array (
)
[ info ] [ CACHE ] INIT File
[ info ] [ DB ] INIT mysql
[ info ] [ RUN ] app\index\controller\Flow->cart[ K:\AMP\day\myshop\application\index\controller\Flow.php ]
[ info ] [ SESSION ] INIT array (
  'type' => 'Mysql',
  'auto_start' => true,
  'session_expire' => 3600,
  'session_prefix' => 'php_',
  'table_name' => 'session',
  'database' => 
  array (
    'hostname' => '127.0.0.1',
    'database' => 'mybike',
    'username' => 'root',
    'password' => '123',
    'hostport' => '3306',
    'prefix' => 'php_',
    'charset' => 'utf8',
  ),
)
[ info ] [ DB ] INIT mysql
[ info ] [ VIEW ] K:\AMP\day\myshop\public/../application/index\view\flow\cart.html [ array (
  0 => 'navArr',
  1 => 'helpCateArr',
  2 => 'shopArtArr',
  3 => 'confArr',
  4 => 'foreCateArr',
  5 => 'goodsList',
  6 => 'goodsNum',
) ]
[ info ] [ LOG ] INIT File
[ sql ] [ DB ] CONNECT:[ UseTime:0.000843s ] mysql:host=127.0.0.1;port=3306;dbname=myshop;charset=utf8
[ sql ] [ SQL ] SHOW COLUMNS FROM `php_goods` [ RunTime:0.003578s ]
[ sql ] [ SQL ] SELECT `id`,`goodsName`,`mdPic`,`shopPrice` FROM `php_goods` WHERE  `id` = 45 LIMIT 1 [ RunTime:0.000408s ]
[ sql ] [ DB ] CONNECT:[ UseTime:0.000605s ] mysql:host=127.0.0.1;port=3306;dbname=mybike;charset=utf8
[ sql ] [ SQL ] SELECT session_data FROM php_session WHERE session_id = 'php_c62hhrq211nbk3panfe5v8mue5' AND session_expire > '1527283021' [ RunTime:0.001812s ]
[ sql ] [ SQL ] SHOW COLUMNS FROM `php_goods_attr` [ RunTime:0.002415s ]
[ sql ] [ SQL ] SELECT `a`.*,`b`.`attrName` FROM `php_goods_attr` `a` LEFT JOIN `php_attr` `b` ON `a`.`attrId`=`b`.`id` WHERE  `a`.`id` IN ('46','42') [ RunTime:0.001075s ]
[ sql ] [ SQL ] SELECT `id`,`goodsName`,`mdPic`,`shopPrice` FROM `php_goods` WHERE  `id` = 45 LIMIT 1 [ RunTime:0.000341s ]
[ sql ] [ SQL ] SELECT `a`.*,`b`.`attrName` FROM `php_goods_attr` `a` LEFT JOIN `php_attr` `b` ON `a`.`attrId`=`b`.`id` WHERE  `a`.`id` IN ('47','44') [ RunTime:0.000476s ]
[ sql ] [ SQL ] SELECT `id`,`goodsName`,`mdPic`,`shopPrice` FROM `php_goods` WHERE  `id` = 45 LIMIT 1 [ RunTime:0.000428s ]
[ sql ] [ SQL ] SELECT `a`.*,`b`.`attrName` FROM `php_goods_attr` `a` LEFT JOIN `php_attr` `b` ON `a`.`attrId`=`b`.`id` WHERE  `a`.`id` IN ('49','45') [ RunTime:0.000522s ]
[ sql ] [ SQL ] SELECT `id`,`goodsName`,`mdPic`,`shopPrice` FROM `php_goods` WHERE  `id` = 45 LIMIT 1 [ RunTime:0.000300s ]
[ sql ] [ SQL ] SELECT `a`.*,`b`.`attrName` FROM `php_goods_attr` `a` LEFT JOIN `php_attr` `b` ON `a`.`attrId`=`b`.`id` WHERE  `a`.`id` IN ('46','44') [ RunTime:0.000272s ]
[ sql ] [ SQL ] SELECT `id`,`goodsName`,`mdPic`,`shopPrice` FROM `php_goods` WHERE  `id` = 45 LIMIT 1 [ RunTime:0.000230s ]
[ sql ] [ SQL ] SELECT `a`.*,`b`.`attrName` FROM `php_goods_attr` `a` LEFT JOIN `php_attr` `b` ON `a`.`attrId`=`b`.`id` WHERE  `a`.`id` IN ('48','43') [ RunTime:0.000244s ]
[ sql ] [ SQL ] SELECT `id`,`goodsName`,`mdPic`,`shopPrice` FROM `php_goods` WHERE  `id` = 45 LIMIT 1 [ RunTime:0.000189s ]
[ sql ] [ SQL ] SELECT `a`.*,`b`.`attrName` FROM `php_goods_attr` `a` LEFT JOIN `php_attr` `b` ON `a`.`attrId`=`b`.`id` WHERE  `a`.`id` IN ('47','45') [ RunTime:0.000302s ]
[ sql ] [ SQL ] SELECT `id`,`goodsName`,`mdPic`,`shopPrice` FROM `php_goods` WHERE  `id` = 45 LIMIT 1 [ RunTime:0.000206s ]
[ sql ] [ SQL ] SELECT `a`.*,`b`.`attrName` FROM `php_goods_attr` `a` LEFT JOIN `php_attr` `b` ON `a`.`attrId`=`b`.`id` WHERE  `a`.`id` IN ('46','45') [ RunTime:0.000245s ]
[ sql ] [ SQL ] SELECT `id`,`goodsName`,`mdPic`,`shopPrice` FROM `php_goods` WHERE  `id` = 45 LIMIT 1 [ RunTime:0.000189s ]
[ sql ] [ SQL ] SELECT `a`.*,`b`.`attrName` FROM `php_goods_attr` `a` LEFT JOIN `php_attr` `b` ON `a`.`attrId`=`b`.`id` WHERE  `a`.`id` IN ('46','43') [ RunTime:0.000228s ]
---------------------------------------------------------------
[ 2018-05-26T05:17:02+08:00 ] 127.0.0.1 GET /cart
[ info ] www.myshop.com/cart [运行时间：0.064809s][吞吐率：15.43req/s] [内存消耗：6,159.31kb] [文件加载：66]
[ info ] [ LANG ] K:\AMP\day\myshop\thinkphp\lang\zh-cn.php
[ info ] [ ROUTE ] array (
  'type' => 'module',
  'module' => 
  array (
    0 => 'index',
    1 => 'flow',
    2 => 'cart',
  ),
  'convert' => false,
)
[ info ] [ HEADER ] array (
  'host' => 'www.myshop.com',
  'connection' => 'keep-alive',
  'upgrade-insecure-requests' => '1',
  'user-agent' => 'Mozilla/5.0 (Windows NT 10.0; Win64; x64) AppleWebKit/537.36 (KHTML, like Gecko) Chrome/66.0.3359.181 Safari/537.36',
  'accept' => 'text/html,application/xhtml+xml,application/xml;q=0.9,image/webp,image/apng,*/*;q=0.8',
  'accept-encoding' => 'gzip, deflate',
  'accept-language' => 'zh-CN,zh;q=0.9',
  'cookie' => 'sidebar-fixed=false; breadcrumbs-fixed=false; page-header-fixed=false; navbar-fixed-top=false; cart=a%3A8%3A%7Bs%3A8%3A%2245-46%2C42%22%3Bi%3A7%3Bs%3A8%3A%2245-47%2C44%22%3Bi%3A2%3Bs%3A8%3A%2245-49%2C45%22%3Bi%3A1%3Bs%3A8%3A%2245-46%2C44%22%3Bi%3A1%3Bs%3A8%3A%2245-48%2C43%22%3Bi%3A1%3Bs%3A8%3A%2245-47%2C45%22%3Bi%3A1%3Bs%3A8%3A%2245-46%2C45%22%3Bi%3A1%3Bs%3A8%3A%2245-46%2C43%22%3Bi%3A1%3B%7D; PHPSESSID=c62hhrq211nbk3panfe5v8mue5; thinkphp_show_page_trace=0|0',
)
[ info ] [ PARAM ] array (
)
[ info ] [ CACHE ] INIT File
[ info ] [ DB ] INIT mysql
[ info ] [ RUN ] app\index\controller\Flow->cart[ K:\AMP\day\myshop\application\index\controller\Flow.php ]
[ info ] [ SESSION ] INIT array (
  'type' => 'Mysql',
  'auto_start' => true,
  'session_expire' => 3600,
  'session_prefix' => 'php_',
  'table_name' => 'session',
  'database' => 
  array (
    'hostname' => '127.0.0.1',
    'database' => 'mybike',
    'username' => 'root',
    'password' => '123',
    'hostport' => '3306',
    'prefix' => 'php_',
    'charset' => 'utf8',
  ),
)
[ info ] [ DB ] INIT mysql
[ info ] [ VIEW ] K:\AMP\day\myshop\public/../application/index\view\flow\cart.html [ array (
  0 => 'navArr',
  1 => 'helpCateArr',
  2 => 'shopArtArr',
  3 => 'confArr',
  4 => 'foreCateArr',
  5 => 'goodsList',
  6 => 'goodsNum',
) ]
[ info ] [ LOG ] INIT File
[ sql ] [ DB ] CONNECT:[ UseTime:0.000674s ] mysql:host=127.0.0.1;port=3306;dbname=myshop;charset=utf8
[ sql ] [ SQL ] SHOW COLUMNS FROM `php_goods` [ RunTime:0.002308s ]
[ sql ] [ SQL ] SELECT `id`,`goodsName`,`mdPic`,`shopPrice` FROM `php_goods` WHERE  `id` = 45 LIMIT 1 [ RunTime:0.000288s ]
[ sql ] [ DB ] CONNECT:[ UseTime:0.000511s ] mysql:host=127.0.0.1;port=3306;dbname=mybike;charset=utf8
[ sql ] [ SQL ] SELECT session_data FROM php_session WHERE session_id = 'php_c62hhrq211nbk3panfe5v8mue5' AND session_expire > '1527283022' [ RunTime:0.001781s ]
[ sql ] [ SQL ] SHOW COLUMNS FROM `php_goods_attr` [ RunTime:0.002039s ]
[ sql ] [ SQL ] SELECT `a`.*,`b`.`attrName` FROM `php_goods_attr` `a` LEFT JOIN `php_attr` `b` ON `a`.`attrId`=`b`.`id` WHERE  `a`.`id` IN ('46','42') [ RunTime:0.000440s ]
[ sql ] [ SQL ] SELECT `id`,`goodsName`,`mdPic`,`shopPrice` FROM `php_goods` WHERE  `id` = 45 LIMIT 1 [ RunTime:0.000223s ]
[ sql ] [ SQL ] SELECT `a`.*,`b`.`attrName` FROM `php_goods_attr` `a` LEFT JOIN `php_attr` `b` ON `a`.`attrId`=`b`.`id` WHERE  `a`.`id` IN ('47','44') [ RunTime:0.000226s ]
[ sql ] [ SQL ] SELECT `id`,`goodsName`,`mdPic`,`shopPrice` FROM `php_goods` WHERE  `id` = 45 LIMIT 1 [ RunTime:0.000188s ]
[ sql ] [ SQL ] SELECT `a`.*,`b`.`attrName` FROM `php_goods_attr` `a` LEFT JOIN `php_attr` `b` ON `a`.`attrId`=`b`.`id` WHERE  `a`.`id` IN ('49','45') [ RunTime:0.000228s ]
[ sql ] [ SQL ] SELECT `id`,`goodsName`,`mdPic`,`shopPrice` FROM `php_goods` WHERE  `id` = 45 LIMIT 1 [ RunTime:0.000190s ]
[ sql ] [ SQL ] SELECT `a`.*,`b`.`attrName` FROM `php_goods_attr` `a` LEFT JOIN `php_attr` `b` ON `a`.`attrId`=`b`.`id` WHERE  `a`.`id` IN ('46','44') [ RunTime:0.000219s ]
[ sql ] [ SQL ] SELECT `id`,`goodsName`,`mdPic`,`shopPrice` FROM `php_goods` WHERE  `id` = 45 LIMIT 1 [ RunTime:0.000185s ]
[ sql ] [ SQL ] SELECT `a`.*,`b`.`attrName` FROM `php_goods_attr` `a` LEFT JOIN `php_attr` `b` ON `a`.`attrId`=`b`.`id` WHERE  `a`.`id` IN ('48','43') [ RunTime:0.000219s ]
[ sql ] [ SQL ] SELECT `id`,`goodsName`,`mdPic`,`shopPrice` FROM `php_goods` WHERE  `id` = 45 LIMIT 1 [ RunTime:0.000200s ]
[ sql ] [ SQL ] SELECT `a`.*,`b`.`attrName` FROM `php_goods_attr` `a` LEFT JOIN `php_attr` `b` ON `a`.`attrId`=`b`.`id` WHERE  `a`.`id` IN ('47','45') [ RunTime:0.000244s ]
[ sql ] [ SQL ] SELECT `id`,`goodsName`,`mdPic`,`shopPrice` FROM `php_goods` WHERE  `id` = 45 LIMIT 1 [ RunTime:0.000216s ]
[ sql ] [ SQL ] SELECT `a`.*,`b`.`attrName` FROM `php_goods_attr` `a` LEFT JOIN `php_attr` `b` ON `a`.`attrId`=`b`.`id` WHERE  `a`.`id` IN ('46','45') [ RunTime:0.000238s ]
[ sql ] [ SQL ] SELECT `id`,`goodsName`,`mdPic`,`shopPrice` FROM `php_goods` WHERE  `id` = 45 LIMIT 1 [ RunTime:0.000184s ]
[ sql ] [ SQL ] SELECT `a`.*,`b`.`attrName` FROM `php_goods_attr` `a` LEFT JOIN `php_attr` `b` ON `a`.`attrId`=`b`.`id` WHERE  `a`.`id` IN ('46','43') [ RunTime:0.000220s ]
---------------------------------------------------------------
[ 2018-05-26T05:17:02+08:00 ] 127.0.0.1 POST /cartGoodsAmount.html
[ info ] www.myshop.com/cartGoodsAmount.html [运行时间：0.054261s][吞吐率：18.43req/s] [内存消耗：5,916.48kb] [文件加载：63]
[ info ] [ LANG ] K:\AMP\day\myshop\thinkphp\lang\zh-cn.php
[ info ] [ ROUTE ] array (
  'type' => 'module',
  'module' => 
  array (
    0 => 'index',
    1 => 'flow',
    2 => 'cartGoodsAmount',
  ),
  'convert' => false,
)
[ info ] [ HEADER ] array (
  'host' => 'www.myshop.com',
  'connection' => 'keep-alive',
  'content-length' => '78',
  'origin' => 'http://www.myshop.com',
  'user-agent' => 'Mozilla/5.0 (Windows NT 10.0; Win64; x64) AppleWebKit/537.36 (KHTML, like Gecko) Chrome/66.0.3359.181 Safari/537.36',
  'content-type' => 'application/x-www-form-urlencoded',
  'accept' => '*/*',
  'referer' => 'http://www.myshop.com/cart',
  'accept-encoding' => 'gzip, deflate',
  'accept-language' => 'zh-CN,zh;q=0.9',
  'cookie' => 'sidebar-fixed=false; breadcrumbs-fixed=false; page-header-fixed=false; navbar-fixed-top=false; cart=a%3A8%3A%7Bs%3A8%3A%2245-46%2C42%22%3Bi%3A7%3Bs%3A8%3A%2245-47%2C44%22%3Bi%3A2%3Bs%3A8%3A%2245-49%2C45%22%3Bi%3A1%3Bs%3A8%3A%2245-46%2C44%22%3Bi%3A1%3Bs%3A8%3A%2245-48%2C43%22%3Bi%3A1%3Bs%3A8%3A%2245-47%2C45%22%3Bi%3A1%3Bs%3A8%3A%2245-46%2C45%22%3Bi%3A1%3Bs%3A8%3A%2245-46%2C43%22%3Bi%3A1%3B%7D; PHPSESSID=c62hhrq211nbk3panfe5v8mue5; thinkphp_show_page_trace=0|0',
)
[ info ] [ PARAM ] array (
  'rec_id' => '45-46,42|45-47,44|45-49,45|45-46,44|45-48,43|45-47,45|45-46,45|45-46,43',
)
[ info ] [ CACHE ] INIT File
[ info ] [ DB ] INIT mysql
[ info ] [ RUN ] app\index\controller\Flow->cartGoodsAmount[ K:\AMP\day\myshop\application\index\controller\Flow.php ]
[ info ] [ SESSION ] INIT array (
  'type' => 'Mysql',
  'auto_start' => true,
  'session_expire' => 3600,
  'session_prefix' => 'php_',
  'table_name' => 'session',
  'database' => 
  array (
    'hostname' => '127.0.0.1',
    'database' => 'mybike',
    'username' => 'root',
    'password' => '123',
    'hostport' => '3306',
    'prefix' => 'php_',
    'charset' => 'utf8',
  ),
)
[ info ] [ DB ] INIT mysql
[ info ] [ LOG ] INIT File
[ sql ] [ DB ] CONNECT:[ UseTime:0.000639s ] mysql:host=127.0.0.1;port=3306;dbname=myshop;charset=utf8
[ sql ] [ SQL ] SHOW COLUMNS FROM `php_goods` [ RunTime:0.002188s ]
[ sql ] [ SQL ] SELECT `id`,`goodsName`,`mdPic`,`shopPrice` FROM `php_goods` WHERE  `id` = 45 LIMIT 1 [ RunTime:0.000286s ]
[ sql ] [ DB ] CONNECT:[ UseTime:0.000541s ] mysql:host=127.0.0.1;port=3306;dbname=mybike;charset=utf8
[ sql ] [ SQL ] SELECT session_data FROM php_session WHERE session_id = 'php_c62hhrq211nbk3panfe5v8mue5' AND session_expire > '1527283022' [ RunTime:0.001779s ]
[ sql ] [ SQL ] SHOW COLUMNS FROM `php_goods_attr` [ RunTime:0.002013s ]
[ sql ] [ SQL ] SELECT `a`.*,`b`.`attrName` FROM `php_goods_attr` `a` LEFT JOIN `php_attr` `b` ON `a`.`attrId`=`b`.`id` WHERE  `a`.`id` IN ('46','42') [ RunTime:0.000414s ]
[ sql ] [ SQL ] SELECT `id`,`goodsName`,`mdPic`,`shopPrice` FROM `php_goods` WHERE  `id` = 45 LIMIT 1 [ RunTime:0.000201s ]
[ sql ] [ SQL ] SELECT `a`.*,`b`.`attrName` FROM `php_goods_attr` `a` LEFT JOIN `php_attr` `b` ON `a`.`attrId`=`b`.`id` WHERE  `a`.`id` IN ('47','44') [ RunTime:0.000223s ]
[ sql ] [ SQL ] SELECT `id`,`goodsName`,`mdPic`,`shopPrice` FROM `php_goods` WHERE  `id` = 45 LIMIT 1 [ RunTime:0.000187s ]
[ sql ] [ SQL ] SELECT `a`.*,`b`.`attrName` FROM `php_goods_attr` `a` LEFT JOIN `php_attr` `b` ON `a`.`attrId`=`b`.`id` WHERE  `a`.`id` IN ('49','45') [ RunTime:0.000219s ]
[ sql ] [ SQL ] SELECT `id`,`goodsName`,`mdPic`,`shopPrice` FROM `php_goods` WHERE  `id` = 45 LIMIT 1 [ RunTime:0.000223s ]
[ sql ] [ SQL ] SELECT `a`.*,`b`.`attrName` FROM `php_goods_attr` `a` LEFT JOIN `php_attr` `b` ON `a`.`attrId`=`b`.`id` WHERE  `a`.`id` IN ('46','44') [ RunTime:0.000247s ]
[ sql ] [ SQL ] SELECT `id`,`goodsName`,`mdPic`,`shopPrice` FROM `php_goods` WHERE  `id` = 45 LIMIT 1 [ RunTime:0.000212s ]
[ sql ] [ SQL ] SELECT `a`.*,`b`.`attrName` FROM `php_goods_attr` `a` LEFT JOIN `php_attr` `b` ON `a`.`attrId`=`b`.`id` WHERE  `a`.`id` IN ('48','43') [ RunTime:0.000227s ]
[ sql ] [ SQL ] SELECT `id`,`goodsName`,`mdPic`,`shopPrice` FROM `php_goods` WHERE  `id` = 45 LIMIT 1 [ RunTime:0.000188s ]
[ sql ] [ SQL ] SELECT `a`.*,`b`.`attrName` FROM `php_goods_attr` `a` LEFT JOIN `php_attr` `b` ON `a`.`attrId`=`b`.`id` WHERE  `a`.`id` IN ('47','45') [ RunTime:0.000395s ]
[ sql ] [ SQL ] SELECT `id`,`goodsName`,`mdPic`,`shopPrice` FROM `php_goods` WHERE  `id` = 45 LIMIT 1 [ RunTime:0.000266s ]
[ sql ] [ SQL ] SELECT `a`.*,`b`.`attrName` FROM `php_goods_attr` `a` LEFT JOIN `php_attr` `b` ON `a`.`attrId`=`b`.`id` WHERE  `a`.`id` IN ('46','45') [ RunTime:0.000302s ]
[ sql ] [ SQL ] SELECT `id`,`goodsName`,`mdPic`,`shopPrice` FROM `php_goods` WHERE  `id` = 45 LIMIT 1 [ RunTime:0.000194s ]
[ sql ] [ SQL ] SELECT `a`.*,`b`.`attrName` FROM `php_goods_attr` `a` LEFT JOIN `php_attr` `b` ON `a`.`attrId`=`b`.`id` WHERE  `a`.`id` IN ('46','43') [ RunTime:0.000231s ]
---------------------------------------------------------------
[ 2018-05-26T05:17:07+08:00 ] 127.0.0.1 POST /cartGoodsAmount.html
[ info ] www.myshop.com/cartGoodsAmount.html [运行时间：0.054378s][吞吐率：18.39req/s] [内存消耗：5,916.49kb] [文件加载：63]
[ info ] [ LANG ] K:\AMP\day\myshop\thinkphp\lang\zh-cn.php
[ info ] [ ROUTE ] array (
  'type' => 'module',
  'module' => 
  array (
    0 => 'index',
    1 => 'flow',
    2 => 'cartGoodsAmount',
  ),
  'convert' => false,
)
[ info ] [ HEADER ] array (
  'host' => 'www.myshop.com',
  'connection' => 'keep-alive',
  'content-length' => '88',
  'origin' => 'http://www.myshop.com',
  'user-agent' => 'Mozilla/5.0 (Windows NT 10.0; Win64; x64) AppleWebKit/537.36 (KHTML, like Gecko) Chrome/66.0.3359.181 Safari/537.36',
  'content-type' => 'application/x-www-form-urlencoded',
  'accept' => '*/*',
  'referer' => 'http://www.myshop.com/cart',
  'accept-encoding' => 'gzip, deflate',
  'accept-language' => 'zh-CN,zh;q=0.9',
  'cookie' => 'sidebar-fixed=false; breadcrumbs-fixed=false; page-header-fixed=false; navbar-fixed-top=false; cart=a%3A8%3A%7Bs%3A8%3A%2245-46%2C42%22%3Bi%3A7%3Bs%3A8%3A%2245-47%2C44%22%3Bi%3A2%3Bs%3A8%3A%2245-49%2C45%22%3Bi%3A1%3Bs%3A8%3A%2245-46%2C44%22%3Bi%3A1%3Bs%3A8%3A%2245-48%2C43%22%3Bi%3A1%3Bs%3A8%3A%2245-47%2C45%22%3Bi%3A1%3Bs%3A8%3A%2245-46%2C45%22%3Bi%3A1%3Bs%3A8%3A%2245-46%2C43%22%3Bi%3A1%3B%7D; PHPSESSID=c62hhrq211nbk3panfe5v8mue5; thinkphp_show_page_trace=0|0',
)
[ info ] [ PARAM ] array (
  'rec_id' => '45-47,44|45-49,45|45-46,44|45-48,43|45-47,45|45-46,45|45-46,43',
  'favourable_id' => 'null',
)
[ info ] [ CACHE ] INIT File
[ info ] [ DB ] INIT mysql
[ info ] [ RUN ] app\index\controller\Flow->cartGoodsAmount[ K:\AMP\day\myshop\application\index\controller\Flow.php ]
[ info ] [ SESSION ] INIT array (
  'type' => 'Mysql',
  'auto_start' => true,
  'session_expire' => 3600,
  'session_prefix' => 'php_',
  'table_name' => 'session',
  'database' => 
  array (
    'hostname' => '127.0.0.1',
    'database' => 'mybike',
    'username' => 'root',
    'password' => '123',
    'hostport' => '3306',
    'prefix' => 'php_',
    'charset' => 'utf8',
  ),
)
[ info ] [ DB ] INIT mysql
[ info ] [ LOG ] INIT File
[ sql ] [ DB ] CONNECT:[ UseTime:0.000660s ] mysql:host=127.0.0.1;port=3306;dbname=myshop;charset=utf8
[ sql ] [ SQL ] SHOW COLUMNS FROM `php_goods` [ RunTime:0.002258s ]
[ sql ] [ SQL ] SELECT `id`,`goodsName`,`mdPic`,`shopPrice` FROM `php_goods` WHERE  `id` = 45 LIMIT 1 [ RunTime:0.000260s ]
[ sql ] [ DB ] CONNECT:[ UseTime:0.000432s ] mysql:host=127.0.0.1;port=3306;dbname=mybike;charset=utf8
[ sql ] [ SQL ] SELECT session_data FROM php_session WHERE session_id = 'php_c62hhrq211nbk3panfe5v8mue5' AND session_expire > '1527283027' [ RunTime:0.001738s ]
[ sql ] [ SQL ] SHOW COLUMNS FROM `php_goods_attr` [ RunTime:0.002021s ]
[ sql ] [ SQL ] SELECT `a`.*,`b`.`attrName` FROM `php_goods_attr` `a` LEFT JOIN `php_attr` `b` ON `a`.`attrId`=`b`.`id` WHERE  `a`.`id` IN ('46','42') [ RunTime:0.000420s ]
[ sql ] [ SQL ] SELECT `id`,`goodsName`,`mdPic`,`shopPrice` FROM `php_goods` WHERE  `id` = 45 LIMIT 1 [ RunTime:0.000215s ]
[ sql ] [ SQL ] SELECT `a`.*,`b`.`attrName` FROM `php_goods_attr` `a` LEFT JOIN `php_attr` `b` ON `a`.`attrId`=`b`.`id` WHERE  `a`.`id` IN ('47','44') [ RunTime:0.000241s ]
[ sql ] [ SQL ] SELECT `id`,`goodsName`,`mdPic`,`shopPrice` FROM `php_goods` WHERE  `id` = 45 LIMIT 1 [ RunTime:0.000190s ]
[ sql ] [ SQL ] SELECT `a`.*,`b`.`attrName` FROM `php_goods_attr` `a` LEFT JOIN `php_attr` `b` ON `a`.`attrId`=`b`.`id` WHERE  `a`.`id` IN ('49','45') [ RunTime:0.000219s ]
[ sql ] [ SQL ] SELECT `id`,`goodsName`,`mdPic`,`shopPrice` FROM `php_goods` WHERE  `id` = 45 LIMIT 1 [ RunTime:0.000188s ]
[ sql ] [ SQL ] SELECT `a`.*,`b`.`attrName` FROM `php_goods_attr` `a` LEFT JOIN `php_attr` `b` ON `a`.`attrId`=`b`.`id` WHERE  `a`.`id` IN ('46','44') [ RunTime:0.000218s ]
[ sql ] [ SQL ] SELECT `id`,`goodsName`,`mdPic`,`shopPrice` FROM `php_goods` WHERE  `id` = 45 LIMIT 1 [ RunTime:0.000184s ]
[ sql ] [ SQL ] SELECT `a`.*,`b`.`attrName` FROM `php_goods_attr` `a` LEFT JOIN `php_attr` `b` ON `a`.`attrId`=`b`.`id` WHERE  `a`.`id` IN ('48','43') [ RunTime:0.000220s ]
[ sql ] [ SQL ] SELECT `id`,`goodsName`,`mdPic`,`shopPrice` FROM `php_goods` WHERE  `id` = 45 LIMIT 1 [ RunTime:0.000184s ]
[ sql ] [ SQL ] SELECT `a`.*,`b`.`attrName` FROM `php_goods_attr` `a` LEFT JOIN `php_attr` `b` ON `a`.`attrId`=`b`.`id` WHERE  `a`.`id` IN ('47','45') [ RunTime:0.000218s ]
[ sql ] [ SQL ] SELECT `id`,`goodsName`,`mdPic`,`shopPrice` FROM `php_goods` WHERE  `id` = 45 LIMIT 1 [ RunTime:0.000182s ]
[ sql ] [ SQL ] SELECT `a`.*,`b`.`attrName` FROM `php_goods_attr` `a` LEFT JOIN `php_attr` `b` ON `a`.`attrId`=`b`.`id` WHERE  `a`.`id` IN ('46','45') [ RunTime:0.000216s ]
[ sql ] [ SQL ] SELECT `id`,`goodsName`,`mdPic`,`shopPrice` FROM `php_goods` WHERE  `id` = 45 LIMIT 1 [ RunTime:0.000183s ]
[ sql ] [ SQL ] SELECT `a`.*,`b`.`attrName` FROM `php_goods_attr` `a` LEFT JOIN `php_attr` `b` ON `a`.`attrId`=`b`.`id` WHERE  `a`.`id` IN ('46','43') [ RunTime:0.000221s ]
---------------------------------------------------------------
[ 2018-05-26T05:17:08+08:00 ] 127.0.0.1 POST /cartGoodsAmount.html
[ info ] www.myshop.com/cartGoodsAmount.html [运行时间：0.053917s][吞吐率：18.55req/s] [内存消耗：5,916.35kb] [文件加载：63]
[ info ] [ LANG ] K:\AMP\day\myshop\thinkphp\lang\zh-cn.php
[ info ] [ ROUTE ] array (
  'type' => 'module',
  'module' => 
  array (
    0 => 'index',
    1 => 'flow',
    2 => 'cartGoodsAmount',
  ),
  'convert' => false,
)
[ info ] [ HEADER ] array (
  'host' => 'www.myshop.com',
  'connection' => 'keep-alive',
  'content-length' => '97',
  'origin' => 'http://www.myshop.com',
  'user-agent' => 'Mozilla/5.0 (Windows NT 10.0; Win64; x64) AppleWebKit/537.36 (KHTML, like Gecko) Chrome/66.0.3359.181 Safari/537.36',
  'content-type' => 'application/x-www-form-urlencoded',
  'accept' => '*/*',
  'referer' => 'http://www.myshop.com/cart',
  'accept-encoding' => 'gzip, deflate',
  'accept-language' => 'zh-CN,zh;q=0.9',
  'cookie' => 'sidebar-fixed=false; breadcrumbs-fixed=false; page-header-fixed=false; navbar-fixed-top=false; cart=a%3A8%3A%7Bs%3A8%3A%2245-46%2C42%22%3Bi%3A7%3Bs%3A8%3A%2245-47%2C44%22%3Bi%3A2%3Bs%3A8%3A%2245-49%2C45%22%3Bi%3A1%3Bs%3A8%3A%2245-46%2C44%22%3Bi%3A1%3Bs%3A8%3A%2245-48%2C43%22%3Bi%3A1%3Bs%3A8%3A%2245-47%2C45%22%3Bi%3A1%3Bs%3A8%3A%2245-46%2C45%22%3Bi%3A1%3Bs%3A8%3A%2245-46%2C43%22%3Bi%3A1%3B%7D; PHPSESSID=c62hhrq211nbk3panfe5v8mue5; thinkphp_show_page_trace=0|0',
)
[ info ] [ PARAM ] array (
  'rec_id' => '45-46,42|45-47,44|45-49,45|45-46,44|45-48,43|45-47,45|45-46,45|45-46,43',
  'favourable_id' => 'null',
)
[ info ] [ CACHE ] INIT File
[ info ] [ DB ] INIT mysql
[ info ] [ RUN ] app\index\controller\Flow->cartGoodsAmount[ K:\AMP\day\myshop\application\index\controller\Flow.php ]
[ info ] [ SESSION ] INIT array (
  'type' => 'Mysql',
  'auto_start' => true,
  'session_expire' => 3600,
  'session_prefix' => 'php_',
  'table_name' => 'session',
  'database' => 
  array (
    'hostname' => '127.0.0.1',
    'database' => 'mybike',
    'username' => 'root',
    'password' => '123',
    'hostport' => '3306',
    'prefix' => 'php_',
    'charset' => 'utf8',
  ),
)
[ info ] [ DB ] INIT mysql
[ info ] [ LOG ] INIT File
[ sql ] [ DB ] CONNECT:[ UseTime:0.000664s ] mysql:host=127.0.0.1;port=3306;dbname=myshop;charset=utf8
[ sql ] [ SQL ] SHOW COLUMNS FROM `php_goods` [ RunTime:0.002225s ]
[ sql ] [ SQL ] SELECT `id`,`goodsName`,`mdPic`,`shopPrice` FROM `php_goods` WHERE  `id` = 45 LIMIT 1 [ RunTime:0.000242s ]
[ sql ] [ DB ] CONNECT:[ UseTime:0.000426s ] mysql:host=127.0.0.1;port=3306;dbname=mybike;charset=utf8
[ sql ] [ SQL ] SELECT session_data FROM php_session WHERE session_id = 'php_c62hhrq211nbk3panfe5v8mue5' AND session_expire > '1527283028' [ RunTime:0.001806s ]
[ sql ] [ SQL ] SHOW COLUMNS FROM `php_goods_attr` [ RunTime:0.001997s ]
[ sql ] [ SQL ] SELECT `a`.*,`b`.`attrName` FROM `php_goods_attr` `a` LEFT JOIN `php_attr` `b` ON `a`.`attrId`=`b`.`id` WHERE  `a`.`id` IN ('46','42') [ RunTime:0.000422s ]
[ sql ] [ SQL ] SELECT `id`,`goodsName`,`mdPic`,`shopPrice` FROM `php_goods` WHERE  `id` = 45 LIMIT 1 [ RunTime:0.000213s ]
[ sql ] [ SQL ] SELECT `a`.*,`b`.`attrName` FROM `php_goods_attr` `a` LEFT JOIN `php_attr` `b` ON `a`.`attrId`=`b`.`id` WHERE  `a`.`id` IN ('47','44') [ RunTime:0.000237s ]
[ sql ] [ SQL ] SELECT `id`,`goodsName`,`mdPic`,`shopPrice` FROM `php_goods` WHERE  `id` = 45 LIMIT 1 [ RunTime:0.000185s ]
[ sql ] [ SQL ] SELECT `a`.*,`b`.`attrName` FROM `php_goods_attr` `a` LEFT JOIN `php_attr` `b` ON `a`.`attrId`=`b`.`id` WHERE  `a`.`id` IN ('49','45') [ RunTime:0.000217s ]
[ sql ] [ SQL ] SELECT `id`,`goodsName`,`mdPic`,`shopPrice` FROM `php_goods` WHERE  `id` = 45 LIMIT 1 [ RunTime:0.000188s ]
[ sql ] [ SQL ] SELECT `a`.*,`b`.`attrName` FROM `php_goods_attr` `a` LEFT JOIN `php_attr` `b` ON `a`.`attrId`=`b`.`id` WHERE  `a`.`id` IN ('46','44') [ RunTime:0.000224s ]
[ sql ] [ SQL ] SELECT `id`,`goodsName`,`mdPic`,`shopPrice` FROM `php_goods` WHERE  `id` = 45 LIMIT 1 [ RunTime:0.000188s ]
[ sql ] [ SQL ] SELECT `a`.*,`b`.`attrName` FROM `php_goods_attr` `a` LEFT JOIN `php_attr` `b` ON `a`.`attrId`=`b`.`id` WHERE  `a`.`id` IN ('48','43') [ RunTime:0.000222s ]
[ sql ] [ SQL ] SELECT `id`,`goodsName`,`mdPic`,`shopPrice` FROM `php_goods` WHERE  `id` = 45 LIMIT 1 [ RunTime:0.000184s ]
[ sql ] [ SQL ] SELECT `a`.*,`b`.`attrName` FROM `php_goods_attr` `a` LEFT JOIN `php_attr` `b` ON `a`.`attrId`=`b`.`id` WHERE  `a`.`id` IN ('47','45') [ RunTime:0.000217s ]
[ sql ] [ SQL ] SELECT `id`,`goodsName`,`mdPic`,`shopPrice` FROM `php_goods` WHERE  `id` = 45 LIMIT 1 [ RunTime:0.000182s ]
[ sql ] [ SQL ] SELECT `a`.*,`b`.`attrName` FROM `php_goods_attr` `a` LEFT JOIN `php_attr` `b` ON `a`.`attrId`=`b`.`id` WHERE  `a`.`id` IN ('46','45') [ RunTime:0.000235s ]
[ sql ] [ SQL ] SELECT `id`,`goodsName`,`mdPic`,`shopPrice` FROM `php_goods` WHERE  `id` = 45 LIMIT 1 [ RunTime:0.000183s ]
[ sql ] [ SQL ] SELECT `a`.*,`b`.`attrName` FROM `php_goods_attr` `a` LEFT JOIN `php_attr` `b` ON `a`.`attrId`=`b`.`id` WHERE  `a`.`id` IN ('46','43') [ RunTime:0.000217s ]
---------------------------------------------------------------
[ 2018-05-26T05:17:09+08:00 ] 127.0.0.1 POST /cartGoodsAmount.html
[ info ] www.myshop.com/cartGoodsAmount.html [运行时间：0.053635s][吞吐率：18.64req/s] [内存消耗：5,916.49kb] [文件加载：63]
[ info ] [ LANG ] K:\AMP\day\myshop\thinkphp\lang\zh-cn.php
[ info ] [ ROUTE ] array (
  'type' => 'module',
  'module' => 
  array (
    0 => 'index',
    1 => 'flow',
    2 => 'cartGoodsAmount',
  ),
  'convert' => false,
)
[ info ] [ HEADER ] array (
  'host' => 'www.myshop.com',
  'connection' => 'keep-alive',
  'content-length' => '88',
  'origin' => 'http://www.myshop.com',
  'user-agent' => 'Mozilla/5.0 (Windows NT 10.0; Win64; x64) AppleWebKit/537.36 (KHTML, like Gecko) Chrome/66.0.3359.181 Safari/537.36',
  'content-type' => 'application/x-www-form-urlencoded',
  'accept' => '*/*',
  'referer' => 'http://www.myshop.com/cart',
  'accept-encoding' => 'gzip, deflate',
  'accept-language' => 'zh-CN,zh;q=0.9',
  'cookie' => 'sidebar-fixed=false; breadcrumbs-fixed=false; page-header-fixed=false; navbar-fixed-top=false; cart=a%3A8%3A%7Bs%3A8%3A%2245-46%2C42%22%3Bi%3A7%3Bs%3A8%3A%2245-47%2C44%22%3Bi%3A2%3Bs%3A8%3A%2245-49%2C45%22%3Bi%3A1%3Bs%3A8%3A%2245-46%2C44%22%3Bi%3A1%3Bs%3A8%3A%2245-48%2C43%22%3Bi%3A1%3Bs%3A8%3A%2245-47%2C45%22%3Bi%3A1%3Bs%3A8%3A%2245-46%2C45%22%3Bi%3A1%3Bs%3A8%3A%2245-46%2C43%22%3Bi%3A1%3B%7D; PHPSESSID=c62hhrq211nbk3panfe5v8mue5; thinkphp_show_page_trace=0|0',
)
[ info ] [ PARAM ] array (
  'rec_id' => '45-47,44|45-49,45|45-46,44|45-48,43|45-47,45|45-46,45|45-46,43',
  'favourable_id' => 'null',
)
[ info ] [ CACHE ] INIT File
[ info ] [ DB ] INIT mysql
[ info ] [ RUN ] app\index\controller\Flow->cartGoodsAmount[ K:\AMP\day\myshop\application\index\controller\Flow.php ]
[ info ] [ SESSION ] INIT array (
  'type' => 'Mysql',
  'auto_start' => true,
  'session_expire' => 3600,
  'session_prefix' => 'php_',
  'table_name' => 'session',
  'database' => 
  array (
    'hostname' => '127.0.0.1',
    'database' => 'mybike',
    'username' => 'root',
    'password' => '123',
    'hostport' => '3306',
    'prefix' => 'php_',
    'charset' => 'utf8',
  ),
)
[ info ] [ DB ] INIT mysql
[ info ] [ LOG ] INIT File
[ sql ] [ DB ] CONNECT:[ UseTime:0.000646s ] mysql:host=127.0.0.1;port=3306;dbname=myshop;charset=utf8
[ sql ] [ SQL ] SHOW COLUMNS FROM `php_goods` [ RunTime:0.002211s ]
[ sql ] [ SQL ] SELECT `id`,`goodsName`,`mdPic`,`shopPrice` FROM `php_goods` WHERE  `id` = 45 LIMIT 1 [ RunTime:0.000240s ]
[ sql ] [ DB ] CONNECT:[ UseTime:0.000500s ] mysql:host=127.0.0.1;port=3306;dbname=mybike;charset=utf8
[ sql ] [ SQL ] SELECT session_data FROM php_session WHERE session_id = 'php_c62hhrq211nbk3panfe5v8mue5' AND session_expire > '1527283029' [ RunTime:0.001826s ]
[ sql ] [ SQL ] SHOW COLUMNS FROM `php_goods_attr` [ RunTime:0.002070s ]
[ sql ] [ SQL ] SELECT `a`.*,`b`.`attrName` FROM `php_goods_attr` `a` LEFT JOIN `php_attr` `b` ON `a`.`attrId`=`b`.`id` WHERE  `a`.`id` IN ('46','42') [ RunTime:0.000390s ]
[ sql ] [ SQL ] SELECT `id`,`goodsName`,`mdPic`,`shopPrice` FROM `php_goods` WHERE  `id` = 45 LIMIT 1 [ RunTime:0.000215s ]
[ sql ] [ SQL ] SELECT `a`.*,`b`.`attrName` FROM `php_goods_attr` `a` LEFT JOIN `php_attr` `b` ON `a`.`attrId`=`b`.`id` WHERE  `a`.`id` IN ('47','44') [ RunTime:0.000221s ]
[ sql ] [ SQL ] SELECT `id`,`goodsName`,`mdPic`,`shopPrice` FROM `php_goods` WHERE  `id` = 45 LIMIT 1 [ RunTime:0.000192s ]
[ sql ] [ SQL ] SELECT `a`.*,`b`.`attrName` FROM `php_goods_attr` `a` LEFT JOIN `php_attr` `b` ON `a`.`attrId`=`b`.`id` WHERE  `a`.`id` IN ('49','45') [ RunTime:0.000215s ]
[ sql ] [ SQL ] SELECT `id`,`goodsName`,`mdPic`,`shopPrice` FROM `php_goods` WHERE  `id` = 45 LIMIT 1 [ RunTime:0.000190s ]
[ sql ] [ SQL ] SELECT `a`.*,`b`.`attrName` FROM `php_goods_attr` `a` LEFT JOIN `php_attr` `b` ON `a`.`attrId`=`b`.`id` WHERE  `a`.`id` IN ('46','44') [ RunTime:0.000220s ]
[ sql ] [ SQL ] SELECT `id`,`goodsName`,`mdPic`,`shopPrice` FROM `php_goods` WHERE  `id` = 45 LIMIT 1 [ RunTime:0.000183s ]
[ sql ] [ SQL ] SELECT `a`.*,`b`.`attrName` FROM `php_goods_attr` `a` LEFT JOIN `php_attr` `b` ON `a`.`attrId`=`b`.`id` WHERE  `a`.`id` IN ('48','43') [ RunTime:0.000217s ]
[ sql ] [ SQL ] SELECT `id`,`goodsName`,`mdPic`,`shopPrice` FROM `php_goods` WHERE  `id` = 45 LIMIT 1 [ RunTime:0.000184s ]
[ sql ] [ SQL ] SELECT `a`.*,`b`.`attrName` FROM `php_goods_attr` `a` LEFT JOIN `php_attr` `b` ON `a`.`attrId`=`b`.`id` WHERE  `a`.`id` IN ('47','45') [ RunTime:0.000217s ]
[ sql ] [ SQL ] SELECT `id`,`goodsName`,`mdPic`,`shopPrice` FROM `php_goods` WHERE  `id` = 45 LIMIT 1 [ RunTime:0.000185s ]
[ sql ] [ SQL ] SELECT `a`.*,`b`.`attrName` FROM `php_goods_attr` `a` LEFT JOIN `php_attr` `b` ON `a`.`attrId`=`b`.`id` WHERE  `a`.`id` IN ('46','45') [ RunTime:0.000217s ]
[ sql ] [ SQL ] SELECT `id`,`goodsName`,`mdPic`,`shopPrice` FROM `php_goods` WHERE  `id` = 45 LIMIT 1 [ RunTime:0.000183s ]
[ sql ] [ SQL ] SELECT `a`.*,`b`.`attrName` FROM `php_goods_attr` `a` LEFT JOIN `php_attr` `b` ON `a`.`attrId`=`b`.`id` WHERE  `a`.`id` IN ('46','43') [ RunTime:0.000219s ]
---------------------------------------------------------------
[ 2018-05-26T05:17:10+08:00 ] 127.0.0.1 POST /cartGoodsAmount.html
[ info ] www.myshop.com/cartGoodsAmount.html [运行时间：0.054682s][吞吐率：18.29req/s] [内存消耗：5,916.35kb] [文件加载：63]
[ info ] [ LANG ] K:\AMP\day\myshop\thinkphp\lang\zh-cn.php
[ info ] [ ROUTE ] array (
  'type' => 'module',
  'module' => 
  array (
    0 => 'index',
    1 => 'flow',
    2 => 'cartGoodsAmount',
  ),
  'convert' => false,
)
[ info ] [ HEADER ] array (
  'host' => 'www.myshop.com',
  'connection' => 'keep-alive',
  'content-length' => '97',
  'origin' => 'http://www.myshop.com',
  'user-agent' => 'Mozilla/5.0 (Windows NT 10.0; Win64; x64) AppleWebKit/537.36 (KHTML, like Gecko) Chrome/66.0.3359.181 Safari/537.36',
  'content-type' => 'application/x-www-form-urlencoded',
  'accept' => '*/*',
  'referer' => 'http://www.myshop.com/cart',
  'accept-encoding' => 'gzip, deflate',
  'accept-language' => 'zh-CN,zh;q=0.9',
  'cookie' => 'sidebar-fixed=false; breadcrumbs-fixed=false; page-header-fixed=false; navbar-fixed-top=false; cart=a%3A8%3A%7Bs%3A8%3A%2245-46%2C42%22%3Bi%3A7%3Bs%3A8%3A%2245-47%2C44%22%3Bi%3A2%3Bs%3A8%3A%2245-49%2C45%22%3Bi%3A1%3Bs%3A8%3A%2245-46%2C44%22%3Bi%3A1%3Bs%3A8%3A%2245-48%2C43%22%3Bi%3A1%3Bs%3A8%3A%2245-47%2C45%22%3Bi%3A1%3Bs%3A8%3A%2245-46%2C45%22%3Bi%3A1%3Bs%3A8%3A%2245-46%2C43%22%3Bi%3A1%3B%7D; PHPSESSID=c62hhrq211nbk3panfe5v8mue5; thinkphp_show_page_trace=0|0',
)
[ info ] [ PARAM ] array (
  'rec_id' => '45-46,42|45-47,44|45-49,45|45-46,44|45-48,43|45-47,45|45-46,45|45-46,43',
  'favourable_id' => 'null',
)
[ info ] [ CACHE ] INIT File
[ info ] [ DB ] INIT mysql
[ info ] [ RUN ] app\index\controller\Flow->cartGoodsAmount[ K:\AMP\day\myshop\application\index\controller\Flow.php ]
[ info ] [ SESSION ] INIT array (
  'type' => 'Mysql',
  'auto_start' => true,
  'session_expire' => 3600,
  'session_prefix' => 'php_',
  'table_name' => 'session',
  'database' => 
  array (
    'hostname' => '127.0.0.1',
    'database' => 'mybike',
    'username' => 'root',
    'password' => '123',
    'hostport' => '3306',
    'prefix' => 'php_',
    'charset' => 'utf8',
  ),
)
[ info ] [ DB ] INIT mysql
[ info ] [ LOG ] INIT File
[ sql ] [ DB ] CONNECT:[ UseTime:0.000632s ] mysql:host=127.0.0.1;port=3306;dbname=myshop;charset=utf8
[ sql ] [ SQL ] SHOW COLUMNS FROM `php_goods` [ RunTime:0.002204s ]
[ sql ] [ SQL ] SELECT `id`,`goodsName`,`mdPic`,`shopPrice` FROM `php_goods` WHERE  `id` = 45 LIMIT 1 [ RunTime:0.000291s ]
[ sql ] [ DB ] CONNECT:[ UseTime:0.000524s ] mysql:host=127.0.0.1;port=3306;dbname=mybike;charset=utf8
[ sql ] [ SQL ] SELECT session_data FROM php_session WHERE session_id = 'php_c62hhrq211nbk3panfe5v8mue5' AND session_expire > '1527283030' [ RunTime:0.001855s ]
[ sql ] [ SQL ] SHOW COLUMNS FROM `php_goods_attr` [ RunTime:0.002056s ]
[ sql ] [ SQL ] SELECT `a`.*,`b`.`attrName` FROM `php_goods_attr` `a` LEFT JOIN `php_attr` `b` ON `a`.`attrId`=`b`.`id` WHERE  `a`.`id` IN ('46','42') [ RunTime:0.000410s ]
[ sql ] [ SQL ] SELECT `id`,`goodsName`,`mdPic`,`shopPrice` FROM `php_goods` WHERE  `id` = 45 LIMIT 1 [ RunTime:0.000215s ]
[ sql ] [ SQL ] SELECT `a`.*,`b`.`attrName` FROM `php_goods_attr` `a` LEFT JOIN `php_attr` `b` ON `a`.`attrId`=`b`.`id` WHERE  `a`.`id` IN ('47','44') [ RunTime:0.000250s ]
[ sql ] [ SQL ] SELECT `id`,`goodsName`,`mdPic`,`shopPrice` FROM `php_goods` WHERE  `id` = 45 LIMIT 1 [ RunTime:0.000196s ]
[ sql ] [ SQL ] SELECT `a`.*,`b`.`attrName` FROM `php_goods_attr` `a` LEFT JOIN `php_attr` `b` ON `a`.`attrId`=`b`.`id` WHERE  `a`.`id` IN ('49','45') [ RunTime:0.000217s ]
[ sql ] [ SQL ] SELECT `id`,`goodsName`,`mdPic`,`shopPrice` FROM `php_goods` WHERE  `id` = 45 LIMIT 1 [ RunTime:0.000185s ]
[ sql ] [ SQL ] SELECT `a`.*,`b`.`attrName` FROM `php_goods_attr` `a` LEFT JOIN `php_attr` `b` ON `a`.`attrId`=`b`.`id` WHERE  `a`.`id` IN ('46','44') [ RunTime:0.000216s ]
[ sql ] [ SQL ] SELECT `id`,`goodsName`,`mdPic`,`shopPrice` FROM `php_goods` WHERE  `id` = 45 LIMIT 1 [ RunTime:0.000186s ]
[ sql ] [ SQL ] SELECT `a`.*,`b`.`attrName` FROM `php_goods_attr` `a` LEFT JOIN `php_attr` `b` ON `a`.`attrId`=`b`.`id` WHERE  `a`.`id` IN ('48','43') [ RunTime:0.000215s ]
[ sql ] [ SQL ] SELECT `id`,`goodsName`,`mdPic`,`shopPrice` FROM `php_goods` WHERE  `id` = 45 LIMIT 1 [ RunTime:0.000186s ]
[ sql ] [ SQL ] SELECT `a`.*,`b`.`attrName` FROM `php_goods_attr` `a` LEFT JOIN `php_attr` `b` ON `a`.`attrId`=`b`.`id` WHERE  `a`.`id` IN ('47','45') [ RunTime:0.000227s ]
[ sql ] [ SQL ] SELECT `id`,`goodsName`,`mdPic`,`shopPrice` FROM `php_goods` WHERE  `id` = 45 LIMIT 1 [ RunTime:0.000252s ]
[ sql ] [ SQL ] SELECT `a`.*,`b`.`attrName` FROM `php_goods_attr` `a` LEFT JOIN `php_attr` `b` ON `a`.`attrId`=`b`.`id` WHERE  `a`.`id` IN ('46','45') [ RunTime:0.000243s ]
[ sql ] [ SQL ] SELECT `id`,`goodsName`,`mdPic`,`shopPrice` FROM `php_goods` WHERE  `id` = 45 LIMIT 1 [ RunTime:0.000202s ]
[ sql ] [ SQL ] SELECT `a`.*,`b`.`attrName` FROM `php_goods_attr` `a` LEFT JOIN `php_attr` `b` ON `a`.`attrId`=`b`.`id` WHERE  `a`.`id` IN ('46','43') [ RunTime:0.000261s ]
---------------------------------------------------------------
[ 2018-05-26T05:17:12+08:00 ] 127.0.0.1 POST /cartGoodsAmount.html
[ info ] www.myshop.com/cartGoodsAmount.html [运行时间：0.049870s][吞吐率：20.05req/s] [内存消耗：5,916.49kb] [文件加载：63]
[ info ] [ LANG ] K:\AMP\day\myshop\thinkphp\lang\zh-cn.php
[ info ] [ ROUTE ] array (
  'type' => 'module',
  'module' => 
  array (
    0 => 'index',
    1 => 'flow',
    2 => 'cartGoodsAmount',
  ),
  'convert' => false,
)
[ info ] [ HEADER ] array (
  'host' => 'www.myshop.com',
  'connection' => 'keep-alive',
  'content-length' => '88',
  'origin' => 'http://www.myshop.com',
  'user-agent' => 'Mozilla/5.0 (Windows NT 10.0; Win64; x64) AppleWebKit/537.36 (KHTML, like Gecko) Chrome/66.0.3359.181 Safari/537.36',
  'content-type' => 'application/x-www-form-urlencoded',
  'accept' => '*/*',
  'referer' => 'http://www.myshop.com/cart',
  'accept-encoding' => 'gzip, deflate',
  'accept-language' => 'zh-CN,zh;q=0.9',
  'cookie' => 'sidebar-fixed=false; breadcrumbs-fixed=false; page-header-fixed=false; navbar-fixed-top=false; cart=a%3A8%3A%7Bs%3A8%3A%2245-46%2C42%22%3Bi%3A7%3Bs%3A8%3A%2245-47%2C44%22%3Bi%3A2%3Bs%3A8%3A%2245-49%2C45%22%3Bi%3A1%3Bs%3A8%3A%2245-46%2C44%22%3Bi%3A1%3Bs%3A8%3A%2245-48%2C43%22%3Bi%3A1%3Bs%3A8%3A%2245-47%2C45%22%3Bi%3A1%3Bs%3A8%3A%2245-46%2C45%22%3Bi%3A1%3Bs%3A8%3A%2245-46%2C43%22%3Bi%3A1%3B%7D; PHPSESSID=c62hhrq211nbk3panfe5v8mue5; thinkphp_show_page_trace=0|0',
)
[ info ] [ PARAM ] array (
  'rec_id' => '45-46,42|45-49,45|45-46,44|45-48,43|45-47,45|45-46,45|45-46,43',
  'favourable_id' => 'null',
)
[ info ] [ CACHE ] INIT File
[ info ] [ DB ] INIT mysql
[ info ] [ RUN ] app\index\controller\Flow->cartGoodsAmount[ K:\AMP\day\myshop\application\index\controller\Flow.php ]
[ info ] [ SESSION ] INIT array (
  'type' => 'Mysql',
  'auto_start' => true,
  'session_expire' => 3600,
  'session_prefix' => 'php_',
  'table_name' => 'session',
  'database' => 
  array (
    'hostname' => '127.0.0.1',
    'database' => 'mybike',
    'username' => 'root',
    'password' => '123',
    'hostport' => '3306',
    'prefix' => 'php_',
    'charset' => 'utf8',
  ),
)
[ info ] [ DB ] INIT mysql
[ info ] [ LOG ] INIT File
[ sql ] [ DB ] CONNECT:[ UseTime:0.000635s ] mysql:host=127.0.0.1;port=3306;dbname=myshop;charset=utf8
[ sql ] [ SQL ] SHOW COLUMNS FROM `php_goods` [ RunTime:0.000632s ]
[ sql ] [ SQL ] SELECT `id`,`goodsName`,`mdPic`,`shopPrice` FROM `php_goods` WHERE  `id` = 45 LIMIT 1 [ RunTime:0.000255s ]
[ sql ] [ DB ] CONNECT:[ UseTime:0.000413s ] mysql:host=127.0.0.1;port=3306;dbname=mybike;charset=utf8
[ sql ] [ SQL ] SELECT session_data FROM php_session WHERE session_id = 'php_c62hhrq211nbk3panfe5v8mue5' AND session_expire > '1527283032' [ RunTime:0.000211s ]
[ sql ] [ SQL ] SHOW COLUMNS FROM `php_goods_attr` [ RunTime:0.002045s ]
[ sql ] [ SQL ] SELECT `a`.*,`b`.`attrName` FROM `php_goods_attr` `a` LEFT JOIN `php_attr` `b` ON `a`.`attrId`=`b`.`id` WHERE  `a`.`id` IN ('46','42') [ RunTime:0.000390s ]
[ sql ] [ SQL ] SELECT `id`,`goodsName`,`mdPic`,`shopPrice` FROM `php_goods` WHERE  `id` = 45 LIMIT 1 [ RunTime:0.000240s ]
[ sql ] [ SQL ] SELECT `a`.*,`b`.`attrName` FROM `php_goods_attr` `a` LEFT JOIN `php_attr` `b` ON `a`.`attrId`=`b`.`id` WHERE  `a`.`id` IN ('47','44') [ RunTime:0.000235s ]
[ sql ] [ SQL ] SELECT `id`,`goodsName`,`mdPic`,`shopPrice` FROM `php_goods` WHERE  `id` = 45 LIMIT 1 [ RunTime:0.000188s ]
[ sql ] [ SQL ] SELECT `a`.*,`b`.`attrName` FROM `php_goods_attr` `a` LEFT JOIN `php_attr` `b` ON `a`.`attrId`=`b`.`id` WHERE  `a`.`id` IN ('49','45') [ RunTime:0.000216s ]
[ sql ] [ SQL ] SELECT `id`,`goodsName`,`mdPic`,`shopPrice` FROM `php_goods` WHERE  `id` = 45 LIMIT 1 [ RunTime:0.000183s ]
[ sql ] [ SQL ] SELECT `a`.*,`b`.`attrName` FROM `php_goods_attr` `a` LEFT JOIN `php_attr` `b` ON `a`.`attrId`=`b`.`id` WHERE  `a`.`id` IN ('46','44') [ RunTime:0.000254s ]
[ sql ] [ SQL ] SELECT `id`,`goodsName`,`mdPic`,`shopPrice` FROM `php_goods` WHERE  `id` = 45 LIMIT 1 [ RunTime:0.000188s ]
[ sql ] [ SQL ] SELECT `a`.*,`b`.`attrName` FROM `php_goods_attr` `a` LEFT JOIN `php_attr` `b` ON `a`.`attrId`=`b`.`id` WHERE  `a`.`id` IN ('48','43') [ RunTime:0.000218s ]
[ sql ] [ SQL ] SELECT `id`,`goodsName`,`mdPic`,`shopPrice` FROM `php_goods` WHERE  `id` = 45 LIMIT 1 [ RunTime:0.000187s ]
[ sql ] [ SQL ] SELECT `a`.*,`b`.`attrName` FROM `php_goods_attr` `a` LEFT JOIN `php_attr` `b` ON `a`.`attrId`=`b`.`id` WHERE  `a`.`id` IN ('47','45') [ RunTime:0.000215s ]
[ sql ] [ SQL ] SELECT `id`,`goodsName`,`mdPic`,`shopPrice` FROM `php_goods` WHERE  `id` = 45 LIMIT 1 [ RunTime:0.000186s ]
[ sql ] [ SQL ] SELECT `a`.*,`b`.`attrName` FROM `php_goods_attr` `a` LEFT JOIN `php_attr` `b` ON `a`.`attrId`=`b`.`id` WHERE  `a`.`id` IN ('46','45') [ RunTime:0.000214s ]
[ sql ] [ SQL ] SELECT `id`,`goodsName`,`mdPic`,`shopPrice` FROM `php_goods` WHERE  `id` = 45 LIMIT 1 [ RunTime:0.000186s ]
[ sql ] [ SQL ] SELECT `a`.*,`b`.`attrName` FROM `php_goods_attr` `a` LEFT JOIN `php_attr` `b` ON `a`.`attrId`=`b`.`id` WHERE  `a`.`id` IN ('46','43') [ RunTime:0.000231s ]
---------------------------------------------------------------
[ 2018-05-26T05:17:13+08:00 ] 127.0.0.1 POST /cartGoodsAmount.html
[ info ] www.myshop.com/cartGoodsAmount.html [运行时间：0.051133s][吞吐率：19.56req/s] [内存消耗：5,916.35kb] [文件加载：63]
[ info ] [ LANG ] K:\AMP\day\myshop\thinkphp\lang\zh-cn.php
[ info ] [ ROUTE ] array (
  'type' => 'module',
  'module' => 
  array (
    0 => 'index',
    1 => 'flow',
    2 => 'cartGoodsAmount',
  ),
  'convert' => false,
)
[ info ] [ HEADER ] array (
  'host' => 'www.myshop.com',
  'connection' => 'keep-alive',
  'content-length' => '97',
  'origin' => 'http://www.myshop.com',
  'user-agent' => 'Mozilla/5.0 (Windows NT 10.0; Win64; x64) AppleWebKit/537.36 (KHTML, like Gecko) Chrome/66.0.3359.181 Safari/537.36',
  'content-type' => 'application/x-www-form-urlencoded',
  'accept' => '*/*',
  'referer' => 'http://www.myshop.com/cart',
  'accept-encoding' => 'gzip, deflate',
  'accept-language' => 'zh-CN,zh;q=0.9',
  'cookie' => 'sidebar-fixed=false; breadcrumbs-fixed=false; page-header-fixed=false; navbar-fixed-top=false; cart=a%3A8%3A%7Bs%3A8%3A%2245-46%2C42%22%3Bi%3A7%3Bs%3A8%3A%2245-47%2C44%22%3Bi%3A2%3Bs%3A8%3A%2245-49%2C45%22%3Bi%3A1%3Bs%3A8%3A%2245-46%2C44%22%3Bi%3A1%3Bs%3A8%3A%2245-48%2C43%22%3Bi%3A1%3Bs%3A8%3A%2245-47%2C45%22%3Bi%3A1%3Bs%3A8%3A%2245-46%2C45%22%3Bi%3A1%3Bs%3A8%3A%2245-46%2C43%22%3Bi%3A1%3B%7D; PHPSESSID=c62hhrq211nbk3panfe5v8mue5; thinkphp_show_page_trace=0|0',
)
[ info ] [ PARAM ] array (
  'rec_id' => '45-46,42|45-47,44|45-49,45|45-46,44|45-48,43|45-47,45|45-46,45|45-46,43',
  'favourable_id' => 'null',
)
[ info ] [ CACHE ] INIT File
[ info ] [ DB ] INIT mysql
[ info ] [ RUN ] app\index\controller\Flow->cartGoodsAmount[ K:\AMP\day\myshop\application\index\controller\Flow.php ]
[ info ] [ SESSION ] INIT array (
  'type' => 'Mysql',
  'auto_start' => true,
  'session_expire' => 3600,
  'session_prefix' => 'php_',
  'table_name' => 'session',
  'database' => 
  array (
    'hostname' => '127.0.0.1',
    'database' => 'mybike',
    'username' => 'root',
    'password' => '123',
    'hostport' => '3306',
    'prefix' => 'php_',
    'charset' => 'utf8',
  ),
)
[ info ] [ DB ] INIT mysql
[ info ] [ LOG ] INIT File
[ sql ] [ DB ] CONNECT:[ UseTime:0.000669s ] mysql:host=127.0.0.1;port=3306;dbname=myshop;charset=utf8
[ sql ] [ SQL ] SHOW COLUMNS FROM `php_goods` [ RunTime:0.000627s ]
[ sql ] [ SQL ] SELECT `id`,`goodsName`,`mdPic`,`shopPrice` FROM `php_goods` WHERE  `id` = 45 LIMIT 1 [ RunTime:0.000294s ]
[ sql ] [ DB ] CONNECT:[ UseTime:0.000423s ] mysql:host=127.0.0.1;port=3306;dbname=mybike;charset=utf8
[ sql ] [ SQL ] SELECT session_data FROM php_session WHERE session_id = 'php_c62hhrq211nbk3panfe5v8mue5' AND session_expire > '1527283033' [ RunTime:0.000211s ]
[ sql ] [ SQL ] SHOW COLUMNS FROM `php_goods_attr` [ RunTime:0.000430s ]
[ sql ] [ SQL ] SELECT `a`.*,`b`.`attrName` FROM `php_goods_attr` `a` LEFT JOIN `php_attr` `b` ON `a`.`attrId`=`b`.`id` WHERE  `a`.`id` IN ('46','42') [ RunTime:0.000306s ]
[ sql ] [ SQL ] SELECT `id`,`goodsName`,`mdPic`,`shopPrice` FROM `php_goods` WHERE  `id` = 45 LIMIT 1 [ RunTime:0.000211s ]
[ sql ] [ SQL ] SELECT `a`.*,`b`.`attrName` FROM `php_goods_attr` `a` LEFT JOIN `php_attr` `b` ON `a`.`attrId`=`b`.`id` WHERE  `a`.`id` IN ('47','44') [ RunTime:0.000243s ]
[ sql ] [ SQL ] SELECT `id`,`goodsName`,`mdPic`,`shopPrice` FROM `php_goods` WHERE  `id` = 45 LIMIT 1 [ RunTime:0.000187s ]
[ sql ] [ SQL ] SELECT `a`.*,`b`.`attrName` FROM `php_goods_attr` `a` LEFT JOIN `php_attr` `b` ON `a`.`attrId`=`b`.`id` WHERE  `a`.`id` IN ('49','45') [ RunTime:0.000221s ]
[ sql ] [ SQL ] SELECT `id`,`goodsName`,`mdPic`,`shopPrice` FROM `php_goods` WHERE  `id` = 45 LIMIT 1 [ RunTime:0.000187s ]
[ sql ] [ SQL ] SELECT `a`.*,`b`.`attrName` FROM `php_goods_attr` `a` LEFT JOIN `php_attr` `b` ON `a`.`attrId`=`b`.`id` WHERE  `a`.`id` IN ('46','44') [ RunTime:0.000222s ]
[ sql ] [ SQL ] SELECT `id`,`goodsName`,`mdPic`,`shopPrice` FROM `php_goods` WHERE  `id` = 45 LIMIT 1 [ RunTime:0.000185s ]
[ sql ] [ SQL ] SELECT `a`.*,`b`.`attrName` FROM `php_goods_attr` `a` LEFT JOIN `php_attr` `b` ON `a`.`attrId`=`b`.`id` WHERE  `a`.`id` IN ('48','43') [ RunTime:0.000223s ]
[ sql ] [ SQL ] SELECT `id`,`goodsName`,`mdPic`,`shopPrice` FROM `php_goods` WHERE  `id` = 45 LIMIT 1 [ RunTime:0.000186s ]
[ sql ] [ SQL ] SELECT `a`.*,`b`.`attrName` FROM `php_goods_attr` `a` LEFT JOIN `php_attr` `b` ON `a`.`attrId`=`b`.`id` WHERE  `a`.`id` IN ('47','45') [ RunTime:0.000219s ]
[ sql ] [ SQL ] SELECT `id`,`goodsName`,`mdPic`,`shopPrice` FROM `php_goods` WHERE  `id` = 45 LIMIT 1 [ RunTime:0.000185s ]
[ sql ] [ SQL ] SELECT `a`.*,`b`.`attrName` FROM `php_goods_attr` `a` LEFT JOIN `php_attr` `b` ON `a`.`attrId`=`b`.`id` WHERE  `a`.`id` IN ('46','45') [ RunTime:0.000218s ]
[ sql ] [ SQL ] SELECT `id`,`goodsName`,`mdPic`,`shopPrice` FROM `php_goods` WHERE  `id` = 45 LIMIT 1 [ RunTime:0.000192s ]
[ sql ] [ SQL ] SELECT `a`.*,`b`.`attrName` FROM `php_goods_attr` `a` LEFT JOIN `php_attr` `b` ON `a`.`attrId`=`b`.`id` WHERE  `a`.`id` IN ('46','43') [ RunTime:0.000217s ]
---------------------------------------------------------------
[ 2018-05-26T05:17:14+08:00 ] 127.0.0.1 POST /cartGoodsAmount.html
[ info ] www.myshop.com/cartGoodsAmount.html [运行时间：0.050356s][吞吐率：19.86req/s] [内存消耗：5,916.49kb] [文件加载：63]
[ info ] [ LANG ] K:\AMP\day\myshop\thinkphp\lang\zh-cn.php
[ info ] [ ROUTE ] array (
  'type' => 'module',
  'module' => 
  array (
    0 => 'index',
    1 => 'flow',
    2 => 'cartGoodsAmount',
  ),
  'convert' => false,
)
[ info ] [ HEADER ] array (
  'host' => 'www.myshop.com',
  'connection' => 'keep-alive',
  'content-length' => '88',
  'origin' => 'http://www.myshop.com',
  'user-agent' => 'Mozilla/5.0 (Windows NT 10.0; Win64; x64) AppleWebKit/537.36 (KHTML, like Gecko) Chrome/66.0.3359.181 Safari/537.36',
  'content-type' => 'application/x-www-form-urlencoded',
  'accept' => '*/*',
  'referer' => 'http://www.myshop.com/cart',
  'accept-encoding' => 'gzip, deflate',
  'accept-language' => 'zh-CN,zh;q=0.9',
  'cookie' => 'sidebar-fixed=false; breadcrumbs-fixed=false; page-header-fixed=false; navbar-fixed-top=false; cart=a%3A8%3A%7Bs%3A8%3A%2245-46%2C42%22%3Bi%3A7%3Bs%3A8%3A%2245-47%2C44%22%3Bi%3A2%3Bs%3A8%3A%2245-49%2C45%22%3Bi%3A1%3Bs%3A8%3A%2245-46%2C44%22%3Bi%3A1%3Bs%3A8%3A%2245-48%2C43%22%3Bi%3A1%3Bs%3A8%3A%2245-47%2C45%22%3Bi%3A1%3Bs%3A8%3A%2245-46%2C45%22%3Bi%3A1%3Bs%3A8%3A%2245-46%2C43%22%3Bi%3A1%3B%7D; PHPSESSID=c62hhrq211nbk3panfe5v8mue5; thinkphp_show_page_trace=0|0',
)
[ info ] [ PARAM ] array (
  'rec_id' => '45-46,42|45-49,45|45-46,44|45-48,43|45-47,45|45-46,45|45-46,43',
  'favourable_id' => 'null',
)
[ info ] [ CACHE ] INIT File
[ info ] [ DB ] INIT mysql
[ info ] [ RUN ] app\index\controller\Flow->cartGoodsAmount[ K:\AMP\day\myshop\application\index\controller\Flow.php ]
[ info ] [ SESSION ] INIT array (
  'type' => 'Mysql',
  'auto_start' => true,
  'session_expire' => 3600,
  'session_prefix' => 'php_',
  'table_name' => 'session',
  'database' => 
  array (
    'hostname' => '127.0.0.1',
    'database' => 'mybike',
    'username' => 'root',
    'password' => '123',
    'hostport' => '3306',
    'prefix' => 'php_',
    'charset' => 'utf8',
  ),
)
[ info ] [ DB ] INIT mysql
[ info ] [ LOG ] INIT File
[ sql ] [ DB ] CONNECT:[ UseTime:0.000649s ] mysql:host=127.0.0.1;port=3306;dbname=myshop;charset=utf8
[ sql ] [ SQL ] SHOW COLUMNS FROM `php_goods` [ RunTime:0.000636s ]
[ sql ] [ SQL ] SELECT `id`,`goodsName`,`mdPic`,`shopPrice` FROM `php_goods` WHERE  `id` = 45 LIMIT 1 [ RunTime:0.000256s ]
[ sql ] [ DB ] CONNECT:[ UseTime:0.000453s ] mysql:host=127.0.0.1;port=3306;dbname=mybike;charset=utf8
[ sql ] [ SQL ] SELECT session_data FROM php_session WHERE session_id = 'php_c62hhrq211nbk3panfe5v8mue5' AND session_expire > '1527283034' [ RunTime:0.000206s ]
[ sql ] [ SQL ] SHOW COLUMNS FROM `php_goods_attr` [ RunTime:0.000393s ]
[ sql ] [ SQL ] SELECT `a`.*,`b`.`attrName` FROM `php_goods_attr` `a` LEFT JOIN `php_attr` `b` ON `a`.`attrId`=`b`.`id` WHERE  `a`.`id` IN ('46','42') [ RunTime:0.000286s ]
[ sql ] [ SQL ] SELECT `id`,`goodsName`,`mdPic`,`shopPrice` FROM `php_goods` WHERE  `id` = 45 LIMIT 1 [ RunTime:0.000204s ]
[ sql ] [ SQL ] SELECT `a`.*,`b`.`attrName` FROM `php_goods_attr` `a` LEFT JOIN `php_attr` `b` ON `a`.`attrId`=`b`.`id` WHERE  `a`.`id` IN ('47','44') [ RunTime:0.000233s ]
[ sql ] [ SQL ] SELECT `id`,`goodsName`,`mdPic`,`shopPrice` FROM `php_goods` WHERE  `id` = 45 LIMIT 1 [ RunTime:0.000212s ]
[ sql ] [ SQL ] SELECT `a`.*,`b`.`attrName` FROM `php_goods_attr` `a` LEFT JOIN `php_attr` `b` ON `a`.`attrId`=`b`.`id` WHERE  `a`.`id` IN ('49','45') [ RunTime:0.000267s ]
[ sql ] [ SQL ] SELECT `id`,`goodsName`,`mdPic`,`shopPrice` FROM `php_goods` WHERE  `id` = 45 LIMIT 1 [ RunTime:0.000204s ]
[ sql ] [ SQL ] SELECT `a`.*,`b`.`attrName` FROM `php_goods_attr` `a` LEFT JOIN `php_attr` `b` ON `a`.`attrId`=`b`.`id` WHERE  `a`.`id` IN ('46','44') [ RunTime:0.000238s ]
[ sql ] [ SQL ] SELECT `id`,`goodsName`,`mdPic`,`shopPrice` FROM `php_goods` WHERE  `id` = 45 LIMIT 1 [ RunTime:0.000195s ]
[ sql ] [ SQL ] SELECT `a`.*,`b`.`attrName` FROM `php_goods_attr` `a` LEFT JOIN `php_attr` `b` ON `a`.`attrId`=`b`.`id` WHERE  `a`.`id` IN ('48','43') [ RunTime:0.000218s ]
[ sql ] [ SQL ] SELECT `id`,`goodsName`,`mdPic`,`shopPrice` FROM `php_goods` WHERE  `id` = 45 LIMIT 1 [ RunTime:0.000187s ]
[ sql ] [ SQL ] SELECT `a`.*,`b`.`attrName` FROM `php_goods_attr` `a` LEFT JOIN `php_attr` `b` ON `a`.`attrId`=`b`.`id` WHERE  `a`.`id` IN ('47','45') [ RunTime:0.000226s ]
[ sql ] [ SQL ] SELECT `id`,`goodsName`,`mdPic`,`shopPrice` FROM `php_goods` WHERE  `id` = 45 LIMIT 1 [ RunTime:0.000187s ]
[ sql ] [ SQL ] SELECT `a`.*,`b`.`attrName` FROM `php_goods_attr` `a` LEFT JOIN `php_attr` `b` ON `a`.`attrId`=`b`.`id` WHERE  `a`.`id` IN ('46','45') [ RunTime:0.000215s ]
[ sql ] [ SQL ] SELECT `id`,`goodsName`,`mdPic`,`shopPrice` FROM `php_goods` WHERE  `id` = 45 LIMIT 1 [ RunTime:0.000186s ]
[ sql ] [ SQL ] SELECT `a`.*,`b`.`attrName` FROM `php_goods_attr` `a` LEFT JOIN `php_attr` `b` ON `a`.`attrId`=`b`.`id` WHERE  `a`.`id` IN ('46','43') [ RunTime:0.000219s ]
---------------------------------------------------------------
[ 2018-05-26T05:17:14+08:00 ] 127.0.0.1 POST /cartGoodsAmount.html
[ info ] www.myshop.com/cartGoodsAmount.html [运行时间：0.051081s][吞吐率：19.58req/s] [内存消耗：5,916.35kb] [文件加载：63]
[ info ] [ LANG ] K:\AMP\day\myshop\thinkphp\lang\zh-cn.php
[ info ] [ ROUTE ] array (
  'type' => 'module',
  'module' => 
  array (
    0 => 'index',
    1 => 'flow',
    2 => 'cartGoodsAmount',
  ),
  'convert' => false,
)
[ info ] [ HEADER ] array (
  'host' => 'www.myshop.com',
  'connection' => 'keep-alive',
  'content-length' => '97',
  'origin' => 'http://www.myshop.com',
  'user-agent' => 'Mozilla/5.0 (Windows NT 10.0; Win64; x64) AppleWebKit/537.36 (KHTML, like Gecko) Chrome/66.0.3359.181 Safari/537.36',
  'content-type' => 'application/x-www-form-urlencoded',
  'accept' => '*/*',
  'referer' => 'http://www.myshop.com/cart',
  'accept-encoding' => 'gzip, deflate',
  'accept-language' => 'zh-CN,zh;q=0.9',
  'cookie' => 'sidebar-fixed=false; breadcrumbs-fixed=false; page-header-fixed=false; navbar-fixed-top=false; cart=a%3A8%3A%7Bs%3A8%3A%2245-46%2C42%22%3Bi%3A7%3Bs%3A8%3A%2245-47%2C44%22%3Bi%3A2%3Bs%3A8%3A%2245-49%2C45%22%3Bi%3A1%3Bs%3A8%3A%2245-46%2C44%22%3Bi%3A1%3Bs%3A8%3A%2245-48%2C43%22%3Bi%3A1%3Bs%3A8%3A%2245-47%2C45%22%3Bi%3A1%3Bs%3A8%3A%2245-46%2C45%22%3Bi%3A1%3Bs%3A8%3A%2245-46%2C43%22%3Bi%3A1%3B%7D; PHPSESSID=c62hhrq211nbk3panfe5v8mue5; thinkphp_show_page_trace=0|0',
)
[ info ] [ PARAM ] array (
  'rec_id' => '45-46,42|45-47,44|45-49,45|45-46,44|45-48,43|45-47,45|45-46,45|45-46,43',
  'favourable_id' => 'null',
)
[ info ] [ CACHE ] INIT File
[ info ] [ DB ] INIT mysql
[ info ] [ RUN ] app\index\controller\Flow->cartGoodsAmount[ K:\AMP\day\myshop\application\index\controller\Flow.php ]
[ info ] [ SESSION ] INIT array (
  'type' => 'Mysql',
  'auto_start' => true,
  'session_expire' => 3600,
  'session_prefix' => 'php_',
  'table_name' => 'session',
  'database' => 
  array (
    'hostname' => '127.0.0.1',
    'database' => 'mybike',
    'username' => 'root',
    'password' => '123',
    'hostport' => '3306',
    'prefix' => 'php_',
    'charset' => 'utf8',
  ),
)
[ info ] [ DB ] INIT mysql
[ info ] [ LOG ] INIT File
[ sql ] [ DB ] CONNECT:[ UseTime:0.000650s ] mysql:host=127.0.0.1;port=3306;dbname=myshop;charset=utf8
[ sql ] [ SQL ] SHOW COLUMNS FROM `php_goods` [ RunTime:0.000636s ]
[ sql ] [ SQL ] SELECT `id`,`goodsName`,`mdPic`,`shopPrice` FROM `php_goods` WHERE  `id` = 45 LIMIT 1 [ RunTime:0.000254s ]
[ sql ] [ DB ] CONNECT:[ UseTime:0.000473s ] mysql:host=127.0.0.1;port=3306;dbname=mybike;charset=utf8
[ sql ] [ SQL ] SELECT session_data FROM php_session WHERE session_id = 'php_c62hhrq211nbk3panfe5v8mue5' AND session_expire > '1527283034' [ RunTime:0.000221s ]
[ sql ] [ SQL ] SHOW COLUMNS FROM `php_goods_attr` [ RunTime:0.000425s ]
[ sql ] [ SQL ] SELECT `a`.*,`b`.`attrName` FROM `php_goods_attr` `a` LEFT JOIN `php_attr` `b` ON `a`.`attrId`=`b`.`id` WHERE  `a`.`id` IN ('46','42') [ RunTime:0.000294s ]
[ sql ] [ SQL ] SELECT `id`,`goodsName`,`mdPic`,`shopPrice` FROM `php_goods` WHERE  `id` = 45 LIMIT 1 [ RunTime:0.000203s ]
[ sql ] [ SQL ] SELECT `a`.*,`b`.`attrName` FROM `php_goods_attr` `a` LEFT JOIN `php_attr` `b` ON `a`.`attrId`=`b`.`id` WHERE  `a`.`id` IN ('47','44') [ RunTime:0.000235s ]
[ sql ] [ SQL ] SELECT `id`,`goodsName`,`mdPic`,`shopPrice` FROM `php_goods` WHERE  `id` = 45 LIMIT 1 [ RunTime:0.000196s ]
[ sql ] [ SQL ] SELECT `a`.*,`b`.`attrName` FROM `php_goods_attr` `a` LEFT JOIN `php_attr` `b` ON `a`.`attrId`=`b`.`id` WHERE  `a`.`id` IN ('49','45') [ RunTime:0.000220s ]
[ sql ] [ SQL ] SELECT `id`,`goodsName`,`mdPic`,`shopPrice` FROM `php_goods` WHERE  `id` = 45 LIMIT 1 [ RunTime:0.000194s ]
[ sql ] [ SQL ] SELECT `a`.*,`b`.`attrName` FROM `php_goods_attr` `a` LEFT JOIN `php_attr` `b` ON `a`.`attrId`=`b`.`id` WHERE  `a`.`id` IN ('46','44') [ RunTime:0.000240s ]
[ sql ] [ SQL ] SELECT `id`,`goodsName`,`mdPic`,`shopPrice` FROM `php_goods` WHERE  `id` = 45 LIMIT 1 [ RunTime:0.000202s ]
[ sql ] [ SQL ] SELECT `a`.*,`b`.`attrName` FROM `php_goods_attr` `a` LEFT JOIN `php_attr` `b` ON `a`.`attrId`=`b`.`id` WHERE  `a`.`id` IN ('48','43') [ RunTime:0.000240s ]
[ sql ] [ SQL ] SELECT `id`,`goodsName`,`mdPic`,`shopPrice` FROM `php_goods` WHERE  `id` = 45 LIMIT 1 [ RunTime:0.000183s ]
[ sql ] [ SQL ] SELECT `a`.*,`b`.`attrName` FROM `php_goods_attr` `a` LEFT JOIN `php_attr` `b` ON `a`.`attrId`=`b`.`id` WHERE  `a`.`id` IN ('47','45') [ RunTime:0.000216s ]
[ sql ] [ SQL ] SELECT `id`,`goodsName`,`mdPic`,`shopPrice` FROM `php_goods` WHERE  `id` = 45 LIMIT 1 [ RunTime:0.000212s ]
[ sql ] [ SQL ] SELECT `a`.*,`b`.`attrName` FROM `php_goods_attr` `a` LEFT JOIN `php_attr` `b` ON `a`.`attrId`=`b`.`id` WHERE  `a`.`id` IN ('46','45') [ RunTime:0.000214s ]
[ sql ] [ SQL ] SELECT `id`,`goodsName`,`mdPic`,`shopPrice` FROM `php_goods` WHERE  `id` = 45 LIMIT 1 [ RunTime:0.000182s ]
[ sql ] [ SQL ] SELECT `a`.*,`b`.`attrName` FROM `php_goods_attr` `a` LEFT JOIN `php_attr` `b` ON `a`.`attrId`=`b`.`id` WHERE  `a`.`id` IN ('46','43') [ RunTime:0.000214s ]
---------------------------------------------------------------
[ 2018-05-26T05:17:15+08:00 ] 127.0.0.1 POST /cartGoodsAmount.html
[ info ] www.myshop.com/cartGoodsAmount.html [运行时间：0.049644s][吞吐率：20.14req/s] [内存消耗：5,916.47kb] [文件加载：63]
[ info ] [ LANG ] K:\AMP\day\myshop\thinkphp\lang\zh-cn.php
[ info ] [ ROUTE ] array (
  'type' => 'module',
  'module' => 
  array (
    0 => 'index',
    1 => 'flow',
    2 => 'cartGoodsAmount',
  ),
  'convert' => false,
)
[ info ] [ HEADER ] array (
  'host' => 'www.myshop.com',
  'connection' => 'keep-alive',
  'content-length' => '7',
  'origin' => 'http://www.myshop.com',
  'user-agent' => 'Mozilla/5.0 (Windows NT 10.0; Win64; x64) AppleWebKit/537.36 (KHTML, like Gecko) Chrome/66.0.3359.181 Safari/537.36',
  'content-type' => 'application/x-www-form-urlencoded',
  'accept' => '*/*',
  'referer' => 'http://www.myshop.com/cart',
  'accept-encoding' => 'gzip, deflate',
  'accept-language' => 'zh-CN,zh;q=0.9',
  'cookie' => 'sidebar-fixed=false; breadcrumbs-fixed=false; page-header-fixed=false; navbar-fixed-top=false; cart=a%3A8%3A%7Bs%3A8%3A%2245-46%2C42%22%3Bi%3A7%3Bs%3A8%3A%2245-47%2C44%22%3Bi%3A2%3Bs%3A8%3A%2245-49%2C45%22%3Bi%3A1%3Bs%3A8%3A%2245-46%2C44%22%3Bi%3A1%3Bs%3A8%3A%2245-48%2C43%22%3Bi%3A1%3Bs%3A8%3A%2245-47%2C45%22%3Bi%3A1%3Bs%3A8%3A%2245-46%2C45%22%3Bi%3A1%3Bs%3A8%3A%2245-46%2C43%22%3Bi%3A1%3B%7D; PHPSESSID=c62hhrq211nbk3panfe5v8mue5; thinkphp_show_page_trace=0|0',
)
[ info ] [ PARAM ] array (
  'rec_id' => '',
)
[ info ] [ CACHE ] INIT File
[ info ] [ DB ] INIT mysql
[ info ] [ RUN ] app\index\controller\Flow->cartGoodsAmount[ K:\AMP\day\myshop\application\index\controller\Flow.php ]
[ info ] [ SESSION ] INIT array (
  'type' => 'Mysql',
  'auto_start' => true,
  'session_expire' => 3600,
  'session_prefix' => 'php_',
  'table_name' => 'session',
  'database' => 
  array (
    'hostname' => '127.0.0.1',
    'database' => 'mybike',
    'username' => 'root',
    'password' => '123',
    'hostport' => '3306',
    'prefix' => 'php_',
    'charset' => 'utf8',
  ),
)
[ info ] [ DB ] INIT mysql
[ info ] [ LOG ] INIT File
[ sql ] [ DB ] CONNECT:[ UseTime:0.000642s ] mysql:host=127.0.0.1;port=3306;dbname=myshop;charset=utf8
[ sql ] [ SQL ] SHOW COLUMNS FROM `php_goods` [ RunTime:0.000645s ]
[ sql ] [ SQL ] SELECT `id`,`goodsName`,`mdPic`,`shopPrice` FROM `php_goods` WHERE  `id` = 45 LIMIT 1 [ RunTime:0.000300s ]
[ sql ] [ DB ] CONNECT:[ UseTime:0.000500s ] mysql:host=127.0.0.1;port=3306;dbname=mybike;charset=utf8
[ sql ] [ SQL ] SELECT session_data FROM php_session WHERE session_id = 'php_c62hhrq211nbk3panfe5v8mue5' AND session_expire > '1527283035' [ RunTime:0.000262s ]
[ sql ] [ SQL ] SHOW COLUMNS FROM `php_goods_attr` [ RunTime:0.000471s ]
[ sql ] [ SQL ] SELECT `a`.*,`b`.`attrName` FROM `php_goods_attr` `a` LEFT JOIN `php_attr` `b` ON `a`.`attrId`=`b`.`id` WHERE  `a`.`id` IN ('46','42') [ RunTime:0.000331s ]
[ sql ] [ SQL ] SELECT `id`,`goodsName`,`mdPic`,`shopPrice` FROM `php_goods` WHERE  `id` = 45 LIMIT 1 [ RunTime:0.000210s ]
[ sql ] [ SQL ] SELECT `a`.*,`b`.`attrName` FROM `php_goods_attr` `a` LEFT JOIN `php_attr` `b` ON `a`.`attrId`=`b`.`id` WHERE  `a`.`id` IN ('47','44') [ RunTime:0.000242s ]
[ sql ] [ SQL ] SELECT `id`,`goodsName`,`mdPic`,`shopPrice` FROM `php_goods` WHERE  `id` = 45 LIMIT 1 [ RunTime:0.000218s ]
[ sql ] [ SQL ] SELECT `a`.*,`b`.`attrName` FROM `php_goods_attr` `a` LEFT JOIN `php_attr` `b` ON `a`.`attrId`=`b`.`id` WHERE  `a`.`id` IN ('49','45') [ RunTime:0.000240s ]
[ sql ] [ SQL ] SELECT `id`,`goodsName`,`mdPic`,`shopPrice` FROM `php_goods` WHERE  `id` = 45 LIMIT 1 [ RunTime:0.000207s ]
[ sql ] [ SQL ] SELECT `a`.*,`b`.`attrName` FROM `php_goods_attr` `a` LEFT JOIN `php_attr` `b` ON `a`.`attrId`=`b`.`id` WHERE  `a`.`id` IN ('46','44') [ RunTime:0.000227s ]
[ sql ] [ SQL ] SELECT `id`,`goodsName`,`mdPic`,`shopPrice` FROM `php_goods` WHERE  `id` = 45 LIMIT 1 [ RunTime:0.000189s ]
[ sql ] [ SQL ] SELECT `a`.*,`b`.`attrName` FROM `php_goods_attr` `a` LEFT JOIN `php_attr` `b` ON `a`.`attrId`=`b`.`id` WHERE  `a`.`id` IN ('48','43') [ RunTime:0.000221s ]
[ sql ] [ SQL ] SELECT `id`,`goodsName`,`mdPic`,`shopPrice` FROM `php_goods` WHERE  `id` = 45 LIMIT 1 [ RunTime:0.000253s ]
[ sql ] [ SQL ] SELECT `a`.*,`b`.`attrName` FROM `php_goods_attr` `a` LEFT JOIN `php_attr` `b` ON `a`.`attrId`=`b`.`id` WHERE  `a`.`id` IN ('47','45') [ RunTime:0.000229s ]
[ sql ] [ SQL ] SELECT `id`,`goodsName`,`mdPic`,`shopPrice` FROM `php_goods` WHERE  `id` = 45 LIMIT 1 [ RunTime:0.000189s ]
[ sql ] [ SQL ] SELECT `a`.*,`b`.`attrName` FROM `php_goods_attr` `a` LEFT JOIN `php_attr` `b` ON `a`.`attrId`=`b`.`id` WHERE  `a`.`id` IN ('46','45') [ RunTime:0.000221s ]
[ sql ] [ SQL ] SELECT `id`,`goodsName`,`mdPic`,`shopPrice` FROM `php_goods` WHERE  `id` = 45 LIMIT 1 [ RunTime:0.000203s ]
[ sql ] [ SQL ] SELECT `a`.*,`b`.`attrName` FROM `php_goods_attr` `a` LEFT JOIN `php_attr` `b` ON `a`.`attrId`=`b`.`id` WHERE  `a`.`id` IN ('46','43') [ RunTime:0.000258s ]
---------------------------------------------------------------
[ 2018-05-26T05:17:16+08:00 ] 127.0.0.1 POST /cartGoodsAmount.html
[ info ] www.myshop.com/cartGoodsAmount.html [运行时间：0.049261s][吞吐率：20.30req/s] [内存消耗：5,916.48kb] [文件加载：63]
[ info ] [ LANG ] K:\AMP\day\myshop\thinkphp\lang\zh-cn.php
[ info ] [ ROUTE ] array (
  'type' => 'module',
  'module' => 
  array (
    0 => 'index',
    1 => 'flow',
    2 => 'cartGoodsAmount',
  ),
  'convert' => false,
)
[ info ] [ HEADER ] array (
  'host' => 'www.myshop.com',
  'connection' => 'keep-alive',
  'content-length' => '78',
  'origin' => 'http://www.myshop.com',
  'user-agent' => 'Mozilla/5.0 (Windows NT 10.0; Win64; x64) AppleWebKit/537.36 (KHTML, like Gecko) Chrome/66.0.3359.181 Safari/537.36',
  'content-type' => 'application/x-www-form-urlencoded',
  'accept' => '*/*',
  'referer' => 'http://www.myshop.com/cart',
  'accept-encoding' => 'gzip, deflate',
  'accept-language' => 'zh-CN,zh;q=0.9',
  'cookie' => 'sidebar-fixed=false; breadcrumbs-fixed=false; page-header-fixed=false; navbar-fixed-top=false; cart=a%3A8%3A%7Bs%3A8%3A%2245-46%2C42%22%3Bi%3A7%3Bs%3A8%3A%2245-47%2C44%22%3Bi%3A2%3Bs%3A8%3A%2245-49%2C45%22%3Bi%3A1%3Bs%3A8%3A%2245-46%2C44%22%3Bi%3A1%3Bs%3A8%3A%2245-48%2C43%22%3Bi%3A1%3Bs%3A8%3A%2245-47%2C45%22%3Bi%3A1%3Bs%3A8%3A%2245-46%2C45%22%3Bi%3A1%3Bs%3A8%3A%2245-46%2C43%22%3Bi%3A1%3B%7D; PHPSESSID=c62hhrq211nbk3panfe5v8mue5; thinkphp_show_page_trace=0|0',
)
[ info ] [ PARAM ] array (
  'rec_id' => '45-46,42|45-47,44|45-49,45|45-46,44|45-48,43|45-47,45|45-46,45|45-46,43',
)
[ info ] [ CACHE ] INIT File
[ info ] [ DB ] INIT mysql
[ info ] [ RUN ] app\index\controller\Flow->cartGoodsAmount[ K:\AMP\day\myshop\application\index\controller\Flow.php ]
[ info ] [ SESSION ] INIT array (
  'type' => 'Mysql',
  'auto_start' => true,
  'session_expire' => 3600,
  'session_prefix' => 'php_',
  'table_name' => 'session',
  'database' => 
  array (
    'hostname' => '127.0.0.1',
    'database' => 'mybike',
    'username' => 'root',
    'password' => '123',
    'hostport' => '3306',
    'prefix' => 'php_',
    'charset' => 'utf8',
  ),
)
[ info ] [ DB ] INIT mysql
[ info ] [ LOG ] INIT File
[ sql ] [ DB ] CONNECT:[ UseTime:0.000690s ] mysql:host=127.0.0.1;port=3306;dbname=myshop;charset=utf8
[ sql ] [ SQL ] SHOW COLUMNS FROM `php_goods` [ RunTime:0.000606s ]
[ sql ] [ SQL ] SELECT `id`,`goodsName`,`mdPic`,`shopPrice` FROM `php_goods` WHERE  `id` = 45 LIMIT 1 [ RunTime:0.000265s ]
[ sql ] [ DB ] CONNECT:[ UseTime:0.000519s ] mysql:host=127.0.0.1;port=3306;dbname=mybike;charset=utf8
[ sql ] [ SQL ] SELECT session_data FROM php_session WHERE session_id = 'php_c62hhrq211nbk3panfe5v8mue5' AND session_expire > '1527283036' [ RunTime:0.000241s ]
[ sql ] [ SQL ] SHOW COLUMNS FROM `php_goods_attr` [ RunTime:0.000450s ]
[ sql ] [ SQL ] SELECT `a`.*,`b`.`attrName` FROM `php_goods_attr` `a` LEFT JOIN `php_attr` `b` ON `a`.`attrId`=`b`.`id` WHERE  `a`.`id` IN ('46','42') [ RunTime:0.000306s ]
[ sql ] [ SQL ] SELECT `id`,`goodsName`,`mdPic`,`shopPrice` FROM `php_goods` WHERE  `id` = 45 LIMIT 1 [ RunTime:0.000242s ]
[ sql ] [ SQL ] SELECT `a`.*,`b`.`attrName` FROM `php_goods_attr` `a` LEFT JOIN `php_attr` `b` ON `a`.`attrId`=`b`.`id` WHERE  `a`.`id` IN ('47','44') [ RunTime:0.000233s ]
[ sql ] [ SQL ] SELECT `id`,`goodsName`,`mdPic`,`shopPrice` FROM `php_goods` WHERE  `id` = 45 LIMIT 1 [ RunTime:0.000192s ]
[ sql ] [ SQL ] SELECT `a`.*,`b`.`attrName` FROM `php_goods_attr` `a` LEFT JOIN `php_attr` `b` ON `a`.`attrId`=`b`.`id` WHERE  `a`.`id` IN ('49','45') [ RunTime:0.000245s ]
[ sql ] [ SQL ] SELECT `id`,`goodsName`,`mdPic`,`shopPrice` FROM `php_goods` WHERE  `id` = 45 LIMIT 1 [ RunTime:0.000199s ]
[ sql ] [ SQL ] SELECT `a`.*,`b`.`attrName` FROM `php_goods_attr` `a` LEFT JOIN `php_attr` `b` ON `a`.`attrId`=`b`.`id` WHERE  `a`.`id` IN ('46','44') [ RunTime:0.000228s ]
[ sql ] [ SQL ] SELECT `id`,`goodsName`,`mdPic`,`shopPrice` FROM `php_goods` WHERE  `id` = 45 LIMIT 1 [ RunTime:0.000186s ]
[ sql ] [ SQL ] SELECT `a`.*,`b`.`attrName` FROM `php_goods_attr` `a` LEFT JOIN `php_attr` `b` ON `a`.`attrId`=`b`.`id` WHERE  `a`.`id` IN ('48','43') [ RunTime:0.000247s ]
[ sql ] [ SQL ] SELECT `id`,`goodsName`,`mdPic`,`shopPrice` FROM `php_goods` WHERE  `id` = 45 LIMIT 1 [ RunTime:0.000197s ]
[ sql ] [ SQL ] SELECT `a`.*,`b`.`attrName` FROM `php_goods_attr` `a` LEFT JOIN `php_attr` `b` ON `a`.`attrId`=`b`.`id` WHERE  `a`.`id` IN ('47','45') [ RunTime:0.000219s ]
[ sql ] [ SQL ] SELECT `id`,`goodsName`,`mdPic`,`shopPrice` FROM `php_goods` WHERE  `id` = 45 LIMIT 1 [ RunTime:0.000211s ]
[ sql ] [ SQL ] SELECT `a`.*,`b`.`attrName` FROM `php_goods_attr` `a` LEFT JOIN `php_attr` `b` ON `a`.`attrId`=`b`.`id` WHERE  `a`.`id` IN ('46','45') [ RunTime:0.000267s ]
[ sql ] [ SQL ] SELECT `id`,`goodsName`,`mdPic`,`shopPrice` FROM `php_goods` WHERE  `id` = 45 LIMIT 1 [ RunTime:0.000198s ]
[ sql ] [ SQL ] SELECT `a`.*,`b`.`attrName` FROM `php_goods_attr` `a` LEFT JOIN `php_attr` `b` ON `a`.`attrId`=`b`.`id` WHERE  `a`.`id` IN ('46','43') [ RunTime:0.000244s ]
