---------------------------------------------------------------
[ 2018-07-08T02:00:36+08:00 ] 101.199.110.107 GET /
[ info ] www.xxjdxl.xyz/ [运行时间：0.108635s][吞吐率：9.21req/s] [内存消耗：5,089.08kb] [文件加载：66]
[ info ] [ LANG ] /www/wwwroot/www.xxjdxl.xyz/thinkphp/lang/zh-cn.php
[ info ] [ ROUTE ] array (
  'type' => 'module',
  'module' => 
  array (
    0 => '',
    1 => NULL,
    2 => NULL,
  ),
)
[ info ] [ HEADER ] array (
  'host' => 'www.xxjdxl.xyz',
  'connection' => 'keep-alive',
  'accept-language' => 'zh-CN,zh;q=0.8',
  'user-agent' => 'Mozilla/5.0 (Linux; U; Android 5.0.2; zh-CN; Redmi Note 3 Build/LRX22G) AppleWebKit/537.36 (KHTML, like Gecko) Version/4.0 OPR/11.2.3.102637 Mobile Safari/537.36',
  'accept' => 'text/html,application/xhtml+xml,application/xml;q=0.9,*/*;q=0.8',
  'accept-encoding' => 'gzip,deflate',
  'accept-charset' => 'iso-8859-1,*,utf-8',
)
[ info ] [ PARAM ] array (
)
[ info ] [ CACHE ] INIT File
[ info ] [ DB ] INIT mysql
[ info ] [ RUN ] app\index\controller\Index->index[ /www/wwwroot/www.xxjdxl.xyz/application/index/controller/Index.php ]
[ info ] [ VIEW ] /www/wwwroot/www.xxjdxl.xyz/public/../application/index/view/index/index.html [ array (
  0 => 'navArr',
  1 => 'helpCateArr',
  2 => 'shopArtArr',
  3 => 'confArr',
  4 => 'foreCateArr',
  5 => 'showRight',
  6 => 'siteMast',
  7 => 'indexGoods',
  8 => 'recposCate',
  9 => 'notArts',
  10 => 'proArts',
  11 => 'brands',
  12 => 'sliders',
) ]
[ info ] [ LOG ] INIT File
[ sql ] [ DB ] CONNECT:[ UseTime:0.000616s ] mysql:host=127.0.0.1;port=3306;dbname=xyz;charset=utf8
[ sql ] [ SQL ] SHOW COLUMNS FROM `php_nav` [ RunTime:0.001182s ]
[ sql ] [ SQL ] SELECT * FROM `php_nav` ORDER BY sort desc [ RunTime:0.000389s ]
[ sql ] [ SQL ] SHOW COLUMNS FROM `php_cate` [ RunTime:0.001011s ]
[ sql ] [ SQL ] SELECT * FROM `php_cate` WHERE  `type` = 3 ORDER BY sort desc [ RunTime:0.000418s ]
[ sql ] [ SQL ] SHOW COLUMNS FROM `php_article` [ RunTime:0.000970s ]
[ sql ] [ SQL ] SELECT * FROM `php_article` WHERE  `cateId` = 11  AND `showStatus` = 1 [ RunTime:0.000644s ]
[ sql ] [ SQL ] SELECT * FROM `php_article` WHERE  `cateId` = 12  AND `showStatus` = 1 [ RunTime:0.000387s ]
[ sql ] [ SQL ] SELECT * FROM `php_article` WHERE  `cateId` = 22  AND `showStatus` = 1 [ RunTime:0.000418s ]
[ sql ] [ SQL ] SELECT * FROM `php_article` WHERE  `cateId` = 21  AND `showStatus` = 1 [ RunTime:0.000505s ]
[ sql ] [ SQL ] SELECT * FROM `php_article` WHERE  `cateId` = 23  AND `showStatus` = 1 [ RunTime:0.000515s ]
[ sql ] [ SQL ] SELECT `id`,`title` FROM `php_article` WHERE  `cateId` = 8 [ RunTime:0.000368s ]
[ sql ] [ SQL ] SHOW COLUMNS FROM `php_conf` [ RunTime:0.001072s ]
[ sql ] [ SQL ] SELECT `enName`,`value` FROM `php_conf` [ RunTime:0.000328s ]
[ sql ] [ SQL ] SHOW COLUMNS FROM `php_category` [ RunTime:0.000950s ]
[ sql ] [ SQL ] SELECT * FROM `php_category` WHERE  `pid` = 0 [ RunTime:0.000411s ]
[ sql ] [ SQL ] SELECT * FROM `php_category` WHERE  `pid` = 1 [ RunTime:0.000390s ]
[ sql ] [ SQL ] SELECT * FROM `php_category` WHERE  `pid` = 4 [ RunTime:0.000418s ]
[ sql ] [ SQL ] SELECT * FROM `php_category` WHERE  `pid` = 27 [ RunTime:0.000356s ]
[ sql ] [ SQL ] SHOW COLUMNS FROM `php_rec_item` [ RunTime:0.000847s ]
[ sql ] [ SQL ] SELECT * FROM `php_rec_item` WHERE  `valType` = 1  AND `recposId` = 8 [ RunTime:0.000443s ]
[ sql ] [ SQL ] SHOW COLUMNS FROM `php_goods` [ RunTime:0.000885s ]
[ sql ] [ SQL ] SELECT `id`,`goodsName`,`mdPic`,`shopPrice`,`marketPrice` FROM `php_goods` WHERE  `id` IN (40,39,38,37,36,35,34,33,32,31,17,24,25,26,27,28,29,30,41,42,44,45) ORDER BY id desc LIMIT 20 [ RunTime:0.000596s ]
[ sql ] [ SQL ] SELECT * FROM `php_rec_item` WHERE  `valType` = 2  AND `recposId` = 5 [ RunTime:0.000408s ]
[ sql ] [ SQL ] SELECT `id`,`cateName`,`pid` FROM `php_category` WHERE  `id` = 2  AND `pid` = 0 LIMIT 1 [ RunTime:0.000305s ]
[ sql ] [ SQL ] SELECT `id`,`cateName`,`pid` FROM `php_category` WHERE  `id` = 1  AND `pid` = 0 LIMIT 1 [ RunTime:0.000311s ]
[ sql ] [ SQL ] SELECT `id`,`cateName`,`pid` FROM `php_category` WHERE  `id` = 4  AND `pid` = 0 LIMIT 1 [ RunTime:0.000314s ]
[ sql ] [ SQL ] SELECT `id`,`cateName`,`pid` FROM `php_category` WHERE  `id` = 10  AND `pid` = 0 LIMIT 1 [ RunTime:0.000302s ]
[ sql ] [ SQL ] SELECT `id`,`cateName`,`pid` FROM `php_category` WHERE  `id` = 7  AND `pid` = 0 LIMIT 1 [ RunTime:0.000296s ]
[ sql ] [ SQL ] SELECT * FROM `php_category` [ RunTime:0.000325s ]
[ sql ] [ SQL ] SELECT `id` FROM `php_goods` WHERE  `cateId` = 1 [ RunTime:0.000344s ]
[ sql ] [ SQL ] SHOW COLUMNS FROM `php_goods_cat` [ RunTime:0.000793s ]
[ sql ] [ SQL ] SELECT DISTINCT goodsId id FROM `php_goods_cat` WHERE  `catId` IN (2,12,13,14,15,10,16,17,18,11,19,20,21,1) [ RunTime:0.000414s ]
[ sql ] [ SQL ] SELECT `valId` FROM `php_rec_item` WHERE  `valId` IN (17,26,27,28,29,31,32,34,35,36,37,41,44)  AND `recposId` = 4  AND `valType` = 1 [ RunTime:0.000358s ]
[ sql ] [ SQL ] SELECT * FROM `php_goods` WHERE  `onSale` = 1  AND `id` IN (26,17,27,28,29,31,32,34,35,36,37,41,44) ORDER BY id desc LIMIT 6 [ RunTime:0.000456s ]
[ sql ] [ SQL ] SHOW COLUMNS FROM `php_category_brands` [ RunTime:0.000801s ]
[ sql ] [ SQL ] SELECT * FROM `php_category_brands` WHERE  `cateId` = 1 LIMIT 1 [ RunTime:0.000371s ]
[ sql ] [ SQL ] SHOW COLUMNS FROM `php_brand` [ RunTime:0.000839s ]
[ sql ] [ SQL ] SELECT * FROM `php_brand` WHERE  `id` IN (16,17,18,19,20,21,22,23,24,25) [ RunTime:0.000382s ]
[ sql ] [ SQL ] SHOW COLUMNS FROM `php_category_ad` [ RunTime:0.000759s ]
[ sql ] [ SQL ] SELECT * FROM `php_category_ad` WHERE  `cateId` = 1  AND `position` = 1 ORDER BY id desc LIMIT 3 [ RunTime:0.000394s ]
[ sql ] [ SQL ] SELECT * FROM `php_category_ad` WHERE  `cateId` = 1  AND `position` = 2 ORDER BY id desc LIMIT 1 [ RunTime:0.000351s ]
[ sql ] [ SQL ] SELECT * FROM `php_category_ad` WHERE  `cateId` = 1  AND `position` = 3 ORDER BY id desc LIMIT 1 [ RunTime:0.000341s ]
[ sql ] [ SQL ] SELECT * FROM `php_rec_item` WHERE  `valType` = 2  AND `recposId` = 5 [ RunTime:0.000324s ]
[ sql ] [ SQL ] SELECT `id`,`cateName`,`pid` FROM `php_category` WHERE  `id` = 2  AND `pid` = 1 LIMIT 1 [ RunTime:0.000306s ]
[ sql ] [ SQL ] SELECT `id`,`cateName`,`pid` FROM `php_category` WHERE  `id` = 1  AND `pid` = 1 LIMIT 1 [ RunTime:0.000300s ]
[ sql ] [ SQL ] SELECT `id`,`cateName`,`pid` FROM `php_category` WHERE  `id` = 4  AND `pid` = 1 LIMIT 1 [ RunTime:0.000287s ]
[ sql ] [ SQL ] SELECT `id`,`cateName`,`pid` FROM `php_category` WHERE  `id` = 10  AND `pid` = 1 LIMIT 1 [ RunTime:0.000290s ]
[ sql ] [ SQL ] SELECT `id`,`cateName`,`pid` FROM `php_category` WHERE  `id` = 7  AND `pid` = 1 LIMIT 1 [ RunTime:0.000296s ]
[ sql ] [ SQL ] SELECT * FROM `php_category` [ RunTime:0.000318s ]
[ sql ] [ SQL ] SELECT `id` FROM `php_goods` WHERE  `cateId` = 2 [ RunTime:0.000317s ]
[ sql ] [ SQL ] SELECT DISTINCT goodsId id FROM `php_goods_cat` WHERE  `catId` IN (12,13,14,15,2) [ RunTime:0.000376s ]
[ sql ] [ SQL ] SELECT `valId` FROM `php_rec_item` WHERE  `valId` IN (17,28,31,32,34,44)  AND `recposId` = 7  AND `valType` = 1 [ RunTime:0.000316s ]
[ sql ] [ SQL ] SELECT * FROM `php_goods` WHERE  `onSale` = 1  AND `id` IN (17,28,31,32,34,44) ORDER BY id desc LIMIT 6 [ RunTime:0.000429s ]
[ sql ] [ SQL ] SELECT * FROM `php_category` [ RunTime:0.000362s ]
[ sql ] [ SQL ] SELECT `id` FROM `php_goods` WHERE  `cateId` = 10 [ RunTime:0.000291s ]
[ sql ] [ SQL ] SELECT DISTINCT goodsId id FROM `php_goods_cat` WHERE  `catId` IN (16,17,18,10) [ RunTime:0.000353s ]
[ sql ] [ SQL ] SELECT `valId` FROM `php_rec_item` WHERE  `valId` IN (17,27,29,31,37)  AND `recposId` = 7  AND `valType` = 1 [ RunTime:0.000335s ]
[ sql ] [ SQL ] SELECT * FROM `php_goods` WHERE  `onSale` = 1  AND `id` IN (17,27,29,31,37) ORDER BY id desc LIMIT 6 [ RunTime:0.000420s ]
[ sql ] [ SQL ] SELECT * FROM `php_category` [ RunTime:0.000323s ]
[ sql ] [ SQL ] SELECT `id` FROM `php_goods` WHERE  `cateId` = 4 [ RunTime:0.000324s ]
[ sql ] [ SQL ] SELECT DISTINCT goodsId id FROM `php_goods_cat` WHERE  `catId` IN (7,24,25,26,4) [ RunTime:0.000412s ]
[ sql ] [ SQL ] SELECT `valId` FROM `php_rec_item` WHERE  `valId` IN (24,25,30,33,38,39,42,40)  AND `recposId` = 4  AND `valType` = 1 [ RunTime:0.000340s ]
[ sql ] [ SQL ] SELECT * FROM `php_goods` WHERE  `onSale` = 1  AND `id` IN (24,25,30,33,38,39,40,42) ORDER BY id desc LIMIT 6 [ RunTime:0.000418s ]
[ sql ] [ SQL ] SELECT * FROM `php_category_brands` WHERE  `cateId` = 4 LIMIT 1 [ RunTime:0.000327s ]
[ sql ] [ SQL ] SELECT * FROM `php_brand` WHERE  `id` IN (1,8,7,9,10,11,12,13,14,15) [ RunTime:0.000353s ]
[ sql ] [ SQL ] SELECT * FROM `php_category_ad` WHERE  `cateId` = 4  AND `position` = 1 ORDER BY id desc LIMIT 3 [ RunTime:0.000375s ]
[ sql ] [ SQL ] SELECT * FROM `php_category_ad` WHERE  `cateId` = 4  AND `position` = 2 ORDER BY id desc LIMIT 1 [ RunTime:0.000389s ]
[ sql ] [ SQL ] SELECT * FROM `php_category_ad` WHERE  `cateId` = 4  AND `position` = 3 ORDER BY id desc LIMIT 1 [ RunTime:0.000345s ]
[ sql ] [ SQL ] SELECT * FROM `php_rec_item` WHERE  `valType` = 2  AND `recposId` = 5 [ RunTime:0.000325s ]
[ sql ] [ SQL ] SELECT `id`,`cateName`,`pid` FROM `php_category` WHERE  `id` = 2  AND `pid` = 4 LIMIT 1 [ RunTime:0.000318s ]
[ sql ] [ SQL ] SELECT `id`,`cateName`,`pid` FROM `php_category` WHERE  `id` = 1  AND `pid` = 4 LIMIT 1 [ RunTime:0.000300s ]
[ sql ] [ SQL ] SELECT `id`,`cateName`,`pid` FROM `php_category` WHERE  `id` = 4  AND `pid` = 4 LIMIT 1 [ RunTime:0.000287s ]
[ sql ] [ SQL ] SELECT `id`,`cateName`,`pid` FROM `php_category` WHERE  `id` = 10  AND `pid` = 4 LIMIT 1 [ RunTime:0.000375s ]
[ sql ] [ SQL ] SELECT `id`,`cateName`,`pid` FROM `php_category` WHERE  `id` = 7  AND `pid` = 4 LIMIT 1 [ RunTime:0.000371s ]
[ sql ] [ SQL ] SELECT * FROM `php_category` [ RunTime:0.000333s ]
[ sql ] [ SQL ] SELECT `id` FROM `php_goods` WHERE  `cateId` = 7 [ RunTime:0.000350s ]
[ sql ] [ SQL ] SELECT DISTINCT goodsId id FROM `php_goods_cat` WHERE  `catId` IN (24,25,26,7) [ RunTime:0.000427s ]
[ sql ] [ SQL ] SELECT `valId` FROM `php_rec_item` WHERE  `valId` IN (40,24,25,30,33,38,39,42)  AND `recposId` = 7  AND `valType` = 1 [ RunTime:0.000402s ]
[ sql ] [ SQL ] SELECT * FROM `php_goods` WHERE  `onSale` = 1  AND `id` IN (24,25,30,33,38,39,40,42) ORDER BY id desc LIMIT 6 [ RunTime:0.000446s ]
[ sql ] [ SQL ] SELECT `id`,`title` FROM `php_article` WHERE  `cateId` = 33 LIMIT 3 [ RunTime:0.000383s ]
[ sql ] [ SQL ] SELECT `id`,`title` FROM `php_article` WHERE  `cateId` = 34 LIMIT 3 [ RunTime:0.000301s ]
[ sql ] [ SQL ] SELECT * FROM `php_brand` ORDER BY id desc LIMIT 17 [ RunTime:0.000378s ]
[ sql ] [ SQL ] SHOW COLUMNS FROM `php_slider` [ RunTime:0.000891s ]
[ sql ] [ SQL ] SELECT * FROM `php_slider` WHERE  `status` = 1 ORDER BY sort desc [ RunTime:0.000379s ]
---------------------------------------------------------------
[ 2018-07-08T02:00:37+08:00 ] 101.199.110.107 POST /checkLogin.html
[ info ] www.xxjdxl.xyz/checkLogin.html [运行时间：0.037228s][吞吐率：26.86req/s] [内存消耗：4,392.90kb] [文件加载：61]
[ info ] [ LANG ] /www/wwwroot/www.xxjdxl.xyz/thinkphp/lang/zh-cn.php
[ info ] [ ROUTE ] array (
  'type' => 'module',
  'module' => 
  array (
    0 => 'member',
    1 => 'account',
    2 => 'checkLogin',
  ),
  'convert' => false,
)
[ info ] [ HEADER ] array (
  'host' => 'www.xxjdxl.xyz',
  'connection' => 'keep-alive',
  'origin' => 'http://www.xxjdxl.xyz',
  'x-requested-with' => 'XMLHttpRequest',
  'user-agent' => 'Mozilla/5.0 (Linux; U; Android 5.0.2; zh-CN; Redmi Note 3 Build/LRX22G) AppleWebKit/537.36 (KHTML, like Gecko) Version/4.0 OPR/11.2.3.102637 Mobile Safari/537.36',
  'accept' => '*/*',
  'referer' => 'http://www.xxjdxl.xyz/',
  'accept-encoding' => 'gzip,deflate',
  'accept-language' => 'en-us,en',
  'accept-charset' => 'iso-8859-1,*,utf-8',
  'content-length' => '0',
)
[ info ] [ PARAM ] array (
)
[ info ] [ CACHE ] INIT File
[ info ] [ DB ] INIT mysql
[ info ] [ RUN ] app\member\controller\Account->checkLogin[ /www/wwwroot/www.xxjdxl.xyz/application/member/controller/Account.php ]
[ info ] [ SESSION ] INIT array (
  'type' => 'Mysql',
  'auto_start' => true,
  'session_expire' => 3600,
  'session_prefix' => 'php_',
  'table_name' => 'session',
  'database' => 
  array (
    'hostname' => '127.0.0.1',
    'database' => 'xyz',
    'username' => 'xyz',
    'password' => 'hu.12580a',
    'hostport' => '3306',
    'prefix' => 'php_',
    'charset' => 'utf8',
  ),
)
[ info ] [ DB ] INIT mysql
[ info ] [ LOG ] INIT File
[ sql ] [ DB ] CONNECT:[ UseTime:0.000532s ] mysql:host=127.0.0.1;port=3306;dbname=xyz;charset=utf8
[ sql ] [ SQL ] SELECT session_data FROM php_session WHERE session_id = 'php_keeh0bakrujbc4egis2qqvpeo3' AND session_expire > '1530986437' [ RunTime:0.000447s ]
---------------------------------------------------------------
[ 2018-07-08T02:00:37+08:00 ] 101.199.110.107 POST /getCartNum.html
[ info ] www.xxjdxl.xyz/getCartNum.html [运行时间：0.034889s][吞吐率：28.66req/s] [内存消耗：4,289.80kb] [文件加载：59]
[ info ] [ LANG ] /www/wwwroot/www.xxjdxl.xyz/thinkphp/lang/zh-cn.php
[ info ] [ ROUTE ] array (
  'type' => 'module',
  'module' => 
  array (
    0 => 'index',
    1 => 'flow',
    2 => 'getCartNum',
  ),
  'convert' => false,
)
[ info ] [ HEADER ] array (
  'host' => 'www.xxjdxl.xyz',
  'connection' => 'keep-alive',
  'origin' => 'http://www.xxjdxl.xyz',
  'x-requested-with' => 'XMLHttpRequest',
  'user-agent' => 'Mozilla/5.0 (Linux; U; Android 5.0.2; zh-CN; Redmi Note 3 Build/LRX22G) AppleWebKit/537.36 (KHTML, like Gecko) Version/4.0 OPR/11.2.3.102637 Mobile Safari/537.36',
  'accept' => '*/*',
  'referer' => 'http://www.xxjdxl.xyz/',
  'accept-encoding' => 'gzip,deflate',
  'accept-language' => 'en-us,en',
  'accept-charset' => 'iso-8859-1,*,utf-8',
  'content-length' => '0',
)
[ info ] [ PARAM ] array (
)
[ info ] [ CACHE ] INIT File
[ info ] [ DB ] INIT mysql
[ info ] [ RUN ] app\index\controller\Flow->getCartNum[ /www/wwwroot/www.xxjdxl.xyz/application/index/controller/Flow.php ]
[ info ] [ LOG ] INIT File
---------------------------------------------------------------
[ 2018-07-08T08:36:02+08:00 ] 106.11.242.156 GET /
[ info ] www.xxjdxl.xyz/ [运行时间：0.049938s][吞吐率：20.02req/s] [内存消耗：4,932.61kb] [文件加载：64]
[ info ] [ LANG ] /www/wwwroot/www.xxjdxl.xyz/thinkphp/lang/zh-cn.php
[ info ] [ ROUTE ] array (
  'type' => 'module',
  'module' => 
  array (
    0 => '',
    1 => NULL,
    2 => NULL,
  ),
)
[ info ] [ HEADER ] array (
  'accept-encoding' => 'gzip',
  'user-agent' => 'Mozilla/5.0 (iPad; CPU OS 9_1 like Mac OS X) AppleWebKit/601.1.46 (KHTML, like Gecko) Version/9.0 Mobile/13B143 Safari/601.1',
  'cache-control' => 'no-cache',
  'pragma' => 'no-cache',
  'host' => 'www.xxjdxl.xyz',
  'accept' => 'text/html, image/gif, image/jpeg, *; q=.2, */*; q=.2',
  'connection' => 'keep-alive',
)
[ info ] [ PARAM ] array (
)
[ info ] [ CACHE ] INIT File
[ info ] [ DB ] INIT mysql
[ info ] [ RUN ] app\index\controller\Index->index[ /www/wwwroot/www.xxjdxl.xyz/application/index/controller/Index.php ]
[ info ] [ VIEW ] /www/wwwroot/www.xxjdxl.xyz/public/../application/index/view/index/index.html [ array (
  0 => 'navArr',
  1 => 'helpCateArr',
  2 => 'shopArtArr',
  3 => 'confArr',
  4 => 'foreCateArr',
  5 => 'showRight',
  6 => 'siteMast',
  7 => 'indexGoods',
  8 => 'recposCate',
  9 => 'notArts',
  10 => 'proArts',
  11 => 'brands',
  12 => 'sliders',
) ]
[ info ] [ LOG ] INIT File
[ sql ] [ DB ] CONNECT:[ UseTime:0.000541s ] mysql:host=127.0.0.1;port=3306;dbname=xyz;charset=utf8
[ sql ] [ SQL ] SHOW COLUMNS FROM `php_brand` [ RunTime:0.001195s ]
[ sql ] [ SQL ] SELECT * FROM `php_brand` ORDER BY id desc LIMIT 17 [ RunTime:0.000497s ]
[ sql ] [ SQL ] SHOW COLUMNS FROM `php_slider` [ RunTime:0.000961s ]
[ sql ] [ SQL ] SELECT * FROM `php_slider` WHERE  `status` = 1 ORDER BY sort desc [ RunTime:0.000382s ]
---------------------------------------------------------------
[ 2018-07-08T20:28:38+08:00 ] 104.192.74.21 GET /
[ info ] www.xxjdxl.xyz/ [运行时间：0.052820s][吞吐率：18.93req/s] [内存消耗：4,933.05kb] [文件加载：64]
[ info ] [ LANG ] /www/wwwroot/www.xxjdxl.xyz/thinkphp/lang/zh-cn.php
[ info ] [ ROUTE ] array (
  'type' => 'module',
  'module' => 
  array (
    0 => '',
    1 => NULL,
    2 => NULL,
  ),
)
[ info ] [ HEADER ] array (
  'user-agent' => 'Mozilla/5.0 (Macintosh; Intel Mac OS X 10_12_1) AppleWebKit/537.36 (KHTML, like Gecko) Chrome/58.0.3029.110 Safari/537.36',
  'accept' => 'text/html,application/xhtml+xml,application/xml;q=0.9,*/*;q=0.8',
  'accept-language' => 'en-us',
  'accept-charset' => 'ISO-8859-1,utf-8;q=0.7,*;q=0.7)',
  'cache-control' => 'no-cache',
  'accept-encoding' => 'gzip,deflate',
  'connection' => 'close',
  'referer' => 'http://www.xxjdxl.xyz',
  'host' => 'www.xxjdxl.xyz',
)
[ info ] [ PARAM ] array (
)
[ info ] [ CACHE ] INIT File
[ info ] [ DB ] INIT mysql
[ info ] [ RUN ] app\index\controller\Index->index[ /www/wwwroot/www.xxjdxl.xyz/application/index/controller/Index.php ]
[ info ] [ VIEW ] /www/wwwroot/www.xxjdxl.xyz/public/../application/index/view/index/index.html [ array (
  0 => 'navArr',
  1 => 'helpCateArr',
  2 => 'shopArtArr',
  3 => 'confArr',
  4 => 'foreCateArr',
  5 => 'showRight',
  6 => 'siteMast',
  7 => 'indexGoods',
  8 => 'recposCate',
  9 => 'notArts',
  10 => 'proArts',
  11 => 'brands',
  12 => 'sliders',
) ]
[ info ] [ LOG ] INIT File
[ sql ] [ DB ] CONNECT:[ UseTime:0.000656s ] mysql:host=127.0.0.1;port=3306;dbname=xyz;charset=utf8
[ sql ] [ SQL ] SHOW COLUMNS FROM `php_brand` [ RunTime:0.001158s ]
[ sql ] [ SQL ] SELECT * FROM `php_brand` ORDER BY id desc LIMIT 17 [ RunTime:0.000572s ]
[ sql ] [ SQL ] SHOW COLUMNS FROM `php_slider` [ RunTime:0.000799s ]
[ sql ] [ SQL ] SELECT * FROM `php_slider` WHERE  `status` = 1 ORDER BY sort desc [ RunTime:0.000388s ]
---------------------------------------------------------------
[ 2018-07-08T20:28:38+08:00 ] 104.192.74.21 GET /
[ info ] www.xxjdxl.xyz/ [运行时间：0.052249s][吞吐率：19.14req/s] [内存消耗：4,932.15kb] [文件加载：64]
[ info ] [ LANG ] /www/wwwroot/www.xxjdxl.xyz/thinkphp/lang/zh-cn.php
[ info ] [ ROUTE ] array (
  'type' => 'module',
  'module' => 
  array (
    0 => '',
    1 => NULL,
    2 => NULL,
  ),
)
[ info ] [ HEADER ] array (
  'accept-encoding' => 'gzip',
  'user-agent' => 'Mozilla',
  'host' => 'www.xxjdxl.xyz',
  'accept' => 'text/html, image/gif, image/jpeg, *; q=.2, */*; q=.2',
  'connection' => 'keep-alive',
)
[ info ] [ PARAM ] array (
)
[ info ] [ CACHE ] INIT File
[ info ] [ DB ] INIT mysql
[ info ] [ RUN ] app\index\controller\Index->index[ /www/wwwroot/www.xxjdxl.xyz/application/index/controller/Index.php ]
[ info ] [ VIEW ] /www/wwwroot/www.xxjdxl.xyz/public/../application/index/view/index/index.html [ array (
  0 => 'navArr',
  1 => 'helpCateArr',
  2 => 'shopArtArr',
  3 => 'confArr',
  4 => 'foreCateArr',
  5 => 'showRight',
  6 => 'siteMast',
  7 => 'indexGoods',
  8 => 'recposCate',
  9 => 'notArts',
  10 => 'proArts',
  11 => 'brands',
  12 => 'sliders',
) ]
[ info ] [ LOG ] INIT File
[ sql ] [ DB ] CONNECT:[ UseTime:0.000503s ] mysql:host=127.0.0.1;port=3306;dbname=xyz;charset=utf8
[ sql ] [ SQL ] SHOW COLUMNS FROM `php_brand` [ RunTime:0.001322s ]
[ sql ] [ SQL ] SELECT * FROM `php_brand` ORDER BY id desc LIMIT 17 [ RunTime:0.000536s ]
[ sql ] [ SQL ] SHOW COLUMNS FROM `php_slider` [ RunTime:0.001082s ]
[ sql ] [ SQL ] SELECT * FROM `php_slider` WHERE  `status` = 1 ORDER BY sort desc [ RunTime:0.000390s ]
---------------------------------------------------------------
[ 2018-07-08T20:28:41+08:00 ] 104.192.74.21 GET /
[ info ] www.xxjdxl.xyz/ [运行时间：0.062528s][吞吐率：15.99req/s] [内存消耗：4,933.27kb] [文件加载：64]
[ info ] [ LANG ] /www/wwwroot/www.xxjdxl.xyz/thinkphp/lang/zh-cn.php
[ info ] [ ROUTE ] array (
  'type' => 'module',
  'module' => 
  array (
    0 => '',
    1 => NULL,
    2 => NULL,
  ),
)
[ info ] [ HEADER ] array (
  'user-agent' => 'Mozilla/5.0 (Macintosh; Intel Mac OS X 10_12_1) AppleWebKit/537.36 (KHTML, like Gecko) Chrome/58.0.3029.110 Safari/537.36',
  'accept' => 'text/html,application/xhtml+xml,application/xml;q=0.9,*/*;q=0.8',
  'accept-language' => 'en-us',
  'accept-charset' => 'ISO-8859-1,utf-8;q=0.7,*;q=0.7)',
  'cache-control' => 'no-cache',
  'accept-encoding' => 'gzip,deflate',
  'connection' => 'close',
  'referer' => 'http://www.xxjdxl.xyz/',
  'host' => 'www.xxjdxl.xyz',
)
[ info ] [ PARAM ] array (
)
[ info ] [ CACHE ] INIT File
[ info ] [ DB ] INIT mysql
[ info ] [ RUN ] app\index\controller\Index->index[ /www/wwwroot/www.xxjdxl.xyz/application/index/controller/Index.php ]
[ info ] [ VIEW ] /www/wwwroot/www.xxjdxl.xyz/public/../application/index/view/index/index.html [ array (
  0 => 'navArr',
  1 => 'helpCateArr',
  2 => 'shopArtArr',
  3 => 'confArr',
  4 => 'foreCateArr',
  5 => 'showRight',
  6 => 'siteMast',
  7 => 'indexGoods',
  8 => 'recposCate',
  9 => 'notArts',
  10 => 'proArts',
  11 => 'brands',
  12 => 'sliders',
) ]
[ info ] [ LOG ] INIT File
[ sql ] [ DB ] CONNECT:[ UseTime:0.000492s ] mysql:host=127.0.0.1;port=3306;dbname=xyz;charset=utf8
[ sql ] [ SQL ] SHOW COLUMNS FROM `php_brand` [ RunTime:0.001108s ]
[ sql ] [ SQL ] SELECT * FROM `php_brand` ORDER BY id desc LIMIT 17 [ RunTime:0.000579s ]
[ sql ] [ SQL ] SHOW COLUMNS FROM `php_slider` [ RunTime:0.000870s ]
[ sql ] [ SQL ] SELECT * FROM `php_slider` WHERE  `status` = 1 ORDER BY sort desc [ RunTime:0.000447s ]
---------------------------------------------------------------
[ 2018-07-08T20:28:41+08:00 ] 104.192.74.21 GET /category/2
[ info ] www.xxjdxl.xyz/category/2 [运行时间：0.159933s][吞吐率：6.25req/s] [内存消耗：4,566.75kb] [文件加载：62]
[ info ] [ LANG ] /www/wwwroot/www.xxjdxl.xyz/thinkphp/lang/zh-cn.php
[ info ] [ ROUTE ] array (
  'type' => 'module',
  'module' => 
  array (
    0 => 'index',
    1 => 'category',
    2 => 'index',
  ),
  'convert' => false,
)
[ info ] [ HEADER ] array (
  'user-agent' => 'Mozilla/5.0 (Macintosh; Intel Mac OS X 10_12_1) AppleWebKit/537.36 (KHTML, like Gecko) Chrome/58.0.3029.110 Safari/537.36',
  'accept' => 'text/html,application/xhtml+xml,application/xml;q=0.9,*/*;q=0.8',
  'accept-language' => 'en-us',
  'accept-charset' => 'ISO-8859-1,utf-8;q=0.7,*;q=0.7)',
  'cache-control' => 'no-cache',
  'accept-encoding' => 'gzip,deflate',
  'connection' => 'close',
  'referer' => 'http://www.xxjdxl.xyz/category/2',
  'host' => 'www.xxjdxl.xyz',
)
[ info ] [ PARAM ] array (
  'categoryId' => '2',
)
[ info ] [ CACHE ] INIT File
[ info ] [ DB ] INIT mysql
[ info ] [ RUN ] app\index\controller\Category->index[ /www/wwwroot/www.xxjdxl.xyz/application/index/controller/Category.php ]
[ info ] [ VIEW ] /www/wwwroot/www.xxjdxl.xyz/public/../application/index/view/category/index.html [ array (
  0 => 'navArr',
  1 => 'helpCateArr',
  2 => 'shopArtArr',
  3 => 'confArr',
  4 => 'foreCateArr',
) ]
[ info ] [ LOG ] INIT File
[ error ] [0]模板文件不存在:[/www/wwwroot/www.xxjdxl.xyz/thinkphp/library/think/Template.php:1084]
---------------------------------------------------------------
[ 2018-07-08T20:28:41+08:00 ] 104.192.74.21 GET /category/1
[ info ] www.xxjdxl.xyz/category/1 [运行时间：0.162166s][吞吐率：6.17req/s] [内存消耗：4,566.75kb] [文件加载：62]
[ info ] [ LANG ] /www/wwwroot/www.xxjdxl.xyz/thinkphp/lang/zh-cn.php
[ info ] [ ROUTE ] array (
  'type' => 'module',
  'module' => 
  array (
    0 => 'index',
    1 => 'category',
    2 => 'index',
  ),
  'convert' => false,
)
[ info ] [ HEADER ] array (
  'user-agent' => 'Mozilla/5.0 (Macintosh; Intel Mac OS X 10_12_1) AppleWebKit/537.36 (KHTML, like Gecko) Chrome/58.0.3029.110 Safari/537.36',
  'accept' => 'text/html,application/xhtml+xml,application/xml;q=0.9,*/*;q=0.8',
  'accept-language' => 'en-us',
  'accept-charset' => 'ISO-8859-1,utf-8;q=0.7,*;q=0.7)',
  'cache-control' => 'no-cache',
  'accept-encoding' => 'gzip,deflate',
  'connection' => 'close',
  'referer' => 'http://www.xxjdxl.xyz/category/1',
  'host' => 'www.xxjdxl.xyz',
)
[ info ] [ PARAM ] array (
  'categoryId' => '1',
)
[ info ] [ CACHE ] INIT File
[ info ] [ DB ] INIT mysql
[ info ] [ RUN ] app\index\controller\Category->index[ /www/wwwroot/www.xxjdxl.xyz/application/index/controller/Category.php ]
[ info ] [ VIEW ] /www/wwwroot/www.xxjdxl.xyz/public/../application/index/view/category/index.html [ array (
  0 => 'navArr',
  1 => 'helpCateArr',
  2 => 'shopArtArr',
  3 => 'confArr',
  4 => 'foreCateArr',
) ]
[ info ] [ LOG ] INIT File
[ error ] [0]模板文件不存在:[/www/wwwroot/www.xxjdxl.xyz/thinkphp/library/think/Template.php:1084]
---------------------------------------------------------------
[ 2018-07-08T20:28:41+08:00 ] 104.192.74.21 GET /
[ info ] www.xxjdxl.xyz/ [运行时间：0.049324s][吞吐率：20.27req/s] [内存消耗：4,932.15kb] [文件加载：64]
[ info ] [ LANG ] /www/wwwroot/www.xxjdxl.xyz/thinkphp/lang/zh-cn.php
[ info ] [ ROUTE ] array (
  'type' => 'module',
  'module' => 
  array (
    0 => '',
    1 => NULL,
    2 => NULL,
  ),
)
[ info ] [ HEADER ] array (
  'accept-encoding' => 'gzip',
  'user-agent' => 'Mozilla',
  'host' => 'www.xxjdxl.xyz',
  'accept' => 'text/html, image/gif, image/jpeg, *; q=.2, */*; q=.2',
  'connection' => 'keep-alive',
)
[ info ] [ PARAM ] array (
)
[ info ] [ CACHE ] INIT File
[ info ] [ DB ] INIT mysql
[ info ] [ RUN ] app\index\controller\Index->index[ /www/wwwroot/www.xxjdxl.xyz/application/index/controller/Index.php ]
[ info ] [ VIEW ] /www/wwwroot/www.xxjdxl.xyz/public/../application/index/view/index/index.html [ array (
  0 => 'navArr',
  1 => 'helpCateArr',
  2 => 'shopArtArr',
  3 => 'confArr',
  4 => 'foreCateArr',
  5 => 'showRight',
  6 => 'siteMast',
  7 => 'indexGoods',
  8 => 'recposCate',
  9 => 'notArts',
  10 => 'proArts',
  11 => 'brands',
  12 => 'sliders',
) ]
[ info ] [ LOG ] INIT File
[ sql ] [ DB ] CONNECT:[ UseTime:0.000627s ] mysql:host=127.0.0.1;port=3306;dbname=xyz;charset=utf8
[ sql ] [ SQL ] SHOW COLUMNS FROM `php_brand` [ RunTime:0.001099s ]
[ sql ] [ SQL ] SELECT * FROM `php_brand` ORDER BY id desc LIMIT 17 [ RunTime:0.000567s ]
[ sql ] [ SQL ] SHOW COLUMNS FROM `php_slider` [ RunTime:0.000768s ]
[ sql ] [ SQL ] SELECT * FROM `php_slider` WHERE  `status` = 1 ORDER BY sort desc [ RunTime:0.000352s ]
---------------------------------------------------------------
[ 2018-07-08T20:28:42+08:00 ] 104.192.74.21 GET /category/10
[ info ] www.xxjdxl.xyz/category/10 [运行时间：0.075338s][吞吐率：13.27req/s] [内存消耗：4,566.75kb] [文件加载：62]
[ info ] [ LANG ] /www/wwwroot/www.xxjdxl.xyz/thinkphp/lang/zh-cn.php
[ info ] [ ROUTE ] array (
  'type' => 'module',
  'module' => 
  array (
    0 => 'index',
    1 => 'category',
    2 => 'index',
  ),
  'convert' => false,
)
[ info ] [ HEADER ] array (
  'user-agent' => 'Mozilla/5.0 (Macintosh; Intel Mac OS X 10_12_1) AppleWebKit/537.36 (KHTML, like Gecko) Chrome/58.0.3029.110 Safari/537.36',
  'accept' => 'text/html,application/xhtml+xml,application/xml;q=0.9,*/*;q=0.8',
  'accept-language' => 'en-us',
  'accept-charset' => 'ISO-8859-1,utf-8;q=0.7,*;q=0.7)',
  'cache-control' => 'no-cache',
  'accept-encoding' => 'gzip,deflate',
  'connection' => 'close',
  'referer' => 'http://www.xxjdxl.xyz/category/10',
  'host' => 'www.xxjdxl.xyz',
)
[ info ] [ PARAM ] array (
  'categoryId' => '10',
)
[ info ] [ CACHE ] INIT File
[ info ] [ DB ] INIT mysql
[ info ] [ RUN ] app\index\controller\Category->index[ /www/wwwroot/www.xxjdxl.xyz/application/index/controller/Category.php ]
[ info ] [ VIEW ] /www/wwwroot/www.xxjdxl.xyz/public/../application/index/view/category/index.html [ array (
  0 => 'navArr',
  1 => 'helpCateArr',
  2 => 'shopArtArr',
  3 => 'confArr',
  4 => 'foreCateArr',
) ]
[ info ] [ LOG ] INIT File
[ error ] [0]模板文件不存在:[/www/wwwroot/www.xxjdxl.xyz/thinkphp/library/think/Template.php:1084]
---------------------------------------------------------------
[ 2018-07-08T20:28:42+08:00 ] 104.192.74.21 GET /category/2
[ info ] www.xxjdxl.xyz/category/2 [运行时间：0.067326s][吞吐率：14.85req/s] [内存消耗：4,565.31kb] [文件加载：62]
[ info ] [ LANG ] /www/wwwroot/www.xxjdxl.xyz/thinkphp/lang/zh-cn.php
[ info ] [ ROUTE ] array (
  'type' => 'module',
  'module' => 
  array (
    0 => 'index',
    1 => 'category',
    2 => 'index',
  ),
  'convert' => false,
)
[ info ] [ HEADER ] array (
  'accept-encoding' => 'gzip',
  'user-agent' => 'Mozilla',
  'host' => 'www.xxjdxl.xyz',
  'accept' => 'text/html, image/gif, image/jpeg, *; q=.2, */*; q=.2',
  'connection' => 'keep-alive',
)
[ info ] [ PARAM ] array (
  'categoryId' => '2',
)
[ info ] [ CACHE ] INIT File
[ info ] [ DB ] INIT mysql
[ info ] [ RUN ] app\index\controller\Category->index[ /www/wwwroot/www.xxjdxl.xyz/application/index/controller/Category.php ]
[ info ] [ VIEW ] /www/wwwroot/www.xxjdxl.xyz/public/../application/index/view/category/index.html [ array (
  0 => 'navArr',
  1 => 'helpCateArr',
  2 => 'shopArtArr',
  3 => 'confArr',
  4 => 'foreCateArr',
) ]
[ info ] [ LOG ] INIT File
[ error ] [0]模板文件不存在:[/www/wwwroot/www.xxjdxl.xyz/thinkphp/library/think/Template.php:1084]
---------------------------------------------------------------
[ 2018-07-08T20:28:42+08:00 ] 104.192.74.21 GET /category/1
[ info ] www.xxjdxl.xyz/category/1 [运行时间：0.070559s][吞吐率：14.17req/s] [内存消耗：4,565.31kb] [文件加载：62]
[ info ] [ LANG ] /www/wwwroot/www.xxjdxl.xyz/thinkphp/lang/zh-cn.php
[ info ] [ ROUTE ] array (
  'type' => 'module',
  'module' => 
  array (
    0 => 'index',
    1 => 'category',
    2 => 'index',
  ),
  'convert' => false,
)
[ info ] [ HEADER ] array (
  'accept-encoding' => 'gzip',
  'user-agent' => 'Mozilla',
  'host' => 'www.xxjdxl.xyz',
  'accept' => 'text/html, image/gif, image/jpeg, *; q=.2, */*; q=.2',
  'connection' => 'keep-alive',
)
[ info ] [ PARAM ] array (
  'categoryId' => '1',
)
[ info ] [ CACHE ] INIT File
[ info ] [ DB ] INIT mysql
[ info ] [ RUN ] app\index\controller\Category->index[ /www/wwwroot/www.xxjdxl.xyz/application/index/controller/Category.php ]
[ info ] [ VIEW ] /www/wwwroot/www.xxjdxl.xyz/public/../application/index/view/category/index.html [ array (
  0 => 'navArr',
  1 => 'helpCateArr',
  2 => 'shopArtArr',
  3 => 'confArr',
  4 => 'foreCateArr',
) ]
[ info ] [ LOG ] INIT File
[ error ] [0]模板文件不存在:[/www/wwwroot/www.xxjdxl.xyz/thinkphp/library/think/Template.php:1084]
---------------------------------------------------------------
[ 2018-07-08T20:28:43+08:00 ] 104.192.74.21 GET /category/4
[ info ] www.xxjdxl.xyz/category/4 [运行时间：0.072325s][吞吐率：13.83req/s] [内存消耗：4,566.75kb] [文件加载：62]
[ info ] [ LANG ] /www/wwwroot/www.xxjdxl.xyz/thinkphp/lang/zh-cn.php
[ info ] [ ROUTE ] array (
  'type' => 'module',
  'module' => 
  array (
    0 => 'index',
    1 => 'category',
    2 => 'index',
  ),
  'convert' => false,
)
[ info ] [ HEADER ] array (
  'user-agent' => 'Mozilla/5.0 (Macintosh; Intel Mac OS X 10_12_1) AppleWebKit/537.36 (KHTML, like Gecko) Chrome/58.0.3029.110 Safari/537.36',
  'accept' => 'text/html,application/xhtml+xml,application/xml;q=0.9,*/*;q=0.8',
  'accept-language' => 'en-us',
  'accept-charset' => 'ISO-8859-1,utf-8;q=0.7,*;q=0.7)',
  'cache-control' => 'no-cache',
  'accept-encoding' => 'gzip,deflate',
  'connection' => 'close',
  'referer' => 'http://www.xxjdxl.xyz/category/4',
  'host' => 'www.xxjdxl.xyz',
)
[ info ] [ PARAM ] array (
  'categoryId' => '4',
)
[ info ] [ CACHE ] INIT File
[ info ] [ DB ] INIT mysql
[ info ] [ RUN ] app\index\controller\Category->index[ /www/wwwroot/www.xxjdxl.xyz/application/index/controller/Category.php ]
[ info ] [ VIEW ] /www/wwwroot/www.xxjdxl.xyz/public/../application/index/view/category/index.html [ array (
  0 => 'navArr',
  1 => 'helpCateArr',
  2 => 'shopArtArr',
  3 => 'confArr',
  4 => 'foreCateArr',
) ]
[ info ] [ LOG ] INIT File
[ error ] [0]模板文件不存在:[/www/wwwroot/www.xxjdxl.xyz/thinkphp/library/think/Template.php:1084]
---------------------------------------------------------------
[ 2018-07-08T20:28:43+08:00 ] 104.192.74.21 GET /category/7
[ info ] www.xxjdxl.xyz/category/7 [运行时间：0.065346s][吞吐率：15.30req/s] [内存消耗：4,566.75kb] [文件加载：62]
[ info ] [ LANG ] /www/wwwroot/www.xxjdxl.xyz/thinkphp/lang/zh-cn.php
[ info ] [ ROUTE ] array (
  'type' => 'module',
  'module' => 
  array (
    0 => 'index',
    1 => 'category',
    2 => 'index',
  ),
  'convert' => false,
)
[ info ] [ HEADER ] array (
  'user-agent' => 'Mozilla/5.0 (Macintosh; Intel Mac OS X 10_12_1) AppleWebKit/537.36 (KHTML, like Gecko) Chrome/58.0.3029.110 Safari/537.36',
  'accept' => 'text/html,application/xhtml+xml,application/xml;q=0.9,*/*;q=0.8',
  'accept-language' => 'en-us',
  'accept-charset' => 'ISO-8859-1,utf-8;q=0.7,*;q=0.7)',
  'cache-control' => 'no-cache',
  'accept-encoding' => 'gzip,deflate',
  'connection' => 'close',
  'referer' => 'http://www.xxjdxl.xyz/category/7',
  'host' => 'www.xxjdxl.xyz',
)
[ info ] [ PARAM ] array (
  'categoryId' => '7',
)
[ info ] [ CACHE ] INIT File
[ info ] [ DB ] INIT mysql
[ info ] [ RUN ] app\index\controller\Category->index[ /www/wwwroot/www.xxjdxl.xyz/application/index/controller/Category.php ]
[ info ] [ VIEW ] /www/wwwroot/www.xxjdxl.xyz/public/../application/index/view/category/index.html [ array (
  0 => 'navArr',
  1 => 'helpCateArr',
  2 => 'shopArtArr',
  3 => 'confArr',
  4 => 'foreCateArr',
) ]
[ info ] [ LOG ] INIT File
[ error ] [0]模板文件不存在:[/www/wwwroot/www.xxjdxl.xyz/thinkphp/library/think/Template.php:1084]
---------------------------------------------------------------
[ 2018-07-08T20:28:43+08:00 ] 104.192.74.21 GET /category/10
[ info ] www.xxjdxl.xyz/category/10 [运行时间：0.072677s][吞吐率：13.76req/s] [内存消耗：4,565.31kb] [文件加载：62]
[ info ] [ LANG ] /www/wwwroot/www.xxjdxl.xyz/thinkphp/lang/zh-cn.php
[ info ] [ ROUTE ] array (
  'type' => 'module',
  'module' => 
  array (
    0 => 'index',
    1 => 'category',
    2 => 'index',
  ),
  'convert' => false,
)
[ info ] [ HEADER ] array (
  'accept-encoding' => 'gzip',
  'user-agent' => 'Mozilla',
  'host' => 'www.xxjdxl.xyz',
  'accept' => 'text/html, image/gif, image/jpeg, *; q=.2, */*; q=.2',
  'connection' => 'keep-alive',
)
[ info ] [ PARAM ] array (
  'categoryId' => '10',
)
[ info ] [ CACHE ] INIT File
[ info ] [ DB ] INIT mysql
[ info ] [ RUN ] app\index\controller\Category->index[ /www/wwwroot/www.xxjdxl.xyz/application/index/controller/Category.php ]
[ info ] [ VIEW ] /www/wwwroot/www.xxjdxl.xyz/public/../application/index/view/category/index.html [ array (
  0 => 'navArr',
  1 => 'helpCateArr',
  2 => 'shopArtArr',
  3 => 'confArr',
  4 => 'foreCateArr',
) ]
[ info ] [ LOG ] INIT File
[ error ] [0]模板文件不存在:[/www/wwwroot/www.xxjdxl.xyz/thinkphp/library/think/Template.php:1084]
---------------------------------------------------------------
[ 2018-07-08T20:28:44+08:00 ] 104.192.74.21 GET /category/27
[ info ] www.xxjdxl.xyz/category/27 [运行时间：0.067950s][吞吐率：14.72req/s] [内存消耗：4,566.75kb] [文件加载：62]
[ info ] [ LANG ] /www/wwwroot/www.xxjdxl.xyz/thinkphp/lang/zh-cn.php
[ info ] [ ROUTE ] array (
  'type' => 'module',
  'module' => 
  array (
    0 => 'index',
    1 => 'category',
    2 => 'index',
  ),
  'convert' => false,
)
[ info ] [ HEADER ] array (
  'user-agent' => 'Mozilla/5.0 (Macintosh; Intel Mac OS X 10_12_1) AppleWebKit/537.36 (KHTML, like Gecko) Chrome/58.0.3029.110 Safari/537.36',
  'accept' => 'text/html,application/xhtml+xml,application/xml;q=0.9,*/*;q=0.8',
  'accept-language' => 'en-us',
  'accept-charset' => 'ISO-8859-1,utf-8;q=0.7,*;q=0.7)',
  'cache-control' => 'no-cache',
  'accept-encoding' => 'gzip,deflate',
  'connection' => 'close',
  'referer' => 'http://www.xxjdxl.xyz/category/27',
  'host' => 'www.xxjdxl.xyz',
)
[ info ] [ PARAM ] array (
  'categoryId' => '27',
)
[ info ] [ CACHE ] INIT File
[ info ] [ DB ] INIT mysql
[ info ] [ RUN ] app\index\controller\Category->index[ /www/wwwroot/www.xxjdxl.xyz/application/index/controller/Category.php ]
[ info ] [ VIEW ] /www/wwwroot/www.xxjdxl.xyz/public/../application/index/view/category/index.html [ array (
  0 => 'navArr',
  1 => 'helpCateArr',
  2 => 'shopArtArr',
  3 => 'confArr',
  4 => 'foreCateArr',
) ]
[ info ] [ LOG ] INIT File
[ error ] [0]模板文件不存在:[/www/wwwroot/www.xxjdxl.xyz/thinkphp/library/think/Template.php:1084]
---------------------------------------------------------------
[ 2018-07-08T20:28:44+08:00 ] 104.192.74.21 GET /category/4
[ info ] www.xxjdxl.xyz/category/4 [运行时间：0.071030s][吞吐率：14.08req/s] [内存消耗：4,565.31kb] [文件加载：62]
[ info ] [ LANG ] /www/wwwroot/www.xxjdxl.xyz/thinkphp/lang/zh-cn.php
[ info ] [ ROUTE ] array (
  'type' => 'module',
  'module' => 
  array (
    0 => 'index',
    1 => 'category',
    2 => 'index',
  ),
  'convert' => false,
)
[ info ] [ HEADER ] array (
  'accept-encoding' => 'gzip',
  'user-agent' => 'Mozilla',
  'host' => 'www.xxjdxl.xyz',
  'accept' => 'text/html, image/gif, image/jpeg, *; q=.2, */*; q=.2',
  'connection' => 'keep-alive',
)
[ info ] [ PARAM ] array (
  'categoryId' => '4',
)
[ info ] [ CACHE ] INIT File
[ info ] [ DB ] INIT mysql
[ info ] [ RUN ] app\index\controller\Category->index[ /www/wwwroot/www.xxjdxl.xyz/application/index/controller/Category.php ]
[ info ] [ VIEW ] /www/wwwroot/www.xxjdxl.xyz/public/../application/index/view/category/index.html [ array (
  0 => 'navArr',
  1 => 'helpCateArr',
  2 => 'shopArtArr',
  3 => 'confArr',
  4 => 'foreCateArr',
) ]
[ info ] [ LOG ] INIT File
[ error ] [0]模板文件不存在:[/www/wwwroot/www.xxjdxl.xyz/thinkphp/library/think/Template.php:1084]
---------------------------------------------------------------
[ 2018-07-08T20:28:44+08:00 ] 104.192.74.21 GET /category/7
[ info ] www.xxjdxl.xyz/category/7 [运行时间：0.070018s][吞吐率：14.28req/s] [内存消耗：4,565.31kb] [文件加载：62]
[ info ] [ LANG ] /www/wwwroot/www.xxjdxl.xyz/thinkphp/lang/zh-cn.php
[ info ] [ ROUTE ] array (
  'type' => 'module',
  'module' => 
  array (
    0 => 'index',
    1 => 'category',
    2 => 'index',
  ),
  'convert' => false,
)
[ info ] [ HEADER ] array (
  'accept-encoding' => 'gzip',
  'user-agent' => 'Mozilla',
  'host' => 'www.xxjdxl.xyz',
  'accept' => 'text/html, image/gif, image/jpeg, *; q=.2, */*; q=.2',
  'connection' => 'keep-alive',
)
[ info ] [ PARAM ] array (
  'categoryId' => '7',
)
[ info ] [ CACHE ] INIT File
[ info ] [ DB ] INIT mysql
[ info ] [ RUN ] app\index\controller\Category->index[ /www/wwwroot/www.xxjdxl.xyz/application/index/controller/Category.php ]
[ info ] [ VIEW ] /www/wwwroot/www.xxjdxl.xyz/public/../application/index/view/category/index.html [ array (
  0 => 'navArr',
  1 => 'helpCateArr',
  2 => 'shopArtArr',
  3 => 'confArr',
  4 => 'foreCateArr',
) ]
[ info ] [ LOG ] INIT File
[ error ] [0]模板文件不存在:[/www/wwwroot/www.xxjdxl.xyz/thinkphp/library/think/Template.php:1084]
---------------------------------------------------------------
[ 2018-07-08T20:28:44+08:00 ] 104.192.74.21 GET /category/28
[ info ] www.xxjdxl.xyz/category/28 [运行时间：0.067261s][吞吐率：14.87req/s] [内存消耗：4,566.75kb] [文件加载：62]
[ info ] [ LANG ] /www/wwwroot/www.xxjdxl.xyz/thinkphp/lang/zh-cn.php
[ info ] [ ROUTE ] array (
  'type' => 'module',
  'module' => 
  array (
    0 => 'index',
    1 => 'category',
    2 => 'index',
  ),
  'convert' => false,
)
[ info ] [ HEADER ] array (
  'user-agent' => 'Mozilla/5.0 (Macintosh; Intel Mac OS X 10_12_1) AppleWebKit/537.36 (KHTML, like Gecko) Chrome/58.0.3029.110 Safari/537.36',
  'accept' => 'text/html,application/xhtml+xml,application/xml;q=0.9,*/*;q=0.8',
  'accept-language' => 'en-us',
  'accept-charset' => 'ISO-8859-1,utf-8;q=0.7,*;q=0.7)',
  'cache-control' => 'no-cache',
  'accept-encoding' => 'gzip,deflate',
  'connection' => 'close',
  'referer' => 'http://www.xxjdxl.xyz/category/28',
  'host' => 'www.xxjdxl.xyz',
)
[ info ] [ PARAM ] array (
  'categoryId' => '28',
)
[ info ] [ CACHE ] INIT File
[ info ] [ DB ] INIT mysql
[ info ] [ RUN ] app\index\controller\Category->index[ /www/wwwroot/www.xxjdxl.xyz/application/index/controller/Category.php ]
[ info ] [ VIEW ] /www/wwwroot/www.xxjdxl.xyz/public/../application/index/view/category/index.html [ array (
  0 => 'navArr',
  1 => 'helpCateArr',
  2 => 'shopArtArr',
  3 => 'confArr',
  4 => 'foreCateArr',
) ]
[ info ] [ LOG ] INIT File
[ error ] [0]模板文件不存在:[/www/wwwroot/www.xxjdxl.xyz/thinkphp/library/think/Template.php:1084]
---------------------------------------------------------------
[ 2018-07-08T20:28:45+08:00 ] 104.192.74.21 GET /affas
[ info ] www.xxjdxl.xyz/affas [运行时间：0.023729s][吞吐率：42.14req/s] [内存消耗：2,066.05kb] [文件加载：43]
[ info ] [ LANG ] /www/wwwroot/www.xxjdxl.xyz/thinkphp/lang/zh-cn.php
[ info ] [ ROUTE ] array (
  'type' => 'module',
  'module' => 
  array (
    0 => 'affas',
    1 => NULL,
    2 => NULL,
  ),
)
[ info ] [ HEADER ] array (
  'user-agent' => 'Mozilla/5.0 (Macintosh; Intel Mac OS X 10_12_1) AppleWebKit/537.36 (KHTML, like Gecko) Chrome/58.0.3029.110 Safari/537.36',
  'accept' => 'text/html,application/xhtml+xml,application/xml;q=0.9,*/*;q=0.8',
  'accept-language' => 'en-us',
  'accept-charset' => 'ISO-8859-1,utf-8;q=0.7,*;q=0.7)',
  'cache-control' => 'no-cache',
  'accept-encoding' => 'gzip,deflate',
  'connection' => 'close',
  'referer' => 'http://www.xxjdxl.xyz/affas',
  'host' => 'www.xxjdxl.xyz',
)
[ info ] [ PARAM ] array (
)
[ info ] [ LOG ] INIT File
---------------------------------------------------------------
[ 2018-07-08T20:28:45+08:00 ] 104.192.74.21 GET /category/27
[ info ] www.xxjdxl.xyz/category/27 [运行时间：0.072178s][吞吐率：13.85req/s] [内存消耗：4,565.31kb] [文件加载：62]
[ info ] [ LANG ] /www/wwwroot/www.xxjdxl.xyz/thinkphp/lang/zh-cn.php
[ info ] [ ROUTE ] array (
  'type' => 'module',
  'module' => 
  array (
    0 => 'index',
    1 => 'category',
    2 => 'index',
  ),
  'convert' => false,
)
[ info ] [ HEADER ] array (
  'accept-encoding' => 'gzip',
  'user-agent' => 'Mozilla',
  'host' => 'www.xxjdxl.xyz',
  'accept' => 'text/html, image/gif, image/jpeg, *; q=.2, */*; q=.2',
  'connection' => 'keep-alive',
)
[ info ] [ PARAM ] array (
  'categoryId' => '27',
)
[ info ] [ CACHE ] INIT File
[ info ] [ DB ] INIT mysql
[ info ] [ RUN ] app\index\controller\Category->index[ /www/wwwroot/www.xxjdxl.xyz/application/index/controller/Category.php ]
[ info ] [ VIEW ] /www/wwwroot/www.xxjdxl.xyz/public/../application/index/view/category/index.html [ array (
  0 => 'navArr',
  1 => 'helpCateArr',
  2 => 'shopArtArr',
  3 => 'confArr',
  4 => 'foreCateArr',
) ]
[ info ] [ LOG ] INIT File
[ error ] [0]模板文件不存在:[/www/wwwroot/www.xxjdxl.xyz/thinkphp/library/think/Template.php:1084]
---------------------------------------------------------------
[ 2018-07-08T20:28:45+08:00 ] 104.192.74.21 GET /affas
[ info ] www.xxjdxl.xyz/affas [运行时间：0.021106s][吞吐率：47.38req/s] [内存消耗：2,064.74kb] [文件加载：43]
[ info ] [ LANG ] /www/wwwroot/www.xxjdxl.xyz/thinkphp/lang/zh-cn.php
[ info ] [ ROUTE ] array (
  'type' => 'module',
  'module' => 
  array (
    0 => 'affas',
    1 => NULL,
    2 => NULL,
  ),
)
[ info ] [ HEADER ] array (
  'accept-encoding' => 'gzip',
  'user-agent' => 'Mozilla',
  'host' => 'www.xxjdxl.xyz',
  'accept' => 'text/html, image/gif, image/jpeg, *; q=.2, */*; q=.2',
  'connection' => 'keep-alive',
)
[ info ] [ PARAM ] array (
)
[ info ] [ LOG ] INIT File
---------------------------------------------------------------
[ 2018-07-08T20:28:45+08:00 ] 104.192.74.21 GET /55
[ info ] www.xxjdxl.xyz/55 [运行时间：0.022740s][吞吐率：43.98req/s] [内存消耗：2,066.05kb] [文件加载：43]
[ info ] [ LANG ] /www/wwwroot/www.xxjdxl.xyz/thinkphp/lang/zh-cn.php
[ info ] [ ROUTE ] array (
  'type' => 'module',
  'module' => 
  array (
    0 => '55',
    1 => NULL,
    2 => NULL,
  ),
)
[ info ] [ HEADER ] array (
  'user-agent' => 'Mozilla/5.0 (Macintosh; Intel Mac OS X 10_12_1) AppleWebKit/537.36 (KHTML, like Gecko) Chrome/58.0.3029.110 Safari/537.36',
  'accept' => 'text/html,application/xhtml+xml,application/xml;q=0.9,*/*;q=0.8',
  'accept-language' => 'en-us',
  'accept-charset' => 'ISO-8859-1,utf-8;q=0.7,*;q=0.7)',
  'cache-control' => 'no-cache',
  'accept-encoding' => 'gzip,deflate',
  'connection' => 'close',
  'referer' => 'http://www.xxjdxl.xyz/55',
  'host' => 'www.xxjdxl.xyz',
)
[ info ] [ PARAM ] array (
)
[ info ] [ LOG ] INIT File
---------------------------------------------------------------
[ 2018-07-08T20:28:45+08:00 ] 104.192.74.21 GET /user.php?act=profile
[ info ] www.xxjdxl.xyz/user.php?act=profile [运行时间：0.023064s][吞吐率：43.36req/s] [内存消耗：2,067.12kb] [文件加载：43]
[ info ] [ LANG ] /www/wwwroot/www.xxjdxl.xyz/thinkphp/lang/zh-cn.php
[ info ] [ ROUTE ] array (
  'type' => 'module',
  'module' => 
  array (
    0 => 'user.php',
    1 => NULL,
    2 => NULL,
  ),
)
[ info ] [ HEADER ] array (
  'user-agent' => 'Mozilla/5.0 (Macintosh; Intel Mac OS X 10_12_1) AppleWebKit/537.36 (KHTML, like Gecko) Chrome/58.0.3029.110 Safari/537.36',
  'accept' => 'text/html,application/xhtml+xml,application/xml;q=0.9,*/*;q=0.8',
  'accept-language' => 'en-us',
  'accept-charset' => 'ISO-8859-1,utf-8;q=0.7,*;q=0.7)',
  'cache-control' => 'no-cache',
  'accept-encoding' => 'gzip,deflate',
  'connection' => 'close',
  'referer' => 'http://www.xxjdxl.xyz/user.php?act=profile',
  'host' => 'www.xxjdxl.xyz',
)
[ info ] [ PARAM ] array (
  'act' => 'profile',
)
[ info ] [ LOG ] INIT File
---------------------------------------------------------------
[ 2018-07-08T20:28:46+08:00 ] 104.192.74.21 GET /category/28
[ info ] www.xxjdxl.xyz/category/28 [运行时间：0.070408s][吞吐率：14.20req/s] [内存消耗：4,565.31kb] [文件加载：62]
[ info ] [ LANG ] /www/wwwroot/www.xxjdxl.xyz/thinkphp/lang/zh-cn.php
[ info ] [ ROUTE ] array (
  'type' => 'module',
  'module' => 
  array (
    0 => 'index',
    1 => 'category',
    2 => 'index',
  ),
  'convert' => false,
)
[ info ] [ HEADER ] array (
  'accept-encoding' => 'gzip',
  'user-agent' => 'Mozilla',
  'host' => 'www.xxjdxl.xyz',
  'accept' => 'text/html, image/gif, image/jpeg, *; q=.2, */*; q=.2',
  'connection' => 'keep-alive',
)
[ info ] [ PARAM ] array (
  'categoryId' => '28',
)
[ info ] [ CACHE ] INIT File
[ info ] [ DB ] INIT mysql
[ info ] [ RUN ] app\index\controller\Category->index[ /www/wwwroot/www.xxjdxl.xyz/application/index/controller/Category.php ]
[ info ] [ VIEW ] /www/wwwroot/www.xxjdxl.xyz/public/../application/index/view/category/index.html [ array (
  0 => 'navArr',
  1 => 'helpCateArr',
  2 => 'shopArtArr',
  3 => 'confArr',
  4 => 'foreCateArr',
) ]
[ info ] [ LOG ] INIT File
[ error ] [0]模板文件不存在:[/www/wwwroot/www.xxjdxl.xyz/thinkphp/library/think/Template.php:1084]
---------------------------------------------------------------
[ 2018-07-08T20:28:46+08:00 ] 104.192.74.21 GET /55
[ info ] www.xxjdxl.xyz/55 [运行时间：0.022217s][吞吐率：45.01req/s] [内存消耗：2,064.70kb] [文件加载：43]
[ info ] [ LANG ] /www/wwwroot/www.xxjdxl.xyz/thinkphp/lang/zh-cn.php
[ info ] [ ROUTE ] array (
  'type' => 'module',
  'module' => 
  array (
    0 => '55',
    1 => NULL,
    2 => NULL,
  ),
)
[ info ] [ HEADER ] array (
  'accept-encoding' => 'gzip',
  'user-agent' => 'Mozilla',
  'host' => 'www.xxjdxl.xyz',
  'accept' => 'text/html, image/gif, image/jpeg, *; q=.2, */*; q=.2',
  'connection' => 'keep-alive',
)
[ info ] [ PARAM ] array (
)
[ info ] [ LOG ] INIT File
---------------------------------------------------------------
[ 2018-07-08T20:28:46+08:00 ] 104.192.74.21 GET /user.php?act=profile
[ info ] www.xxjdxl.xyz/user.php?act=profile [运行时间：0.022490s][吞吐率：44.46req/s] [内存消耗：2,065.49kb] [文件加载：43]
[ info ] [ LANG ] /www/wwwroot/www.xxjdxl.xyz/thinkphp/lang/zh-cn.php
[ info ] [ ROUTE ] array (
  'type' => 'module',
  'module' => 
  array (
    0 => 'user.php',
    1 => NULL,
    2 => NULL,
  ),
)
[ info ] [ HEADER ] array (
  'accept-encoding' => 'gzip',
  'user-agent' => 'Mozilla',
  'host' => 'www.xxjdxl.xyz',
  'accept' => 'text/html, image/gif, image/jpeg, *; q=.2, */*; q=.2',
  'connection' => 'keep-alive',
)
[ info ] [ PARAM ] array (
  'act' => 'profile',
)
[ info ] [ LOG ] INIT File
---------------------------------------------------------------
[ 2018-07-08T20:28:46+08:00 ] 104.192.74.21 GET /user.php
[ info ] www.xxjdxl.xyz/user.php [运行时间：0.022033s][吞吐率：45.39req/s] [内存消耗：2,066.17kb] [文件加载：43]
[ info ] [ LANG ] /www/wwwroot/www.xxjdxl.xyz/thinkphp/lang/zh-cn.php
[ info ] [ ROUTE ] array (
  'type' => 'module',
  'module' => 
  array (
    0 => 'user.php',
    1 => NULL,
    2 => NULL,
  ),
)
[ info ] [ HEADER ] array (
  'user-agent' => 'Mozilla/5.0 (Macintosh; Intel Mac OS X 10_12_1) AppleWebKit/537.36 (KHTML, like Gecko) Chrome/58.0.3029.110 Safari/537.36',
  'accept' => 'text/html,application/xhtml+xml,application/xml;q=0.9,*/*;q=0.8',
  'accept-language' => 'en-us',
  'accept-charset' => 'ISO-8859-1,utf-8;q=0.7,*;q=0.7)',
  'cache-control' => 'no-cache',
  'accept-encoding' => 'gzip,deflate',
  'connection' => 'close',
  'referer' => 'http://www.xxjdxl.xyz/user.php',
  'host' => 'www.xxjdxl.xyz',
)
[ info ] [ PARAM ] array (
)
[ info ] [ LOG ] INIT File
---------------------------------------------------------------
[ 2018-07-08T20:28:46+08:00 ] 104.192.74.21 GET /merchants.php
[ info ] www.xxjdxl.xyz/merchants.php [运行时间：0.021950s][吞吐率：45.56req/s] [内存消耗：2,066.45kb] [文件加载：43]
[ info ] [ LANG ] /www/wwwroot/www.xxjdxl.xyz/thinkphp/lang/zh-cn.php
[ info ] [ ROUTE ] array (
  'type' => 'module',
  'module' => 
  array (
    0 => 'merchants.php',
    1 => NULL,
    2 => NULL,
  ),
)
[ info ] [ HEADER ] array (
  'user-agent' => 'Mozilla/5.0 (Macintosh; Intel Mac OS X 10_12_1) AppleWebKit/537.36 (KHTML, like Gecko) Chrome/58.0.3029.110 Safari/537.36',
  'accept' => 'text/html,application/xhtml+xml,application/xml;q=0.9,*/*;q=0.8',
  'accept-language' => 'en-us',
  'accept-charset' => 'ISO-8859-1,utf-8;q=0.7,*;q=0.7)',
  'cache-control' => 'no-cache',
  'accept-encoding' => 'gzip,deflate',
  'connection' => 'close',
  'referer' => 'http://www.xxjdxl.xyz/merchants.php',
  'host' => 'www.xxjdxl.xyz',
)
[ info ] [ PARAM ] array (
)
[ info ] [ LOG ] INIT File
---------------------------------------------------------------
[ 2018-07-08T20:28:46+08:00 ] 104.192.74.21 GET /article/37
[ info ] www.xxjdxl.xyz/article/37 [运行时间：0.117273s][吞吐率：8.53req/s] [内存消耗：4,526.87kb] [文件加载：63]
[ info ] [ LANG ] /www/wwwroot/www.xxjdxl.xyz/thinkphp/lang/zh-cn.php
[ info ] [ ROUTE ] array (
  'type' => 'module',
  'module' => 
  array (
    0 => 'index',
    1 => 'article',
    2 => 'index',
  ),
  'convert' => false,
)
[ info ] [ HEADER ] array (
  'user-agent' => 'Mozilla/5.0 (Macintosh; Intel Mac OS X 10_12_1) AppleWebKit/537.36 (KHTML, like Gecko) Chrome/58.0.3029.110 Safari/537.36',
  'accept' => 'text/html,application/xhtml+xml,application/xml;q=0.9,*/*;q=0.8',
  'accept-language' => 'en-us',
  'accept-charset' => 'ISO-8859-1,utf-8;q=0.7,*;q=0.7)',
  'cache-control' => 'no-cache',
  'accept-encoding' => 'gzip,deflate',
  'connection' => 'close',
  'referer' => 'http://www.xxjdxl.xyz/article/37',
  'host' => 'www.xxjdxl.xyz',
)
[ info ] [ PARAM ] array (
  'artId' => '37',
)
[ info ] [ CACHE ] INIT File
[ info ] [ DB ] INIT mysql
[ info ] [ RUN ] app\index\controller\Article->index[ /www/wwwroot/www.xxjdxl.xyz/application/index/controller/Article.php ]
[ info ] [ VIEW ] /www/wwwroot/www.xxjdxl.xyz/public/../application/index/view/article/index.html [ array (
  0 => 'navArr',
  1 => 'helpCateArr',
  2 => 'shopArtArr',
  3 => 'confArr',
  4 => 'foreCateArr',
  5 => 'title',
  6 => 'cateNum',
  7 => 'currCate',
  8 => 'cateBread',
  9 => 'activeCate',
  10 => 'showRight',
  11 => 'helpCates',
  12 => 'comCates',
  13 => 'artData',
) ]
[ info ] [ LOG ] INIT File
[ sql ] [ DB ] CONNECT:[ UseTime:0.000588s ] mysql:host=127.0.0.1;port=3306;dbname=xyz;charset=utf8
[ sql ] [ SQL ] SHOW COLUMNS FROM `php_article` [ RunTime:0.001133s ]
[ sql ] [ SQL ] SELECT * FROM `php_article` WHERE  `id` = 37 LIMIT 1 [ RunTime:0.009459s ]
[ sql ] [ SQL ] SHOW COLUMNS FROM `php_cate` [ RunTime:0.000943s ]
[ sql ] [ SQL ] SELECT * FROM `php_cate` WHERE  `id` = 33 LIMIT 1 [ RunTime:0.015570s ]
[ sql ] [ SQL ] SELECT * FROM `php_cate` WHERE  `type` = 3  AND `pid` = 4 [ RunTime:0.000750s ]
[ sql ] [ SQL ] SELECT * FROM `php_cate` WHERE  `type` = 5  AND `pid` = 0 [ RunTime:0.000617s ]
[ sql ] [ SQL ] SELECT * FROM `php_cate` WHERE  `pid` = 18 [ RunTime:0.000492s ]
[ sql ] [ SQL ] SELECT * FROM `php_cate` WHERE  `pid` = 26 [ RunTime:0.000382s ]
[ sql ] [ SQL ] SELECT * FROM `php_cate` WHERE  `pid` = 27 [ RunTime:0.000384s ]
[ sql ] [ SQL ] SELECT * FROM `php_cate` WHERE  `pid` = 28 [ RunTime:0.000361s ]
[ sql ] [ SQL ] SELECT * FROM `php_cate` WHERE  `pid` = 29 [ RunTime:0.000347s ]
[ sql ] [ SQL ] SELECT * FROM `php_cate` WHERE  `pid` = 30 [ RunTime:0.000357s ]
[ sql ] [ SQL ] SELECT * FROM `php_cate` WHERE  `pid` = 32 [ RunTime:0.000355s ]
[ sql ] [ SQL ] SELECT * FROM `php_cate` WHERE  `pid` = 33 [ RunTime:0.000345s ]
[ sql ] [ SQL ] SELECT * FROM `php_cate` WHERE  `pid` = 34 [ RunTime:0.000350s ]
[ sql ] [ SQL ] SELECT * FROM `php_cate` WHERE  `pid` = 35 [ RunTime:0.000368s ]
[ error ] [0]模板文件不存在:[/www/wwwroot/www.xxjdxl.xyz/thinkphp/library/think/Template.php:1084]
---------------------------------------------------------------
[ 2018-07-08T20:28:46+08:00 ] 104.192.74.21 GET /user.php
[ info ] www.xxjdxl.xyz/user.php [运行时间：0.022783s][吞吐率：43.89req/s] [内存消耗：2,064.74kb] [文件加载：43]
[ info ] [ LANG ] /www/wwwroot/www.xxjdxl.xyz/thinkphp/lang/zh-cn.php
[ info ] [ ROUTE ] array (
  'type' => 'module',
  'module' => 
  array (
    0 => 'user.php',
    1 => NULL,
    2 => NULL,
  ),
)
[ info ] [ HEADER ] array (
  'accept-encoding' => 'gzip',
  'user-agent' => 'Mozilla',
  'host' => 'www.xxjdxl.xyz',
  'accept' => 'text/html, image/gif, image/jpeg, *; q=.2, */*; q=.2',
  'connection' => 'keep-alive',
)
[ info ] [ PARAM ] array (
)
[ info ] [ LOG ] INIT File
---------------------------------------------------------------
[ 2018-07-08T20:28:47+08:00 ] 104.192.74.21 GET /merchants.php
[ info ] www.xxjdxl.xyz/merchants.php [运行时间：0.021678s][吞吐率：46.13req/s] [内存消耗：2,064.73kb] [文件加载：43]
[ info ] [ LANG ] /www/wwwroot/www.xxjdxl.xyz/thinkphp/lang/zh-cn.php
[ info ] [ ROUTE ] array (
  'type' => 'module',
  'module' => 
  array (
    0 => 'merchants.php',
    1 => NULL,
    2 => NULL,
  ),
)
[ info ] [ HEADER ] array (
  'accept-encoding' => 'gzip',
  'user-agent' => 'Mozilla',
  'host' => 'www.xxjdxl.xyz',
  'accept' => 'text/html, image/gif, image/jpeg, *; q=.2, */*; q=.2',
  'connection' => 'keep-alive',
)
[ info ] [ PARAM ] array (
)
[ info ] [ LOG ] INIT File
---------------------------------------------------------------
[ 2018-07-08T20:28:47+08:00 ] 104.192.74.21 GET /article/37
[ info ] www.xxjdxl.xyz/article/37 [运行时间：0.041676s][吞吐率：23.99req/s] [内存消耗：4,527.09kb] [文件加载：63]
[ info ] [ LANG ] /www/wwwroot/www.xxjdxl.xyz/thinkphp/lang/zh-cn.php
[ info ] [ ROUTE ] array (
  'type' => 'module',
  'module' => 
  array (
    0 => 'index',
    1 => 'article',
    2 => 'index',
  ),
  'convert' => false,
)
[ info ] [ HEADER ] array (
  'accept-encoding' => 'gzip',
  'user-agent' => 'Mozilla',
  'host' => 'www.xxjdxl.xyz',
  'accept' => 'text/html, image/gif, image/jpeg, *; q=.2, */*; q=.2',
  'connection' => 'keep-alive',
)
[ info ] [ PARAM ] array (
  'artId' => '37',
)
[ info ] [ CACHE ] INIT File
[ info ] [ DB ] INIT mysql
[ info ] [ RUN ] app\index\controller\Article->index[ /www/wwwroot/www.xxjdxl.xyz/application/index/controller/Article.php ]
[ info ] [ VIEW ] /www/wwwroot/www.xxjdxl.xyz/public/../application/index/view/article/index.html [ array (
  0 => 'navArr',
  1 => 'helpCateArr',
  2 => 'shopArtArr',
  3 => 'confArr',
  4 => 'foreCateArr',
  5 => 'title',
  6 => 'cateNum',
  7 => 'currCate',
  8 => 'cateBread',
  9 => 'activeCate',
  10 => 'showRight',
  11 => 'helpCates',
  12 => 'comCates',
  13 => 'artData',
) ]
[ info ] [ LOG ] INIT File
[ error ] [0]模板文件不存在:[/www/wwwroot/www.xxjdxl.xyz/thinkphp/library/think/Template.php:1084]
---------------------------------------------------------------
[ 2018-07-08T20:28:47+08:00 ] 104.192.74.21 GET /article/38
[ info ] www.xxjdxl.xyz/article/38 [运行时间：0.044577s][吞吐率：22.43req/s] [内存消耗：4,573.12kb] [文件加载：63]
[ info ] [ LANG ] /www/wwwroot/www.xxjdxl.xyz/thinkphp/lang/zh-cn.php
[ info ] [ ROUTE ] array (
  'type' => 'module',
  'module' => 
  array (
    0 => 'index',
    1 => 'article',
    2 => 'index',
  ),
  'convert' => false,
)
[ info ] [ HEADER ] array (
  'user-agent' => 'Mozilla/5.0 (Macintosh; Intel Mac OS X 10_12_1) AppleWebKit/537.36 (KHTML, like Gecko) Chrome/58.0.3029.110 Safari/537.36',
  'accept' => 'text/html,application/xhtml+xml,application/xml;q=0.9,*/*;q=0.8',
  'accept-language' => 'en-us',
  'accept-charset' => 'ISO-8859-1,utf-8;q=0.7,*;q=0.7)',
  'cache-control' => 'no-cache',
  'accept-encoding' => 'gzip,deflate',
  'connection' => 'close',
  'referer' => 'http://www.xxjdxl.xyz/article/38',
  'host' => 'www.xxjdxl.xyz',
)
[ info ] [ PARAM ] array (
  'artId' => '38',
)
[ info ] [ CACHE ] INIT File
[ info ] [ DB ] INIT mysql
[ info ] [ RUN ] app\index\controller\Article->index[ /www/wwwroot/www.xxjdxl.xyz/application/index/controller/Article.php ]
[ info ] [ VIEW ] /www/wwwroot/www.xxjdxl.xyz/public/../application/index/view/article/index.html [ array (
  0 => 'navArr',
  1 => 'helpCateArr',
  2 => 'shopArtArr',
  3 => 'confArr',
  4 => 'foreCateArr',
  5 => 'title',
  6 => 'cateNum',
  7 => 'currCate',
  8 => 'cateBread',
  9 => 'activeCate',
  10 => 'showRight',
  11 => 'helpCates',
  12 => 'comCates',
  13 => 'artData',
) ]
[ info ] [ LOG ] INIT File
[ sql ] [ DB ] CONNECT:[ UseTime:0.000600s ] mysql:host=127.0.0.1;port=3306;dbname=xyz;charset=utf8
[ sql ] [ SQL ] SHOW COLUMNS FROM `php_article` [ RunTime:0.001225s ]
[ sql ] [ SQL ] SELECT * FROM `php_article` WHERE  `id` = 38 LIMIT 1 [ RunTime:0.000465s ]
[ error ] [0]模板文件不存在:[/www/wwwroot/www.xxjdxl.xyz/thinkphp/library/think/Template.php:1084]
---------------------------------------------------------------
[ 2018-07-08T20:28:47+08:00 ] 104.192.74.21 GET /article/39
[ info ] www.xxjdxl.xyz/article/39 [运行时间：0.043186s][吞吐率：23.16req/s] [内存消耗：4,573.03kb] [文件加载：63]
[ info ] [ LANG ] /www/wwwroot/www.xxjdxl.xyz/thinkphp/lang/zh-cn.php
[ info ] [ ROUTE ] array (
  'type' => 'module',
  'module' => 
  array (
    0 => 'index',
    1 => 'article',
    2 => 'index',
  ),
  'convert' => false,
)
[ info ] [ HEADER ] array (
  'user-agent' => 'Mozilla/5.0 (Macintosh; Intel Mac OS X 10_12_1) AppleWebKit/537.36 (KHTML, like Gecko) Chrome/58.0.3029.110 Safari/537.36',
  'accept' => 'text/html,application/xhtml+xml,application/xml;q=0.9,*/*;q=0.8',
  'accept-language' => 'en-us',
  'accept-charset' => 'ISO-8859-1,utf-8;q=0.7,*;q=0.7)',
  'cache-control' => 'no-cache',
  'accept-encoding' => 'gzip,deflate',
  'connection' => 'close',
  'referer' => 'http://www.xxjdxl.xyz/article/39',
  'host' => 'www.xxjdxl.xyz',
)
[ info ] [ PARAM ] array (
  'artId' => '39',
)
[ info ] [ CACHE ] INIT File
[ info ] [ DB ] INIT mysql
[ info ] [ RUN ] app\index\controller\Article->index[ /www/wwwroot/www.xxjdxl.xyz/application/index/controller/Article.php ]
[ info ] [ VIEW ] /www/wwwroot/www.xxjdxl.xyz/public/../application/index/view/article/index.html [ array (
  0 => 'navArr',
  1 => 'helpCateArr',
  2 => 'shopArtArr',
  3 => 'confArr',
  4 => 'foreCateArr',
  5 => 'title',
  6 => 'cateNum',
  7 => 'currCate',
  8 => 'cateBread',
  9 => 'activeCate',
  10 => 'showRight',
  11 => 'helpCates',
  12 => 'comCates',
  13 => 'artData',
) ]
[ info ] [ LOG ] INIT File
[ sql ] [ DB ] CONNECT:[ UseTime:0.000607s ] mysql:host=127.0.0.1;port=3306;dbname=xyz;charset=utf8
[ sql ] [ SQL ] SHOW COLUMNS FROM `php_article` [ RunTime:0.001272s ]
[ sql ] [ SQL ] SELECT * FROM `php_article` WHERE  `id` = 39 LIMIT 1 [ RunTime:0.000505s ]
[ error ] [0]模板文件不存在:[/www/wwwroot/www.xxjdxl.xyz/thinkphp/library/think/Template.php:1084]
---------------------------------------------------------------
[ 2018-07-08T20:28:47+08:00 ] 104.192.74.21 GET /article/40
[ info ] www.xxjdxl.xyz/article/40 [运行时间：0.051307s][吞吐率：19.49req/s] [内存消耗：4,576.87kb] [文件加载：63]
[ info ] [ LANG ] /www/wwwroot/www.xxjdxl.xyz/thinkphp/lang/zh-cn.php
[ info ] [ ROUTE ] array (
  'type' => 'module',
  'module' => 
  array (
    0 => 'index',
    1 => 'article',
    2 => 'index',
  ),
  'convert' => false,
)
[ info ] [ HEADER ] array (
  'user-agent' => 'Mozilla/5.0 (Macintosh; Intel Mac OS X 10_12_1) AppleWebKit/537.36 (KHTML, like Gecko) Chrome/58.0.3029.110 Safari/537.36',
  'accept' => 'text/html,application/xhtml+xml,application/xml;q=0.9,*/*;q=0.8',
  'accept-language' => 'en-us',
  'accept-charset' => 'ISO-8859-1,utf-8;q=0.7,*;q=0.7)',
  'cache-control' => 'no-cache',
  'accept-encoding' => 'gzip,deflate',
  'connection' => 'close',
  'referer' => 'http://www.xxjdxl.xyz/article/40',
  'host' => 'www.xxjdxl.xyz',
)
[ info ] [ PARAM ] array (
  'artId' => '40',
)
[ info ] [ CACHE ] INIT File
[ info ] [ DB ] INIT mysql
[ info ] [ RUN ] app\index\controller\Article->index[ /www/wwwroot/www.xxjdxl.xyz/application/index/controller/Article.php ]
[ info ] [ VIEW ] /www/wwwroot/www.xxjdxl.xyz/public/../application/index/view/article/index.html [ array (
  0 => 'navArr',
  1 => 'helpCateArr',
  2 => 'shopArtArr',
  3 => 'confArr',
  4 => 'foreCateArr',
  5 => 'title',
  6 => 'cateNum',
  7 => 'currCate',
  8 => 'cateBread',
  9 => 'activeCate',
  10 => 'showRight',
  11 => 'helpCates',
  12 => 'comCates',
  13 => 'artData',
) ]
[ info ] [ LOG ] INIT File
[ sql ] [ DB ] CONNECT:[ UseTime:0.000592s ] mysql:host=127.0.0.1;port=3306;dbname=xyz;charset=utf8
[ sql ] [ SQL ] SHOW COLUMNS FROM `php_article` [ RunTime:0.001304s ]
[ sql ] [ SQL ] SELECT * FROM `php_article` WHERE  `id` = 40 LIMIT 1 [ RunTime:0.000505s ]
[ sql ] [ SQL ] SHOW COLUMNS FROM `php_cate` [ RunTime:0.000969s ]
[ sql ] [ SQL ] SELECT * FROM `php_cate` WHERE  `id` = 34 LIMIT 1 [ RunTime:0.000374s ]
[ error ] [0]模板文件不存在:[/www/wwwroot/www.xxjdxl.xyz/thinkphp/library/think/Template.php:1084]
---------------------------------------------------------------
[ 2018-07-08T20:28:47+08:00 ] 104.192.74.21 GET /article/38
[ info ] www.xxjdxl.xyz/article/38 [运行时间：0.042600s][吞吐率：23.47req/s] [内存消耗：4,527.13kb] [文件加载：63]
[ info ] [ LANG ] /www/wwwroot/www.xxjdxl.xyz/thinkphp/lang/zh-cn.php
[ info ] [ ROUTE ] array (
  'type' => 'module',
  'module' => 
  array (
    0 => 'index',
    1 => 'article',
    2 => 'index',
  ),
  'convert' => false,
)
[ info ] [ HEADER ] array (
  'accept-encoding' => 'gzip',
  'user-agent' => 'Mozilla',
  'host' => 'www.xxjdxl.xyz',
  'accept' => 'text/html, image/gif, image/jpeg, *; q=.2, */*; q=.2',
  'connection' => 'keep-alive',
)
[ info ] [ PARAM ] array (
  'artId' => '38',
)
[ info ] [ CACHE ] INIT File
[ info ] [ DB ] INIT mysql
[ info ] [ RUN ] app\index\controller\Article->index[ /www/wwwroot/www.xxjdxl.xyz/application/index/controller/Article.php ]
[ info ] [ VIEW ] /www/wwwroot/www.xxjdxl.xyz/public/../application/index/view/article/index.html [ array (
  0 => 'navArr',
  1 => 'helpCateArr',
  2 => 'shopArtArr',
  3 => 'confArr',
  4 => 'foreCateArr',
  5 => 'title',
  6 => 'cateNum',
  7 => 'currCate',
  8 => 'cateBread',
  9 => 'activeCate',
  10 => 'showRight',
  11 => 'helpCates',
  12 => 'comCates',
  13 => 'artData',
) ]
[ info ] [ LOG ] INIT File
[ error ] [0]模板文件不存在:[/www/wwwroot/www.xxjdxl.xyz/thinkphp/library/think/Template.php:1084]
---------------------------------------------------------------
[ 2018-07-08T20:28:47+08:00 ] 104.192.74.21 GET /article/39
[ info ] www.xxjdxl.xyz/article/39 [运行时间：0.041091s][吞吐率：24.34req/s] [内存消耗：4,527.11kb] [文件加载：63]
[ info ] [ LANG ] /www/wwwroot/www.xxjdxl.xyz/thinkphp/lang/zh-cn.php
[ info ] [ ROUTE ] array (
  'type' => 'module',
  'module' => 
  array (
    0 => 'index',
    1 => 'article',
    2 => 'index',
  ),
  'convert' => false,
)
[ info ] [ HEADER ] array (
  'accept-encoding' => 'gzip',
  'user-agent' => 'Mozilla',
  'host' => 'www.xxjdxl.xyz',
  'accept' => 'text/html, image/gif, image/jpeg, *; q=.2, */*; q=.2',
  'connection' => 'keep-alive',
)
[ info ] [ PARAM ] array (
  'artId' => '39',
)
[ info ] [ CACHE ] INIT File
[ info ] [ DB ] INIT mysql
[ info ] [ RUN ] app\index\controller\Article->index[ /www/wwwroot/www.xxjdxl.xyz/application/index/controller/Article.php ]
[ info ] [ VIEW ] /www/wwwroot/www.xxjdxl.xyz/public/../application/index/view/article/index.html [ array (
  0 => 'navArr',
  1 => 'helpCateArr',
  2 => 'shopArtArr',
  3 => 'confArr',
  4 => 'foreCateArr',
  5 => 'title',
  6 => 'cateNum',
  7 => 'currCate',
  8 => 'cateBread',
  9 => 'activeCate',
  10 => 'showRight',
  11 => 'helpCates',
  12 => 'comCates',
  13 => 'artData',
) ]
[ info ] [ LOG ] INIT File
[ error ] [0]模板文件不存在:[/www/wwwroot/www.xxjdxl.xyz/thinkphp/library/think/Template.php:1084]
---------------------------------------------------------------
[ 2018-07-08T20:28:48+08:00 ] 104.192.74.21 GET /article/40
[ info ] www.xxjdxl.xyz/article/40 [运行时间：0.041195s][吞吐率：24.27req/s] [内存消耗：4,527.14kb] [文件加载：63]
[ info ] [ LANG ] /www/wwwroot/www.xxjdxl.xyz/thinkphp/lang/zh-cn.php
[ info ] [ ROUTE ] array (
  'type' => 'module',
  'module' => 
  array (
    0 => 'index',
    1 => 'article',
    2 => 'index',
  ),
  'convert' => false,
)
[ info ] [ HEADER ] array (
  'accept-encoding' => 'gzip',
  'user-agent' => 'Mozilla',
  'host' => 'www.xxjdxl.xyz',
  'accept' => 'text/html, image/gif, image/jpeg, *; q=.2, */*; q=.2',
  'connection' => 'keep-alive',
)
[ info ] [ PARAM ] array (
  'artId' => '40',
)
[ info ] [ CACHE ] INIT File
[ info ] [ DB ] INIT mysql
[ info ] [ RUN ] app\index\controller\Article->index[ /www/wwwroot/www.xxjdxl.xyz/application/index/controller/Article.php ]
[ info ] [ VIEW ] /www/wwwroot/www.xxjdxl.xyz/public/../application/index/view/article/index.html [ array (
  0 => 'navArr',
  1 => 'helpCateArr',
  2 => 'shopArtArr',
  3 => 'confArr',
  4 => 'foreCateArr',
  5 => 'title',
  6 => 'cateNum',
  7 => 'currCate',
  8 => 'cateBread',
  9 => 'activeCate',
  10 => 'showRight',
  11 => 'helpCates',
  12 => 'comCates',
  13 => 'artData',
) ]
[ info ] [ LOG ] INIT File
[ error ] [0]模板文件不存在:[/www/wwwroot/www.xxjdxl.xyz/thinkphp/library/think/Template.php:1084]
---------------------------------------------------------------
[ 2018-07-08T20:28:48+08:00 ] 104.192.74.21 GET /article/41
[ info ] www.xxjdxl.xyz/article/41 [运行时间：0.044649s][吞吐率：22.40req/s] [内存消耗：4,573.09kb] [文件加载：63]
[ info ] [ LANG ] /www/wwwroot/www.xxjdxl.xyz/thinkphp/lang/zh-cn.php
[ info ] [ ROUTE ] array (
  'type' => 'module',
  'module' => 
  array (
    0 => 'index',
    1 => 'article',
    2 => 'index',
  ),
  'convert' => false,
)
[ info ] [ HEADER ] array (
  'user-agent' => 'Mozilla/5.0 (Macintosh; Intel Mac OS X 10_12_1) AppleWebKit/537.36 (KHTML, like Gecko) Chrome/58.0.3029.110 Safari/537.36',
  'accept' => 'text/html,application/xhtml+xml,application/xml;q=0.9,*/*;q=0.8',
  'accept-language' => 'en-us',
  'accept-charset' => 'ISO-8859-1,utf-8;q=0.7,*;q=0.7)',
  'cache-control' => 'no-cache',
  'accept-encoding' => 'gzip,deflate',
  'connection' => 'close',
  'referer' => 'http://www.xxjdxl.xyz/article/41',
  'host' => 'www.xxjdxl.xyz',
)
[ info ] [ PARAM ] array (
  'artId' => '41',
)
[ info ] [ CACHE ] INIT File
[ info ] [ DB ] INIT mysql
[ info ] [ RUN ] app\index\controller\Article->index[ /www/wwwroot/www.xxjdxl.xyz/application/index/controller/Article.php ]
[ info ] [ VIEW ] /www/wwwroot/www.xxjdxl.xyz/public/../application/index/view/article/index.html [ array (
  0 => 'navArr',
  1 => 'helpCateArr',
  2 => 'shopArtArr',
  3 => 'confArr',
  4 => 'foreCateArr',
  5 => 'title',
  6 => 'cateNum',
  7 => 'currCate',
  8 => 'cateBread',
  9 => 'activeCate',
  10 => 'showRight',
  11 => 'helpCates',
  12 => 'comCates',
  13 => 'artData',
) ]
[ info ] [ LOG ] INIT File
[ sql ] [ DB ] CONNECT:[ UseTime:0.000497s ] mysql:host=127.0.0.1;port=3306;dbname=xyz;charset=utf8
[ sql ] [ SQL ] SHOW COLUMNS FROM `php_article` [ RunTime:0.001193s ]
[ sql ] [ SQL ] SELECT * FROM `php_article` WHERE  `id` = 41 LIMIT 1 [ RunTime:0.000459s ]
[ error ] [0]模板文件不存在:[/www/wwwroot/www.xxjdxl.xyz/thinkphp/library/think/Template.php:1084]
---------------------------------------------------------------
[ 2018-07-08T20:28:48+08:00 ] 104.192.74.21 GET /article/42
[ info ] www.xxjdxl.xyz/article/42 [运行时间：0.043307s][吞吐率：23.09req/s] [内存消耗：4,573.05kb] [文件加载：63]
[ info ] [ LANG ] /www/wwwroot/www.xxjdxl.xyz/thinkphp/lang/zh-cn.php
[ info ] [ ROUTE ] array (
  'type' => 'module',
  'module' => 
  array (
    0 => 'index',
    1 => 'article',
    2 => 'index',
  ),
  'convert' => false,
)
[ info ] [ HEADER ] array (
  'user-agent' => 'Mozilla/5.0 (Macintosh; Intel Mac OS X 10_12_1) AppleWebKit/537.36 (KHTML, like Gecko) Chrome/58.0.3029.110 Safari/537.36',
  'accept' => 'text/html,application/xhtml+xml,application/xml;q=0.9,*/*;q=0.8',
  'accept-language' => 'en-us',
  'accept-charset' => 'ISO-8859-1,utf-8;q=0.7,*;q=0.7)',
  'cache-control' => 'no-cache',
  'accept-encoding' => 'gzip,deflate',
  'connection' => 'close',
  'referer' => 'http://www.xxjdxl.xyz/article/42',
  'host' => 'www.xxjdxl.xyz',
)
[ info ] [ PARAM ] array (
  'artId' => '42',
)
[ info ] [ CACHE ] INIT File
[ info ] [ DB ] INIT mysql
[ info ] [ RUN ] app\index\controller\Article->index[ /www/wwwroot/www.xxjdxl.xyz/application/index/controller/Article.php ]
[ info ] [ VIEW ] /www/wwwroot/www.xxjdxl.xyz/public/../application/index/view/article/index.html [ array (
  0 => 'navArr',
  1 => 'helpCateArr',
  2 => 'shopArtArr',
  3 => 'confArr',
  4 => 'foreCateArr',
  5 => 'title',
  6 => 'cateNum',
  7 => 'currCate',
  8 => 'cateBread',
  9 => 'activeCate',
  10 => 'showRight',
  11 => 'helpCates',
  12 => 'comCates',
  13 => 'artData',
) ]
[ info ] [ LOG ] INIT File
[ sql ] [ DB ] CONNECT:[ UseTime:0.000350s ] mysql:host=127.0.0.1;port=3306;dbname=xyz;charset=utf8
[ sql ] [ SQL ] SHOW COLUMNS FROM `php_article` [ RunTime:0.001081s ]
[ sql ] [ SQL ] SELECT * FROM `php_article` WHERE  `id` = 42 LIMIT 1 [ RunTime:0.000382s ]
[ error ] [0]模板文件不存在:[/www/wwwroot/www.xxjdxl.xyz/thinkphp/library/think/Template.php:1084]
---------------------------------------------------------------
[ 2018-07-08T20:28:48+08:00 ] 104.192.74.21 GET /history_list.php
[ info ] www.xxjdxl.xyz/history_list.php [运行时间：0.021596s][吞吐率：46.30req/s] [内存消耗：2,066.62kb] [文件加载：43]
[ info ] [ LANG ] /www/wwwroot/www.xxjdxl.xyz/thinkphp/lang/zh-cn.php
[ info ] [ ROUTE ] array (
  'type' => 'module',
  'module' => 
  array (
    0 => 'history_list.php',
    1 => NULL,
    2 => NULL,
  ),
)
[ info ] [ HEADER ] array (
  'user-agent' => 'Mozilla/5.0 (Macintosh; Intel Mac OS X 10_12_1) AppleWebKit/537.36 (KHTML, like Gecko) Chrome/58.0.3029.110 Safari/537.36',
  'accept' => 'text/html,application/xhtml+xml,application/xml;q=0.9,*/*;q=0.8',
  'accept-language' => 'en-us',
  'accept-charset' => 'ISO-8859-1,utf-8;q=0.7,*;q=0.7)',
  'cache-control' => 'no-cache',
  'accept-encoding' => 'gzip,deflate',
  'connection' => 'close',
  'referer' => 'http://www.xxjdxl.xyz/history_list.php',
  'host' => 'www.xxjdxl.xyz',
)
[ info ] [ PARAM ] array (
)
[ info ] [ LOG ] INIT File
---------------------------------------------------------------
[ 2018-07-08T20:28:48+08:00 ] 104.192.74.21 GET /article/41
[ info ] www.xxjdxl.xyz/article/41 [运行时间：0.040788s][吞吐率：24.52req/s] [内存消耗：4,527.14kb] [文件加载：63]
[ info ] [ LANG ] /www/wwwroot/www.xxjdxl.xyz/thinkphp/lang/zh-cn.php
[ info ] [ ROUTE ] array (
  'type' => 'module',
  'module' => 
  array (
    0 => 'index',
    1 => 'article',
    2 => 'index',
  ),
  'convert' => false,
)
[ info ] [ HEADER ] array (
  'accept-encoding' => 'gzip',
  'user-agent' => 'Mozilla',
  'host' => 'www.xxjdxl.xyz',
  'accept' => 'text/html, image/gif, image/jpeg, *; q=.2, */*; q=.2',
  'connection' => 'keep-alive',
)
[ info ] [ PARAM ] array (
  'artId' => '41',
)
[ info ] [ CACHE ] INIT File
[ info ] [ DB ] INIT mysql
[ info ] [ RUN ] app\index\controller\Article->index[ /www/wwwroot/www.xxjdxl.xyz/application/index/controller/Article.php ]
[ info ] [ VIEW ] /www/wwwroot/www.xxjdxl.xyz/public/../application/index/view/article/index.html [ array (
  0 => 'navArr',
  1 => 'helpCateArr',
  2 => 'shopArtArr',
  3 => 'confArr',
  4 => 'foreCateArr',
  5 => 'title',
  6 => 'cateNum',
  7 => 'currCate',
  8 => 'cateBread',
  9 => 'activeCate',
  10 => 'showRight',
  11 => 'helpCates',
  12 => 'comCates',
  13 => 'artData',
) ]
[ info ] [ LOG ] INIT File
[ error ] [0]模板文件不存在:[/www/wwwroot/www.xxjdxl.xyz/thinkphp/library/think/Template.php:1084]
---------------------------------------------------------------
[ 2018-07-08T20:28:48+08:00 ] 104.192.74.21 GET /article/42
[ info ] www.xxjdxl.xyz/article/42 [运行时间：0.044168s][吞吐率：22.64req/s] [内存消耗：4,527.14kb] [文件加载：63]
[ info ] [ LANG ] /www/wwwroot/www.xxjdxl.xyz/thinkphp/lang/zh-cn.php
[ info ] [ ROUTE ] array (
  'type' => 'module',
  'module' => 
  array (
    0 => 'index',
    1 => 'article',
    2 => 'index',
  ),
  'convert' => false,
)
[ info ] [ HEADER ] array (
  'accept-encoding' => 'gzip',
  'user-agent' => 'Mozilla',
  'host' => 'www.xxjdxl.xyz',
  'accept' => 'text/html, image/gif, image/jpeg, *; q=.2, */*; q=.2',
  'connection' => 'keep-alive',
)
[ info ] [ PARAM ] array (
  'artId' => '42',
)
[ info ] [ CACHE ] INIT File
[ info ] [ DB ] INIT mysql
[ info ] [ RUN ] app\index\controller\Article->index[ /www/wwwroot/www.xxjdxl.xyz/application/index/controller/Article.php ]
[ info ] [ VIEW ] /www/wwwroot/www.xxjdxl.xyz/public/../application/index/view/article/index.html [ array (
  0 => 'navArr',
  1 => 'helpCateArr',
  2 => 'shopArtArr',
  3 => 'confArr',
  4 => 'foreCateArr',
  5 => 'title',
  6 => 'cateNum',
  7 => 'currCate',
  8 => 'cateBread',
  9 => 'activeCate',
  10 => 'showRight',
  11 => 'helpCates',
  12 => 'comCates',
  13 => 'artData',
) ]
[ info ] [ LOG ] INIT File
[ error ] [0]模板文件不存在:[/www/wwwroot/www.xxjdxl.xyz/thinkphp/library/think/Template.php:1084]
---------------------------------------------------------------
[ 2018-07-08T20:28:49+08:00 ] 104.192.74.21 GET /history_list.php
[ info ] www.xxjdxl.xyz/history_list.php [运行时间：0.022294s][吞吐率：44.86req/s] [内存消耗：2,065.02kb] [文件加载：43]
[ info ] [ LANG ] /www/wwwroot/www.xxjdxl.xyz/thinkphp/lang/zh-cn.php
[ info ] [ ROUTE ] array (
  'type' => 'module',
  'module' => 
  array (
    0 => 'history_list.php',
    1 => NULL,
    2 => NULL,
  ),
)
[ info ] [ HEADER ] array (
  'accept-encoding' => 'gzip',
  'user-agent' => 'Mozilla',
  'host' => 'www.xxjdxl.xyz',
  'accept' => 'text/html, image/gif, image/jpeg, *; q=.2, */*; q=.2',
  'connection' => 'keep-alive',
)
[ info ] [ PARAM ] array (
)
[ info ] [ LOG ] INIT File
---------------------------------------------------------------
[ 2018-07-08T20:28:49+08:00 ] 104.192.74.21 GET /user.php?act=collection_list
[ info ] www.xxjdxl.xyz/user.php?act=collection_list [运行时间：0.021443s][吞吐率：46.64req/s] [内存消耗：2,067.30kb] [文件加载：43]
[ info ] [ LANG ] /www/wwwroot/www.xxjdxl.xyz/thinkphp/lang/zh-cn.php
[ info ] [ ROUTE ] array (
  'type' => 'module',
  'module' => 
  array (
    0 => 'user.php',
    1 => NULL,
    2 => NULL,
  ),
)
[ info ] [ HEADER ] array (
  'user-agent' => 'Mozilla/5.0 (Macintosh; Intel Mac OS X 10_12_1) AppleWebKit/537.36 (KHTML, like Gecko) Chrome/58.0.3029.110 Safari/537.36',
  'accept' => 'text/html,application/xhtml+xml,application/xml;q=0.9,*/*;q=0.8',
  'accept-language' => 'en-us',
  'accept-charset' => 'ISO-8859-1,utf-8;q=0.7,*;q=0.7)',
  'cache-control' => 'no-cache',
  'accept-encoding' => 'gzip,deflate',
  'connection' => 'close',
  'referer' => 'http://www.xxjdxl.xyz/user.php?act=collection_list',
  'host' => 'www.xxjdxl.xyz',
)
[ info ] [ PARAM ] array (
  'act' => 'collection_list',
)
[ info ] [ LOG ] INIT File
---------------------------------------------------------------
[ 2018-07-08T20:28:49+08:00 ] 104.192.74.21 GET /user.php?act=order_list
[ info ] www.xxjdxl.xyz/user.php?act=order_list [运行时间：0.021804s][吞吐率：45.86req/s] [内存消耗：2,067.11kb] [文件加载：43]
[ info ] [ LANG ] /www/wwwroot/www.xxjdxl.xyz/thinkphp/lang/zh-cn.php
[ info ] [ ROUTE ] array (
  'type' => 'module',
  'module' => 
  array (
    0 => 'user.php',
    1 => NULL,
    2 => NULL,
  ),
)
[ info ] [ HEADER ] array (
  'user-agent' => 'Mozilla/5.0 (Macintosh; Intel Mac OS X 10_12_1) AppleWebKit/537.36 (KHTML, like Gecko) Chrome/58.0.3029.110 Safari/537.36',
  'accept' => 'text/html,application/xhtml+xml,application/xml;q=0.9,*/*;q=0.8',
  'accept-language' => 'en-us',
  'accept-charset' => 'ISO-8859-1,utf-8;q=0.7,*;q=0.7)',
  'cache-control' => 'no-cache',
  'accept-encoding' => 'gzip,deflate',
  'connection' => 'close',
  'referer' => 'http://www.xxjdxl.xyz/user.php?act=order_list',
  'host' => 'www.xxjdxl.xyz',
)
[ info ] [ PARAM ] array (
  'act' => 'order_list',
)
[ info ] [ LOG ] INIT File
---------------------------------------------------------------
[ 2018-07-08T20:28:49+08:00 ] 104.192.74.21 GET /user.php?act=account_safe
[ info ] www.xxjdxl.xyz/user.php?act=account_safe [运行时间：0.022386s][吞吐率：44.67req/s] [内存消耗：2,067.21kb] [文件加载：43]
[ info ] [ LANG ] /www/wwwroot/www.xxjdxl.xyz/thinkphp/lang/zh-cn.php
[ info ] [ ROUTE ] array (
  'type' => 'module',
  'module' => 
  array (
    0 => 'user.php',
    1 => NULL,
    2 => NULL,
  ),
)
[ info ] [ HEADER ] array (
  'user-agent' => 'Mozilla/5.0 (Macintosh; Intel Mac OS X 10_12_1) AppleWebKit/537.36 (KHTML, like Gecko) Chrome/58.0.3029.110 Safari/537.36',
  'accept' => 'text/html,application/xhtml+xml,application/xml;q=0.9,*/*;q=0.8',
  'accept-language' => 'en-us',
  'accept-charset' => 'ISO-8859-1,utf-8;q=0.7,*;q=0.7)',
  'cache-control' => 'no-cache',
  'accept-encoding' => 'gzip,deflate',
  'connection' => 'close',
  'referer' => 'http://www.xxjdxl.xyz/user.php?act=account_safe',
  'host' => 'www.xxjdxl.xyz',
)
[ info ] [ PARAM ] array (
  'act' => 'account_safe',
)
[ info ] [ LOG ] INIT File
---------------------------------------------------------------
[ 2018-07-08T20:28:49+08:00 ] 104.192.74.21 GET /user.php?act=collection_list
[ info ] www.xxjdxl.xyz/user.php?act=collection_list [运行时间：0.026059s][吞吐率：38.37req/s] [内存消耗：2,065.32kb] [文件加载：43]
[ info ] [ LANG ] /www/wwwroot/www.xxjdxl.xyz/thinkphp/lang/zh-cn.php
[ info ] [ ROUTE ] array (
  'type' => 'module',
  'module' => 
  array (
    0 => 'user.php',
    1 => NULL,
    2 => NULL,
  ),
)
[ info ] [ HEADER ] array (
  'accept-encoding' => 'gzip',
  'user-agent' => 'Mozilla',
  'host' => 'www.xxjdxl.xyz',
  'accept' => 'text/html, image/gif, image/jpeg, *; q=.2, */*; q=.2',
  'connection' => 'keep-alive',
)
[ info ] [ PARAM ] array (
  'act' => 'collection_list',
)
[ info ] [ LOG ] INIT File
---------------------------------------------------------------
[ 2018-07-08T20:28:49+08:00 ] 104.192.74.21 GET /user.php?act=order_list
[ info ] www.xxjdxl.xyz/user.php?act=order_list [运行时间：0.022056s][吞吐率：45.34req/s] [内存消耗：2,065.47kb] [文件加载：43]
[ info ] [ LANG ] /www/wwwroot/www.xxjdxl.xyz/thinkphp/lang/zh-cn.php
[ info ] [ ROUTE ] array (
  'type' => 'module',
  'module' => 
  array (
    0 => 'user.php',
    1 => NULL,
    2 => NULL,
  ),
)
[ info ] [ HEADER ] array (
  'accept-encoding' => 'gzip',
  'user-agent' => 'Mozilla',
  'host' => 'www.xxjdxl.xyz',
  'accept' => 'text/html, image/gif, image/jpeg, *; q=.2, */*; q=.2',
  'connection' => 'keep-alive',
)
[ info ] [ PARAM ] array (
  'act' => 'order_list',
)
[ info ] [ LOG ] INIT File
---------------------------------------------------------------
[ 2018-07-08T20:28:49+08:00 ] 104.192.74.21 GET /user.php?act=account_safe
[ info ] www.xxjdxl.xyz/user.php?act=account_safe [运行时间：0.023061s][吞吐率：43.36req/s] [内存消耗：2,065.43kb] [文件加载：43]
[ info ] [ LANG ] /www/wwwroot/www.xxjdxl.xyz/thinkphp/lang/zh-cn.php
[ info ] [ ROUTE ] array (
  'type' => 'module',
  'module' => 
  array (
    0 => 'user.php',
    1 => NULL,
    2 => NULL,
  ),
)
[ info ] [ HEADER ] array (
  'accept-encoding' => 'gzip',
  'user-agent' => 'Mozilla',
  'host' => 'www.xxjdxl.xyz',
  'accept' => 'text/html, image/gif, image/jpeg, *; q=.2, */*; q=.2',
  'connection' => 'keep-alive',
)
[ info ] [ PARAM ] array (
  'act' => 'account_safe',
)
[ info ] [ LOG ] INIT File
---------------------------------------------------------------
[ 2018-07-08T20:28:50+08:00 ] 104.192.74.21 GET /user.php?act=affiliate
[ info ] www.xxjdxl.xyz/user.php?act=affiliate [运行时间：0.025900s][吞吐率：38.61req/s] [内存消耗：2,067.12kb] [文件加载：43]
[ info ] [ LANG ] /www/wwwroot/www.xxjdxl.xyz/thinkphp/lang/zh-cn.php
[ info ] [ ROUTE ] array (
  'type' => 'module',
  'module' => 
  array (
    0 => 'user.php',
    1 => NULL,
    2 => NULL,
  ),
)
[ info ] [ HEADER ] array (
  'user-agent' => 'Mozilla/5.0 (Macintosh; Intel Mac OS X 10_12_1) AppleWebKit/537.36 (KHTML, like Gecko) Chrome/58.0.3029.110 Safari/537.36',
  'accept' => 'text/html,application/xhtml+xml,application/xml;q=0.9,*/*;q=0.8',
  'accept-language' => 'en-us',
  'accept-charset' => 'ISO-8859-1,utf-8;q=0.7,*;q=0.7)',
  'cache-control' => 'no-cache',
  'accept-encoding' => 'gzip,deflate',
  'connection' => 'close',
  'referer' => 'http://www.xxjdxl.xyz/user.php?act=affiliate',
  'host' => 'www.xxjdxl.xyz',
)
[ info ] [ PARAM ] array (
  'act' => 'affiliate',
)
[ info ] [ LOG ] INIT File
---------------------------------------------------------------
[ 2018-07-08T20:28:50+08:00 ] 104.192.74.21 GET /user.php?act=affiliate
[ info ] www.xxjdxl.xyz/user.php?act=affiliate [运行时间：0.023380s][吞吐率：42.77req/s] [内存消耗：2,065.45kb] [文件加载：43]
[ info ] [ LANG ] /www/wwwroot/www.xxjdxl.xyz/thinkphp/lang/zh-cn.php
[ info ] [ ROUTE ] array (
  'type' => 'module',
  'module' => 
  array (
    0 => 'user.php',
    1 => NULL,
    2 => NULL,
  ),
)
[ info ] [ HEADER ] array (
  'accept-encoding' => 'gzip',
  'user-agent' => 'Mozilla',
  'host' => 'www.xxjdxl.xyz',
  'accept' => 'text/html, image/gif, image/jpeg, *; q=.2, */*; q=.2',
  'connection' => 'keep-alive',
)
[ info ] [ PARAM ] array (
  'act' => 'affiliate',
)
[ info ] [ LOG ] INIT File
