---------------------------------------------------------------
[ 2018-07-10T00:07:13+08:00 ] 101.199.112.51 GET /
[ info ] www.xxjdxl.xyz/ [运行时间：0.065786s][吞吐率：15.20req/s] [内存消耗：4,932.80kb] [文件加载：64]
[ info ] [ LANG ] /www/wwwroot/www.xxjdxl.xyz/thinkphp/lang/zh-cn.php
[ info ] [ ROUTE ] array (
  'type' => 'module',
  'module' => 
  array (
    0 => '',
    1 => NULL,
    2 => NULL,
  ),
)
[ info ] [ HEADER ] array (
  'host' => 'www.xxjdxl.xyz',
  'connection' => 'keep-alive',
  'accept-language' => 'zh-CN,zh;q=0.8',
  'user-agent' => 'Mozilla/5.0 (Windows NT 6.1) AppleWebKit/537.36 (KHTML, like Gecko) Chrome/36.0.1985.125 Safari/537.36',
  'accept' => 'text/html,application/xhtml+xml,application/xml;q=0.9,*/*;q=0.8',
  'accept-encoding' => 'gzip,deflate',
  'accept-charset' => 'iso-8859-1,*,utf-8',
)
[ info ] [ PARAM ] array (
)
[ info ] [ CACHE ] INIT File
[ info ] [ DB ] INIT mysql
[ info ] [ RUN ] app\index\controller\Index->index[ /www/wwwroot/www.xxjdxl.xyz/application/index/controller/Index.php ]
[ info ] [ VIEW ] /www/wwwroot/www.xxjdxl.xyz/public/../application/index/view/index/index.html [ array (
  0 => 'navArr',
  1 => 'helpCateArr',
  2 => 'shopArtArr',
  3 => 'confArr',
  4 => 'foreCateArr',
  5 => 'showRight',
  6 => 'siteMast',
  7 => 'indexGoods',
  8 => 'recposCate',
  9 => 'notArts',
  10 => 'proArts',
  11 => 'brands',
  12 => 'sliders',
) ]
[ info ] [ LOG ] INIT File
[ sql ] [ DB ] CONNECT:[ UseTime:0.000582s ] mysql:host=127.0.0.1;port=3306;dbname=xyz;charset=utf8
[ sql ] [ SQL ] SHOW COLUMNS FROM `php_brand` [ RunTime:0.001264s ]
[ sql ] [ SQL ] SELECT * FROM `php_brand` ORDER BY id desc LIMIT 17 [ RunTime:0.000519s ]
[ sql ] [ SQL ] SHOW COLUMNS FROM `php_slider` [ RunTime:0.017482s ]
[ sql ] [ SQL ] SELECT * FROM `php_slider` WHERE  `status` = 1 ORDER BY sort desc [ RunTime:0.000397s ]
---------------------------------------------------------------
[ 2018-07-10T00:07:15+08:00 ] 101.199.112.51 POST /checkLogin.html
[ info ] www.xxjdxl.xyz/checkLogin.html [运行时间：0.037480s][吞吐率：26.68req/s] [内存消耗：4,392.77kb] [文件加载：61]
[ info ] [ LANG ] /www/wwwroot/www.xxjdxl.xyz/thinkphp/lang/zh-cn.php
[ info ] [ ROUTE ] array (
  'type' => 'module',
  'module' => 
  array (
    0 => 'member',
    1 => 'account',
    2 => 'checkLogin',
  ),
  'convert' => false,
)
[ info ] [ HEADER ] array (
  'host' => 'www.xxjdxl.xyz',
  'connection' => 'keep-alive',
  'origin' => 'http://www.xxjdxl.xyz',
  'x-requested-with' => 'XMLHttpRequest',
  'user-agent' => 'Mozilla/5.0 (Windows NT 6.1) AppleWebKit/537.36 (KHTML, like Gecko) Chrome/36.0.1985.125 Safari/537.36',
  'accept' => '*/*',
  'referer' => 'http://www.xxjdxl.xyz/',
  'accept-encoding' => 'gzip,deflate',
  'accept-language' => 'en-us,en',
  'accept-charset' => 'iso-8859-1,*,utf-8',
  'content-length' => '0',
)
[ info ] [ PARAM ] array (
)
[ info ] [ CACHE ] INIT File
[ info ] [ DB ] INIT mysql
[ info ] [ RUN ] app\member\controller\Account->checkLogin[ /www/wwwroot/www.xxjdxl.xyz/application/member/controller/Account.php ]
[ info ] [ SESSION ] INIT array (
  'type' => 'Mysql',
  'auto_start' => true,
  'session_expire' => 3600,
  'session_prefix' => 'php_',
  'table_name' => 'session',
  'database' => 
  array (
    'hostname' => '127.0.0.1',
    'database' => 'xyz',
    'username' => 'xyz',
    'password' => 'hu.12580a',
    'hostport' => '3306',
    'prefix' => 'php_',
    'charset' => 'utf8',
  ),
)
[ info ] [ DB ] INIT mysql
[ info ] [ LOG ] INIT File
[ sql ] [ DB ] CONNECT:[ UseTime:0.000529s ] mysql:host=127.0.0.1;port=3306;dbname=xyz;charset=utf8
[ sql ] [ SQL ] SELECT session_data FROM php_session WHERE session_id = 'php_o5kntada25fst2hpvoorh3cu75' AND session_expire > '1531152435' [ RunTime:0.000471s ]
---------------------------------------------------------------
[ 2018-07-10T00:07:15+08:00 ] 101.199.112.51 POST /getCartNum.html
[ info ] www.xxjdxl.xyz/getCartNum.html [运行时间：0.034430s][吞吐率：29.04req/s] [内存消耗：4,289.47kb] [文件加载：59]
[ info ] [ LANG ] /www/wwwroot/www.xxjdxl.xyz/thinkphp/lang/zh-cn.php
[ info ] [ ROUTE ] array (
  'type' => 'module',
  'module' => 
  array (
    0 => 'index',
    1 => 'flow',
    2 => 'getCartNum',
  ),
  'convert' => false,
)
[ info ] [ HEADER ] array (
  'host' => 'www.xxjdxl.xyz',
  'connection' => 'keep-alive',
  'origin' => 'http://www.xxjdxl.xyz',
  'x-requested-with' => 'XMLHttpRequest',
  'user-agent' => 'Mozilla/5.0 (Windows NT 6.1) AppleWebKit/537.36 (KHTML, like Gecko) Chrome/36.0.1985.125 Safari/537.36',
  'accept' => '*/*',
  'referer' => 'http://www.xxjdxl.xyz/',
  'accept-encoding' => 'gzip,deflate',
  'accept-language' => 'en-us,en',
  'accept-charset' => 'iso-8859-1,*,utf-8',
  'content-length' => '0',
)
[ info ] [ PARAM ] array (
)
[ info ] [ CACHE ] INIT File
[ info ] [ DB ] INIT mysql
[ info ] [ RUN ] app\index\controller\Flow->getCartNum[ /www/wwwroot/www.xxjdxl.xyz/application/index/controller/Flow.php ]
[ info ] [ LOG ] INIT File
---------------------------------------------------------------
[ 2018-07-10T00:45:29+08:00 ] 220.181.132.200 GET /orderPay/49
[ info ] www.xxjdxl.xyz/orderPay/49 [运行时间：0.042180s][吞吐率：23.71req/s] [内存消耗：4,413.64kb] [文件加载：63]
[ info ] [ LANG ] /www/wwwroot/www.xxjdxl.xyz/thinkphp/lang/zh-cn.php
[ info ] [ ROUTE ] array (
  'type' => 'module',
  'module' => 
  array (
    0 => 'index',
    1 => 'flow',
    2 => 'orderPay',
  ),
  'convert' => false,
)
[ info ] [ HEADER ] array (
  'host' => 'www.xxjdxl.xyz',
  'connection' => 'keep-alive',
  'accept-language' => 'zh-CN,zh;q=0.8',
  'user-agent' => 'Mozilla/5.0 (Windows NT 6.1) AppleWebKit/537.36 (KHTML, like Gecko) Chrome/36.0.1985.125 Safari/537.36',
  'accept' => 'text/html,application/xhtml+xml,application/xml;q=0.9,*/*;q=0.8',
  'accept-encoding' => 'gzip,deflate',
  'accept-charset' => 'iso-8859-1,*,utf-8',
)
[ info ] [ PARAM ] array (
  'oid' => '49',
)
[ info ] [ CACHE ] INIT File
[ info ] [ DB ] INIT mysql
[ info ] [ RUN ] app\index\controller\Flow->orderPay[ /www/wwwroot/www.xxjdxl.xyz/application/index/controller/Flow.php ]
[ info ] [ LOG ] INIT File
[ sql ] [ DB ] CONNECT:[ UseTime:0.000541s ] mysql:host=127.0.0.1;port=3306;dbname=xyz;charset=utf8
[ sql ] [ SQL ] SHOW COLUMNS FROM `php_order` [ RunTime:0.001290s ]
[ sql ] [ SQL ] SELECT * FROM `php_order` WHERE  `id` = 49 LIMIT 1 [ RunTime:0.000551s ]
[ error ] [8]未定义变量: payBtn[/www/wwwroot/www.xxjdxl.xyz/application/index/controller/Flow.php:212]
---------------------------------------------------------------
[ 2018-07-10T00:45:36+08:00 ] 0.0.0.0 GET /orderPay/49
[ info ] www.xxjdxl.xyz/orderPay/49 [运行时间：0.044754s][吞吐率：22.34req/s] [内存消耗：4,414.66kb] [文件加载：63]
[ info ] [ LANG ] /www/wwwroot/www.xxjdxl.xyz/thinkphp/lang/zh-cn.php
[ info ] [ ROUTE ] array (
  'type' => 'module',
  'module' => 
  array (
    0 => 'index',
    1 => 'flow',
    2 => 'orderPay',
  ),
  'convert' => false,
)
[ info ] [ HEADER ] array (
  'host' => 'www.xxjdxl.xyz',
  'accept-language' => 'zh-CN,zh;q=0.8',
  'user-agent' => 'Mozilla/5.0 (Windows NT 6.1) AppleWebKit/537.36 (KHTML, like Gecko) Chrome/36.0.1985.125 Safari/537.36',
  'accept' => 'text/html,application/xhtml+xml,application/xml;q=0.9,*/*;q=0.8',
  'accept-encoding' => 'gzip,deflate',
  'accept-charset' => 'iso-8859-1,*,utf-8',
  'cookie' => 'thinkphp_show_page_trace=0|0',
  'x-forwarded-for' => 'unknown',
  'cache-control' => 'max-age=0',
  'connection' => 'keep-alive',
)
[ info ] [ PARAM ] array (
  'oid' => '49',
)
[ info ] [ CACHE ] INIT File
[ info ] [ DB ] INIT mysql
[ info ] [ RUN ] app\index\controller\Flow->orderPay[ /www/wwwroot/www.xxjdxl.xyz/application/index/controller/Flow.php ]
[ info ] [ LOG ] INIT File
[ sql ] [ DB ] CONNECT:[ UseTime:0.000602s ] mysql:host=127.0.0.1;port=3306;dbname=xyz;charset=utf8
[ sql ] [ SQL ] SHOW COLUMNS FROM `php_order` [ RunTime:0.001373s ]
[ sql ] [ SQL ] SELECT * FROM `php_order` WHERE  `id` = 49 LIMIT 1 [ RunTime:0.000507s ]
[ error ] [8]未定义变量: payBtn[/www/wwwroot/www.xxjdxl.xyz/application/index/controller/Flow.php:212]
---------------------------------------------------------------
[ 2018-07-10T00:45:39+08:00 ] 101.199.110.111 GET /orderPay/49
[ info ] www.xxjdxl.xyz/orderPay/49 [运行时间：0.045844s][吞吐率：21.81req/s] [内存消耗：4,413.64kb] [文件加载：63]
[ info ] [ LANG ] /www/wwwroot/www.xxjdxl.xyz/thinkphp/lang/zh-cn.php
[ info ] [ ROUTE ] array (
  'type' => 'module',
  'module' => 
  array (
    0 => 'index',
    1 => 'flow',
    2 => 'orderPay',
  ),
  'convert' => false,
)
[ info ] [ HEADER ] array (
  'host' => 'www.xxjdxl.xyz',
  'connection' => 'keep-alive',
  'accept-language' => 'zh-CN,zh;q=0.8',
  'user-agent' => 'Mozilla/5.0 (Windows NT 6.1) AppleWebKit/537.36 (KHTML, like Gecko) Chrome/36.0.1985.125 Safari/537.36',
  'accept' => 'text/html,application/xhtml+xml,application/xml;q=0.9,*/*;q=0.8',
  'accept-encoding' => 'gzip,deflate',
  'accept-charset' => 'iso-8859-1,*,utf-8',
)
[ info ] [ PARAM ] array (
  'oid' => '49',
)
[ info ] [ CACHE ] INIT File
[ info ] [ DB ] INIT mysql
[ info ] [ RUN ] app\index\controller\Flow->orderPay[ /www/wwwroot/www.xxjdxl.xyz/application/index/controller/Flow.php ]
[ info ] [ LOG ] INIT File
[ sql ] [ DB ] CONNECT:[ UseTime:0.000598s ] mysql:host=127.0.0.1;port=3306;dbname=xyz;charset=utf8
[ sql ] [ SQL ] SHOW COLUMNS FROM `php_order` [ RunTime:0.001245s ]
[ sql ] [ SQL ] SELECT * FROM `php_order` WHERE  `id` = 49 LIMIT 1 [ RunTime:0.000866s ]
[ error ] [8]未定义变量: payBtn[/www/wwwroot/www.xxjdxl.xyz/application/index/controller/Flow.php:212]
---------------------------------------------------------------
[ 2018-07-10T00:53:06+08:00 ] 101.199.108.119 GET /orderPay/50
[ info ] www.xxjdxl.xyz/orderPay/50 [运行时间：0.044812s][吞吐率：22.32req/s] [内存消耗：4,441.72kb] [文件加载：62]
[ info ] [ LANG ] /www/wwwroot/www.xxjdxl.xyz/thinkphp/lang/zh-cn.php
[ info ] [ ROUTE ] array (
  'type' => 'module',
  'module' => 
  array (
    0 => 'index',
    1 => 'flow',
    2 => 'orderPay',
  ),
  'convert' => false,
)
[ info ] [ HEADER ] array (
  'host' => 'www.xxjdxl.xyz',
  'connection' => 'keep-alive',
  'accept-language' => 'zh-CN,zh;q=0.8',
  'user-agent' => 'Mozilla/5.0 (Windows NT 6.1) AppleWebKit/537.36 (KHTML, like Gecko) Chrome/36.0.1985.125 Safari/537.36',
  'accept' => 'text/html,application/xhtml+xml,application/xml;q=0.9,*/*;q=0.8',
  'accept-encoding' => 'gzip,deflate',
  'accept-charset' => 'iso-8859-1,*,utf-8',
)
[ info ] [ PARAM ] array (
  'oid' => '50',
)
[ info ] [ CACHE ] INIT File
[ info ] [ DB ] INIT mysql
[ info ] [ RUN ] app\index\controller\Flow->orderPay[ /www/wwwroot/www.xxjdxl.xyz/application/index/controller/Flow.php ]
[ info ] [ VIEW ] /www/wwwroot/www.xxjdxl.xyz/public/../application/index/view/flow/order3.html [ array (
  0 => 'navArr',
  1 => 'helpCateArr',
  2 => 'shopArtArr',
  3 => 'confArr',
  4 => 'foreCateArr',
  5 => 'payBtn',
  6 => 'orderData',
) ]
[ info ] [ LOG ] INIT File
[ sql ] [ DB ] CONNECT:[ UseTime:0.000532s ] mysql:host=127.0.0.1;port=3306;dbname=xyz;charset=utf8
[ sql ] [ SQL ] SHOW COLUMNS FROM `php_order` [ RunTime:0.001192s ]
[ sql ] [ SQL ] SELECT * FROM `php_order` WHERE  `id` = 50 LIMIT 1 [ RunTime:0.000531s ]
---------------------------------------------------------------
[ 2018-07-10T00:53:08+08:00 ] 101.199.108.119 POST /checkLogin.html
[ info ] www.xxjdxl.xyz/checkLogin.html [运行时间：0.036630s][吞吐率：27.30req/s] [内存消耗：4,392.90kb] [文件加载：61]
[ info ] [ LANG ] /www/wwwroot/www.xxjdxl.xyz/thinkphp/lang/zh-cn.php
[ info ] [ ROUTE ] array (
  'type' => 'module',
  'module' => 
  array (
    0 => 'member',
    1 => 'account',
    2 => 'checkLogin',
  ),
  'convert' => false,
)
[ info ] [ HEADER ] array (
  'host' => 'www.xxjdxl.xyz',
  'connection' => 'keep-alive',
  'origin' => 'http://www.xxjdxl.xyz',
  'x-requested-with' => 'XMLHttpRequest',
  'user-agent' => 'Mozilla/5.0 (Windows NT 6.1) AppleWebKit/537.36 (KHTML, like Gecko) Chrome/36.0.1985.125 Safari/537.36',
  'accept' => '*/*',
  'referer' => 'http://www.xxjdxl.xyz/orderPay/50',
  'accept-encoding' => 'gzip,deflate',
  'accept-language' => 'en-us,en',
  'accept-charset' => 'iso-8859-1,*,utf-8',
  'content-length' => '0',
)
[ info ] [ PARAM ] array (
)
[ info ] [ CACHE ] INIT File
[ info ] [ DB ] INIT mysql
[ info ] [ RUN ] app\member\controller\Account->checkLogin[ /www/wwwroot/www.xxjdxl.xyz/application/member/controller/Account.php ]
[ info ] [ SESSION ] INIT array (
  'type' => 'Mysql',
  'auto_start' => true,
  'session_expire' => 3600,
  'session_prefix' => 'php_',
  'table_name' => 'session',
  'database' => 
  array (
    'hostname' => '127.0.0.1',
    'database' => 'xyz',
    'username' => 'xyz',
    'password' => 'hu.12580a',
    'hostport' => '3306',
    'prefix' => 'php_',
    'charset' => 'utf8',
  ),
)
[ info ] [ DB ] INIT mysql
[ info ] [ LOG ] INIT File
[ sql ] [ DB ] CONNECT:[ UseTime:0.000481s ] mysql:host=127.0.0.1;port=3306;dbname=xyz;charset=utf8
[ sql ] [ SQL ] SELECT session_data FROM php_session WHERE session_id = 'php_g4lfgp7dh1jvimv7l9s33usb02' AND session_expire > '1531155188' [ RunTime:0.000456s ]
---------------------------------------------------------------
[ 2018-07-10T00:53:08+08:00 ] 101.199.108.119 GET /orderPay/flow.php?step=checkorder&order_id=8
[ info ] www.xxjdxl.xyz/orderPay/flow.php?step=checkorder&order_id=8 [运行时间：0.022075s][吞吐率：45.30req/s] [内存消耗：2,008.84kb] [文件加载：40]
[ info ] [ LANG ] /www/wwwroot/www.xxjdxl.xyz/thinkphp/lang/zh-cn.php
[ info ] [ ROUTE ] array (
  'type' => 'module',
  'module' => 
  array (
    0 => 'orderPay',
    1 => 'flow.php',
    2 => NULL,
  ),
)
[ info ] [ HEADER ] array (
  'host' => 'www.xxjdxl.xyz',
  'connection' => 'keep-alive',
  'x-requested-with' => 'XMLHttpRequest',
  'user-agent' => 'Mozilla/5.0 (Windows NT 6.1) AppleWebKit/537.36 (KHTML, like Gecko) Chrome/36.0.1985.125 Safari/537.36',
  'accept' => 'application/json, text/javascript, */*; q=0.01',
  'referer' => 'http://www.xxjdxl.xyz/orderPay/50',
  'accept-encoding' => 'gzip,deflate',
  'accept-language' => 'en-us,en',
  'accept-charset' => 'iso-8859-1,*,utf-8',
  'cookie' => 'thinkphp_show_page_trace=0|0; PHPSESSID=g4lfgp7dh1jvimv7l9s33usb02',
)
[ info ] [ PARAM ] array (
  'step' => 'checkorder',
  'order_id' => '8',
)
[ info ] [ LOG ] INIT File
---------------------------------------------------------------
[ 2018-07-10T00:53:13+08:00 ] 101.199.108.119 GET /orderPay/flow.php?step=checkorder&order_id=8
[ info ] www.xxjdxl.xyz/orderPay/flow.php?step=checkorder&order_id=8 [运行时间：0.021800s][吞吐率：45.87req/s] [内存消耗：2,008.84kb] [文件加载：40]
[ info ] [ LANG ] /www/wwwroot/www.xxjdxl.xyz/thinkphp/lang/zh-cn.php
[ info ] [ ROUTE ] array (
  'type' => 'module',
  'module' => 
  array (
    0 => 'orderPay',
    1 => 'flow.php',
    2 => NULL,
  ),
)
[ info ] [ HEADER ] array (
  'host' => 'www.xxjdxl.xyz',
  'connection' => 'keep-alive',
  'x-requested-with' => 'XMLHttpRequest',
  'user-agent' => 'Mozilla/5.0 (Windows NT 6.1) AppleWebKit/537.36 (KHTML, like Gecko) Chrome/36.0.1985.125 Safari/537.36',
  'accept' => 'application/json, text/javascript, */*; q=0.01',
  'referer' => 'http://www.xxjdxl.xyz/orderPay/50',
  'accept-encoding' => 'gzip,deflate',
  'accept-language' => 'en-us,en',
  'accept-charset' => 'iso-8859-1,*,utf-8',
  'cookie' => 'thinkphp_show_page_trace=0|0; PHPSESSID=g4lfgp7dh1jvimv7l9s33usb02',
)
[ info ] [ PARAM ] array (
  'step' => 'checkorder',
  'order_id' => '8',
)
[ info ] [ LOG ] INIT File
---------------------------------------------------------------
[ 2018-07-10T00:53:18+08:00 ] 101.199.108.119 GET /orderPay/flow.php?step=checkorder&order_id=8
[ info ] www.xxjdxl.xyz/orderPay/flow.php?step=checkorder&order_id=8 [运行时间：0.022414s][吞吐率：44.62req/s] [内存消耗：2,008.84kb] [文件加载：40]
[ info ] [ LANG ] /www/wwwroot/www.xxjdxl.xyz/thinkphp/lang/zh-cn.php
[ info ] [ ROUTE ] array (
  'type' => 'module',
  'module' => 
  array (
    0 => 'orderPay',
    1 => 'flow.php',
    2 => NULL,
  ),
)
[ info ] [ HEADER ] array (
  'host' => 'www.xxjdxl.xyz',
  'connection' => 'keep-alive',
  'x-requested-with' => 'XMLHttpRequest',
  'user-agent' => 'Mozilla/5.0 (Windows NT 6.1) AppleWebKit/537.36 (KHTML, like Gecko) Chrome/36.0.1985.125 Safari/537.36',
  'accept' => 'application/json, text/javascript, */*; q=0.01',
  'referer' => 'http://www.xxjdxl.xyz/orderPay/50',
  'accept-encoding' => 'gzip,deflate',
  'accept-language' => 'en-us,en',
  'accept-charset' => 'iso-8859-1,*,utf-8',
  'cookie' => 'thinkphp_show_page_trace=0|0; PHPSESSID=g4lfgp7dh1jvimv7l9s33usb02',
)
[ info ] [ PARAM ] array (
  'step' => 'checkorder',
  'order_id' => '8',
)
[ info ] [ LOG ] INIT File
---------------------------------------------------------------
[ 2018-07-10T00:53:23+08:00 ] 101.199.108.119 GET /orderPay/flow.php?step=checkorder&order_id=8
[ info ] www.xxjdxl.xyz/orderPay/flow.php?step=checkorder&order_id=8 [运行时间：0.021608s][吞吐率：46.28req/s] [内存消耗：2,008.84kb] [文件加载：40]
[ info ] [ LANG ] /www/wwwroot/www.xxjdxl.xyz/thinkphp/lang/zh-cn.php
[ info ] [ ROUTE ] array (
  'type' => 'module',
  'module' => 
  array (
    0 => 'orderPay',
    1 => 'flow.php',
    2 => NULL,
  ),
)
[ info ] [ HEADER ] array (
  'host' => 'www.xxjdxl.xyz',
  'connection' => 'keep-alive',
  'x-requested-with' => 'XMLHttpRequest',
  'user-agent' => 'Mozilla/5.0 (Windows NT 6.1) AppleWebKit/537.36 (KHTML, like Gecko) Chrome/36.0.1985.125 Safari/537.36',
  'accept' => 'application/json, text/javascript, */*; q=0.01',
  'referer' => 'http://www.xxjdxl.xyz/orderPay/50',
  'accept-encoding' => 'gzip,deflate',
  'accept-language' => 'en-us,en',
  'accept-charset' => 'iso-8859-1,*,utf-8',
  'cookie' => 'thinkphp_show_page_trace=0|0; PHPSESSID=g4lfgp7dh1jvimv7l9s33usb02',
)
[ info ] [ PARAM ] array (
  'step' => 'checkorder',
  'order_id' => '8',
)
[ info ] [ LOG ] INIT File
---------------------------------------------------------------
[ 2018-07-10T00:53:28+08:00 ] 101.199.108.119 GET /orderPay/flow.php?step=checkorder&order_id=8
[ info ] www.xxjdxl.xyz/orderPay/flow.php?step=checkorder&order_id=8 [运行时间：0.023705s][吞吐率：42.19req/s] [内存消耗：2,008.84kb] [文件加载：40]
[ info ] [ LANG ] /www/wwwroot/www.xxjdxl.xyz/thinkphp/lang/zh-cn.php
[ info ] [ ROUTE ] array (
  'type' => 'module',
  'module' => 
  array (
    0 => 'orderPay',
    1 => 'flow.php',
    2 => NULL,
  ),
)
[ info ] [ HEADER ] array (
  'host' => 'www.xxjdxl.xyz',
  'connection' => 'keep-alive',
  'x-requested-with' => 'XMLHttpRequest',
  'user-agent' => 'Mozilla/5.0 (Windows NT 6.1) AppleWebKit/537.36 (KHTML, like Gecko) Chrome/36.0.1985.125 Safari/537.36',
  'accept' => 'application/json, text/javascript, */*; q=0.01',
  'referer' => 'http://www.xxjdxl.xyz/orderPay/50',
  'accept-encoding' => 'gzip,deflate',
  'accept-language' => 'en-us,en',
  'accept-charset' => 'iso-8859-1,*,utf-8',
  'cookie' => 'thinkphp_show_page_trace=0|0; PHPSESSID=g4lfgp7dh1jvimv7l9s33usb02',
)
[ info ] [ PARAM ] array (
  'step' => 'checkorder',
  'order_id' => '8',
)
[ info ] [ LOG ] INIT File
---------------------------------------------------------------
[ 2018-07-10T05:50:38+08:00 ] 212.69.137.134 GET /
[ info ] www.xxjdxl.xyz/ [运行时间：0.055724s][吞吐率：17.95req/s] [内存消耗：4,932.83kb] [文件加载：64]
[ info ] [ LANG ] /www/wwwroot/www.xxjdxl.xyz/thinkphp/lang/zh-cn.php
[ info ] [ ROUTE ] array (
  'type' => 'module',
  'module' => 
  array (
    0 => '',
    1 => NULL,
    2 => NULL,
  ),
)
[ info ] [ HEADER ] array (
  'host' => 'www.xxjdxl.xyz',
  'accept-encoding' => 'gzip,deflate',
  'accept-language' => 'en-US,en;q=0.5',
  'accept' => 'text/html,application/xhtml+xml,application/xml;q=0.9,*/*;q=0.8',
  'user-agent' => 'Mozilla/5.0 (Windows NT 6.1; rv:45.0) Gecko/20100101 Firefox/45.0',
  'connection' => 'keep-alive',
  'pragma' => 'no-cache',
  'cache-control' => 'no-cache',
)
[ info ] [ PARAM ] array (
)
[ info ] [ CACHE ] INIT File
[ info ] [ DB ] INIT mysql
[ info ] [ RUN ] app\index\controller\Index->index[ /www/wwwroot/www.xxjdxl.xyz/application/index/controller/Index.php ]
[ info ] [ VIEW ] /www/wwwroot/www.xxjdxl.xyz/public/../application/index/view/index/index.html [ array (
  0 => 'navArr',
  1 => 'helpCateArr',
  2 => 'shopArtArr',
  3 => 'confArr',
  4 => 'foreCateArr',
  5 => 'showRight',
  6 => 'siteMast',
  7 => 'indexGoods',
  8 => 'recposCate',
  9 => 'notArts',
  10 => 'proArts',
  11 => 'brands',
  12 => 'sliders',
) ]
[ info ] [ LOG ] INIT File
[ sql ] [ DB ] CONNECT:[ UseTime:0.000523s ] mysql:host=127.0.0.1;port=3306;dbname=xyz;charset=utf8
[ sql ] [ SQL ] SHOW COLUMNS FROM `php_brand` [ RunTime:0.001041s ]
[ sql ] [ SQL ] SELECT * FROM `php_brand` ORDER BY id desc LIMIT 17 [ RunTime:0.000493s ]
[ sql ] [ SQL ] SHOW COLUMNS FROM `php_slider` [ RunTime:0.000818s ]
[ sql ] [ SQL ] SELECT * FROM `php_slider` WHERE  `status` = 1 ORDER BY sort desc [ RunTime:0.000411s ]
---------------------------------------------------------------
[ 2018-07-10T05:50:46+08:00 ] 203.209.232.4 POST /aliNotify
[ info ] www.xxjdxl.xyz/aliNotify [运行时间：0.221084s][吞吐率：4.52req/s] [内存消耗：4,362.41kb] [文件加载：64]
[ info ] [ LANG ] /www/wwwroot/www.xxjdxl.xyz/thinkphp/lang/zh-cn.php
[ info ] [ ROUTE ] array (
  'type' => 'module',
  'module' => 
  array (
    0 => 'index',
    1 => 'flow',
    2 => 'aliNotify',
  ),
  'convert' => false,
)
[ info ] [ HEADER ] array (
  'user-agent' => 'Mozilla/4.0',
  'host' => 'www.xxjdxl.xyz',
  'content-type' => 'application/x-www-form-urlencoded; charset=utf-8',
  'content-length' => '560',
)
[ info ] [ PARAM ] array (
  'discount' => '0.00',
  'payment_type' => '1',
  'trade_no' => '2018070921001004120530058821',
  'subject' => '1531139203704785',
  'buyer_email' => '980***@qq.com',
  'gmt_create' => '2018-07-09 20:27:19',
  'notify_type' => 'trade_status_sync',
  'quantity' => '1',
  'out_trade_no' => '1531139203704785',
  'seller_id' => '2088822745907673',
  'notify_time' => '2018-07-10 05:51:04',
  'trade_status' => 'TRADE_SUCCESS',
  'is_total_fee_adjust' => 'N',
  'total_fee' => '0.01',
  'gmt_payment' => '2018-07-09 20:27:25',
  'seller_email' => '13915348602',
  'price' => '0.01',
  'buyer_id' => '2088502828855122',
  'notify_id' => '2a2311ccc23542eb142e3b3969199d7gxh',
  'use_coupon' => 'N',
  'sign_type' => 'MD5',
  'sign' => '338736007e0caed896e8d547fff9a8ca',
)
[ info ] [ CACHE ] INIT File
[ info ] [ DB ] INIT mysql
[ info ] [ RUN ] app\index\controller\Flow->aliNotify[ /www/wwwroot/www.xxjdxl.xyz/application/index/controller/Flow.php ]
[ info ] [ LOG ] INIT File
[ sql ] [ DB ] CONNECT:[ UseTime:0.000660s ] mysql:host=127.0.0.1;port=3306;dbname=xyz;charset=utf8
[ sql ] [ SQL ] SHOW COLUMNS FROM `php_order` [ RunTime:0.001276s ]
[ sql ] [ SQL ] UPDATE `php_order`  SET `payStatus`=1  WHERE  `outTradeNo` = '1531139203704785' [ RunTime:0.001536s ]
---------------------------------------------------------------
[ 2018-07-10T08:18:58+08:00 ] 106.11.225.153 GET /
[ info ] www.xxjdxl.xyz/ [运行时间：0.164555s][吞吐率：6.08req/s] [内存消耗：5,088.63kb] [文件加载：66]
[ info ] [ LANG ] /www/wwwroot/www.xxjdxl.xyz/thinkphp/lang/zh-cn.php
[ info ] [ ROUTE ] array (
  'type' => 'module',
  'module' => 
  array (
    0 => '',
    1 => NULL,
    2 => NULL,
  ),
)
[ info ] [ HEADER ] array (
  'accept-encoding' => 'gzip',
  'user-agent' => 'Mozilla/5.0 (iPad; CPU OS 9_1 like Mac OS X) AppleWebKit/601.1.46 (KHTML, like Gecko) Version/9.0 Mobile/13B143 Safari/601.1',
  'cache-control' => 'no-cache',
  'pragma' => 'no-cache',
  'host' => 'www.xxjdxl.xyz',
  'accept' => 'text/html, image/gif, image/jpeg, *; q=.2, */*; q=.2',
  'connection' => 'keep-alive',
)
[ info ] [ PARAM ] array (
)
[ info ] [ CACHE ] INIT File
[ info ] [ DB ] INIT mysql
[ info ] [ RUN ] app\index\controller\Index->index[ /www/wwwroot/www.xxjdxl.xyz/application/index/controller/Index.php ]
[ info ] [ VIEW ] /www/wwwroot/www.xxjdxl.xyz/public/../application/index/view/index/index.html [ array (
  0 => 'navArr',
  1 => 'helpCateArr',
  2 => 'shopArtArr',
  3 => 'confArr',
  4 => 'foreCateArr',
  5 => 'showRight',
  6 => 'siteMast',
  7 => 'indexGoods',
  8 => 'recposCate',
  9 => 'notArts',
  10 => 'proArts',
  11 => 'brands',
  12 => 'sliders',
) ]
[ info ] [ LOG ] INIT File
[ sql ] [ DB ] CONNECT:[ UseTime:0.000506s ] mysql:host=127.0.0.1;port=3306;dbname=xyz;charset=utf8
[ sql ] [ SQL ] SHOW COLUMNS FROM `php_nav` [ RunTime:0.013204s ]
[ sql ] [ SQL ] SELECT * FROM `php_nav` ORDER BY sort desc [ RunTime:0.000460s ]
[ sql ] [ SQL ] SHOW COLUMNS FROM `php_cate` [ RunTime:0.015063s ]
[ sql ] [ SQL ] SELECT * FROM `php_cate` WHERE  `type` = 3 ORDER BY sort desc [ RunTime:0.000608s ]
[ sql ] [ SQL ] SHOW COLUMNS FROM `php_article` [ RunTime:0.001371s ]
[ sql ] [ SQL ] SELECT * FROM `php_article` WHERE  `cateId` = 11  AND `showStatus` = 1 [ RunTime:0.000468s ]
[ sql ] [ SQL ] SELECT * FROM `php_article` WHERE  `cateId` = 12  AND `showStatus` = 1 [ RunTime:0.000400s ]
[ sql ] [ SQL ] SELECT * FROM `php_article` WHERE  `cateId` = 22  AND `showStatus` = 1 [ RunTime:0.000401s ]
[ sql ] [ SQL ] SELECT * FROM `php_article` WHERE  `cateId` = 21  AND `showStatus` = 1 [ RunTime:0.000346s ]
[ sql ] [ SQL ] SELECT * FROM `php_article` WHERE  `cateId` = 23  AND `showStatus` = 1 [ RunTime:0.000380s ]
[ sql ] [ SQL ] SELECT `id`,`title` FROM `php_article` WHERE  `cateId` = 8 [ RunTime:0.000403s ]
[ sql ] [ SQL ] SHOW COLUMNS FROM `php_conf` [ RunTime:0.001545s ]
[ sql ] [ SQL ] SELECT `enName`,`value` FROM `php_conf` [ RunTime:0.000284s ]
[ sql ] [ SQL ] SHOW COLUMNS FROM `php_category` [ RunTime:0.001507s ]
[ sql ] [ SQL ] SELECT * FROM `php_category` WHERE  `pid` = 0 [ RunTime:0.000331s ]
[ sql ] [ SQL ] SELECT * FROM `php_category` WHERE  `pid` = 1 [ RunTime:0.000327s ]
[ sql ] [ SQL ] SELECT * FROM `php_category` WHERE  `pid` = 4 [ RunTime:0.000345s ]
[ sql ] [ SQL ] SELECT * FROM `php_category` WHERE  `pid` = 27 [ RunTime:0.000337s ]
[ sql ] [ SQL ] SHOW COLUMNS FROM `php_rec_item` [ RunTime:0.001527s ]
[ sql ] [ SQL ] SELECT * FROM `php_rec_item` WHERE  `valType` = 1  AND `recposId` = 8 [ RunTime:0.000346s ]
[ sql ] [ SQL ] SHOW COLUMNS FROM `php_goods` [ RunTime:0.001331s ]
[ sql ] [ SQL ] SELECT `id`,`goodsName`,`mdPic`,`shopPrice`,`marketPrice` FROM `php_goods` WHERE  `id` IN (40,39,38,37,36,35,34,33,32,31,17,24,25,26,27,28,29,30,41,42,44,45) ORDER BY id desc LIMIT 20 [ RunTime:0.000667s ]
[ sql ] [ SQL ] SELECT * FROM `php_rec_item` WHERE  `valType` = 2  AND `recposId` = 5 [ RunTime:0.000433s ]
[ sql ] [ SQL ] SELECT `id`,`cateName`,`pid` FROM `php_category` WHERE  `id` = 2  AND `pid` = 0 LIMIT 1 [ RunTime:0.000352s ]
[ sql ] [ SQL ] SELECT `id`,`cateName`,`pid` FROM `php_category` WHERE  `id` = 1  AND `pid` = 0 LIMIT 1 [ RunTime:0.000300s ]
[ sql ] [ SQL ] SELECT `id`,`cateName`,`pid` FROM `php_category` WHERE  `id` = 4  AND `pid` = 0 LIMIT 1 [ RunTime:0.000318s ]
[ sql ] [ SQL ] SELECT `id`,`cateName`,`pid` FROM `php_category` WHERE  `id` = 10  AND `pid` = 0 LIMIT 1 [ RunTime:0.000300s ]
[ sql ] [ SQL ] SELECT `id`,`cateName`,`pid` FROM `php_category` WHERE  `id` = 7  AND `pid` = 0 LIMIT 1 [ RunTime:0.000292s ]
[ sql ] [ SQL ] SELECT * FROM `php_category` [ RunTime:0.000340s ]
[ sql ] [ SQL ] SELECT `id` FROM `php_goods` WHERE  `cateId` = 1 [ RunTime:0.007050s ]
[ sql ] [ SQL ] SHOW COLUMNS FROM `php_goods_cat` [ RunTime:0.001278s ]
[ sql ] [ SQL ] SELECT DISTINCT goodsId id FROM `php_goods_cat` WHERE  `catId` IN (2,12,13,14,15,10,16,17,18,11,19,20,21,1) [ RunTime:0.013552s ]
[ sql ] [ SQL ] SELECT `valId` FROM `php_rec_item` WHERE  `valId` IN (17,26,27,28,29,31,32,34,35,36,37,41,44)  AND `recposId` = 4  AND `valType` = 1 [ RunTime:0.000446s ]
[ sql ] [ SQL ] SELECT * FROM `php_goods` WHERE  `onSale` = 1  AND `id` IN (26,17,27,28,29,31,32,34,35,36,37,41,44) ORDER BY id desc LIMIT 6 [ RunTime:0.000500s ]
[ sql ] [ SQL ] SHOW COLUMNS FROM `php_category_brands` [ RunTime:0.001742s ]
[ sql ] [ SQL ] SELECT * FROM `php_category_brands` WHERE  `cateId` = 1 LIMIT 1 [ RunTime:0.000392s ]
[ sql ] [ SQL ] SHOW COLUMNS FROM `php_brand` [ RunTime:0.000978s ]
[ sql ] [ SQL ] SELECT * FROM `php_brand` WHERE  `id` IN (16,17,18,19,20,21,22,23,24,25) [ RunTime:0.000412s ]
[ sql ] [ SQL ] SHOW COLUMNS FROM `php_category_ad` [ RunTime:0.001312s ]
[ sql ] [ SQL ] SELECT * FROM `php_category_ad` WHERE  `cateId` = 1  AND `position` = 1 ORDER BY id desc LIMIT 3 [ RunTime:0.000456s ]
[ sql ] [ SQL ] SELECT * FROM `php_category_ad` WHERE  `cateId` = 1  AND `position` = 2 ORDER BY id desc LIMIT 1 [ RunTime:0.000397s ]
[ sql ] [ SQL ] SELECT * FROM `php_category_ad` WHERE  `cateId` = 1  AND `position` = 3 ORDER BY id desc LIMIT 1 [ RunTime:0.000389s ]
[ sql ] [ SQL ] SELECT * FROM `php_rec_item` WHERE  `valType` = 2  AND `recposId` = 5 [ RunTime:0.000326s ]
[ sql ] [ SQL ] SELECT `id`,`cateName`,`pid` FROM `php_category` WHERE  `id` = 2  AND `pid` = 1 LIMIT 1 [ RunTime:0.000321s ]
[ sql ] [ SQL ] SELECT `id`,`cateName`,`pid` FROM `php_category` WHERE  `id` = 1  AND `pid` = 1 LIMIT 1 [ RunTime:0.000307s ]
[ sql ] [ SQL ] SELECT `id`,`cateName`,`pid` FROM `php_category` WHERE  `id` = 4  AND `pid` = 1 LIMIT 1 [ RunTime:0.000377s ]
[ sql ] [ SQL ] SELECT `id`,`cateName`,`pid` FROM `php_category` WHERE  `id` = 10  AND `pid` = 1 LIMIT 1 [ RunTime:0.000376s ]
[ sql ] [ SQL ] SELECT `id`,`cateName`,`pid` FROM `php_category` WHERE  `id` = 7  AND `pid` = 1 LIMIT 1 [ RunTime:0.000401s ]
[ sql ] [ SQL ] SELECT * FROM `php_category` [ RunTime:0.000337s ]
[ sql ] [ SQL ] SELECT `id` FROM `php_goods` WHERE  `cateId` = 2 [ RunTime:0.000326s ]
[ sql ] [ SQL ] SELECT DISTINCT goodsId id FROM `php_goods_cat` WHERE  `catId` IN (12,13,14,15,2) [ RunTime:0.000738s ]
[ sql ] [ SQL ] SELECT `valId` FROM `php_rec_item` WHERE  `valId` IN (17,28,31,32,34,44)  AND `recposId` = 7  AND `valType` = 1 [ RunTime:0.000433s ]
[ sql ] [ SQL ] SELECT * FROM `php_goods` WHERE  `onSale` = 1  AND `id` IN (17,28,31,32,34,44) ORDER BY id desc LIMIT 6 [ RunTime:0.000519s ]
[ sql ] [ SQL ] SELECT * FROM `php_category` [ RunTime:0.000344s ]
[ sql ] [ SQL ] SELECT `id` FROM `php_goods` WHERE  `cateId` = 10 [ RunTime:0.000328s ]
[ sql ] [ SQL ] SELECT DISTINCT goodsId id FROM `php_goods_cat` WHERE  `catId` IN (16,17,18,10) [ RunTime:0.000414s ]
[ sql ] [ SQL ] SELECT `valId` FROM `php_rec_item` WHERE  `valId` IN (17,27,29,31,37)  AND `recposId` = 7  AND `valType` = 1 [ RunTime:0.000354s ]
[ sql ] [ SQL ] SELECT * FROM `php_goods` WHERE  `onSale` = 1  AND `id` IN (17,27,29,31,37) ORDER BY id desc LIMIT 6 [ RunTime:0.000431s ]
[ sql ] [ SQL ] SELECT * FROM `php_category` [ RunTime:0.000354s ]
[ sql ] [ SQL ] SELECT `id` FROM `php_goods` WHERE  `cateId` = 4 [ RunTime:0.000343s ]
[ sql ] [ SQL ] SELECT DISTINCT goodsId id FROM `php_goods_cat` WHERE  `catId` IN (7,24,25,26,4) [ RunTime:0.000449s ]
[ sql ] [ SQL ] SELECT `valId` FROM `php_rec_item` WHERE  `valId` IN (24,25,30,33,38,39,42,40)  AND `recposId` = 4  AND `valType` = 1 [ RunTime:0.000391s ]
[ sql ] [ SQL ] SELECT * FROM `php_goods` WHERE  `onSale` = 1  AND `id` IN (24,25,30,33,38,39,40,42) ORDER BY id desc LIMIT 6 [ RunTime:0.000528s ]
[ sql ] [ SQL ] SELECT * FROM `php_category_brands` WHERE  `cateId` = 4 LIMIT 1 [ RunTime:0.000375s ]
[ sql ] [ SQL ] SELECT * FROM `php_brand` WHERE  `id` IN (1,8,7,9,10,11,12,13,14,15) [ RunTime:0.000453s ]
[ sql ] [ SQL ] SELECT * FROM `php_category_ad` WHERE  `cateId` = 4  AND `position` = 1 ORDER BY id desc LIMIT 3 [ RunTime:0.000389s ]
[ sql ] [ SQL ] SELECT * FROM `php_category_ad` WHERE  `cateId` = 4  AND `position` = 2 ORDER BY id desc LIMIT 1 [ RunTime:0.000367s ]
[ sql ] [ SQL ] SELECT * FROM `php_category_ad` WHERE  `cateId` = 4  AND `position` = 3 ORDER BY id desc LIMIT 1 [ RunTime:0.000416s ]
[ sql ] [ SQL ] SELECT * FROM `php_rec_item` WHERE  `valType` = 2  AND `recposId` = 5 [ RunTime:0.000335s ]
[ sql ] [ SQL ] SELECT `id`,`cateName`,`pid` FROM `php_category` WHERE  `id` = 2  AND `pid` = 4 LIMIT 1 [ RunTime:0.000320s ]
[ sql ] [ SQL ] SELECT `id`,`cateName`,`pid` FROM `php_category` WHERE  `id` = 1  AND `pid` = 4 LIMIT 1 [ RunTime:0.000298s ]
[ sql ] [ SQL ] SELECT `id`,`cateName`,`pid` FROM `php_category` WHERE  `id` = 4  AND `pid` = 4 LIMIT 1 [ RunTime:0.000316s ]
[ sql ] [ SQL ] SELECT `id`,`cateName`,`pid` FROM `php_category` WHERE  `id` = 10  AND `pid` = 4 LIMIT 1 [ RunTime:0.000314s ]
[ sql ] [ SQL ] SELECT `id`,`cateName`,`pid` FROM `php_category` WHERE  `id` = 7  AND `pid` = 4 LIMIT 1 [ RunTime:0.000339s ]
[ sql ] [ SQL ] SELECT * FROM `php_category` [ RunTime:0.000353s ]
[ sql ] [ SQL ] SELECT `id` FROM `php_goods` WHERE  `cateId` = 7 [ RunTime:0.000339s ]
[ sql ] [ SQL ] SELECT DISTINCT goodsId id FROM `php_goods_cat` WHERE  `catId` IN (24,25,26,7) [ RunTime:0.000524s ]
[ sql ] [ SQL ] SELECT `valId` FROM `php_rec_item` WHERE  `valId` IN (40,24,25,30,33,38,39,42)  AND `recposId` = 7  AND `valType` = 1 [ RunTime:0.000367s ]
[ sql ] [ SQL ] SELECT * FROM `php_goods` WHERE  `onSale` = 1  AND `id` IN (24,25,30,33,38,39,40,42) ORDER BY id desc LIMIT 6 [ RunTime:0.000430s ]
[ sql ] [ SQL ] SELECT `id`,`title` FROM `php_article` WHERE  `cateId` = 33 LIMIT 3 [ RunTime:0.000332s ]
[ sql ] [ SQL ] SELECT `id`,`title` FROM `php_article` WHERE  `cateId` = 34 LIMIT 3 [ RunTime:0.000313s ]
[ sql ] [ SQL ] SELECT * FROM `php_brand` ORDER BY id desc LIMIT 17 [ RunTime:0.000401s ]
[ sql ] [ SQL ] SHOW COLUMNS FROM `php_slider` [ RunTime:0.001070s ]
[ sql ] [ SQL ] SELECT * FROM `php_slider` WHERE  `status` = 1 ORDER BY sort desc [ RunTime:0.000373s ]
---------------------------------------------------------------
[ 2018-07-10T20:52:25+08:00 ] 203.209.232.143 POST /aliNotify
[ info ] www.xxjdxl.xyz/aliNotify [运行时间：95.101637s][吞吐率：0.01req/s] [内存消耗：4,362.41kb] [文件加载：64]
[ info ] [ LANG ] /www/wwwroot/www.xxjdxl.xyz/thinkphp/lang/zh-cn.php
[ info ] [ ROUTE ] array (
  'type' => 'module',
  'module' => 
  array (
    0 => 'index',
    1 => 'flow',
    2 => 'aliNotify',
  ),
  'convert' => false,
)
[ info ] [ HEADER ] array (
  'user-agent' => 'Mozilla/4.0',
  'host' => 'www.xxjdxl.xyz',
  'content-type' => 'application/x-www-form-urlencoded; charset=utf-8',
  'content-length' => '560',
)
[ info ] [ PARAM ] array (
  'discount' => '0.00',
  'payment_type' => '1',
  'trade_no' => '2018070921001004120530058821',
  'subject' => '1531139203704785',
  'buyer_email' => '980***@qq.com',
  'gmt_create' => '2018-07-09 20:27:19',
  'notify_type' => 'trade_status_sync',
  'quantity' => '1',
  'out_trade_no' => '1531139203704785',
  'seller_id' => '2088822745907673',
  'notify_time' => '2018-07-10 20:51:07',
  'trade_status' => 'TRADE_SUCCESS',
  'is_total_fee_adjust' => 'N',
  'total_fee' => '0.01',
  'gmt_payment' => '2018-07-09 20:27:25',
  'seller_email' => '13915348602',
  'price' => '0.01',
  'buyer_id' => '2088502828855122',
  'notify_id' => '2a2311ccc23542eb142e3b3969199d7gxh',
  'use_coupon' => 'N',
  'sign_type' => 'MD5',
  'sign' => 'b98f471ef7783426d465de5420fade84',
)
[ info ] [ CACHE ] INIT File
[ info ] [ DB ] INIT mysql
[ info ] [ RUN ] app\index\controller\Flow->aliNotify[ /www/wwwroot/www.xxjdxl.xyz/application/index/controller/Flow.php ]
[ info ] [ LOG ] INIT File
[ sql ] [ DB ] CONNECT:[ UseTime:0.000602s ] mysql:host=127.0.0.1;port=3306;dbname=xyz;charset=utf8
[ sql ] [ SQL ] SHOW COLUMNS FROM `php_order` [ RunTime:0.001512s ]
[ sql ] [ SQL ] UPDATE `php_order`  SET `payStatus`=1  WHERE  `outTradeNo` = '1531139203704785' [ RunTime:0.001660s ]
